--------- beginning of main
11-03 14:49:00.205  2406  2472 D UnifiedTelemetryLogger: Gatekeeper values: mDuplicateLogging = false, mUseUnifiedTelemetryService = false
11-03 14:49:00.306  2715  2738 D UnifiedTelemetryLogger: Gatekeeper values: mDuplicateLogging = false, mUseUnifiedTelemetryService = false
11-03 14:49:00.327  2122  2259 D UnifiedTelemetryLogger: Gatekeeper values: mDuplicateLogging = false, mUseUnifiedTelemetryService = false
11-03 14:49:00.366  2893  2958 D UnifiedTelemetryLogger: Gatekeeper values: mDuplicateLogging = false, mUseUnifiedTelemetryService = false
11-03 14:49:00.511  1504  3455 D UnifiedTelemetryLogger: Gatekeeper values: mDuplicateLogging = false, mUseUnifiedTelemetryService = false
11-03 14:49:00.556  1416  3420 D UnifiedTelemetryLogger: Gatekeeper values: mDuplicateLogging = false, mUseUnifiedTelemetryService = false
11-03 14:49:00.562  3801  3801 D AndroidRuntime: >>>>>> START com.android.internal.os.RuntimeInit uid 2000 <<<<<<
11-03 14:49:00.565  3801  3801 D AndroidRuntime: CheckJNI is OFF
11-03 14:49:00.649  3801  3801 D ICU     : No timezone override file found: /data/misc/zoneinfo/current/icu/icu_tzdata.dat
11-03 14:49:00.673  3801  3801 I Radio-JNI: register_android_hardware_Radio DONE
11-03 14:49:00.680  3801  3801 D AndroidRuntime: Calling main entry com.android.commands.am.Am
11-03 14:49:00.684  1079  1579 D OculusGoPackageTypeHelper: Is package com.YourCompany.SanRockArtVRMED7 a system app: false
11-03 14:49:00.684  1079  1579 D OculusGoPackageTypeHelper: Is package com.YourCompany.SanRockArtVRMED7 Oculus store app: false
11-03 14:49:00.684  1079  1579 D OculusGoPackageTypeHelper: Is com.YourCompany.SanRockArtVRMED7, a side loaded Vr app: true
11-03 14:49:00.684  1079  1579 D NonVrActivityIntentWrapper: Is Intent { flg=0x10000000 cmp=com.YourCompany.SanRockArtVRMED7/com.epicgames.ue4.GameActivity }, a valid launch intent: false
11-03 14:49:00.685  1884  3482 D UnifiedTelemetryLogger: Gatekeeper values: mDuplicateLogging = false, mUseUnifiedTelemetryService = false
--------- beginning of system
11-03 14:49:00.685  1079  1579 I ActivityManager: START u0 {flg=0x10000000 cmp=com.YourCompany.SanRockArtVRMED7/com.epicgames.ue4.GameActivity} from uid 2000 on display 0
11-03 14:49:00.689  3801  3801 D AndroidRuntime: Shutting down VM
11-03 14:49:00.885  1965  3478 D UnifiedTelemetryLogger: Gatekeeper values: mDuplicateLogging = false, mUseUnifiedTelemetryService = false
11-03 14:49:00.943  8710  8723 D UnifiedTelemetryLogger: Gatekeeper values: mDuplicateLogging = false, mUseUnifiedTelemetryService = false
11-03 14:49:01.015 31325 31367 D UnifiedTelemetryLogger: Gatekeeper values: mDuplicateLogging = false, mUseUnifiedTelemetryService = false
11-03 14:49:03.039  2122  2199 W LibraryProvider: Cannot find entitlement for system
11-03 14:49:03.040  1456  7779 W OVRLibrary: null cursor received for query content://com.oculus.ocms.library/apps/system
11-03 14:49:03.042   696   947 I OsSdk   : will wait 60 seconds before retrying
11-03 14:49:03.073  1456  2001 I UploadManager: Scheduling jobbId 2131099679 within interval (900000, 2700000)
