Log file open, 10/08/19 09:20:54
LogWindows: Failed to load 'aqProf.dll' (GetLastError=126)
LogWindows: File 'aqProf.dll' does not exist
LogWindows: Failed to load 'VtuneApi.dll' (GetLastError=126)
LogWindows: File 'VtuneApi.dll' does not exist
LogWindows: Failed to load 'VtuneApi32e.dll' (GetLastError=126)
LogWindows: File 'VtuneApi32e.dll' does not exist
LogConsoleResponse: Display: Failed to find resolution value strings in scalability ini. Falling back to default.
LogInit: Display: Running engine for game: SanRockVRMED7
LogPlatformFile: Not using cached read wrapper
LogTaskGraph: Started task graph with 5 named threads and 14 total threads with 3 sets of task threads.
LogStats: Stats thread started at 0.138010
LogD3D11RHI: Loaded GFSDK_Aftermath_Lib.x64.dll
LogICUInternationalization: ICU TimeZone Detection - Raw Offset: +1:00, Platform Override: ''
LogPluginManager: Mounting plugin Paper2D
LogPluginManager: Mounting plugin AISupport
LogPluginManager: Mounting plugin LightPropagationVolume
LogPluginManager: Mounting plugin ActorLayerUtilities
LogPluginManager: Mounting plugin AnimationSharing
LogPluginManager: Mounting plugin CLionSourceCodeAccess
LogPluginManager: Mounting plugin CodeLiteSourceCodeAccess
LogPluginManager: Mounting plugin GitSourceControl
LogPluginManager: Mounting plugin KDevelopSourceCodeAccess
LogPluginManager: Mounting plugin NullSourceCodeAccess
LogPluginManager: Mounting plugin PerforceSourceControl
LogPluginManager: Mounting plugin SubversionSourceControl
LogPluginManager: Mounting plugin UObjectPlugin
LogPluginManager: Mounting plugin VisualStudioCodeSourceCodeAccess
LogPluginManager: Mounting plugin VisualStudioSourceCodeAccess
LogPluginManager: Mounting plugin XCodeSourceCodeAccess
LogPluginManager: Mounting plugin AssetManagerEditor
LogPluginManager: Mounting plugin CryptoKeys
LogPluginManager: Mounting plugin CurveEditorTools
LogPluginManager: Mounting plugin DataValidation
LogPluginManager: Mounting plugin FacialAnimation
LogPluginManager: Mounting plugin GameplayTagsEditor
LogPluginManager: Mounting plugin MacGraphicsSwitching
LogPluginManager: Mounting plugin MaterialAnalyzer
LogPluginManager: Mounting plugin MobileLauncherProfileWizard
LogPluginManager: Mounting plugin PluginBrowser
LogPluginManager: Mounting plugin SpeedTreeImporter
LogPluginManager: Mounting plugin DatasmithContent
LogPluginManager: Mounting plugin VariantManagerContent
LogPluginManager: Mounting plugin AlembicImporter
LogPluginManager: Mounting plugin AutomationUtils
LogPluginManager: Mounting plugin BackChannel
LogPluginManager: Mounting plugin CharacterAI
LogPluginManager: Mounting plugin GeometryCache
LogPluginManager: Mounting plugin HTML5Networking
LogPluginManager: Mounting plugin PlatformCrypto
LogPluginManager: Mounting plugin ProxyLODPlugin
LogPluginManager: Mounting plugin SkeletalReduction
LogPluginManager: Mounting plugin MagicLeap
LogPluginManager: Mounting plugin MagicLeapMedia
LogPluginManager: Mounting plugin AndroidMedia
LogPluginManager: Mounting plugin AvfMedia
LogPluginManager: Mounting plugin ImgMedia
LogPluginManager: Mounting plugin MediaCompositing
LogPluginManager: Mounting plugin MediaPlayerEditor
LogPluginManager: Mounting plugin WebMMedia
LogPluginManager: Mounting plugin WmfMedia
LogPluginManager: Mounting plugin TcpMessaging
LogPluginManager: Mounting plugin UdpMessaging
LogPluginManager: Mounting plugin ActorSequence
LogPluginManager: Mounting plugin LevelSequenceEditor
LogPluginManager: Mounting plugin MatineeToLevelSequence
LogPluginManager: Mounting plugin NetcodeUnitTest
LogPluginManager: Mounting plugin NUTUnrealEngine4
LogPluginManager: Mounting plugin OnlineSubsystemGooglePlay
LogPluginManager: Mounting plugin OnlineSubsystemIOS
LogPluginManager: Mounting plugin OnlineSubsystem
LogPluginManager: Mounting plugin OnlineSubsystemNull
LogPluginManager: Mounting plugin OnlineSubsystemUtils
LogPluginManager: Mounting plugin LauncherChunkInstaller
LogPluginManager: Mounting plugin AndroidDeviceProfileSelector
LogPluginManager: Mounting plugin AndroidMoviePlayer
LogPluginManager: Mounting plugin AndroidPermission
LogPluginManager: Mounting plugin AppleImageUtils
LogPluginManager: Mounting plugin AppleMoviePlayer
LogPluginManager: Mounting plugin ArchVisCharacter
LogPluginManager: Mounting plugin AudioCapture
LogPluginManager: Mounting plugin CableComponent
LogPluginManager: Mounting plugin CustomMeshComponent
LogPluginManager: Mounting plugin EditableMesh
LogPluginManager: Mounting plugin ExampleDeviceProfileSelector
LogPluginManager: Mounting plugin GoogleCloudMessaging
LogPluginManager: Mounting plugin IOSDeviceProfileSelector
LogPluginManager: Mounting plugin LinuxDeviceProfileSelector
LogPluginManager: Mounting plugin LocationServicesBPLibrary
LogPluginManager: Mounting plugin MobilePatchingUtils
LogPluginManager: Mounting plugin OculusVR
LogPluginManager: Mounting plugin PhysXVehicles
LogPluginManager: Mounting plugin ProceduralMeshComponent
LogPluginManager: Mounting plugin RuntimePhysXCooking
LogPluginManager: Mounting plugin SignificanceManager
LogPluginManager: Mounting plugin SteamVR
LogPluginManager: Mounting plugin WebMMoviePlayer
LogPluginManager: Mounting plugin WindowsMoviePlayer
LogPluginManager: Mounting plugin ScreenshotTools
LogInit: Using libcurl 7.55.1-DEV
LogInit:  - built for x86_64-pc-win32
LogInit:  - supports SSL with OpenSSL/1.1.1
LogInit:  - supports HTTP deflate (compression) using libz 1.2.8
LogInit:  - other features:
LogInit:      CURL_VERSION_SSL
LogInit:      CURL_VERSION_LIBZ
LogInit:      CURL_VERSION_IPV6
LogInit:      CURL_VERSION_ASYNCHDNS
LogInit:      CURL_VERSION_LARGEFILE
LogInit:      CURL_VERSION_IDN
LogInit:  CurlRequestOptions (configurable via config and command line):
LogInit:  - bVerifyPeer = true  - Libcurl will verify peer certificate
LogInit:  - bUseHttpProxy = false  - Libcurl will NOT use HTTP proxy
LogInit:  - bDontReuseConnections = false  - Libcurl will reuse connections
LogInit:  - MaxHostConnections = 16  - Libcurl will limit the number of connections to a host
LogInit:  - LocalHostAddr = Default
LogInit:  - BufferSize = 65536
LogOnline: OSS: Creating online subsystem instance for: NULL
LogInit: WinSock: version 1.1 (2.2), MaxSocks=32767, MaxUdp=65467
LogInit: Build: ++UE4+Release-4.23-CL-8386587
LogInit: Engine Version: 4.23.0-8386587+++UE4+Release-4.23
LogInit: Compatible Engine Version: 4.23.0-8386587+++UE4+Release-4.23
LogInit: Net CL: 8386587
LogInit: OS: Windows 10 (Release 1903) (), CPU: Intel(R) Core(TM) i5-7300HQ CPU @ 2.50GHz, GPU: Intel(R) HD Graphics 630
LogInit: Compiled (64-bit): Aug 31 2019 02:04:44
LogInit: Compiled with Visual C++: 19.16.27030.01
LogInit: Build Configuration: Development
LogInit: Branch Name: ++UE4+Release-4.23
LogInit: Command Line: 
LogInit: Base Directory: C:/Program Files/Epic Games/UE_4.23/Engine/Binaries/Win64/
LogInit: Installed Engine Build: 1
LogDevObjectVersion: Number of dev versions registered: 23
LogDevObjectVersion:   Dev-Blueprints (B0D832E4-1F89-4F0D-ACCF-7EB736FD4AA2): 10
LogDevObjectVersion:   Dev-Build (E1C64328-A22C-4D53-A36C-8E866417BD8C): 0
LogDevObjectVersion:   Dev-Core (375EC13C-06E4-48FB-B500-84F0262A717E): 3
LogDevObjectVersion:   Dev-Editor (E4B068ED-F494-42E9-A231-DA0B2E46BB41): 34
LogDevObjectVersion:   Dev-Framework (CFFC743F-43B0-4480-9391-14DF171D2073): 35
LogDevObjectVersion:   Dev-Mobile (B02B49B5-BB20-44E9-A304-32B752E40360): 2
LogDevObjectVersion:   Dev-Networking (A4E4105C-59A1-49B5-A7C5-40C4547EDFEE): 0
LogDevObjectVersion:   Dev-Online (39C831C9-5AE6-47DC-9A44-9C173E1C8E7C): 0
LogDevObjectVersion:   Dev-Physics (78F01B33-EBEA-4F98-B9B4-84EACCB95AA2): 0
LogDevObjectVersion:   Dev-Platform (6631380F-2D4D-43E0-8009-CF276956A95A): 0
LogDevObjectVersion:   Dev-Rendering (12F88B9F-8875-4AFC-A67C-D90C383ABD29): 31
LogDevObjectVersion:   Dev-Sequencer (7B5AE74C-D270-4C10-A958-57980B212A5A): 11
LogDevObjectVersion:   Dev-VR (D7296918-1DD6-4BDD-9DE2-64A83CC13884): 2
LogDevObjectVersion:   Dev-LoadTimes (C2A15278-BFE7-4AFE-6C17-90FF531DF755): 1
LogDevObjectVersion:   Private-Geometry (6EACA3D4-40EC-4CC1-B786-8BED09428FC5): 3
LogDevObjectVersion:   Dev-AnimPhys (29E575DD-E0A3-4627-9D10-D276232CDCEA): 17
LogDevObjectVersion:   Dev-Anim (AF43A65D-7FD3-4947-9873-3E8ED9C1BB05): 2
LogDevObjectVersion:   Dev-ReflectionCapture (6B266CEC-1EC7-4B8F-A30B-E4D90942FC07): 1
LogDevObjectVersion:   Dev-Automation (0DF73D61-A23F-47EA-B727-89E90C41499A): 1
LogDevObjectVersion:   FortniteMain (601D1886-AC64-4F84-AA16-D3DE0DEAC7D6): 27
LogDevObjectVersion:   Dev-Enterprise (9DFFBCD6-494F-0158-E221-12823C92A888): 6
LogDevObjectVersion:   Dev-Niagara (F2AED0AC-9AFE-416F-8664-AA7FFA26D6FC): 1
LogDevObjectVersion:   Dev-Destruction (174F1F0B-B4C6-45A5-B13F-2EE8D0FB917D): 9
LogInit: Presizing for max 16777216 objects, including 0 objects not considered by GC, pre-allocating 0 bytes for permanent pool.
LogInit: Object subsystem initialized
LogConfig: Setting CVar [[con.DebugEarlyDefault:1]]
LogConfig: Setting CVar [[r.setres:1280x720]]
[2019.10.08-07.20.54:359][  0]LogConfig: Setting CVar [[r.VSync:0]]
[2019.10.08-07.20.54:359][  0]LogConfig: Setting CVar [[r.RHICmdBypass:0]]
[2019.10.08-07.20.54:359][  0]LogConfig: Applying CVar settings from Section [/Script/Engine.RendererSettings] File [C:/Users/Mikke/Documents/Unreal Projects/SanRockVRUE4-repo/SanRockVR/Saved/Config/Windows/Engine.ini]
[2019.10.08-07.20.54:359][  0]LogConfig: Setting CVar [[r.GPUCrashDebugging:0]]
[2019.10.08-07.20.54:359][  0]LogConfig: Setting CVar [[r.MobileHDR:0]]
[2019.10.08-07.20.54:359][  0]LogConfig: Setting CVar [[r.Mobile.DisableVertexFog:1]]
[2019.10.08-07.20.54:359][  0]LogConfig: Setting CVar [[r.Shadow.CSM.MaxMobileCascades:2]]
[2019.10.08-07.20.54:359][  0]LogConfig: Setting CVar [[r.MobileMSAA:1]]
[2019.10.08-07.20.54:359][  0]LogConfig: Setting CVar [[r.Mobile.UseLegacyShadingModel:0]]
[2019.10.08-07.20.54:359][  0]LogConfig: Setting CVar [[r.Mobile.UseHWsRGBEncoding:1]]
[2019.10.08-07.20.54:359][  0]LogConfig: Setting CVar [[r.Mobile.AllowDitheredLODTransition:0]]
[2019.10.08-07.20.54:359][  0]LogConfig: Setting CVar [[r.Mobile.AllowSoftwareOcclusion:0]]
[2019.10.08-07.20.54:359][  0]LogConfig: Setting CVar [[r.DiscardUnusedQuality:0]]
[2019.10.08-07.20.54:359][  0]LogConfig: Setting CVar [[r.AllowOcclusionQueries:1]]
[2019.10.08-07.20.54:359][  0]LogConfig: Setting CVar [[r.MinScreenRadiusForLights:0.030000]]
[2019.10.08-07.20.54:359][  0]LogConfig: Setting CVar [[r.MinScreenRadiusForDepthPrepass:0.030000]]
[2019.10.08-07.20.54:359][  0]LogConfig: Setting CVar [[r.MinScreenRadiusForCSMDepth:0.010000]]
[2019.10.08-07.20.54:359][  0]LogConfig: Setting CVar [[r.PrecomputedVisibilityWarning:0]]
[2019.10.08-07.20.54:359][  0]LogConfig: Setting CVar [[r.TextureStreaming:1]]
[2019.10.08-07.20.54:359][  0]LogConfig: Setting CVar [[Compat.UseDXT5NormalMaps:0]]
[2019.10.08-07.20.54:359][  0]LogConfig: Setting CVar [[r.ClearCoatNormal:0]]
[2019.10.08-07.20.54:359][  0]LogConfig: Setting CVar [[r.ReflectionCaptureResolution:128]]
[2019.10.08-07.20.54:359][  0]LogConfig: Setting CVar [[r.ReflectionEnvironmentLightmapMixBasedOnRoughness:1]]
[2019.10.08-07.20.54:359][  0]LogConfig: Setting CVar [[r.ForwardShading:0]]
[2019.10.08-07.20.54:359][  0]LogConfig: Setting CVar [[r.VertexFoggingForOpaque:1]]
[2019.10.08-07.20.54:359][  0]LogConfig: Setting CVar [[r.AllowStaticLighting:1]]
[2019.10.08-07.20.54:359][  0]LogConfig: Setting CVar [[r.NormalMapsForStaticLighting:0]]
[2019.10.08-07.20.54:359][  0]LogConfig: Setting CVar [[r.GenerateMeshDistanceFields:0]]
[2019.10.08-07.20.54:359][  0]LogConfig: Setting CVar [[r.DistanceFieldBuild.EightBit:0]]
[2019.10.08-07.20.54:359][  0]LogConfig: Setting CVar [[r.GenerateLandscapeGIData:0]]
[2019.10.08-07.20.54:359][  0]LogConfig: Setting CVar [[r.DistanceFieldBuild.Compress:0]]
[2019.10.08-07.20.54:359][  0]LogConfig: Setting CVar [[r.TessellationAdaptivePixelsPerTriangle:48.000000]]
[2019.10.08-07.20.54:359][  0]LogConfig: Setting CVar [[r.SeparateTranslucency:0]]
[2019.10.08-07.20.54:359][  0]LogConfig: Setting CVar [[r.TranslucentSortPolicy:0]]
[2019.10.08-07.20.54:359][  0]LogConfig: Setting CVar [[r.CustomDepth:1]]
[2019.10.08-07.20.54:359][  0]LogConfig: Setting CVar [[r.CustomDepthTemporalAAJitter:1]]
[2019.10.08-07.20.54:360][  0]LogConfig: Setting CVar [[r.PostProcessing.PropagateAlpha:0]]
[2019.10.08-07.20.54:360][  0]LogConfig: Setting CVar [[r.DefaultFeature.Bloom:1]]
[2019.10.08-07.20.54:360][  0]LogConfig: Setting CVar [[r.DefaultFeature.AmbientOcclusion:0]]
[2019.10.08-07.20.54:360][  0]LogConfig: Setting CVar [[r.DefaultFeature.AmbientOcclusionStaticFraction:0]]
[2019.10.08-07.20.54:360][  0]LogConfig: Setting CVar [[r.DefaultFeature.AutoExposure:0]]
[2019.10.08-07.20.54:360][  0]LogConfig: Setting CVar [[r.DefaultFeature.AutoExposure.Method:0]]
[2019.10.08-07.20.54:360][  0]LogConfig: Setting CVar [[r.DefaultFeature.AutoExposure.ExtendDefaultLuminanceRange:0]]
[2019.10.08-07.20.54:360][  0]LogConfig: Setting CVar [[r.UsePreExposure:0]]
[2019.10.08-07.20.54:360][  0]LogConfig: Setting CVar [[r.DefaultFeature.MotionBlur:0]]
[2019.10.08-07.20.54:360][  0]LogConfig: Setting CVar [[r.DefaultFeature.LensFlare:0]]
[2019.10.08-07.20.54:360][  0]LogConfig: Setting CVar [[r.TemporalAA.Upsampling:0]]
[2019.10.08-07.20.54:360][  0]LogConfig: Setting CVar [[r.DefaultFeature.AntiAliasing:0]]
[2019.10.08-07.20.54:360][  0]LogConfig: Setting CVar [[r.DefaultFeature.LightUnits:1]]
[2019.10.08-07.20.54:360][  0]LogConfig: Setting CVar [[r.DefaultBackBufferPixelFormat:4]]
[2019.10.08-07.20.54:360][  0]LogConfig: Setting CVar [[r.Shadow.UnbuiltPreviewInGame:1]]
[2019.10.08-07.20.54:360][  0]LogConfig: Setting CVar [[r.StencilForLODDither:0]]
[2019.10.08-07.20.54:360][  0]LogConfig: Setting CVar [[r.EarlyZPass:3]]
[2019.10.08-07.20.54:360][  0]LogConfig: Setting CVar [[r.EarlyZPassOnlyMaterialMasking:0]]
[2019.10.08-07.20.54:360][  0]LogConfig: Setting CVar [[r.DBuffer:1]]
[2019.10.08-07.20.54:360][  0]LogConfig: Setting CVar [[r.ClearSceneMethod:1]]
[2019.10.08-07.20.54:360][  0]LogConfig: Setting CVar [[r.BasePassOutputsVelocity:0]]
[2019.10.08-07.20.54:360][  0]LogConfig: Setting CVar [[r.SelectiveBasePassOutputs:0]]
[2019.10.08-07.20.54:360][  0]LogConfig: Setting CVar [[fx.GPUSimulationTextureSizeX:1024]]
[2019.10.08-07.20.54:360][  0]LogConfig: Setting CVar [[fx.GPUSimulationTextureSizeY:1024]]
[2019.10.08-07.20.54:360][  0]LogConfig: Setting CVar [[r.AllowGlobalClipPlane:0]]
[2019.10.08-07.20.54:360][  0]LogConfig: Setting CVar [[r.GBufferFormat:1]]
[2019.10.08-07.20.54:360][  0]LogConfig: Setting CVar [[r.MorphTarget.Mode:1]]
[2019.10.08-07.20.54:360][  0]LogConfig: Setting CVar [[vr.InstancedStereo:1]]
[2019.10.08-07.20.54:360][  0]LogConfig: Setting CVar [[vr.MultiView:0]]
[2019.10.08-07.20.54:360][  0]LogConfig: Setting CVar [[vr.MobileMultiView:0]]
[2019.10.08-07.20.54:360][  0]LogConfig: Setting CVar [[vr.MobileMultiView.Direct:0]]
[2019.10.08-07.20.54:360][  0]LogConfig: Setting CVar [[vr.RoundRobinOcclusion:0]]
[2019.10.08-07.20.54:360][  0]LogConfig: Setting CVar [[vr.ODSCapture:0]]
[2019.10.08-07.20.54:360][  0]LogConfig: Setting CVar [[r.WireframeCullThreshold:5.000000]]
[2019.10.08-07.20.54:360][  0]LogConfig: Setting CVar [[r.RayTracing:0]]
[2019.10.08-07.20.54:360][  0]LogConfig: Setting CVar [[r.SupportStationarySkylight:1]]
[2019.10.08-07.20.54:360][  0]LogConfig: Setting CVar [[r.SupportLowQualityLightmaps:1]]
[2019.10.08-07.20.54:360][  0]LogConfig: Setting CVar [[r.SupportPointLightWholeSceneShadows:1]]
[2019.10.08-07.20.54:360][  0]LogConfig: Setting CVar [[r.SupportAtmosphericFog:1]]
[2019.10.08-07.20.54:360][  0]LogConfig: Setting CVar [[r.SkinCache.CompileShaders:0]]
[2019.10.08-07.20.54:360][  0]LogConfig: Setting CVar [[r.Mobile.EnableStaticAndCSMShadowReceivers:1]]
[2019.10.08-07.20.54:360][  0]LogConfig: Setting CVar [[r.Mobile.EnableMovableLightCSMShaderCulling:1]]
[2019.10.08-07.20.54:360][  0]LogConfig: Setting CVar [[r.Mobile.AllowDistanceFieldShadows:1]]
[2019.10.08-07.20.54:360][  0]LogConfig: Setting CVar [[r.Mobile.AllowMovableDirectionalLights:1]]
[2019.10.08-07.20.54:360][  0]LogConfig: Setting CVar [[r.MobileNumDynamicPointLights:4]]
[2019.10.08-07.20.54:360][  0]LogConfig: Setting CVar [[r.MobileDynamicPointLightsUseStaticBranch:1]]
[2019.10.08-07.20.54:361][  0]LogConfig: Setting CVar [[r.Mobile.EnableMovableSpotlights:0]]
[2019.10.08-07.20.54:361][  0]LogConfig: Setting CVar [[r.SkinCache.SceneMemoryLimitInMB:128.000000]]
[2019.10.08-07.20.54:361][  0]LogConfig: Setting CVar [[r.GPUSkin.Limit2BoneInfluences:0]]
[2019.10.08-07.20.54:361][  0]LogConfig: Setting CVar [[r.SupportDepthOnlyIndexBuffers:1]]
[2019.10.08-07.20.54:361][  0]LogConfig: Setting CVar [[r.SupportReversedIndexBuffers:1]]
[2019.10.08-07.20.54:361][  0]LogConfig: Setting CVar [[r.SupportMaterialLayers:0]]
[2019.10.08-07.20.54:361][  0]LogConfig: Applying CVar settings from Section [/Script/Engine.RendererOverrideSettings] File [C:/Users/Mikke/Documents/Unreal Projects/SanRockVRUE4-repo/SanRockVR/Saved/Config/Windows/Engine.ini]
[2019.10.08-07.20.54:361][  0]LogConfig: Applying CVar settings from Section [/Script/Engine.StreamingSettings] File [C:/Users/Mikke/Documents/Unreal Projects/SanRockVRUE4-repo/SanRockVR/Saved/Config/Windows/Engine.ini]
[2019.10.08-07.20.54:361][  0]LogConfig: Setting CVar [[s.MinBulkDataSizeForAsyncLoading:131072]]
[2019.10.08-07.20.54:361][  0]LogConfig: Setting CVar [[s.AsyncLoadingThreadEnabled:0]]
[2019.10.08-07.20.54:361][  0]LogConfig: Setting CVar [[s.EventDrivenLoaderEnabled:1]]
[2019.10.08-07.20.54:361][  0]LogConfig: Setting CVar [[s.WarnIfTimeLimitExceeded:0]]
[2019.10.08-07.20.54:361][  0]LogConfig: Setting CVar [[s.TimeLimitExceededMultiplier:1.5]]
[2019.10.08-07.20.54:361][  0]LogConfig: Setting CVar [[s.TimeLimitExceededMinTime:0.005]]
[2019.10.08-07.20.54:361][  0]LogConfig: Setting CVar [[s.UseBackgroundLevelStreaming:1]]
[2019.10.08-07.20.54:361][  0]LogConfig: Setting CVar [[s.PriorityAsyncLoadingExtraTime:15.0]]
[2019.10.08-07.20.54:361][  0]LogConfig: Setting CVar [[s.LevelStreamingActorsUpdateTimeLimit:5.0]]
[2019.10.08-07.20.54:361][  0]LogConfig: Setting CVar [[s.PriorityLevelStreamingActorsUpdateExtraTime:5.0]]
[2019.10.08-07.20.54:361][  0]LogConfig: Setting CVar [[s.LevelStreamingComponentsRegistrationGranularity:10]]
[2019.10.08-07.20.54:361][  0]LogConfig: Setting CVar [[s.UnregisterComponentsTimeLimit:1.0]]
[2019.10.08-07.20.54:361][  0]LogConfig: Setting CVar [[s.LevelStreamingComponentsUnregistrationGranularity:5]]
[2019.10.08-07.20.54:361][  0]LogConfig: Applying CVar settings from Section [/Script/Engine.GarbageCollectionSettings] File [C:/Users/Mikke/Documents/Unreal Projects/SanRockVRUE4-repo/SanRockVR/Saved/Config/Windows/Engine.ini]
[2019.10.08-07.20.54:361][  0]LogConfig: Setting CVar [[gc.MaxObjectsNotConsideredByGC:1]]
[2019.10.08-07.20.54:361][  0]LogConfig: Setting CVar [[gc.SizeOfPermanentObjectPool:0]]
[2019.10.08-07.20.54:361][  0]LogConfig: Setting CVar [[gc.FlushStreamingOnGC:0]]
[2019.10.08-07.20.54:361][  0]LogConfig: Setting CVar [[gc.NumRetriesBeforeForcingGC:10]]
[2019.10.08-07.20.54:361][  0]LogConfig: Setting CVar [[gc.AllowParallelGC:1]]
[2019.10.08-07.20.54:361][  0]LogConfig: Setting CVar [[gc.TimeBetweenPurgingPendingKillObjects:61.1]]
[2019.10.08-07.20.54:361][  0]LogConfig: Setting CVar [[gc.MaxObjectsInEditor:16777216]]
[2019.10.08-07.20.54:361][  0]LogConfig: Setting CVar [[gc.IncrementalBeginDestroyEnabled:1]]
[2019.10.08-07.20.54:361][  0]LogConfig: Setting CVar [[gc.CreateGCClusters:1]]
[2019.10.08-07.20.54:361][  0]LogConfig: Setting CVar [[gc.MinGCClusterSize:5]]
[2019.10.08-07.20.54:361][  0]LogConfig: Setting CVar [[gc.ActorClusteringEnabled:0]]
[2019.10.08-07.20.54:361][  0]LogConfig: Setting CVar [[gc.BlueprintClusteringEnabled:0]]
[2019.10.08-07.20.54:361][  0]LogConfig: Setting CVar [[gc.UseDisregardForGCOnDedicatedServers:0]]
[2019.10.08-07.20.54:361][  0]LogConfig: Applying CVar settings from Section [/Script/Engine.NetworkSettings] File [C:/Users/Mikke/Documents/Unreal Projects/SanRockVRUE4-repo/SanRockVR/Saved/Config/Windows/Engine.ini]
[2019.10.08-07.20.54:361][  0]LogConfig: Applying CVar settings from Section [/Script/UnrealEd.CookerSettings] File [C:/Users/Mikke/Documents/Unreal Projects/SanRockVRUE4-repo/SanRockVR/Saved/Config/Windows/Engine.ini]
[2019.10.08-07.20.54:364][  0]LogConfig: Applying CVar settings from Section [ViewDistanceQuality@3] File [C:/Users/Mikke/Documents/Unreal Projects/SanRockVRUE4-repo/SanRockVR/Saved/Config/Windows/Scalability.ini]
[2019.10.08-07.20.54:364][  0]LogConfig: Setting CVar [[r.SkeletalMeshLODBias:0]]
[2019.10.08-07.20.54:364][  0]LogConfig: Setting CVar [[r.ViewDistanceScale:1.0]]
[2019.10.08-07.20.54:365][  0]LogConfig: Applying CVar settings from Section [AntiAliasingQuality@3] File [C:/Users/Mikke/Documents/Unreal Projects/SanRockVRUE4-repo/SanRockVR/Saved/Config/Windows/Scalability.ini]
[2019.10.08-07.20.54:365][  0]LogConfig: Setting CVar [[r.PostProcessAAQuality:3]]
[2019.10.08-07.20.54:365][  0]LogConfig: Applying CVar settings from Section [ShadowQuality@3] File [C:/Users/Mikke/Documents/Unreal Projects/SanRockVRUE4-repo/SanRockVR/Saved/Config/Windows/Scalability.ini]
[2019.10.08-07.20.54:365][  0]LogConfig: Setting CVar [[r.LightFunctionQuality:1]]
[2019.10.08-07.20.54:365][  0]LogConfig: Setting CVar [[r.ShadowQuality:5]]
[2019.10.08-07.20.54:365][  0]LogConfig: Setting CVar [[r.Shadow.CSM.MaxCascades:10]]
[2019.10.08-07.20.54:365][  0]LogConfig: Setting CVar [[r.Shadow.MaxResolution:2048]]
[2019.10.08-07.20.54:365][  0]LogConfig: Setting CVar [[r.Shadow.MaxCSMResolution:2048]]
[2019.10.08-07.20.54:365][  0]LogConfig: Setting CVar [[r.Shadow.RadiusThreshold:0.01]]
[2019.10.08-07.20.54:365][  0]LogConfig: Setting CVar [[r.Shadow.DistanceScale:1.0]]
[2019.10.08-07.20.54:365][  0]LogConfig: Setting CVar [[r.Shadow.CSM.TransitionScale:1.0]]
[2019.10.08-07.20.54:365][  0]LogConfig: Setting CVar [[r.Shadow.PreShadowResolutionFactor:1.0]]
[2019.10.08-07.20.54:365][  0]LogConfig: Setting CVar [[r.DistanceFieldShadowing:1]]
[2019.10.08-07.20.54:365][  0]LogConfig: Setting CVar [[r.DistanceFieldAO:1]]
[2019.10.08-07.20.54:365][  0]LogConfig: Setting CVar [[r.AOQuality:2]]
[2019.10.08-07.20.54:365][  0]LogConfig: Setting CVar [[r.VolumetricFog:1]]
[2019.10.08-07.20.54:365][  0]LogConfig: Setting CVar [[r.VolumetricFog.GridPixelSize:8]]
[2019.10.08-07.20.54:365][  0]LogConfig: Setting CVar [[r.VolumetricFog.GridSizeZ:128]]
[2019.10.08-07.20.54:365][  0]LogConfig: Setting CVar [[r.VolumetricFog.HistoryMissSupersampleCount:4]]
[2019.10.08-07.20.54:365][  0]LogConfig: Setting CVar [[r.LightMaxDrawDistanceScale:1]]
[2019.10.08-07.20.54:365][  0]LogConfig: Setting CVar [[r.CapsuleShadows:1]]
[2019.10.08-07.20.54:365][  0]LogConfig: Applying CVar settings from Section [PostProcessQuality@3] File [C:/Users/Mikke/Documents/Unreal Projects/SanRockVRUE4-repo/SanRockVR/Saved/Config/Windows/Scalability.ini]
[2019.10.08-07.20.54:365][  0]LogConfig: Setting CVar [[r.MotionBlurQuality:0]]
[2019.10.08-07.20.54:365][  0]LogConfig: Setting CVar [[r.AmbientOcclusionMipLevelFactor:0.4]]
[2019.10.08-07.20.54:365][  0]LogConfig: Setting CVar [[r.AmbientOcclusionMaxQuality:100]]
[2019.10.08-07.20.54:365][  0]LogConfig: Setting CVar [[r.AmbientOcclusionLevels:0]]
[2019.10.08-07.20.54:365][  0]LogConfig: Setting CVar [[r.AmbientOcclusionRadiusScale:1.0]]
[2019.10.08-07.20.54:365][  0]LogConfig: Setting CVar [[r.DepthOfFieldQuality:0]]
[2019.10.08-07.20.54:365][  0]LogConfig: Setting CVar [[r.RenderTargetPoolMin:400]]
[2019.10.08-07.20.54:365][  0]LogConfig: Setting CVar [[r.LensFlareQuality:0]]
[2019.10.08-07.20.54:365][  0]LogConfig: Setting CVar [[r.SceneColorFringeQuality:0]]
[2019.10.08-07.20.54:365][  0]LogConfig: Setting CVar [[r.EyeAdaptationQuality:2]]
[2019.10.08-07.20.54:365][  0]LogConfig: Setting CVar [[r.BloomQuality:1]]
[2019.10.08-07.20.54:365][  0]LogConfig: Setting CVar [[r.FastBlurThreshold:0]]
[2019.10.08-07.20.54:365][  0]LogConfig: Setting CVar [[r.Upscale.Quality:3]]
[2019.10.08-07.20.54:365][  0]LogConfig: Setting CVar [[r.Tonemapper.GrainQuantization:1]]
[2019.10.08-07.20.54:365][  0]LogConfig: Setting CVar [[r.LightShaftQuality:1]]
[2019.10.08-07.20.54:365][  0]LogConfig: Setting CVar [[r.Filter.SizeScale:1]]
[2019.10.08-07.20.54:365][  0]LogConfig: Setting CVar [[r.Tonemapper.Quality:5]]
[2019.10.08-07.20.54:365][  0]LogConfig: Setting CVar [[r.DOF.Gather.AccumulatorQuality:1        ; higher gathering accumulator quality]]
[2019.10.08-07.20.54:365][  0]LogConfig: Setting CVar [[r.DOF.Gather.PostfilterMethod:1          ; Median3x3 postfilering method]]
[2019.10.08-07.20.54:365][  0]LogConfig: Setting CVar [[r.DOF.Gather.EnableBokehSettings:0       ; no bokeh simulation when gathering]]
[2019.10.08-07.20.54:365][  0]LogConfig: Setting CVar [[r.DOF.Gather.RingCount:4                 ; medium number of samples when gathering]]
[2019.10.08-07.20.54:365][  0]LogConfig: Setting CVar [[r.DOF.Scatter.ForegroundCompositing:1    ; additive foreground scattering]]
[2019.10.08-07.20.54:365][  0]LogConfig: Setting CVar [[r.DOF.Scatter.BackgroundCompositing:2    ; additive background scattering]]
[2019.10.08-07.20.54:366][  0]LogConfig: Setting CVar [[r.DOF.Scatter.EnableBokehSettings:1      ; bokeh simulation when scattering]]
[2019.10.08-07.20.54:366][  0]LogConfig: Setting CVar [[r.DOF.Scatter.MaxSpriteRatio:0.1         ; only a maximum of 10% of scattered bokeh]]
[2019.10.08-07.20.54:366][  0]LogConfig: Setting CVar [[r.DOF.Recombine.Quality:1                ; cheap slight out of focus]]
[2019.10.08-07.20.54:366][  0]LogConfig: Setting CVar [[r.DOF.Recombine.EnableBokehSettings:0    ; no bokeh simulation on slight out of focus]]
[2019.10.08-07.20.54:366][  0]LogConfig: Setting CVar [[r.DOF.TemporalAAQuality:1                ; more stable temporal accumulation]]
[2019.10.08-07.20.54:366][  0]LogConfig: Setting CVar [[r.DOF.Kernel.MaxForegroundRadius:0.025]]
[2019.10.08-07.20.54:366][  0]LogConfig: Setting CVar [[r.DOF.Kernel.MaxBackgroundRadius:0.025]]
[2019.10.08-07.20.54:366][  0]LogConfig: Applying CVar settings from Section [TextureQuality@3] File [C:/Users/Mikke/Documents/Unreal Projects/SanRockVRUE4-repo/SanRockVR/Saved/Config/Windows/Scalability.ini]
[2019.10.08-07.20.54:366][  0]LogConfig: Setting CVar [[r.Streaming.MipBias:0]]
[2019.10.08-07.20.54:366][  0]LogConfig: Setting CVar [[r.Streaming.AmortizeCPUToGPUCopy:0]]
[2019.10.08-07.20.54:366][  0]LogConfig: Setting CVar [[r.Streaming.MaxNumTexturesToStreamPerFrame:0]]
[2019.10.08-07.20.54:366][  0]LogConfig: Setting CVar [[r.Streaming.Boost:1]]
[2019.10.08-07.20.54:366][  0]LogConfig: Setting CVar [[r.MaxAnisotropy:8]]
[2019.10.08-07.20.54:366][  0]LogConfig: Setting CVar [[r.Streaming.LimitPoolSizeToVRAM:0]]
[2019.10.08-07.20.54:366][  0]LogConfig: Setting CVar [[r.Streaming.PoolSize:1000]]
[2019.10.08-07.20.54:366][  0]LogConfig: Setting CVar [[r.Streaming.MaxEffectiveScreenSize:0]]
[2019.10.08-07.20.54:366][  0]LogConfig: Applying CVar settings from Section [EffectsQuality@3] File [C:/Users/Mikke/Documents/Unreal Projects/SanRockVRUE4-repo/SanRockVR/Saved/Config/Windows/Scalability.ini]
[2019.10.08-07.20.54:366][  0]LogConfig: Setting CVar [[r.TranslucencyLightingVolumeDim:4]]
[2019.10.08-07.20.54:366][  0]LogConfig: Setting CVar [[r.RefractionQuality:2]]
[2019.10.08-07.20.54:366][  0]LogConfig: Setting CVar [[r.SSR.Quality:0]]
[2019.10.08-07.20.54:366][  0]LogConfig: Setting CVar [[r.SceneColorFormat:2]]
[2019.10.08-07.20.54:366][  0]LogConfig: Setting CVar [[r.DetailMode:2]]
[2019.10.08-07.20.54:366][  0]LogConfig: Setting CVar [[r.TranslucencyVolumeBlur:0]]
[2019.10.08-07.20.54:366][  0]LogConfig: Setting CVar [[r.MaterialQualityLevel:1 ; High quality]]
[2019.10.08-07.20.54:366][  0]LogConfig: Setting CVar [[r.SSS.Scale:1]]
[2019.10.08-07.20.54:366][  0]LogConfig: Setting CVar [[r.SSS.SampleSet:2]]
[2019.10.08-07.20.54:366][  0]LogConfig: Setting CVar [[r.SSS.Quality:1]]
[2019.10.08-07.20.54:366][  0]LogConfig: Setting CVar [[r.SSS.HalfRes:1]]
[2019.10.08-07.20.54:366][  0]LogConfig: Setting CVar [[r.EmitterSpawnRateScale:1.0]]
[2019.10.08-07.20.54:366][  0]LogConfig: Setting CVar [[r.ParticleLightQuality:2]]
[2019.10.08-07.20.54:366][  0]LogConfig: Applying CVar settings from Section [FoliageQuality@3] File [C:/Users/Mikke/Documents/Unreal Projects/SanRockVRUE4-repo/SanRockVR/Saved/Config/Windows/Scalability.ini]
[2019.10.08-07.20.54:366][  0]LogConfig: Setting CVar [[foliage.DensityScale:1.0]]
[2019.10.08-07.20.54:366][  0]LogConfig: Setting CVar [[grass.DensityScale:1.0]]
[2019.10.08-07.20.54:366][  0]LogInit: Selected Device Profile: [Windows]
[2019.10.08-07.20.54:366][  0]LogInit: Applying CVar settings loaded from the selected device profile: [Windows]
[2019.10.08-07.20.54:371][  0]LogHAL: Display: Platform has ~ 8 GB [8469581824 / 8589934592 / 8], which maps to Default [LargestMinGB=32, LargerMinGB=12, DefaultMinGB=8, SmallerMinGB=6, SmallestMinGB=0)
[2019.10.08-07.20.54:371][  0]LogInit: Going up to parent DeviceProfile []
[2019.10.08-07.20.54:371][  0]LogConfig: Applying CVar settings from Section [ViewDistanceQuality@3] File [C:/Users/Mikke/Documents/Unreal Projects/SanRockVRUE4-repo/SanRockVR/Saved/Config/Windows/Scalability.ini]
[2019.10.08-07.20.54:371][  0]LogConfig: Setting CVar [[r.SkeletalMeshLODBias:0]]
[2019.10.08-07.20.54:371][  0]LogConfig: Setting CVar [[r.ViewDistanceScale:1.0]]
[2019.10.08-07.20.54:371][  0]LogConfig: Applying CVar settings from Section [AntiAliasingQuality@3] File [C:/Users/Mikke/Documents/Unreal Projects/SanRockVRUE4-repo/SanRockVR/Saved/Config/Windows/Scalability.ini]
[2019.10.08-07.20.54:371][  0]LogConfig: Setting CVar [[r.PostProcessAAQuality:3]]
[2019.10.08-07.20.54:371][  0]LogConfig: Applying CVar settings from Section [ShadowQuality@3] File [C:/Users/Mikke/Documents/Unreal Projects/SanRockVRUE4-repo/SanRockVR/Saved/Config/Windows/Scalability.ini]
[2019.10.08-07.20.54:371][  0]LogConfig: Setting CVar [[r.LightFunctionQuality:1]]
[2019.10.08-07.20.54:371][  0]LogConfig: Setting CVar [[r.ShadowQuality:5]]
[2019.10.08-07.20.54:371][  0]LogConfig: Setting CVar [[r.Shadow.CSM.MaxCascades:10]]
[2019.10.08-07.20.54:371][  0]LogConfig: Setting CVar [[r.Shadow.MaxResolution:2048]]
[2019.10.08-07.20.54:371][  0]LogConfig: Setting CVar [[r.Shadow.MaxCSMResolution:2048]]
[2019.10.08-07.20.54:371][  0]LogConfig: Setting CVar [[r.Shadow.RadiusThreshold:0.01]]
[2019.10.08-07.20.54:371][  0]LogConfig: Setting CVar [[r.Shadow.DistanceScale:1.0]]
[2019.10.08-07.20.54:371][  0]LogConfig: Setting CVar [[r.Shadow.CSM.TransitionScale:1.0]]
[2019.10.08-07.20.54:371][  0]LogConfig: Setting CVar [[r.Shadow.PreShadowResolutionFactor:1.0]]
[2019.10.08-07.20.54:371][  0]LogConfig: Setting CVar [[r.DistanceFieldShadowing:1]]
[2019.10.08-07.20.54:371][  0]LogConfig: Setting CVar [[r.DistanceFieldAO:1]]
[2019.10.08-07.20.54:371][  0]LogConfig: Setting CVar [[r.AOQuality:2]]
[2019.10.08-07.20.54:371][  0]LogConfig: Setting CVar [[r.VolumetricFog:1]]
[2019.10.08-07.20.54:371][  0]LogConfig: Setting CVar [[r.VolumetricFog.GridPixelSize:8]]
[2019.10.08-07.20.54:371][  0]LogConfig: Setting CVar [[r.VolumetricFog.GridSizeZ:128]]
[2019.10.08-07.20.54:371][  0]LogConfig: Setting CVar [[r.VolumetricFog.HistoryMissSupersampleCount:4]]
[2019.10.08-07.20.54:371][  0]LogConfig: Setting CVar [[r.LightMaxDrawDistanceScale:1]]
[2019.10.08-07.20.54:371][  0]LogConfig: Setting CVar [[r.CapsuleShadows:1]]
[2019.10.08-07.20.54:371][  0]LogConfig: Applying CVar settings from Section [PostProcessQuality@3] File [C:/Users/Mikke/Documents/Unreal Projects/SanRockVRUE4-repo/SanRockVR/Saved/Config/Windows/Scalability.ini]
[2019.10.08-07.20.54:372][  0]LogConfig: Setting CVar [[r.MotionBlurQuality:0]]
[2019.10.08-07.20.54:372][  0]LogConfig: Setting CVar [[r.AmbientOcclusionMipLevelFactor:0.4]]
[2019.10.08-07.20.54:372][  0]LogConfig: Setting CVar [[r.AmbientOcclusionMaxQuality:100]]
[2019.10.08-07.20.54:372][  0]LogConfig: Setting CVar [[r.AmbientOcclusionLevels:0]]
[2019.10.08-07.20.54:372][  0]LogConfig: Setting CVar [[r.AmbientOcclusionRadiusScale:1.0]]
[2019.10.08-07.20.54:372][  0]LogConfig: Setting CVar [[r.DepthOfFieldQuality:0]]
[2019.10.08-07.20.54:372][  0]LogConfig: Setting CVar [[r.RenderTargetPoolMin:400]]
[2019.10.08-07.20.54:372][  0]LogConfig: Setting CVar [[r.LensFlareQuality:0]]
[2019.10.08-07.20.54:372][  0]LogConfig: Setting CVar [[r.SceneColorFringeQuality:0]]
[2019.10.08-07.20.54:372][  0]LogConfig: Setting CVar [[r.EyeAdaptationQuality:2]]
[2019.10.08-07.20.54:372][  0]LogConfig: Setting CVar [[r.BloomQuality:1]]
[2019.10.08-07.20.54:372][  0]LogConfig: Setting CVar [[r.FastBlurThreshold:0]]
[2019.10.08-07.20.54:372][  0]LogConfig: Setting CVar [[r.Upscale.Quality:3]]
[2019.10.08-07.20.54:372][  0]LogConfig: Setting CVar [[r.Tonemapper.GrainQuantization:1]]
[2019.10.08-07.20.54:372][  0]LogConfig: Setting CVar [[r.LightShaftQuality:1]]
[2019.10.08-07.20.54:372][  0]LogConfig: Setting CVar [[r.Filter.SizeScale:1]]
[2019.10.08-07.20.54:372][  0]LogConfig: Setting CVar [[r.Tonemapper.Quality:5]]
[2019.10.08-07.20.54:372][  0]LogConfig: Setting CVar [[r.DOF.Gather.AccumulatorQuality:1        ; higher gathering accumulator quality]]
[2019.10.08-07.20.54:372][  0]LogConfig: Setting CVar [[r.DOF.Gather.PostfilterMethod:1          ; Median3x3 postfilering method]]
[2019.10.08-07.20.54:372][  0]LogConfig: Setting CVar [[r.DOF.Gather.EnableBokehSettings:0       ; no bokeh simulation when gathering]]
[2019.10.08-07.20.54:372][  0]LogConfig: Setting CVar [[r.DOF.Gather.RingCount:4                 ; medium number of samples when gathering]]
[2019.10.08-07.20.54:372][  0]LogConfig: Setting CVar [[r.DOF.Scatter.ForegroundCompositing:1    ; additive foreground scattering]]
[2019.10.08-07.20.54:372][  0]LogConfig: Setting CVar [[r.DOF.Scatter.BackgroundCompositing:2    ; additive background scattering]]
[2019.10.08-07.20.54:372][  0]LogConfig: Setting CVar [[r.DOF.Scatter.EnableBokehSettings:1      ; bokeh simulation when scattering]]
[2019.10.08-07.20.54:372][  0]LogConfig: Setting CVar [[r.DOF.Scatter.MaxSpriteRatio:0.1         ; only a maximum of 10% of scattered bokeh]]
[2019.10.08-07.20.54:372][  0]LogConfig: Setting CVar [[r.DOF.Recombine.Quality:1                ; cheap slight out of focus]]
[2019.10.08-07.20.54:372][  0]LogConfig: Setting CVar [[r.DOF.Recombine.EnableBokehSettings:0    ; no bokeh simulation on slight out of focus]]
[2019.10.08-07.20.54:372][  0]LogConfig: Setting CVar [[r.DOF.TemporalAAQuality:1                ; more stable temporal accumulation]]
[2019.10.08-07.20.54:372][  0]LogConfig: Setting CVar [[r.DOF.Kernel.MaxForegroundRadius:0.025]]
[2019.10.08-07.20.54:372][  0]LogConfig: Setting CVar [[r.DOF.Kernel.MaxBackgroundRadius:0.025]]
[2019.10.08-07.20.54:372][  0]LogConfig: Applying CVar settings from Section [TextureQuality@3] File [C:/Users/Mikke/Documents/Unreal Projects/SanRockVRUE4-repo/SanRockVR/Saved/Config/Windows/Scalability.ini]
[2019.10.08-07.20.54:372][  0]LogConfig: Setting CVar [[r.Streaming.MipBias:0]]
[2019.10.08-07.20.54:372][  0]LogConfig: Setting CVar [[r.Streaming.AmortizeCPUToGPUCopy:0]]
[2019.10.08-07.20.54:372][  0]LogConfig: Setting CVar [[r.Streaming.MaxNumTexturesToStreamPerFrame:0]]
[2019.10.08-07.20.54:372][  0]LogConfig: Setting CVar [[r.Streaming.Boost:1]]
[2019.10.08-07.20.54:372][  0]LogConfig: Setting CVar [[r.MaxAnisotropy:8]]
[2019.10.08-07.20.54:372][  0]LogConfig: Setting CVar [[r.Streaming.LimitPoolSizeToVRAM:0]]
[2019.10.08-07.20.54:372][  0]LogConfig: Setting CVar [[r.Streaming.PoolSize:1000]]
[2019.10.08-07.20.54:372][  0]LogConfig: Setting CVar [[r.Streaming.MaxEffectiveScreenSize:0]]
[2019.10.08-07.20.54:372][  0]LogConfig: Applying CVar settings from Section [EffectsQuality@3] File [C:/Users/Mikke/Documents/Unreal Projects/SanRockVRUE4-repo/SanRockVR/Saved/Config/Windows/Scalability.ini]
[2019.10.08-07.20.54:372][  0]LogConfig: Setting CVar [[r.TranslucencyLightingVolumeDim:4]]
[2019.10.08-07.20.54:372][  0]LogConfig: Setting CVar [[r.RefractionQuality:2]]
[2019.10.08-07.20.54:372][  0]LogConfig: Setting CVar [[r.SSR.Quality:0]]
[2019.10.08-07.20.54:372][  0]LogConfig: Setting CVar [[r.SceneColorFormat:2]]
[2019.10.08-07.20.54:372][  0]LogConfig: Setting CVar [[r.DetailMode:2]]
[2019.10.08-07.20.54:372][  0]LogConfig: Setting CVar [[r.TranslucencyVolumeBlur:0]]
[2019.10.08-07.20.54:372][  0]LogConfig: Setting CVar [[r.MaterialQualityLevel:1 ; High quality]]
[2019.10.08-07.20.54:373][  0]LogConfig: Setting CVar [[r.SSS.Scale:1]]
[2019.10.08-07.20.54:373][  0]LogConfig: Setting CVar [[r.SSS.SampleSet:2]]
[2019.10.08-07.20.54:373][  0]LogConfig: Setting CVar [[r.SSS.Quality:1]]
[2019.10.08-07.20.54:373][  0]LogConfig: Setting CVar [[r.SSS.HalfRes:1]]
[2019.10.08-07.20.54:373][  0]LogConfig: Setting CVar [[r.EmitterSpawnRateScale:1.0]]
[2019.10.08-07.20.54:373][  0]LogConfig: Setting CVar [[r.ParticleLightQuality:2]]
[2019.10.08-07.20.54:373][  0]LogConfig: Applying CVar settings from Section [FoliageQuality@3] File [C:/Users/Mikke/Documents/Unreal Projects/SanRockVRUE4-repo/SanRockVR/Saved/Config/Windows/Scalability.ini]
[2019.10.08-07.20.54:373][  0]LogConfig: Setting CVar [[foliage.DensityScale:1.0]]
[2019.10.08-07.20.54:373][  0]LogConfig: Setting CVar [[grass.DensityScale:1.0]]
[2019.10.08-07.20.54:373][  0]LogConfig: Applying CVar settings from Section [Startup] File [../../../Engine/Config/ConsoleVariables.ini]
[2019.10.08-07.20.54:373][  0]LogConfig: Setting CVar [[net.UseAdaptiveNetUpdateFrequency:0]]
[2019.10.08-07.20.54:373][  0]LogConfig: Setting CVar [[p.chaos.AllowCreatePhysxBodies:1]]
[2019.10.08-07.20.54:373][  0]LogConfig: Applying CVar settings from Section [ConsoleVariables] File [C:/Users/Mikke/Documents/Unreal Projects/SanRockVRUE4-repo/SanRockVR/Saved/Config/Windows/Engine.ini]
[2019.10.08-07.20.54:373][  0]LogInit: Computer: LAPTOP-JJ1D6O3U
[2019.10.08-07.20.54:373][  0]LogInit: User: Mikke
[2019.10.08-07.20.54:373][  0]LogInit: CPU Page size=4096, Cores=4
[2019.10.08-07.20.54:373][  0]LogInit: High frequency timer resolution =10.000000 MHz
[2019.10.08-07.20.54:373][  0]LogMemory: Memory total: Physical=7.9GB (8GB approx)
[2019.10.08-07.20.54:374][  0]LogMemory: Platform Memory Stats for Windows
[2019.10.08-07.20.54:374][  0]LogMemory: Process Physical Memory: 101.75 MB used, 101.76 MB peak
[2019.10.08-07.20.54:374][  0]LogMemory: Process Virtual Memory: 98.26 MB used, 98.26 MB peak
[2019.10.08-07.20.54:374][  0]LogMemory: Physical Memory: 4764.88 MB used,  3312.35 MB free, 8077.22 MB total
[2019.10.08-07.20.54:374][  0]LogMemory: Virtual Memory: 4653.86 MB used,  134213072.00 MB free, 134217728.00 MB total
[2019.10.08-07.20.54:378][  0]LogWindows: WindowsPlatformFeatures enabled
[2019.10.08-07.20.54:415][  0]LogInit: Using OS detected language (en-GB).
[2019.10.08-07.20.54:416][  0]LogInit: Using OS detected locale (en-DK).
[2019.10.08-07.20.54:417][  0]LogTextLocalizationManager: No specific localization for 'en-GB' exists, so the 'en' localization will be used.
[2019.10.08-07.20.54:660][  0]LogInit: Setting process to per monitor DPI aware
[2019.10.08-07.20.54:700][  0]LogSlate: New Slate User Created.  User Index 0, Is Virtual User: 0
[2019.10.08-07.20.54:700][  0]LogSlate: Slate User Registered.  User Index 0, Is Virtual User: 0
[2019.10.08-07.20.55:018][  0]LogHMD: Failed to initialize OpenVR with code 108
[2019.10.08-07.20.55:018][  0]LogD3D11RHI: D3D11 adapters:
[2019.10.08-07.20.55:110][  0]LogD3D11RHI:    0. 'NVIDIA GeForce GTX 1050' (Feature Level 11_0)
[2019.10.08-07.20.55:110][  0]LogD3D11RHI:       1977/0/4038 MB DedicatedVideo/DedicatedSystem/SharedSystem, Outputs:1, VendorId:0x10de
[2019.10.08-07.20.55:124][  0]LogD3D11RHI:    1. 'Intel(R) HD Graphics 630' (Feature Level 11_0)
[2019.10.08-07.20.55:124][  0]LogD3D11RHI:       128/0/4038 MB DedicatedVideo/DedicatedSystem/SharedSystem, Outputs:0, VendorId:0x8086
[2019.10.08-07.20.55:128][  0]LogD3D11RHI:    2. 'Microsoft Basic Render Driver' (Feature Level 11_0)
[2019.10.08-07.20.55:128][  0]LogD3D11RHI:       0/0/4038 MB DedicatedVideo/DedicatedSystem/SharedSystem, Outputs:0, VendorId:0x1414
[2019.10.08-07.20.55:128][  0]LogD3D11RHI: Chosen D3D11 Adapter: 0
[2019.10.08-07.20.55:171][  0]LogD3D11RHI: Creating new Direct3DDevice
[2019.10.08-07.20.55:172][  0]LogD3D11RHI:     GPU DeviceId: 0x1c8d (for the marketing name, search the web for "GPU Device Id")
[2019.10.08-07.20.55:172][  0]LogWindows: EnumDisplayDevices:
[2019.10.08-07.20.55:172][  0]LogWindows:    0. 'Intel(R) HD Graphics 630' (P:1 D:1)
[2019.10.08-07.20.55:172][  0]LogWindows:    1. 'Intel(R) HD Graphics 630' (P:0 D:0)
[2019.10.08-07.20.55:173][  0]LogWindows:    2. 'Intel(R) HD Graphics 630' (P:0 D:0)
[2019.10.08-07.20.55:173][  0]LogWindows:    3. 'NVIDIA GeForce GTX 1050' (P:0 D:0)
[2019.10.08-07.20.55:174][  0]LogWindows: DebugString: PrimaryIsNotTheChoosenAdapter PrimaryIsNotTheChoosenAdapter PrimaryIsNotTheChoosenAdapter 
[2019.10.08-07.20.55:174][  0]LogD3D11RHI:     Adapter Name: NVIDIA GeForce GTX 1050
[2019.10.08-07.20.55:174][  0]LogD3D11RHI:   Driver Version: 422.02 (internal:25.21.14.2202, unified:422.02)
[2019.10.08-07.20.55:174][  0]LogD3D11RHI:      Driver Date: 4-6-2019
[2019.10.08-07.20.55:174][  0]LogRHI: Texture pool is 1384 MB (70% of 1977 MB)
[2019.10.08-07.20.55:229][  0]LogD3D11RHI: Async texture creation enabled
[2019.10.08-07.20.55:250][  0]LogD3D11RHI: GPU Timing Frequency: 1000.000000 (Debug: 2 2)
[2019.10.08-07.20.55:664][  0]LogTemp: Display: Module 'AllDesktopTargetPlatform' loaded TargetPlatform 'AllDesktop'
[2019.10.08-07.20.55:678][  0]LogTemp: Display: Module 'MacClientTargetPlatform' loaded TargetPlatform 'MacClient'
[2019.10.08-07.20.55:692][  0]LogTemp: Display: Module 'MacNoEditorTargetPlatform' loaded TargetPlatform 'MacNoEditor'
[2019.10.08-07.20.55:706][  0]LogTemp: Display: Module 'MacServerTargetPlatform' loaded TargetPlatform 'MacServer'
[2019.10.08-07.20.55:720][  0]LogTemp: Display: Module 'MacTargetPlatform' loaded TargetPlatform 'Mac'
[2019.10.08-07.20.55:734][  0]LogTemp: Display: Module 'WindowsClientTargetPlatform' loaded TargetPlatform 'WindowsClient'
[2019.10.08-07.20.55:748][  0]LogTemp: Display: Module 'WindowsNoEditorTargetPlatform' loaded TargetPlatform 'WindowsNoEditor'
[2019.10.08-07.20.55:762][  0]LogTemp: Display: Module 'WindowsServerTargetPlatform' loaded TargetPlatform 'WindowsServer'
[2019.10.08-07.20.55:769][  0]LogTemp: Display: Module 'WindowsTargetPlatform' loaded TargetPlatform 'Windows'
[2019.10.08-07.20.55:820][  0]LogTemp: Display: Module 'AndroidTargetPlatform' loaded TargetPlatform 'Android'
[2019.10.08-07.20.55:820][  0]LogTemp: Display: Module 'AndroidTargetPlatform' loaded TargetPlatform 'Android_ASTC'
[2019.10.08-07.20.55:821][  0]LogTemp: Display: Module 'AndroidTargetPlatform' loaded TargetPlatform 'Android_ATC'
[2019.10.08-07.20.55:821][  0]LogTemp: Display: Module 'AndroidTargetPlatform' loaded TargetPlatform 'Android_DXT'
[2019.10.08-07.20.55:821][  0]LogTemp: Display: Module 'AndroidTargetPlatform' loaded TargetPlatform 'Android_ETC1'
[2019.10.08-07.20.55:821][  0]LogTemp: Display: Module 'AndroidTargetPlatform' loaded TargetPlatform 'Android_ETC1a'
[2019.10.08-07.20.55:821][  0]LogTemp: Display: Module 'AndroidTargetPlatform' loaded TargetPlatform 'Android_ETC2'
[2019.10.08-07.20.55:821][  0]LogTemp: Display: Module 'AndroidTargetPlatform' loaded TargetPlatform 'Android_PVRTC'
[2019.10.08-07.20.55:821][  0]LogTemp: Display: Module 'AndroidTargetPlatform' loaded TargetPlatform 'AndroidClient'
[2019.10.08-07.20.55:821][  0]LogTemp: Display: Module 'AndroidTargetPlatform' loaded TargetPlatform 'Android_ASTCClient'
[2019.10.08-07.20.55:821][  0]LogTemp: Display: Module 'AndroidTargetPlatform' loaded TargetPlatform 'Android_ATCClient'
[2019.10.08-07.20.55:821][  0]LogTemp: Display: Module 'AndroidTargetPlatform' loaded TargetPlatform 'Android_DXTClient'
[2019.10.08-07.20.55:821][  0]LogTemp: Display: Module 'AndroidTargetPlatform' loaded TargetPlatform 'Android_ETC1Client'
[2019.10.08-07.20.55:821][  0]LogTemp: Display: Module 'AndroidTargetPlatform' loaded TargetPlatform 'Android_ETC1aClient'
[2019.10.08-07.20.55:821][  0]LogTemp: Display: Module 'AndroidTargetPlatform' loaded TargetPlatform 'Android_ETC2Client'
[2019.10.08-07.20.55:821][  0]LogTemp: Display: Module 'AndroidTargetPlatform' loaded TargetPlatform 'Android_PVRTCClient'
[2019.10.08-07.20.55:821][  0]LogTemp: Display: Module 'AndroidTargetPlatform' loaded TargetPlatform 'Android_Multi'
[2019.10.08-07.20.55:821][  0]LogTemp: Display: Module 'AndroidTargetPlatform' loaded TargetPlatform 'Android_MultiClient'
[2019.10.08-07.20.55:823][  0]LogTemp: Display: Module 'HTML5TargetPlatform' loaded TargetPlatform 'HTML5'
[2019.10.08-07.20.55:851][  0]LogTemp: Display: Module 'IOSTargetPlatform' loaded TargetPlatform 'IOSClient'
[2019.10.08-07.20.55:851][  0]LogTemp: Display: Module 'IOSTargetPlatform' loaded TargetPlatform 'IOS'
[2019.10.08-07.20.55:873][  0]LogTemp: Display: Module 'TVOSTargetPlatform' loaded TargetPlatform 'TVOSClient'
[2019.10.08-07.20.55:873][  0]LogTemp: Display: Module 'TVOSTargetPlatform' loaded TargetPlatform 'TVOS'
[2019.10.08-07.20.55:883][  0]LogTemp: Display: Module 'LinuxClientTargetPlatform' loaded TargetPlatform 'LinuxClient'
[2019.10.08-07.20.55:894][  0]LogTemp: Display: Module 'LinuxNoEditorTargetPlatform' loaded TargetPlatform 'LinuxNoEditor'
[2019.10.08-07.20.55:905][  0]LogTemp: Display: Module 'LinuxServerTargetPlatform' loaded TargetPlatform 'LinuxServer'
[2019.10.08-07.20.55:917][  0]LogTemp: Display: Module 'LinuxTargetPlatform' loaded TargetPlatform 'Linux'
[2019.10.08-07.20.55:955][  0]LogTemp: Display: Module 'LuminTargetPlatform' loaded TargetPlatform 'Lumin'
[2019.10.08-07.20.55:955][  0]LogTemp: Display: Module 'LuminTargetPlatform' loaded TargetPlatform 'LuminClient'
[2019.10.08-07.20.55:955][  0]LogTargetPlatformManager: Display: Building Assets For Windows
[2019.10.08-07.20.55:968][  0]LogAudioDebug: Display: Lib vorbis DLL was dynamically loaded.
[2019.10.08-07.20.56:048][  0]LogShaderCompilers: Guid format shader working directory is -38 characters bigger than the processId version (../../../../../../Users/Mikke/Documents/Unreal Projects/SanRockVRUE4-repo/SanRockVR/Intermediate/Shaders/WorkingDirectory/10412/).
[2019.10.08-07.20.56:048][  0]LogShaderCompilers: Cleaned the shader compiler working directory 'C:/Users/Mikke/AppData/Local/Temp/UnrealShaderWorkingDir/A0AC93D543497BFBD02574BEF01EE0EE/'.
[2019.10.08-07.20.56:052][  0]LogXGEController: Cannot use XGE Controller as Incredibuild is not installed on this machine.
[2019.10.08-07.20.56:052][  0]LogShaderCompilers: Cannot use XGE Shader Compiler as Incredibuild is not installed on this machine.
[2019.10.08-07.20.56:052][  0]LogShaderCompilers: Display: Using Local Shader Compiler.
[2019.10.08-07.20.56:969][  0]LogDerivedDataCache: Display: Max Cache Size: 512 MB
[2019.10.08-07.20.57:057][  0]LogDerivedDataCache: Loaded boot cache 0.09s 91MB C:/Users/Mikke/AppData/Local/UnrealEngine/4.23/DerivedDataCache/Boot.ddc.
[2019.10.08-07.20.57:057][  0]LogDerivedDataCache: Display: Loaded Boot cache: C:/Users/Mikke/AppData/Local/UnrealEngine/4.23/DerivedDataCache/Boot.ddc
[2019.10.08-07.20.57:057][  0]LogDerivedDataCache: FDerivedDataBackendGraph:  Pak pak cache file ../../../../../../Users/Mikke/Documents/Unreal Projects/SanRockVRUE4-repo/SanRockVR/DerivedDataCache/DDC.ddp not found, will not use a pak cache.
[2019.10.08-07.20.57:057][  0]LogDerivedDataCache: Unable to find inner node Pak for hierarchical cache Hierarchy.
[2019.10.08-07.20.57:057][  0]LogDerivedDataCache: FDerivedDataBackendGraph:  CompressedPak pak cache file ../../../../../../Users/Mikke/Documents/Unreal Projects/SanRockVRUE4-repo/SanRockVR/DerivedDataCache/Compressed.ddp not found, will not use a pak cache.
[2019.10.08-07.20.57:057][  0]LogDerivedDataCache: Unable to find inner node CompressedPak for hierarchical cache Hierarchy.
[2019.10.08-07.20.57:074][  0]LogDerivedDataCache: Display: Pak cache opened for reading ../../../Engine/DerivedDataCache/Compressed.ddp.
[2019.10.08-07.20.57:074][  0]LogDerivedDataCache: FDerivedDataBackendGraph:  EnterprisePak pak cache file ../../../Enterprise/DerivedDataCache/Compressed.ddp not found, will not use a pak cache.
[2019.10.08-07.20.57:074][  0]LogDerivedDataCache: Unable to find inner node EnterprisePak for hierarchical cache Hierarchy.
[2019.10.08-07.20.57:076][  0]LogDerivedDataCache: Using Local data cache path C:/Users/Mikke/AppData/Local/UnrealEngine/Common/DerivedDataCache: Writable
[2019.10.08-07.20.57:076][  0]LogDerivedDataCache: Shared data cache path not found in *engine.ini, will not use an Shared cache.
[2019.10.08-07.20.57:076][  0]LogDerivedDataCache: Unable to find inner node Shared for hierarchical cache Hierarchy.
[2019.10.08-07.20.57:111][  0]LogMaterial: Verifying Global Shaders for PCD3D_SM5
[2019.10.08-07.20.57:115][  0]LogSlate: Using FreeType 2.6.0
[2019.10.08-07.20.57:116][  0]LogSlate: SlateFontServices - WITH_FREETYPE: 1, WITH_HARFBUZZ: 1
[2019.10.08-07.20.57:202][  0]LogAssetRegistry: FAssetRegistry took 0.0037 seconds to start up
[2019.10.08-07.20.57:614][  0]LogInit: Selected Device Profile: [Windows]
[2019.10.08-07.20.57:857][  0]LogMeshReduction: Using QuadricMeshReduction for automatic static mesh reduction
[2019.10.08-07.20.57:857][  0]LogMeshReduction: Using SimplygonMeshReduction for automatic skeletal mesh reduction
[2019.10.08-07.20.57:857][  0]LogMeshReduction: Using ProxyLODMeshReduction for automatic mesh merging
[2019.10.08-07.20.57:857][  0]LogMeshReduction: No distributed automatic mesh merging module available
[2019.10.08-07.20.57:857][  0]LogMeshMerging: No distributed automatic mesh merging module available
[2019.10.08-07.20.57:874][  0]LogNetVersion: SanRockVRMED7 1.0.0, NetCL: 8386587, EngineNetVer: 11, GameNetVer: 0 (Checksum: 2744300009)
[2019.10.08-07.20.58:562][  0]LogPackageLocalizationCache: Processed 12 localized package path(s) for 1 prioritized culture(s) in 0.079471 seconds
[2019.10.08-07.20.58:572][  0]LogUObjectArray: 43444 objects as part of root set at end of initial load.
[2019.10.08-07.20.58:572][  0]LogUObjectAllocator: 7548648 out of 0 bytes used by permanent object pool.
[2019.10.08-07.20.58:572][  0]LogUObjectArray: CloseDisregardForGC: 0/0 objects in disregard for GC pool
[2019.10.08-07.20.59:854][  0]LogTcpMessaging: Initializing TcpMessaging bridge
[2019.10.08-07.20.59:858][  0]LogUdpMessaging: Initializing bridge on interface 0.0.0.0:0 to multicast group 230.0.0.1:6666.
[2019.10.08-07.20.59:957][  0]SourceControl: Source control is disabled
[2019.10.08-07.20.59:957][  0]SourceControl: Source control is disabled
[2019.10.08-07.20.59:959][  0]SourceControl: Source control is disabled
[2019.10.08-07.20.59:961][  0]SourceControl: Source control is disabled
[2019.10.08-07.21.00:091][  0]LogAndroidPermission: UAndroidPermissionCallbackProxy::GetInstance
[2019.10.08-07.21.00:234][  0]LogOcInput: OculusInput pre-init called
[2019.10.08-07.21.00:243][  0]LogWindows: Failed to load 'OVRPlugin.dll' (GetLastError=126)
[2019.10.08-07.21.00:243][  0]LogWindows: File 'OVRPlugin.dll' does not exist
[2019.10.08-07.21.00:329][  0]LogEngine: Initializing Engine...
[2019.10.08-07.21.00:393][  0]LogHMD: Failed to initialize OpenVR with code 108
[2019.10.08-07.21.00:394][  0]LogStats: UGameplayTagsManager::InitializeManager -  0.000 s
[2019.10.08-07.21.00:735][  0]LogInit: Initializing FReadOnlyCVARCache
[2019.10.08-07.21.00:755][  0]LogAIModule: Creating AISystem for world Untitled
[2019.10.08-07.21.00:872][  0]LogInit: XAudio2 using 'Speaker/Headphone (Realtek High Definition Audio)' : 2 channels at 48 kHz using 32 bits per sample (channel mask 0x3)
[2019.10.08-07.21.00:998][  0]LogInit: FAudioDevice initialized.
[2019.10.08-07.21.00:998][  0]LogNetVersion: Set ProjectVersion to 1.0.0.0. Version Checksum will be recalculated on next use.
[2019.10.08-07.21.01:066][  0]LogDerivedDataCache: Saved boot cache 0.07s 91MB C:/Users/Mikke/AppData/Local/UnrealEngine/4.23/DerivedDataCache/Boot.ddc.
[2019.10.08-07.21.01:084][  0]LogInit: Texture streaming: Enabled
[2019.10.08-07.21.01:111][  0]LogEngineSessionManager: EngineSessionManager initialized
[2019.10.08-07.21.01:199][  0]LogInit: Transaction tracking system initialized
[2019.10.08-07.21.01:249][  0]BlueprintLog: New page: Editor Load
[2019.10.08-07.21.01:366][  0]LocalizationService: Localization service is disabled
[2019.10.08-07.21.01:892][  0]LogFileCache: Scanning file cache for directory 'C:/Users/Mikke/Documents/Unreal Projects/SanRockVRUE4-repo/SanRockVR/Content/' took 0.01s
[2019.10.08-07.21.01:892][  0]LogCook: Display: Max memory allowance for cook 16384mb min free memory 0mb
[2019.10.08-07.21.01:892][  0]LogCook: Display: Mobile HDR setting 0
[2019.10.08-07.21.02:223][  0]SourceControl: Source control is disabled
[2019.10.08-07.21.02:223][  0]Cmd: MAP LOAD FILE="../../../../../../Users/Mikke/Documents/Unreal Projects/SanRockVRUE4-repo/SanRockVR/Content/VirtualRealityBP/Maps/SanVRROck.umap" TEMPLATE=0 SHOWPROGRESS=1 FEATURELEVEL=3
[2019.10.08-07.21.02:230][  0]LightingResults: New page: Lighting Build
[2019.10.08-07.21.02:234][  0]LogWorld: UWorld::CleanupWorld for Untitled, bSessionEnded=true, bCleanupResources=true
[2019.10.08-07.21.02:234][  0]MapCheck: New page: Map Check
[2019.10.08-07.21.02:234][  0]LightingResults: New page: Lighting Build
[2019.10.08-07.21.02:268][  0]LogUObjectHash: Compacting FUObjectHashTables data took   2.40ms
[2019.10.08-07.21.02:502][  0]LogLinker: Warning: While loading '../../../../../../Users/Mikke/Documents/Unreal Projects/SanRockVRUE4-repo/SanRockVR/Content/DrawingAssets/PaintableRock.uasset' failed to load '/Game/Geometry/Meshes/1M_Cube': Can't find file.
[2019.10.08-07.21.02:502][  0]LogLinker: Warning: While loading '../../../../../../Users/Mikke/Documents/Unreal Projects/SanRockVRUE4-repo/SanRockVR/Content/DrawingAssets/PaintableRock.uasset' failed to load '/Game/Geometry/Meshes/1M_Cube': Can't find file.
[2019.10.08-07.21.02:502][  0]LogLinker: Warning: While loading '../../../../../../Users/Mikke/Documents/Unreal Projects/SanRockVRUE4-repo/SanRockVR/Content/DrawingAssets/PaintableRock.uasset' failed to load '/Game/Geometry/Meshes/1M_Cube': Can't find file.
[2019.10.08-07.21.02:503][  0]LogLinker: Warning: While loading '../../../../../../Users/Mikke/Documents/Unreal Projects/SanRockVRUE4-repo/SanRockVR/Content/DrawingAssets/PaintableRock.uasset' failed to load '/Game/Geometry/Meshes/1M_Cube': Can't find file.
[2019.10.08-07.21.02:504][  0]LogLinker: Warning: While loading '../../../../../../Users/Mikke/Documents/Unreal Projects/SanRockVRUE4-repo/SanRockVR/Content/DrawingAssets/PaintableRock_Rock01.uasset' failed to load '/Game/Geometry/Meshes/1M_Cube': Can't find file.
[2019.10.08-07.21.02:505][  0]LogLinker: Warning: While loading '../../../../../../Users/Mikke/Documents/Unreal Projects/SanRockVRUE4-repo/SanRockVR/Content/DrawingAssets/PaintableRock_Rock01.uasset' failed to load '/Game/Geometry/Meshes/1M_Cube': Can't find file.
[2019.10.08-07.21.02:505][  0]LogLinker: Warning: While loading '../../../../../../Users/Mikke/Documents/Unreal Projects/SanRockVRUE4-repo/SanRockVR/Content/DrawingAssets/PaintableRock_Rock01.uasset' failed to load '/Game/Geometry/Meshes/1M_Cube': Can't find file.
[2019.10.08-07.21.02:505][  0]LogLinker: Warning: While loading '../../../../../../Users/Mikke/Documents/Unreal Projects/SanRockVRUE4-repo/SanRockVR/Content/DrawingAssets/PaintableRock_Rock01.uasset' failed to load '/Game/Geometry/Meshes/1M_Cube': Can't find file.
[2019.10.08-07.21.02:506][  0]LogLinker: Warning: While loading '../../../../../../Users/Mikke/Documents/Unreal Projects/SanRockVRUE4-repo/SanRockVR/Content/DrawingAssets/PaintableRock_Rock01.uasset' failed to load '/Game/Geometry/Meshes/1M_Cube': Can't find file.
[2019.10.08-07.21.02:506][  0]LoadErrors: Failed to load /Game/Geometry/Meshes/1M_Cube.1M_Cube Referenced by StaticMeshComponent0
[2019.10.08-07.21.02:506][  0]LogLinker: Warning: While loading '../../../../../../Users/Mikke/Documents/Unreal Projects/SanRockVRUE4-repo/SanRockVR/Content/DrawingAssets/PaintableRock_Rock01.uasset' failed to load '/Game/Geometry/Meshes/1M_Cube': Can't find file.
[2019.10.08-07.21.02:506][  0]LoadErrors: Failed to load /Game/Geometry/Meshes/1M_Cube.1M_Cube Referenced by StaticMeshComponent0
[2019.10.08-07.21.03:333][  0]LogAIModule: Creating AISystem for world SanVRROck
[2019.10.08-07.21.03:340][  0]LogEditorServer: Finished looking for orphan Actors (0.000 secs)
[2019.10.08-07.21.03:376][  0]LogUObjectHash: Compacting FUObjectHashTables data took   2.77ms
[2019.10.08-07.21.03:376][  0]Cmd: MAP CHECKDEP NOCLEARLOG
[2019.10.08-07.21.03:376][  0]MapCheck: Map check complete: 0 Error(s), 0 Warning(s), took 0.219ms to complete.
[2019.10.08-07.21.03:376][  0]LogFileHelpers: Loading map 'SanVRROck' took 1.153
[2019.10.08-07.21.03:524][  0]LogSlate: Updating window title bar state: overlay mode, drag disabled, window buttons hidden, title bar hidden
[2019.10.08-07.21.03:533][  0]LogSlate: Updating window title bar state: overlay mode, drag disabled, window buttons hidden, title bar hidden
[2019.10.08-07.21.03:542][  0]LogSlate: Updating window title bar state: overlay mode, drag disabled, window buttons hidden, title bar hidden
[2019.10.08-07.21.03:552][  0]LogSlate: Updating window title bar state: overlay mode, drag disabled, window buttons hidden, title bar hidden
[2019.10.08-07.21.03:569][  0]LogCollectionManager: Loaded 0 collections in 0.002766 seconds
[2019.10.08-07.21.03:590][  0]LogFileCache: Scanning file cache for directory 'C:/Users/Mikke/Documents/Unreal Projects/SanRockVRUE4-repo/SanRockVR/Saved/Collections/' took 0.00s
[2019.10.08-07.21.03:590][  0]LogFileCache: Scanning file cache for directory 'C:/Users/Mikke/Documents/Unreal Projects/SanRockVRUE4-repo/SanRockVR/Content/Developers/Mikke/Collections/' took 0.00s
[2019.10.08-07.21.03:590][  0]LogFileCache: Scanning file cache for directory 'C:/Users/Mikke/Documents/Unreal Projects/SanRockVRUE4-repo/SanRockVR/Content/Collections/' took 0.00s
[2019.10.08-07.21.03:590][  0]LogCollectionManager: Rebuilt the GUID cache for 0 collections in 0.000002 seconds
[2019.10.08-07.21.03:603][  0]LogContentBrowser: Native class hierarchy populated in 0.0119 seconds. Added 2864 classes and 683 folders.
[2019.10.08-07.21.03:615][  0]LogContentBrowser: Native class hierarchy updated for 'WidgetCarousel' in 0.0004 seconds. Added 0 classes and 0 folders.
[2019.10.08-07.21.03:984][  0]LogContentBrowser: Native class hierarchy updated for 'AddContentDialog' in 0.0005 seconds. Added 0 classes and 0 folders.
[2019.10.08-07.21.03:997][  0]LogContentBrowser: Native class hierarchy updated for 'SceneOutliner' in 0.0004 seconds. Added 1 classes and 2 folders.
[2019.10.08-07.21.06:236][  0]LogSlate: Only BGRA pngs, bmps or icos are supported in by External Image Picker
[2019.10.08-07.21.06:272][  0]LogSlate: Took 0.000201 seconds to synchronously load lazily loaded font '../../../Engine/Content/Slate/Fonts/Roboto-Regular.ttf' (155K)
[2019.10.08-07.21.06:276][  0]LogSlate: Took 0.000227 seconds to synchronously load lazily loaded font '../../../Engine/Content/Slate/Fonts/Roboto-Bold.ttf' (160K)
[2019.10.08-07.21.06:298][  0]LogSlate: Took 0.010505 seconds to synchronously load lazily loaded font '../../../Engine/Content/Editor/Slate/Fonts/FontAwesome.ttf' (139K)
[2019.10.08-07.21.06:492][  0]LogRenderer: Reallocating scene render targets to support 752x320 Format 26 NumSamples 1 (Frame:1).
[2019.10.08-07.21.06:641][  0]LogContentBrowser: Native class hierarchy updated for 'HierarchicalLODOutliner' in 0.0005 seconds. Added 0 classes and 0 folders.
[2019.10.08-07.21.06:642][  0]LogLoad: (Engine Initialization) Total time: 14.09 seconds
[2019.10.08-07.21.06:642][  0]LogLoad: (Engine Initialization) Total Blueprint compile time: 0.00 seconds
[2019.10.08-07.21.06:754][  0]LogContentStreaming: Texture pool size now 1000 MB
[2019.10.08-07.21.06:756][  0]LogSlate: FSceneViewport::OnFocusLost() reason 5
[2019.10.08-07.21.06:813][  0]LogSlate: Took 0.008392 seconds to synchronously load lazily loaded font '../../../Engine/Content/Slate/Fonts/Roboto-Light.ttf' (167K)
[2019.10.08-07.21.07:095][  3]LogAssetRegistry: Asset discovery search completed in 9.8944 seconds
[2019.10.08-07.21.07:102][  3]LogCollectionManager: Rebuilt the object cache for 0 collections in 0.000006 seconds (found 0 objects)
[2019.10.08-07.21.07:102][  3]LogCollectionManager: Fixed up redirectors for 0 collections in 0.000111 seconds (updated 0 objects)
[2019.10.08-07.21.10:087][ 12]LogSlate: Window 'Message Log' being destroyed
[2019.10.08-07.21.10:092][ 12]LogSlate: Window 'Message Log' being destroyed
[2019.10.08-07.21.12:819][269]LogSlate: FSceneViewport::OnFocusLost() reason 0
[2019.10.08-07.21.12:938][282]LogRenderer: Reallocating scene render targets to support 752x324 Format 26 NumSamples 1 (Frame:262).
[2019.10.08-07.21.12:963][283]LogRenderer: Reallocating scene render targets to support 752x328 Format 26 NumSamples 1 (Frame:264).
[2019.10.08-07.21.12:989][284]LogRenderer: Reallocating scene render targets to support 752x336 Format 26 NumSamples 1 (Frame:266).
[2019.10.08-07.21.13:028][285]LogRenderer: Reallocating scene render targets to support 752x344 Format 26 NumSamples 1 (Frame:268).
[2019.10.08-07.21.13:052][286]LogRenderer: Reallocating scene render targets to support 752x348 Format 26 NumSamples 1 (Frame:270).
[2019.10.08-07.21.13:072][287]LogRenderer: Reallocating scene render targets to support 752x352 Format 26 NumSamples 1 (Frame:272).
[2019.10.08-07.21.13:095][288]LogRenderer: Reallocating scene render targets to support 752x356 Format 26 NumSamples 1 (Frame:274).
[2019.10.08-07.21.13:157][291]LogRenderer: Reallocating scene render targets to support 752x360 Format 26 NumSamples 1 (Frame:280).
[2019.10.08-07.21.13:205][293]LogRenderer: Reallocating scene render targets to support 752x364 Format 26 NumSamples 1 (Frame:284).
[2019.10.08-07.21.13:226][294]LogRenderer: Reallocating scene render targets to support 752x368 Format 26 NumSamples 1 (Frame:286).
[2019.10.08-07.21.13:251][295]LogRenderer: Reallocating scene render targets to support 752x372 Format 26 NumSamples 1 (Frame:288).
[2019.10.08-07.21.13:273][296]LogRenderer: Reallocating scene render targets to support 752x376 Format 26 NumSamples 1 (Frame:290).
[2019.10.08-07.21.13:294][297]LogRenderer: Reallocating scene render targets to support 752x380 Format 26 NumSamples 1 (Frame:292).
[2019.10.08-07.21.13:361][301]LogRenderer: Reallocating scene render targets to support 752x384 Format 26 NumSamples 1 (Frame:298).
[2019.10.08-07.21.13:402][303]LogRenderer: Reallocating scene render targets to support 752x388 Format 26 NumSamples 1 (Frame:302).
[2019.10.08-07.21.13:445][305]LogRenderer: Reallocating scene render targets to support 752x392 Format 26 NumSamples 1 (Frame:306).
[2019.10.08-07.21.13:471][306]LogRenderer: Reallocating scene render targets to support 752x396 Format 26 NumSamples 1 (Frame:308).
[2019.10.08-07.21.13:532][309]LogRenderer: Reallocating scene render targets to support 752x400 Format 26 NumSamples 1 (Frame:314).
[2019.10.08-07.21.13:575][311]LogRenderer: Reallocating scene render targets to support 752x404 Format 26 NumSamples 1 (Frame:318).
[2019.10.08-07.21.13:598][312]LogRenderer: Reallocating scene render targets to support 752x408 Format 26 NumSamples 1 (Frame:320).
[2019.10.08-07.21.13:621][313]LogRenderer: Reallocating scene render targets to support 752x412 Format 26 NumSamples 1 (Frame:322).
[2019.10.08-07.21.13:661][315]LogRenderer: Reallocating scene render targets to support 752x416 Format 26 NumSamples 1 (Frame:326).
[2019.10.08-07.21.13:704][317]LogRenderer: Reallocating scene render targets to support 752x420 Format 26 NumSamples 1 (Frame:330).
[2019.10.08-07.21.13:745][319]LogRenderer: Reallocating scene render targets to support 752x424 Format 26 NumSamples 1 (Frame:334).
[2019.10.08-07.21.13:791][321]LogRenderer: Reallocating scene render targets to support 752x428 Format 26 NumSamples 1 (Frame:338).
[2019.10.08-07.21.13:835][323]LogRenderer: Reallocating scene render targets to support 752x432 Format 26 NumSamples 1 (Frame:342).
[2019.10.08-07.21.13:876][325]LogRenderer: Reallocating scene render targets to support 752x436 Format 26 NumSamples 1 (Frame:346).
[2019.10.08-07.21.15:835][541]LogRenderer: Reallocating scene render targets to support 756x436 Format 26 NumSamples 1 (Frame:530).
[2019.10.08-07.21.15:862][542]LogRenderer: Reallocating scene render targets to support 760x436 Format 26 NumSamples 1 (Frame:532).
[2019.10.08-07.21.15:889][543]LogRenderer: Reallocating scene render targets to support 764x436 Format 26 NumSamples 1 (Frame:534).
[2019.10.08-07.21.15:931][545]LogRenderer: Reallocating scene render targets to support 768x436 Format 26 NumSamples 1 (Frame:538).
[2019.10.08-07.21.16:225][576]LogRenderer: Reallocating scene render targets to support 772x436 Format 26 NumSamples 1 (Frame:544).
[2019.10.08-07.21.16:268][578]LogRenderer: Reallocating scene render targets to support 776x436 Format 26 NumSamples 1 (Frame:548).
[2019.10.08-07.21.16:306][580]LogRenderer: Reallocating scene render targets to support 780x436 Format 26 NumSamples 1 (Frame:552).
[2019.10.08-07.21.16:369][584]LogRenderer: Reallocating scene render targets to support 784x436 Format 26 NumSamples 1 (Frame:558).
[2019.10.08-07.21.16:435][589]LogRenderer: Reallocating scene render targets to support 788x436 Format 26 NumSamples 1 (Frame:562).
[2019.10.08-07.21.16:475][591]LogRenderer: Reallocating scene render targets to support 792x436 Format 26 NumSamples 1 (Frame:566).
[2019.10.08-07.21.16:722][614]LogRenderer: Reallocating scene render targets to support 796x436 Format 26 NumSamples 1 (Frame:574).
[2019.10.08-07.21.16:800][621]LogRenderer: Reallocating scene render targets to support 800x436 Format 26 NumSamples 1 (Frame:578).
[2019.10.08-07.21.16:889][627]LogRenderer: Reallocating scene render targets to support 804x436 Format 26 NumSamples 1 (Frame:586).
[2019.10.08-07.21.17:023][639]LogRenderer: Reallocating scene render targets to support 808x436 Format 26 NumSamples 1 (Frame:592).
[2019.10.08-07.21.37:726][849]LogSlate: FSceneViewport::OnFocusLost() reason 0
[2019.10.08-07.21.49:508][134]LogSlate: FSceneViewport::OnFocusLost() reason 0
[2019.10.08-07.21.49:660][150]LogRenderer: Reallocating scene render targets to support 812x436 Format 26 NumSamples 1 (Frame:3934).
[2019.10.08-07.21.49:683][151]LogRenderer: Reallocating scene render targets to support 828x436 Format 26 NumSamples 1 (Frame:3936).
[2019.10.08-07.21.49:709][152]LogRenderer: Reallocating scene render targets to support 848x436 Format 26 NumSamples 1 (Frame:3938).
[2019.10.08-07.21.49:731][153]LogRenderer: Reallocating scene render targets to support 868x436 Format 26 NumSamples 1 (Frame:3940).
[2019.10.08-07.21.49:755][154]LogRenderer: Reallocating scene render targets to support 884x436 Format 26 NumSamples 1 (Frame:3942).
[2019.10.08-07.21.49:779][155]LogRenderer: Reallocating scene render targets to support 908x436 Format 26 NumSamples 1 (Frame:3944).
[2019.10.08-07.21.49:807][156]LogRenderer: Reallocating scene render targets to support 924x436 Format 26 NumSamples 1 (Frame:3946).
[2019.10.08-07.21.49:833][157]LogRenderer: Reallocating scene render targets to support 936x436 Format 26 NumSamples 1 (Frame:3948).
[2019.10.08-07.21.49:860][158]LogRenderer: Reallocating scene render targets to support 940x436 Format 26 NumSamples 1 (Frame:3950).
[2019.10.08-07.21.49:884][159]LogRenderer: Reallocating scene render targets to support 944x436 Format 26 NumSamples 1 (Frame:3952).
[2019.10.08-07.21.49:910][160]LogRenderer: Reallocating scene render targets to support 948x436 Format 26 NumSamples 1 (Frame:3954).
[2019.10.08-07.21.49:933][161]LogRenderer: Reallocating scene render targets to support 952x436 Format 26 NumSamples 1 (Frame:3956).
[2019.10.08-07.21.49:977][162]LogRenderer: Reallocating scene render targets to support 960x436 Format 26 NumSamples 1 (Frame:3958).
[2019.10.08-07.21.50:003][163]LogRenderer: Reallocating scene render targets to support 968x436 Format 26 NumSamples 1 (Frame:3960).
[2019.10.08-07.21.50:032][164]LogRenderer: Reallocating scene render targets to support 972x436 Format 26 NumSamples 1 (Frame:3962).
[2019.10.08-07.21.50:079][166]LogRenderer: Reallocating scene render targets to support 980x436 Format 26 NumSamples 1 (Frame:3966).
[2019.10.08-07.21.50:099][167]LogRenderer: Reallocating scene render targets to support 984x436 Format 26 NumSamples 1 (Frame:3968).
[2019.10.08-07.21.50:129][168]LogRenderer: Reallocating scene render targets to support 992x436 Format 26 NumSamples 1 (Frame:3970).
[2019.10.08-07.21.50:154][169]LogRenderer: Reallocating scene render targets to support 1004x436 Format 26 NumSamples 1 (Frame:3972).
[2019.10.08-07.21.50:183][170]LogRenderer: Reallocating scene render targets to support 1008x436 Format 26 NumSamples 1 (Frame:3974).
[2019.10.08-07.21.51:695][323]LogRenderer: Reallocating scene render targets to support 1012x436 Format 26 NumSamples 1 (Frame:4100).
[2019.10.08-07.21.51:721][324]LogRenderer: Reallocating scene render targets to support 1024x436 Format 26 NumSamples 1 (Frame:4102).
[2019.10.08-07.21.51:750][324]LogRenderer: Reallocating scene render targets to support 1052x436 Format 26 NumSamples 1 (Frame:4104).
[2019.10.08-07.21.51:792][326]LogRenderer: Reallocating scene render targets to support 1100x436 Format 26 NumSamples 1 (Frame:4106).
[2019.10.08-07.21.51:817][327]LogRenderer: Reallocating scene render targets to support 1120x436 Format 26 NumSamples 1 (Frame:4108).
[2019.10.08-07.21.51:843][328]LogRenderer: Reallocating scene render targets to support 1136x436 Format 26 NumSamples 1 (Frame:4110).
[2019.10.08-07.21.51:866][329]LogRenderer: Reallocating scene render targets to support 1148x436 Format 26 NumSamples 1 (Frame:4112).
[2019.10.08-07.21.51:893][330]LogRenderer: Reallocating scene render targets to support 1160x436 Format 26 NumSamples 1 (Frame:4114).
[2019.10.08-07.21.51:920][331]LogRenderer: Reallocating scene render targets to support 1176x436 Format 26 NumSamples 1 (Frame:4116).
[2019.10.08-07.21.51:949][332]LogRenderer: Reallocating scene render targets to support 1184x436 Format 26 NumSamples 1 (Frame:4118).
[2019.10.08-07.21.51:976][333]LogRenderer: Reallocating scene render targets to support 1204x436 Format 26 NumSamples 1 (Frame:4120).
[2019.10.08-07.21.52:000][334]LogRenderer: Reallocating scene render targets to support 1216x436 Format 26 NumSamples 1 (Frame:4122).
[2019.10.08-07.21.52:027][335]LogRenderer: Reallocating scene render targets to support 1228x436 Format 26 NumSamples 1 (Frame:4124).
[2019.10.08-07.21.52:050][336]LogRenderer: Reallocating scene render targets to support 1232x436 Format 26 NumSamples 1 (Frame:4126).
[2019.10.08-07.21.54:130][557]LogRenderer: Reallocating scene render targets to support 1232x448 Format 26 NumSamples 1 (Frame:4319).
[2019.10.08-07.21.54:155][558]LogRenderer: Reallocating scene render targets to support 1232x472 Format 26 NumSamples 1 (Frame:4321).
[2019.10.08-07.21.54:186][559]LogRenderer: Reallocating scene render targets to support 1232x488 Format 26 NumSamples 1 (Frame:4323).
[2019.10.08-07.21.54:221][560]LogRenderer: Reallocating scene render targets to support 1232x508 Format 26 NumSamples 1 (Frame:4325).
[2019.10.08-07.21.54:253][561]LogRenderer: Reallocating scene render targets to support 1232x520 Format 26 NumSamples 1 (Frame:4327).
[2019.10.08-07.21.54:281][562]LogRenderer: Reallocating scene render targets to support 1232x532 Format 26 NumSamples 1 (Frame:4329).
[2019.10.08-07.21.54:310][563]LogRenderer: Reallocating scene render targets to support 1232x540 Format 26 NumSamples 1 (Frame:4331).
[2019.10.08-07.21.54:335][564]LogRenderer: Reallocating scene render targets to support 1232x548 Format 26 NumSamples 1 (Frame:4333).
[2019.10.08-07.21.54:367][565]LogRenderer: Reallocating scene render targets to support 1232x560 Format 26 NumSamples 1 (Frame:4335).
[2019.10.08-07.21.54:392][566]LogRenderer: Reallocating scene render targets to support 1232x572 Format 26 NumSamples 1 (Frame:4337).
[2019.10.08-07.21.54:415][567]LogRenderer: Reallocating scene render targets to support 1232x584 Format 26 NumSamples 1 (Frame:4339).
[2019.10.08-07.21.54:446][568]LogRenderer: Reallocating scene render targets to support 1232x596 Format 26 NumSamples 1 (Frame:4341).
[2019.10.08-07.21.54:476][569]LogRenderer: Reallocating scene render targets to support 1232x604 Format 26 NumSamples 1 (Frame:4343).
[2019.10.08-07.21.54:498][570]LogRenderer: Reallocating scene render targets to support 1232x608 Format 26 NumSamples 1 (Frame:4345).
[2019.10.08-07.21.54:520][571]LogRenderer: Reallocating scene render targets to support 1232x616 Format 26 NumSamples 1 (Frame:4347).
[2019.10.08-07.21.54:545][572]LogRenderer: Reallocating scene render targets to support 1232x620 Format 26 NumSamples 1 (Frame:4349).
[2019.10.08-07.21.54:569][573]LogRenderer: Reallocating scene render targets to support 1232x624 Format 26 NumSamples 1 (Frame:4351).
[2019.10.08-07.21.54:597][574]LogRenderer: Reallocating scene render targets to support 1232x628 Format 26 NumSamples 1 (Frame:4353).
[2019.10.08-07.21.54:624][575]LogRenderer: Reallocating scene render targets to support 1232x632 Format 26 NumSamples 1 (Frame:4355).
[2019.10.08-07.21.54:644][576]LogRenderer: Reallocating scene render targets to support 1232x636 Format 26 NumSamples 1 (Frame:4357).
[2019.10.08-07.21.54:668][577]LogRenderer: Reallocating scene render targets to support 1232x640 Format 26 NumSamples 1 (Frame:4359).
[2019.10.08-07.21.54:691][578]LogRenderer: Reallocating scene render targets to support 1232x644 Format 26 NumSamples 1 (Frame:4361).
[2019.10.08-07.21.54:716][579]LogRenderer: Reallocating scene render targets to support 1232x648 Format 26 NumSamples 1 (Frame:4363).
[2019.10.08-07.21.54:763][581]LogRenderer: Reallocating scene render targets to support 1232x656 Format 26 NumSamples 1 (Frame:4367).
[2019.10.08-07.23.11:081][393]LogSlate: FSceneViewport::OnFocusLost() reason 0
[2019.10.08-07.23.17:265][750]LogSlate: FSceneViewport::OnFocusLost() reason 0
[2019.10.08-07.23.56:981][120]LogSlate: FSceneViewport::OnFocusLost() reason 0
[2019.10.08-07.24.19:991][959]LogSlate: FSceneViewport::OnFocusLost() reason 0
[2019.10.08-07.28.38:417][662]LogSlate: FSceneViewport::OnFocusLost() reason 0
[2019.10.08-07.29.09:866][899]LogSlate: FSceneViewport::OnFocusLost() reason 0
[2019.10.08-07.44.57:759][271]LogSlate: FSceneViewport::OnFocusLost() reason 0
[2019.10.08-07.48.06:983][229]LogHttp: Warning: 00000262F87925C0: invalid HTTP response code received. URL: https://datarouter.ol.epicgames.com/datarouter/api/v1/public/data?SessionID=%7B4ABB694F-43DB-7C91-DC62-DE8515FABDEE%7D&AppID=UEEditor.Rocket.Release&AppVersion=4.23.0-8386587%2B%2B%2BUE4%2BRelease-4.23&UserID=44a3b88543f40e7a9d0369a5a5b03eed%7Cf94142d9262f460ea9310eda52bd359e%7C9fb745f4-412f-4560-b543-852f948d58f0&AppEnvironment=datacollector-binary&UploadType=eteventstream, HTTP code: 0, content length: -1, actual payload size: 0
[2019.10.08-07.48.06:983][229]LogHttp: Warning: 00000262F87925C0: request failed, libcurl error: 0 (No error)
[2019.10.08-07.48.06:983][229]LogHttp: Warning: 00000262F87925C0: libcurl info message cache 0 (Found bundle for host datarouter.ol.epicgames.com: 0x262f0e6ff70 [can pipeline])
[2019.10.08-07.48.06:983][229]LogHttp: Warning: 00000262F87925C0: libcurl info message cache 1 (Re-using existing connection! (#10) with host datarouter.ol.epicgames.com)
[2019.10.08-07.48.06:983][229]LogHttp: Warning: 00000262F87925C0: libcurl info message cache 2 (Connected to datarouter.ol.epicgames.com (34.198.245.209) port 443 (#10))
[2019.10.08-07.48.06:983][229]LogHttp: Warning: 00000262F87925C0: libcurl info message cache 3 (We are completely uploaded and fine)
[2019.10.08-07.48.06:983][229]LogHttp: Warning: 00000262F87925C0: libcurl info message cache 4 (TLSv1.2 (IN), TLS alert, Client hello (1):)
[2019.10.08-07.48.06:983][229]LogHttp: Warning: 00000262F87925C0: libcurl info message cache 5 (Connection died, retrying a fresh connect)
[2019.10.08-07.48.06:985][229]LogHttp: Warning: 00000262F87925C0: libcurl info message cache 6 (necessary data rewind wasn't possible)
[2019.10.08-07.48.06:985][229]LogHttp: Warning: 00000262F87925C0: libcurl info message cache 7 (Closing connection 10)
[2019.10.08-07.48.06:985][229]LogHttp: Warning: 00000262F87925C0: libcurl info message cache 8 (TLSv1.2 (OUT), TLS alert, Client hello (1):)
[2019.10.08-07.48.07:319][230]LogHttp: Warning: Retry exhausted on https://datarouter.ol.epicgames.com/datarouter/api/v1/public/data?SessionID=%7B4ABB694F-43DB-7C91-DC62-DE8515FABDEE%7D&AppID=UEEditor.Rocket.Release&AppVersion=4.23.0-8386587%2B%2B%2BUE4%2BRelease-4.23&UserID=44a3b88543f40e7a9d0369a5a5b03eed%7Cf94142d9262f460ea9310eda52bd359e%7C9fb745f4-412f-4560-b543-852f948d58f0&AppEnvironment=datacollector-binary&UploadType=eteventstream
