Log file open, 10/18/19 14:07:17
LogWindows: Failed to load 'aqProf.dll' (GetLastError=126)
LogWindows: File 'aqProf.dll' does not exist
LogWindows: Failed to load 'VtuneApi.dll' (GetLastError=126)
LogWindows: File 'VtuneApi.dll' does not exist
LogWindows: Failed to load 'VtuneApi32e.dll' (GetLastError=126)
LogWindows: File 'VtuneApi32e.dll' does not exist
LogConsoleResponse: Display: Failed to find resolution value strings in scalability ini. Falling back to default.
LogInit: Display: Running engine for game: SanRockArtVRMED7
LogPlatformFile: Not using cached read wrapper
LogTaskGraph: Started task graph with 5 named threads and 14 total threads with 3 sets of task threads.
LogStats: Stats thread started at 0.086234
LogD3D11RHI: Loaded GFSDK_Aftermath_Lib.x64.dll
LogICUInternationalization: ICU TimeZone Detection - Raw Offset: +1:00, Platform Override: ''
LogPluginManager: Mounting plugin Paper2D
LogPluginManager: Mounting plugin AISupport
LogPluginManager: Mounting plugin LightPropagationVolume
LogPluginManager: Mounting plugin ActorLayerUtilities
LogPluginManager: Mounting plugin AnimationSharing
LogPluginManager: Mounting plugin CLionSourceCodeAccess
LogPluginManager: Mounting plugin CodeLiteSourceCodeAccess
LogPluginManager: Mounting plugin GitSourceControl
LogPluginManager: Mounting plugin KDevelopSourceCodeAccess
LogPluginManager: Mounting plugin NullSourceCodeAccess
LogPluginManager: Mounting plugin PerforceSourceControl
LogPluginManager: Mounting plugin SubversionSourceControl
LogPluginManager: Mounting plugin UObjectPlugin
LogPluginManager: Mounting plugin VisualStudioCodeSourceCodeAccess
LogPluginManager: Mounting plugin VisualStudioSourceCodeAccess
LogPluginManager: Mounting plugin XCodeSourceCodeAccess
LogPluginManager: Mounting plugin AssetManagerEditor
LogPluginManager: Mounting plugin CryptoKeys
LogPluginManager: Mounting plugin CurveEditorTools
LogPluginManager: Mounting plugin DataValidation
LogPluginManager: Mounting plugin FacialAnimation
LogPluginManager: Mounting plugin GameplayTagsEditor
LogPluginManager: Mounting plugin MacGraphicsSwitching
LogPluginManager: Mounting plugin MaterialAnalyzer
LogPluginManager: Mounting plugin MobileLauncherProfileWizard
LogPluginManager: Mounting plugin PluginBrowser
LogPluginManager: Mounting plugin SpeedTreeImporter
LogPluginManager: Mounting plugin DatasmithContent
LogPluginManager: Mounting plugin VariantManagerContent
LogPluginManager: Mounting plugin AlembicImporter
LogPluginManager: Mounting plugin AutomationUtils
LogPluginManager: Mounting plugin BackChannel
LogPluginManager: Mounting plugin CharacterAI
LogPluginManager: Mounting plugin GeometryCache
LogPluginManager: Mounting plugin HTML5Networking
LogPluginManager: Mounting plugin PlatformCrypto
LogPluginManager: Mounting plugin ProxyLODPlugin
LogPluginManager: Mounting plugin SkeletalReduction
LogPluginManager: Mounting plugin MagicLeap
LogPluginManager: Mounting plugin MagicLeapMedia
LogPluginManager: Mounting plugin AndroidMedia
LogPluginManager: Mounting plugin AvfMedia
LogPluginManager: Mounting plugin ImgMedia
LogPluginManager: Mounting plugin MediaCompositing
LogPluginManager: Mounting plugin MediaPlayerEditor
LogPluginManager: Mounting plugin WebMMedia
LogPluginManager: Mounting plugin WmfMedia
LogPluginManager: Mounting plugin TcpMessaging
LogPluginManager: Mounting plugin UdpMessaging
LogPluginManager: Mounting plugin ActorSequence
LogPluginManager: Mounting plugin LevelSequenceEditor
LogPluginManager: Mounting plugin MatineeToLevelSequence
LogPluginManager: Mounting plugin NetcodeUnitTest
LogPluginManager: Mounting plugin NUTUnrealEngine4
LogPluginManager: Mounting plugin OnlineSubsystemGooglePlay
LogPluginManager: Mounting plugin OnlineSubsystemIOS
LogPluginManager: Mounting plugin OnlineSubsystem
LogPluginManager: Mounting plugin OnlineSubsystemNull
LogPluginManager: Mounting plugin OnlineSubsystemUtils
LogPluginManager: Mounting plugin LauncherChunkInstaller
LogPluginManager: Mounting plugin AndroidDeviceProfileSelector
LogPluginManager: Mounting plugin AndroidMoviePlayer
LogPluginManager: Mounting plugin AndroidPermission
LogPluginManager: Mounting plugin AppleImageUtils
LogPluginManager: Mounting plugin AppleMoviePlayer
LogPluginManager: Mounting plugin ArchVisCharacter
LogPluginManager: Mounting plugin AudioCapture
LogPluginManager: Mounting plugin CableComponent
LogPluginManager: Mounting plugin CustomMeshComponent
LogPluginManager: Mounting plugin EditableMesh
LogPluginManager: Mounting plugin ExampleDeviceProfileSelector
LogPluginManager: Mounting plugin GoogleCloudMessaging
LogPluginManager: Mounting plugin IOSDeviceProfileSelector
LogPluginManager: Mounting plugin LinuxDeviceProfileSelector
LogPluginManager: Mounting plugin LocationServicesBPLibrary
LogPluginManager: Mounting plugin MobilePatchingUtils
LogPluginManager: Mounting plugin OculusVR
LogPluginManager: Mounting plugin PhysXVehicles
LogPluginManager: Mounting plugin ProceduralMeshComponent
LogPluginManager: Mounting plugin RuntimePhysXCooking
LogPluginManager: Mounting plugin SignificanceManager
LogPluginManager: Mounting plugin SteamVR
LogPluginManager: Mounting plugin WebMMoviePlayer
LogPluginManager: Mounting plugin WindowsMoviePlayer
LogPluginManager: Mounting plugin ScreenshotTools
LogInit: Using libcurl 7.55.1-DEV
LogInit:  - built for x86_64-pc-win32
LogInit:  - supports SSL with OpenSSL/1.1.1
LogInit:  - supports HTTP deflate (compression) using libz 1.2.8
LogInit:  - other features:
LogInit:      CURL_VERSION_SSL
LogInit:      CURL_VERSION_LIBZ
LogInit:      CURL_VERSION_IPV6
LogInit:      CURL_VERSION_ASYNCHDNS
LogInit:      CURL_VERSION_LARGEFILE
LogInit:      CURL_VERSION_IDN
LogInit:  CurlRequestOptions (configurable via config and command line):
LogInit:  - bVerifyPeer = true  - Libcurl will verify peer certificate
LogInit:  - bUseHttpProxy = false  - Libcurl will NOT use HTTP proxy
LogInit:  - bDontReuseConnections = false  - Libcurl will reuse connections
LogInit:  - MaxHostConnections = 16  - Libcurl will limit the number of connections to a host
LogInit:  - LocalHostAddr = Default
LogInit:  - BufferSize = 65536
LogOnline: OSS: Creating online subsystem instance for: NULL
LogInit: WinSock: version 1.1 (2.2), MaxSocks=32767, MaxUdp=65467
LogInit: Build: ++UE4+Release-4.23-CL-8386587
LogInit: Engine Version: 4.23.0-8386587+++UE4+Release-4.23
LogInit: Compatible Engine Version: 4.23.0-8386587+++UE4+Release-4.23
LogInit: Net CL: 8386587
LogInit: OS: Windows 10 (Release 1903) (), CPU: Intel(R) Core(TM) i5-7300HQ CPU @ 2.50GHz, GPU: Intel(R) HD Graphics 630
LogInit: Compiled (64-bit): Aug 31 2019 02:04:44
LogInit: Compiled with Visual C++: 19.16.27030.01
LogInit: Build Configuration: Development
LogInit: Branch Name: ++UE4+Release-4.23
LogInit: Command Line: 
LogInit: Base Directory: C:/Program Files/Epic Games/UE_4.23/Engine/Binaries/Win64/
LogInit: Installed Engine Build: 1
LogDevObjectVersion: Number of dev versions registered: 23
LogDevObjectVersion:   Dev-Blueprints (B0D832E4-1F89-4F0D-ACCF-7EB736FD4AA2): 10
LogDevObjectVersion:   Dev-Build (E1C64328-A22C-4D53-A36C-8E866417BD8C): 0
LogDevObjectVersion:   Dev-Core (375EC13C-06E4-48FB-B500-84F0262A717E): 3
LogDevObjectVersion:   Dev-Editor (E4B068ED-F494-42E9-A231-DA0B2E46BB41): 34
LogDevObjectVersion:   Dev-Framework (CFFC743F-43B0-4480-9391-14DF171D2073): 35
LogDevObjectVersion:   Dev-Mobile (B02B49B5-BB20-44E9-A304-32B752E40360): 2
LogDevObjectVersion:   Dev-Networking (A4E4105C-59A1-49B5-A7C5-40C4547EDFEE): 0
LogDevObjectVersion:   Dev-Online (39C831C9-5AE6-47DC-9A44-9C173E1C8E7C): 0
LogDevObjectVersion:   Dev-Physics (78F01B33-EBEA-4F98-B9B4-84EACCB95AA2): 0
LogDevObjectVersion:   Dev-Platform (6631380F-2D4D-43E0-8009-CF276956A95A): 0
LogDevObjectVersion:   Dev-Rendering (12F88B9F-8875-4AFC-A67C-D90C383ABD29): 31
LogDevObjectVersion:   Dev-Sequencer (7B5AE74C-D270-4C10-A958-57980B212A5A): 11
LogDevObjectVersion:   Dev-VR (D7296918-1DD6-4BDD-9DE2-64A83CC13884): 2
LogDevObjectVersion:   Dev-LoadTimes (C2A15278-BFE7-4AFE-6C17-90FF531DF755): 1
LogDevObjectVersion:   Private-Geometry (6EACA3D4-40EC-4CC1-B786-8BED09428FC5): 3
LogDevObjectVersion:   Dev-AnimPhys (29E575DD-E0A3-4627-9D10-D276232CDCEA): 17
LogDevObjectVersion:   Dev-Anim (AF43A65D-7FD3-4947-9873-3E8ED9C1BB05): 2
LogDevObjectVersion:   Dev-ReflectionCapture (6B266CEC-1EC7-4B8F-A30B-E4D90942FC07): 1
LogDevObjectVersion:   Dev-Automation (0DF73D61-A23F-47EA-B727-89E90C41499A): 1
LogDevObjectVersion:   FortniteMain (601D1886-AC64-4F84-AA16-D3DE0DEAC7D6): 27
LogDevObjectVersion:   Dev-Enterprise (9DFFBCD6-494F-0158-E221-12823C92A888): 6
LogDevObjectVersion:   Dev-Niagara (F2AED0AC-9AFE-416F-8664-AA7FFA26D6FC): 1
LogDevObjectVersion:   Dev-Destruction (174F1F0B-B4C6-45A5-B13F-2EE8D0FB917D): 9
LogInit: Presizing for max 16777216 objects, including 0 objects not considered by GC, pre-allocating 0 bytes for permanent pool.
LogInit: Object subsystem initialized
LogConfig: Setting CVar [[con.DebugEarlyDefault:1]]
LogConfig: Setting CVar [[r.setres:1280x720]]
[2019.10.18-12.07.17:533][  0]LogConfig: Setting CVar [[r.VSync:0]]
[2019.10.18-12.07.17:533][  0]LogConfig: Setting CVar [[r.RHICmdBypass:0]]
[2019.10.18-12.07.17:533][  0]LogConfig: Applying CVar settings from Section [/Script/Engine.RendererSettings] File [C:/Users/Mikke/Documents/Unreal Projects/SanRockArt-repo/SanRockVR/Saved/Config/Windows/Engine.ini]
[2019.10.18-12.07.17:533][  0]LogConfig: Setting CVar [[r.GPUCrashDebugging:0]]
[2019.10.18-12.07.17:533][  0]LogConfig: Setting CVar [[r.MobileHDR:1]]
[2019.10.18-12.07.17:533][  0]LogConfig: Setting CVar [[r.Mobile.DisableVertexFog:1]]
[2019.10.18-12.07.17:533][  0]LogConfig: Setting CVar [[r.Shadow.CSM.MaxMobileCascades:2]]
[2019.10.18-12.07.17:533][  0]LogConfig: Setting CVar [[r.MobileMSAA:1]]
[2019.10.18-12.07.17:533][  0]LogConfig: Setting CVar [[r.Mobile.UseLegacyShadingModel:0]]
[2019.10.18-12.07.17:533][  0]LogConfig: Setting CVar [[r.Mobile.UseHWsRGBEncoding:1]]
[2019.10.18-12.07.17:533][  0]LogConfig: Setting CVar [[r.Mobile.AllowDitheredLODTransition:0]]
[2019.10.18-12.07.17:533][  0]LogConfig: Setting CVar [[r.Mobile.AllowSoftwareOcclusion:0]]
[2019.10.18-12.07.17:533][  0]LogConfig: Setting CVar [[r.DiscardUnusedQuality:0]]
[2019.10.18-12.07.17:533][  0]LogConfig: Setting CVar [[r.AllowOcclusionQueries:1]]
[2019.10.18-12.07.17:533][  0]LogConfig: Setting CVar [[r.MinScreenRadiusForLights:0.030000]]
[2019.10.18-12.07.17:533][  0]LogConfig: Setting CVar [[r.MinScreenRadiusForDepthPrepass:0.030000]]
[2019.10.18-12.07.17:533][  0]LogConfig: Setting CVar [[r.MinScreenRadiusForCSMDepth:0.010000]]
[2019.10.18-12.07.17:533][  0]LogConfig: Setting CVar [[r.PrecomputedVisibilityWarning:0]]
[2019.10.18-12.07.17:533][  0]LogConfig: Setting CVar [[r.TextureStreaming:1]]
[2019.10.18-12.07.17:533][  0]LogConfig: Setting CVar [[Compat.UseDXT5NormalMaps:0]]
[2019.10.18-12.07.17:533][  0]LogConfig: Setting CVar [[r.VirtualTextures:0]]
[2019.10.18-12.07.17:533][  0]LogConfig: Setting CVar [[r.VirtualTexturedLightmaps:0]]
[2019.10.18-12.07.17:533][  0]LogConfig: Setting CVar [[r.VT.TileSize:128]]
[2019.10.18-12.07.17:534][  0]LogConfig: Setting CVar [[r.VT.TileBorderSize:4]]
[2019.10.18-12.07.17:534][  0]LogConfig: Setting CVar [[r.vt.FeedbackFactor:16]]
[2019.10.18-12.07.17:534][  0]LogConfig: Setting CVar [[r.VT.EnableCompressZlib:1]]
[2019.10.18-12.07.17:534][  0]LogConfig: Setting CVar [[r.VT.EnableCompressCrunch:0]]
[2019.10.18-12.07.17:534][  0]LogConfig: Setting CVar [[r.ClearCoatNormal:0]]
[2019.10.18-12.07.17:534][  0]LogConfig: Setting CVar [[r.ReflectionCaptureResolution:128]]
[2019.10.18-12.07.17:534][  0]LogConfig: Setting CVar [[r.ReflectionEnvironmentLightmapMixBasedOnRoughness:1]]
[2019.10.18-12.07.17:534][  0]LogConfig: Setting CVar [[r.ForwardShading:0]]
[2019.10.18-12.07.17:534][  0]LogConfig: Setting CVar [[r.VertexFoggingForOpaque:1]]
[2019.10.18-12.07.17:534][  0]LogConfig: Setting CVar [[r.AllowStaticLighting:1]]
[2019.10.18-12.07.17:534][  0]LogConfig: Setting CVar [[r.NormalMapsForStaticLighting:0]]
[2019.10.18-12.07.17:534][  0]LogConfig: Setting CVar [[r.GenerateMeshDistanceFields:0]]
[2019.10.18-12.07.17:534][  0]LogConfig: Setting CVar [[r.DistanceFieldBuild.EightBit:0]]
[2019.10.18-12.07.17:534][  0]LogConfig: Setting CVar [[r.GenerateLandscapeGIData:0]]
[2019.10.18-12.07.17:534][  0]LogConfig: Setting CVar [[r.DistanceFieldBuild.Compress:0]]
[2019.10.18-12.07.17:534][  0]LogConfig: Setting CVar [[r.TessellationAdaptivePixelsPerTriangle:48.000000]]
[2019.10.18-12.07.17:534][  0]LogConfig: Setting CVar [[r.SeparateTranslucency:0]]
[2019.10.18-12.07.17:534][  0]LogConfig: Setting CVar [[r.TranslucentSortPolicy:0]]
[2019.10.18-12.07.17:534][  0]LogConfig: Setting CVar [[r.CustomDepth:1]]
[2019.10.18-12.07.17:534][  0]LogConfig: Setting CVar [[r.CustomDepthTemporalAAJitter:1]]
[2019.10.18-12.07.17:534][  0]LogConfig: Setting CVar [[r.PostProcessing.PropagateAlpha:0]]
[2019.10.18-12.07.17:534][  0]LogConfig: Setting CVar [[r.DefaultFeature.Bloom:1]]
[2019.10.18-12.07.17:534][  0]LogConfig: Setting CVar [[r.DefaultFeature.AmbientOcclusion:0]]
[2019.10.18-12.07.17:534][  0]LogConfig: Setting CVar [[r.DefaultFeature.AmbientOcclusionStaticFraction:1]]
[2019.10.18-12.07.17:534][  0]LogConfig: Setting CVar [[r.DefaultFeature.AutoExposure:0]]
[2019.10.18-12.07.17:534][  0]LogConfig: Setting CVar [[r.DefaultFeature.AutoExposure.Method:0]]
[2019.10.18-12.07.17:534][  0]LogConfig: Setting CVar [[r.DefaultFeature.AutoExposure.ExtendDefaultLuminanceRange:1]]
[2019.10.18-12.07.17:534][  0]LogConfig: Setting CVar [[r.UsePreExposure:1]]
[2019.10.18-12.07.17:534][  0]LogConfig: Setting CVar [[r.EyeAdaptation.EditorOnly:1]]
[2019.10.18-12.07.17:534][  0]LogConfig: Setting CVar [[r.DefaultFeature.MotionBlur:0]]
[2019.10.18-12.07.17:534][  0]LogConfig: Setting CVar [[r.DefaultFeature.LensFlare:0]]
[2019.10.18-12.07.17:534][  0]LogConfig: Setting CVar [[r.TemporalAA.Upsampling:0]]
[2019.10.18-12.07.17:534][  0]LogConfig: Setting CVar [[r.DefaultFeature.AntiAliasing:0]]
[2019.10.18-12.07.17:534][  0]LogConfig: Setting CVar [[r.DefaultFeature.LightUnits:1]]
[2019.10.18-12.07.17:534][  0]LogConfig: Setting CVar [[r.DefaultBackBufferPixelFormat:4]]
[2019.10.18-12.07.17:534][  0]LogConfig: Setting CVar [[r.Shadow.UnbuiltPreviewInGame:1]]
[2019.10.18-12.07.17:534][  0]LogConfig: Setting CVar [[r.StencilForLODDither:0]]
[2019.10.18-12.07.17:534][  0]LogConfig: Setting CVar [[r.EarlyZPass:3]]
[2019.10.18-12.07.17:534][  0]LogConfig: Setting CVar [[r.EarlyZPassOnlyMaterialMasking:0]]
[2019.10.18-12.07.17:534][  0]LogConfig: Setting CVar [[r.DBuffer:1]]
[2019.10.18-12.07.17:534][  0]LogConfig: Setting CVar [[r.ClearSceneMethod:1]]
[2019.10.18-12.07.17:534][  0]LogConfig: Setting CVar [[r.BasePassOutputsVelocity:0]]
[2019.10.18-12.07.17:534][  0]LogConfig: Setting CVar [[r.SelectiveBasePassOutputs:0]]
[2019.10.18-12.07.17:534][  0]LogConfig: Setting CVar [[fx.GPUSimulationTextureSizeX:1024]]
[2019.10.18-12.07.17:534][  0]LogConfig: Setting CVar [[fx.GPUSimulationTextureSizeY:1024]]
[2019.10.18-12.07.17:534][  0]LogConfig: Setting CVar [[r.AllowGlobalClipPlane:0]]
[2019.10.18-12.07.17:534][  0]LogConfig: Setting CVar [[r.GBufferFormat:1]]
[2019.10.18-12.07.17:534][  0]LogConfig: Setting CVar [[r.MorphTarget.Mode:1]]
[2019.10.18-12.07.17:534][  0]LogConfig: Setting CVar [[vr.InstancedStereo:0]]
[2019.10.18-12.07.17:534][  0]LogConfig: Setting CVar [[vr.MultiView:0]]
[2019.10.18-12.07.17:534][  0]LogConfig: Setting CVar [[vr.MobileMultiView:0]]
[2019.10.18-12.07.17:534][  0]LogConfig: Setting CVar [[vr.MobileMultiView.Direct:0]]
[2019.10.18-12.07.17:534][  0]LogConfig: Setting CVar [[vr.RoundRobinOcclusion:0]]
[2019.10.18-12.07.17:534][  0]LogConfig: Setting CVar [[vr.ODSCapture:0]]
[2019.10.18-12.07.17:534][  0]LogConfig: Setting CVar [[r.WireframeCullThreshold:5.000000]]
[2019.10.18-12.07.17:534][  0]LogConfig: Setting CVar [[r.RayTracing:0]]
[2019.10.18-12.07.17:534][  0]LogConfig: Setting CVar [[r.SupportStationarySkylight:1]]
[2019.10.18-12.07.17:534][  0]LogConfig: Setting CVar [[r.SupportLowQualityLightmaps:1]]
[2019.10.18-12.07.17:534][  0]LogConfig: Setting CVar [[r.SupportPointLightWholeSceneShadows:1]]
[2019.10.18-12.07.17:534][  0]LogConfig: Setting CVar [[r.SupportAtmosphericFog:1]]
[2019.10.18-12.07.17:534][  0]LogConfig: Setting CVar [[r.SkinCache.CompileShaders:0]]
[2019.10.18-12.07.17:535][  0]LogConfig: Setting CVar [[r.Mobile.EnableStaticAndCSMShadowReceivers:1]]
[2019.10.18-12.07.17:535][  0]LogConfig: Setting CVar [[r.Mobile.EnableMovableLightCSMShaderCulling:1]]
[2019.10.18-12.07.17:535][  0]LogConfig: Setting CVar [[r.Mobile.AllowDistanceFieldShadows:1]]
[2019.10.18-12.07.17:535][  0]LogConfig: Setting CVar [[r.Mobile.AllowMovableDirectionalLights:1]]
[2019.10.18-12.07.17:535][  0]LogConfig: Setting CVar [[r.MobileNumDynamicPointLights:4]]
[2019.10.18-12.07.17:535][  0]LogConfig: Setting CVar [[r.MobileDynamicPointLightsUseStaticBranch:1]]
[2019.10.18-12.07.17:535][  0]LogConfig: Setting CVar [[r.Mobile.EnableMovableSpotlights:0]]
[2019.10.18-12.07.17:535][  0]LogConfig: Setting CVar [[r.SkinCache.SceneMemoryLimitInMB:128.000000]]
[2019.10.18-12.07.17:535][  0]LogConfig: Setting CVar [[r.GPUSkin.Limit2BoneInfluences:0]]
[2019.10.18-12.07.17:535][  0]LogConfig: Setting CVar [[r.SupportDepthOnlyIndexBuffers:1]]
[2019.10.18-12.07.17:535][  0]LogConfig: Setting CVar [[r.SupportReversedIndexBuffers:1]]
[2019.10.18-12.07.17:535][  0]LogConfig: Setting CVar [[r.SupportMaterialLayers:0]]
[2019.10.18-12.07.17:535][  0]LogConfig: Applying CVar settings from Section [/Script/Engine.RendererOverrideSettings] File [C:/Users/Mikke/Documents/Unreal Projects/SanRockArt-repo/SanRockVR/Saved/Config/Windows/Engine.ini]
[2019.10.18-12.07.17:535][  0]LogConfig: Applying CVar settings from Section [/Script/Engine.StreamingSettings] File [C:/Users/Mikke/Documents/Unreal Projects/SanRockArt-repo/SanRockVR/Saved/Config/Windows/Engine.ini]
[2019.10.18-12.07.17:535][  0]LogConfig: Setting CVar [[s.MinBulkDataSizeForAsyncLoading:131072]]
[2019.10.18-12.07.17:535][  0]LogConfig: Setting CVar [[s.AsyncLoadingThreadEnabled:0]]
[2019.10.18-12.07.17:535][  0]LogConfig: Setting CVar [[s.EventDrivenLoaderEnabled:1]]
[2019.10.18-12.07.17:535][  0]LogConfig: Setting CVar [[s.WarnIfTimeLimitExceeded:0]]
[2019.10.18-12.07.17:535][  0]LogConfig: Setting CVar [[s.TimeLimitExceededMultiplier:1.5]]
[2019.10.18-12.07.17:535][  0]LogConfig: Setting CVar [[s.TimeLimitExceededMinTime:0.005]]
[2019.10.18-12.07.17:535][  0]LogConfig: Setting CVar [[s.UseBackgroundLevelStreaming:1]]
[2019.10.18-12.07.17:535][  0]LogConfig: Setting CVar [[s.PriorityAsyncLoadingExtraTime:15.0]]
[2019.10.18-12.07.17:535][  0]LogConfig: Setting CVar [[s.LevelStreamingActorsUpdateTimeLimit:5.0]]
[2019.10.18-12.07.17:535][  0]LogConfig: Setting CVar [[s.PriorityLevelStreamingActorsUpdateExtraTime:5.0]]
[2019.10.18-12.07.17:535][  0]LogConfig: Setting CVar [[s.LevelStreamingComponentsRegistrationGranularity:10]]
[2019.10.18-12.07.17:535][  0]LogConfig: Setting CVar [[s.UnregisterComponentsTimeLimit:1.0]]
[2019.10.18-12.07.17:535][  0]LogConfig: Setting CVar [[s.LevelStreamingComponentsUnregistrationGranularity:5]]
[2019.10.18-12.07.17:535][  0]LogConfig: Applying CVar settings from Section [/Script/Engine.GarbageCollectionSettings] File [C:/Users/Mikke/Documents/Unreal Projects/SanRockArt-repo/SanRockVR/Saved/Config/Windows/Engine.ini]
[2019.10.18-12.07.17:535][  0]LogConfig: Setting CVar [[gc.MaxObjectsNotConsideredByGC:1]]
[2019.10.18-12.07.17:535][  0]LogConfig: Setting CVar [[gc.SizeOfPermanentObjectPool:0]]
[2019.10.18-12.07.17:535][  0]LogConfig: Setting CVar [[gc.FlushStreamingOnGC:0]]
[2019.10.18-12.07.17:535][  0]LogConfig: Setting CVar [[gc.NumRetriesBeforeForcingGC:10]]
[2019.10.18-12.07.17:535][  0]LogConfig: Setting CVar [[gc.AllowParallelGC:1]]
[2019.10.18-12.07.17:535][  0]LogConfig: Setting CVar [[gc.TimeBetweenPurgingPendingKillObjects:61.1]]
[2019.10.18-12.07.17:535][  0]LogConfig: Setting CVar [[gc.MaxObjectsInEditor:16777216]]
[2019.10.18-12.07.17:535][  0]LogConfig: Setting CVar [[gc.IncrementalBeginDestroyEnabled:1]]
[2019.10.18-12.07.17:535][  0]LogConfig: Setting CVar [[gc.CreateGCClusters:1]]
[2019.10.18-12.07.17:535][  0]LogConfig: Setting CVar [[gc.MinGCClusterSize:5]]
[2019.10.18-12.07.17:535][  0]LogConfig: Setting CVar [[gc.ActorClusteringEnabled:0]]
[2019.10.18-12.07.17:535][  0]LogConfig: Setting CVar [[gc.BlueprintClusteringEnabled:0]]
[2019.10.18-12.07.17:535][  0]LogConfig: Setting CVar [[gc.UseDisregardForGCOnDedicatedServers:0]]
[2019.10.18-12.07.17:535][  0]LogConfig: Applying CVar settings from Section [/Script/Engine.NetworkSettings] File [C:/Users/Mikke/Documents/Unreal Projects/SanRockArt-repo/SanRockVR/Saved/Config/Windows/Engine.ini]
[2019.10.18-12.07.17:535][  0]LogConfig: Applying CVar settings from Section [/Script/UnrealEd.CookerSettings] File [C:/Users/Mikke/Documents/Unreal Projects/SanRockArt-repo/SanRockVR/Saved/Config/Windows/Engine.ini]
[2019.10.18-12.07.17:538][  0]LogConfig: Applying CVar settings from Section [ViewDistanceQuality@3] File [C:/Users/Mikke/Documents/Unreal Projects/SanRockArt-repo/SanRockVR/Saved/Config/Windows/Scalability.ini]
[2019.10.18-12.07.17:538][  0]LogConfig: Setting CVar [[r.SkeletalMeshLODBias:0]]
[2019.10.18-12.07.17:538][  0]LogConfig: Setting CVar [[r.ViewDistanceScale:1.0]]
[2019.10.18-12.07.17:538][  0]LogConfig: Applying CVar settings from Section [AntiAliasingQuality@3] File [C:/Users/Mikke/Documents/Unreal Projects/SanRockArt-repo/SanRockVR/Saved/Config/Windows/Scalability.ini]
[2019.10.18-12.07.17:538][  0]LogConfig: Setting CVar [[r.PostProcessAAQuality:4]]
[2019.10.18-12.07.17:538][  0]LogConfig: Applying CVar settings from Section [ShadowQuality@3] File [C:/Users/Mikke/Documents/Unreal Projects/SanRockArt-repo/SanRockVR/Saved/Config/Windows/Scalability.ini]
[2019.10.18-12.07.17:538][  0]LogConfig: Setting CVar [[r.LightFunctionQuality:1]]
[2019.10.18-12.07.17:538][  0]LogConfig: Setting CVar [[r.ShadowQuality:5]]
[2019.10.18-12.07.17:538][  0]LogConfig: Setting CVar [[r.Shadow.CSM.MaxCascades:10]]
[2019.10.18-12.07.17:538][  0]LogConfig: Setting CVar [[r.Shadow.MaxResolution:2048]]
[2019.10.18-12.07.17:538][  0]LogConfig: Setting CVar [[r.Shadow.MaxCSMResolution:2048]]
[2019.10.18-12.07.17:538][  0]LogConfig: Setting CVar [[r.Shadow.RadiusThreshold:0.01]]
[2019.10.18-12.07.17:538][  0]LogConfig: Setting CVar [[r.Shadow.DistanceScale:1.0]]
[2019.10.18-12.07.17:538][  0]LogConfig: Setting CVar [[r.Shadow.CSM.TransitionScale:1.0]]
[2019.10.18-12.07.17:538][  0]LogConfig: Setting CVar [[r.Shadow.PreShadowResolutionFactor:1.0]]
[2019.10.18-12.07.17:538][  0]LogConfig: Setting CVar [[r.DistanceFieldShadowing:1]]
[2019.10.18-12.07.17:538][  0]LogConfig: Setting CVar [[r.DistanceFieldAO:1]]
[2019.10.18-12.07.17:538][  0]LogConfig: Setting CVar [[r.AOQuality:2]]
[2019.10.18-12.07.17:538][  0]LogConfig: Setting CVar [[r.VolumetricFog:1]]
[2019.10.18-12.07.17:538][  0]LogConfig: Setting CVar [[r.VolumetricFog.GridPixelSize:8]]
[2019.10.18-12.07.17:538][  0]LogConfig: Setting CVar [[r.VolumetricFog.GridSizeZ:128]]
[2019.10.18-12.07.17:538][  0]LogConfig: Setting CVar [[r.VolumetricFog.HistoryMissSupersampleCount:4]]
[2019.10.18-12.07.17:538][  0]LogConfig: Setting CVar [[r.LightMaxDrawDistanceScale:1]]
[2019.10.18-12.07.17:538][  0]LogConfig: Setting CVar [[r.CapsuleShadows:1]]
[2019.10.18-12.07.17:538][  0]LogConfig: Applying CVar settings from Section [PostProcessQuality@3] File [C:/Users/Mikke/Documents/Unreal Projects/SanRockArt-repo/SanRockVR/Saved/Config/Windows/Scalability.ini]
[2019.10.18-12.07.17:538][  0]LogConfig: Setting CVar [[r.MotionBlurQuality:4]]
[2019.10.18-12.07.17:538][  0]LogConfig: Setting CVar [[r.AmbientOcclusionMipLevelFactor:0.4]]
[2019.10.18-12.07.17:538][  0]LogConfig: Setting CVar [[r.AmbientOcclusionMaxQuality:100]]
[2019.10.18-12.07.17:538][  0]LogConfig: Setting CVar [[r.AmbientOcclusionLevels:-1]]
[2019.10.18-12.07.17:538][  0]LogConfig: Setting CVar [[r.AmbientOcclusionRadiusScale:1.0]]
[2019.10.18-12.07.17:538][  0]LogConfig: Setting CVar [[r.DepthOfFieldQuality:2]]
[2019.10.18-12.07.17:538][  0]LogConfig: Setting CVar [[r.RenderTargetPoolMin:400]]
[2019.10.18-12.07.17:538][  0]LogConfig: Setting CVar [[r.LensFlareQuality:2]]
[2019.10.18-12.07.17:538][  0]LogConfig: Setting CVar [[r.SceneColorFringeQuality:1]]
[2019.10.18-12.07.17:538][  0]LogConfig: Setting CVar [[r.EyeAdaptationQuality:2]]
[2019.10.18-12.07.17:538][  0]LogConfig: Setting CVar [[r.BloomQuality:5]]
[2019.10.18-12.07.17:538][  0]LogConfig: Setting CVar [[r.FastBlurThreshold:100]]
[2019.10.18-12.07.17:538][  0]LogConfig: Setting CVar [[r.Upscale.Quality:3]]
[2019.10.18-12.07.17:538][  0]LogConfig: Setting CVar [[r.Tonemapper.GrainQuantization:1]]
[2019.10.18-12.07.17:539][  0]LogConfig: Setting CVar [[r.LightShaftQuality:1]]
[2019.10.18-12.07.17:539][  0]LogConfig: Setting CVar [[r.Filter.SizeScale:1]]
[2019.10.18-12.07.17:539][  0]LogConfig: Setting CVar [[r.Tonemapper.Quality:5]]
[2019.10.18-12.07.17:539][  0]LogConfig: Setting CVar [[r.DOF.Gather.AccumulatorQuality:1        ; higher gathering accumulator quality]]
[2019.10.18-12.07.17:539][  0]LogConfig: Setting CVar [[r.DOF.Gather.PostfilterMethod:1          ; Median3x3 postfilering method]]
[2019.10.18-12.07.17:539][  0]LogConfig: Setting CVar [[r.DOF.Gather.EnableBokehSettings:0       ; no bokeh simulation when gathering]]
[2019.10.18-12.07.17:539][  0]LogConfig: Setting CVar [[r.DOF.Gather.RingCount:4                 ; medium number of samples when gathering]]
[2019.10.18-12.07.17:539][  0]LogConfig: Setting CVar [[r.DOF.Scatter.ForegroundCompositing:1    ; additive foreground scattering]]
[2019.10.18-12.07.17:539][  0]LogConfig: Setting CVar [[r.DOF.Scatter.BackgroundCompositing:2    ; additive background scattering]]
[2019.10.18-12.07.17:539][  0]LogConfig: Setting CVar [[r.DOF.Scatter.EnableBokehSettings:1      ; bokeh simulation when scattering]]
[2019.10.18-12.07.17:539][  0]LogConfig: Setting CVar [[r.DOF.Scatter.MaxSpriteRatio:0.1         ; only a maximum of 10% of scattered bokeh]]
[2019.10.18-12.07.17:539][  0]LogConfig: Setting CVar [[r.DOF.Recombine.Quality:1                ; cheap slight out of focus]]
[2019.10.18-12.07.17:539][  0]LogConfig: Setting CVar [[r.DOF.Recombine.EnableBokehSettings:0    ; no bokeh simulation on slight out of focus]]
[2019.10.18-12.07.17:539][  0]LogConfig: Setting CVar [[r.DOF.TemporalAAQuality:1                ; more stable temporal accumulation]]
[2019.10.18-12.07.17:539][  0]LogConfig: Setting CVar [[r.DOF.Kernel.MaxForegroundRadius:0.025]]
[2019.10.18-12.07.17:539][  0]LogConfig: Setting CVar [[r.DOF.Kernel.MaxBackgroundRadius:0.025]]
[2019.10.18-12.07.17:539][  0]LogConfig: Applying CVar settings from Section [TextureQuality@3] File [C:/Users/Mikke/Documents/Unreal Projects/SanRockArt-repo/SanRockVR/Saved/Config/Windows/Scalability.ini]
[2019.10.18-12.07.17:539][  0]LogConfig: Setting CVar [[r.Streaming.MipBias:0]]
[2019.10.18-12.07.17:539][  0]LogConfig: Setting CVar [[r.Streaming.AmortizeCPUToGPUCopy:0]]
[2019.10.18-12.07.17:539][  0]LogConfig: Setting CVar [[r.Streaming.MaxNumTexturesToStreamPerFrame:0]]
[2019.10.18-12.07.17:539][  0]LogConfig: Setting CVar [[r.Streaming.Boost:1]]
[2019.10.18-12.07.17:539][  0]LogConfig: Setting CVar [[r.MaxAnisotropy:8]]
[2019.10.18-12.07.17:539][  0]LogConfig: Setting CVar [[r.Streaming.LimitPoolSizeToVRAM:0]]
[2019.10.18-12.07.17:539][  0]LogConfig: Setting CVar [[r.Streaming.PoolSize:1000]]
[2019.10.18-12.07.17:539][  0]LogConfig: Setting CVar [[r.Streaming.MaxEffectiveScreenSize:0]]
[2019.10.18-12.07.17:539][  0]LogConfig: Applying CVar settings from Section [EffectsQuality@3] File [C:/Users/Mikke/Documents/Unreal Projects/SanRockArt-repo/SanRockVR/Saved/Config/Windows/Scalability.ini]
[2019.10.18-12.07.17:539][  0]LogConfig: Setting CVar [[r.TranslucencyLightingVolumeDim:64]]
[2019.10.18-12.07.17:539][  0]LogConfig: Setting CVar [[r.RefractionQuality:2]]
[2019.10.18-12.07.17:539][  0]LogConfig: Setting CVar [[r.SSR.Quality:3]]
[2019.10.18-12.07.17:539][  0]LogConfig: Setting CVar [[r.SceneColorFormat:4]]
[2019.10.18-12.07.17:539][  0]LogConfig: Setting CVar [[r.DetailMode:2]]
[2019.10.18-12.07.17:539][  0]LogConfig: Setting CVar [[r.TranslucencyVolumeBlur:1]]
[2019.10.18-12.07.17:539][  0]LogConfig: Setting CVar [[r.MaterialQualityLevel:1 ; High quality]]
[2019.10.18-12.07.17:539][  0]LogConfig: Setting CVar [[r.SSS.Scale:1]]
[2019.10.18-12.07.17:539][  0]LogConfig: Setting CVar [[r.SSS.SampleSet:2]]
[2019.10.18-12.07.17:539][  0]LogConfig: Setting CVar [[r.SSS.Quality:1]]
[2019.10.18-12.07.17:539][  0]LogConfig: Setting CVar [[r.SSS.HalfRes:1]]
[2019.10.18-12.07.17:539][  0]LogConfig: Setting CVar [[r.EmitterSpawnRateScale:1.0]]
[2019.10.18-12.07.17:539][  0]LogConfig: Setting CVar [[r.ParticleLightQuality:2]]
[2019.10.18-12.07.17:539][  0]LogConfig: Applying CVar settings from Section [FoliageQuality@3] File [C:/Users/Mikke/Documents/Unreal Projects/SanRockArt-repo/SanRockVR/Saved/Config/Windows/Scalability.ini]
[2019.10.18-12.07.17:539][  0]LogConfig: Setting CVar [[foliage.DensityScale:1.0]]
[2019.10.18-12.07.17:539][  0]LogConfig: Setting CVar [[grass.DensityScale:1.0]]
[2019.10.18-12.07.17:539][  0]LogInit: Selected Device Profile: [Windows]
[2019.10.18-12.07.17:539][  0]LogInit: Applying CVar settings loaded from the selected device profile: [Windows]
[2019.10.18-12.07.17:543][  0]LogHAL: Display: Platform has ~ 8 GB [8469581824 / 8589934592 / 8], which maps to Default [LargestMinGB=32, LargerMinGB=12, DefaultMinGB=8, SmallerMinGB=6, SmallestMinGB=0)
[2019.10.18-12.07.17:543][  0]LogInit: Going up to parent DeviceProfile []
[2019.10.18-12.07.17:543][  0]LogConfig: Applying CVar settings from Section [ViewDistanceQuality@3] File [C:/Users/Mikke/Documents/Unreal Projects/SanRockArt-repo/SanRockVR/Saved/Config/Windows/Scalability.ini]
[2019.10.18-12.07.17:543][  0]LogConfig: Setting CVar [[r.SkeletalMeshLODBias:0]]
[2019.10.18-12.07.17:543][  0]LogConfig: Setting CVar [[r.ViewDistanceScale:1.0]]
[2019.10.18-12.07.17:543][  0]LogConfig: Applying CVar settings from Section [AntiAliasingQuality@3] File [C:/Users/Mikke/Documents/Unreal Projects/SanRockArt-repo/SanRockVR/Saved/Config/Windows/Scalability.ini]
[2019.10.18-12.07.17:543][  0]LogConfig: Setting CVar [[r.PostProcessAAQuality:4]]
[2019.10.18-12.07.17:543][  0]LogConfig: Applying CVar settings from Section [ShadowQuality@3] File [C:/Users/Mikke/Documents/Unreal Projects/SanRockArt-repo/SanRockVR/Saved/Config/Windows/Scalability.ini]
[2019.10.18-12.07.17:543][  0]LogConfig: Setting CVar [[r.LightFunctionQuality:1]]
[2019.10.18-12.07.17:543][  0]LogConfig: Setting CVar [[r.ShadowQuality:5]]
[2019.10.18-12.07.17:543][  0]LogConfig: Setting CVar [[r.Shadow.CSM.MaxCascades:10]]
[2019.10.18-12.07.17:543][  0]LogConfig: Setting CVar [[r.Shadow.MaxResolution:2048]]
[2019.10.18-12.07.17:543][  0]LogConfig: Setting CVar [[r.Shadow.MaxCSMResolution:2048]]
[2019.10.18-12.07.17:543][  0]LogConfig: Setting CVar [[r.Shadow.RadiusThreshold:0.01]]
[2019.10.18-12.07.17:543][  0]LogConfig: Setting CVar [[r.Shadow.DistanceScale:1.0]]
[2019.10.18-12.07.17:543][  0]LogConfig: Setting CVar [[r.Shadow.CSM.TransitionScale:1.0]]
[2019.10.18-12.07.17:543][  0]LogConfig: Setting CVar [[r.Shadow.PreShadowResolutionFactor:1.0]]
[2019.10.18-12.07.17:543][  0]LogConfig: Setting CVar [[r.DistanceFieldShadowing:1]]
[2019.10.18-12.07.17:543][  0]LogConfig: Setting CVar [[r.DistanceFieldAO:1]]
[2019.10.18-12.07.17:543][  0]LogConfig: Setting CVar [[r.AOQuality:2]]
[2019.10.18-12.07.17:543][  0]LogConfig: Setting CVar [[r.VolumetricFog:1]]
[2019.10.18-12.07.17:543][  0]LogConfig: Setting CVar [[r.VolumetricFog.GridPixelSize:8]]
[2019.10.18-12.07.17:543][  0]LogConfig: Setting CVar [[r.VolumetricFog.GridSizeZ:128]]
[2019.10.18-12.07.17:543][  0]LogConfig: Setting CVar [[r.VolumetricFog.HistoryMissSupersampleCount:4]]
[2019.10.18-12.07.17:543][  0]LogConfig: Setting CVar [[r.LightMaxDrawDistanceScale:1]]
[2019.10.18-12.07.17:543][  0]LogConfig: Setting CVar [[r.CapsuleShadows:1]]
[2019.10.18-12.07.17:543][  0]LogConfig: Applying CVar settings from Section [PostProcessQuality@3] File [C:/Users/Mikke/Documents/Unreal Projects/SanRockArt-repo/SanRockVR/Saved/Config/Windows/Scalability.ini]
[2019.10.18-12.07.17:543][  0]LogConfig: Setting CVar [[r.MotionBlurQuality:4]]
[2019.10.18-12.07.17:543][  0]LogConfig: Setting CVar [[r.AmbientOcclusionMipLevelFactor:0.4]]
[2019.10.18-12.07.17:543][  0]LogConfig: Setting CVar [[r.AmbientOcclusionMaxQuality:100]]
[2019.10.18-12.07.17:543][  0]LogConfig: Setting CVar [[r.AmbientOcclusionLevels:-1]]
[2019.10.18-12.07.17:543][  0]LogConfig: Setting CVar [[r.AmbientOcclusionRadiusScale:1.0]]
[2019.10.18-12.07.17:543][  0]LogConfig: Setting CVar [[r.DepthOfFieldQuality:2]]
[2019.10.18-12.07.17:543][  0]LogConfig: Setting CVar [[r.RenderTargetPoolMin:400]]
[2019.10.18-12.07.17:544][  0]LogConfig: Setting CVar [[r.LensFlareQuality:2]]
[2019.10.18-12.07.17:544][  0]LogConfig: Setting CVar [[r.SceneColorFringeQuality:1]]
[2019.10.18-12.07.17:544][  0]LogConfig: Setting CVar [[r.EyeAdaptationQuality:2]]
[2019.10.18-12.07.17:544][  0]LogConfig: Setting CVar [[r.BloomQuality:5]]
[2019.10.18-12.07.17:544][  0]LogConfig: Setting CVar [[r.FastBlurThreshold:100]]
[2019.10.18-12.07.17:544][  0]LogConfig: Setting CVar [[r.Upscale.Quality:3]]
[2019.10.18-12.07.17:544][  0]LogConfig: Setting CVar [[r.Tonemapper.GrainQuantization:1]]
[2019.10.18-12.07.17:544][  0]LogConfig: Setting CVar [[r.LightShaftQuality:1]]
[2019.10.18-12.07.17:544][  0]LogConfig: Setting CVar [[r.Filter.SizeScale:1]]
[2019.10.18-12.07.17:544][  0]LogConfig: Setting CVar [[r.Tonemapper.Quality:5]]
[2019.10.18-12.07.17:544][  0]LogConfig: Setting CVar [[r.DOF.Gather.AccumulatorQuality:1        ; higher gathering accumulator quality]]
[2019.10.18-12.07.17:544][  0]LogConfig: Setting CVar [[r.DOF.Gather.PostfilterMethod:1          ; Median3x3 postfilering method]]
[2019.10.18-12.07.17:544][  0]LogConfig: Setting CVar [[r.DOF.Gather.EnableBokehSettings:0       ; no bokeh simulation when gathering]]
[2019.10.18-12.07.17:544][  0]LogConfig: Setting CVar [[r.DOF.Gather.RingCount:4                 ; medium number of samples when gathering]]
[2019.10.18-12.07.17:544][  0]LogConfig: Setting CVar [[r.DOF.Scatter.ForegroundCompositing:1    ; additive foreground scattering]]
[2019.10.18-12.07.17:544][  0]LogConfig: Setting CVar [[r.DOF.Scatter.BackgroundCompositing:2    ; additive background scattering]]
[2019.10.18-12.07.17:544][  0]LogConfig: Setting CVar [[r.DOF.Scatter.EnableBokehSettings:1      ; bokeh simulation when scattering]]
[2019.10.18-12.07.17:544][  0]LogConfig: Setting CVar [[r.DOF.Scatter.MaxSpriteRatio:0.1         ; only a maximum of 10% of scattered bokeh]]
[2019.10.18-12.07.17:544][  0]LogConfig: Setting CVar [[r.DOF.Recombine.Quality:1                ; cheap slight out of focus]]
[2019.10.18-12.07.17:544][  0]LogConfig: Setting CVar [[r.DOF.Recombine.EnableBokehSettings:0    ; no bokeh simulation on slight out of focus]]
[2019.10.18-12.07.17:544][  0]LogConfig: Setting CVar [[r.DOF.TemporalAAQuality:1                ; more stable temporal accumulation]]
[2019.10.18-12.07.17:544][  0]LogConfig: Setting CVar [[r.DOF.Kernel.MaxForegroundRadius:0.025]]
[2019.10.18-12.07.17:544][  0]LogConfig: Setting CVar [[r.DOF.Kernel.MaxBackgroundRadius:0.025]]
[2019.10.18-12.07.17:544][  0]LogConfig: Applying CVar settings from Section [TextureQuality@3] File [C:/Users/Mikke/Documents/Unreal Projects/SanRockArt-repo/SanRockVR/Saved/Config/Windows/Scalability.ini]
[2019.10.18-12.07.17:544][  0]LogConfig: Setting CVar [[r.Streaming.MipBias:0]]
[2019.10.18-12.07.17:544][  0]LogConfig: Setting CVar [[r.Streaming.AmortizeCPUToGPUCopy:0]]
[2019.10.18-12.07.17:544][  0]LogConfig: Setting CVar [[r.Streaming.MaxNumTexturesToStreamPerFrame:0]]
[2019.10.18-12.07.17:544][  0]LogConfig: Setting CVar [[r.Streaming.Boost:1]]
[2019.10.18-12.07.17:544][  0]LogConfig: Setting CVar [[r.MaxAnisotropy:8]]
[2019.10.18-12.07.17:544][  0]LogConfig: Setting CVar [[r.Streaming.LimitPoolSizeToVRAM:0]]
[2019.10.18-12.07.17:544][  0]LogConfig: Setting CVar [[r.Streaming.PoolSize:1000]]
[2019.10.18-12.07.17:544][  0]LogConfig: Setting CVar [[r.Streaming.MaxEffectiveScreenSize:0]]
[2019.10.18-12.07.17:544][  0]LogConfig: Applying CVar settings from Section [EffectsQuality@3] File [C:/Users/Mikke/Documents/Unreal Projects/SanRockArt-repo/SanRockVR/Saved/Config/Windows/Scalability.ini]
[2019.10.18-12.07.17:544][  0]LogConfig: Setting CVar [[r.TranslucencyLightingVolumeDim:64]]
[2019.10.18-12.07.17:544][  0]LogConfig: Setting CVar [[r.RefractionQuality:2]]
[2019.10.18-12.07.17:544][  0]LogConfig: Setting CVar [[r.SSR.Quality:3]]
[2019.10.18-12.07.17:544][  0]LogConfig: Setting CVar [[r.SceneColorFormat:4]]
[2019.10.18-12.07.17:544][  0]LogConfig: Setting CVar [[r.DetailMode:2]]
[2019.10.18-12.07.17:544][  0]LogConfig: Setting CVar [[r.TranslucencyVolumeBlur:1]]
[2019.10.18-12.07.17:544][  0]LogConfig: Setting CVar [[r.MaterialQualityLevel:1 ; High quality]]
[2019.10.18-12.07.17:544][  0]LogConfig: Setting CVar [[r.SSS.Scale:1]]
[2019.10.18-12.07.17:544][  0]LogConfig: Setting CVar [[r.SSS.SampleSet:2]]
[2019.10.18-12.07.17:544][  0]LogConfig: Setting CVar [[r.SSS.Quality:1]]
[2019.10.18-12.07.17:544][  0]LogConfig: Setting CVar [[r.SSS.HalfRes:1]]
[2019.10.18-12.07.17:544][  0]LogConfig: Setting CVar [[r.EmitterSpawnRateScale:1.0]]
[2019.10.18-12.07.17:544][  0]LogConfig: Setting CVar [[r.ParticleLightQuality:2]]
[2019.10.18-12.07.17:544][  0]LogConfig: Applying CVar settings from Section [FoliageQuality@3] File [C:/Users/Mikke/Documents/Unreal Projects/SanRockArt-repo/SanRockVR/Saved/Config/Windows/Scalability.ini]
[2019.10.18-12.07.17:544][  0]LogConfig: Setting CVar [[foliage.DensityScale:1.0]]
[2019.10.18-12.07.17:544][  0]LogConfig: Setting CVar [[grass.DensityScale:1.0]]
[2019.10.18-12.07.17:544][  0]LogConfig: Applying CVar settings from Section [Startup] File [../../../Engine/Config/ConsoleVariables.ini]
[2019.10.18-12.07.17:545][  0]LogConfig: Setting CVar [[net.UseAdaptiveNetUpdateFrequency:0]]
[2019.10.18-12.07.17:545][  0]LogConfig: Setting CVar [[p.chaos.AllowCreatePhysxBodies:1]]
[2019.10.18-12.07.17:545][  0]LogConfig: Applying CVar settings from Section [ConsoleVariables] File [C:/Users/Mikke/Documents/Unreal Projects/SanRockArt-repo/SanRockVR/Saved/Config/Windows/Engine.ini]
[2019.10.18-12.07.17:545][  0]LogInit: Computer: LAPTOP-JJ1D6O3U
[2019.10.18-12.07.17:545][  0]LogInit: User: Mikke
[2019.10.18-12.07.17:545][  0]LogInit: CPU Page size=4096, Cores=4
[2019.10.18-12.07.17:545][  0]LogInit: High frequency timer resolution =10.000000 MHz
[2019.10.18-12.07.17:545][  0]LogMemory: Memory total: Physical=7.9GB (8GB approx)
[2019.10.18-12.07.17:545][  0]LogMemory: Platform Memory Stats for Windows
[2019.10.18-12.07.17:545][  0]LogMemory: Process Physical Memory: 100.20 MB used, 100.20 MB peak
[2019.10.18-12.07.17:545][  0]LogMemory: Process Virtual Memory: 87.66 MB used, 87.66 MB peak
[2019.10.18-12.07.17:545][  0]LogMemory: Physical Memory: 5449.07 MB used,  2628.15 MB free, 8077.22 MB total
[2019.10.18-12.07.17:546][  0]LogMemory: Virtual Memory: 4643.43 MB used,  134213088.00 MB free, 134217728.00 MB total
[2019.10.18-12.07.17:550][  0]LogWindows: WindowsPlatformFeatures enabled
[2019.10.18-12.07.17:583][  0]LogInit: Using OS detected language (en-GB).
[2019.10.18-12.07.17:583][  0]LogInit: Using OS detected locale (en-DK).
[2019.10.18-12.07.17:584][  0]LogTextLocalizationManager: No specific localization for 'en-GB' exists, so the 'en' localization will be used.
[2019.10.18-12.07.17:794][  0]LogInit: Setting process to per monitor DPI aware
[2019.10.18-12.07.17:838][  0]LogSlate: New Slate User Created.  User Index 0, Is Virtual User: 0
[2019.10.18-12.07.17:838][  0]LogSlate: Slate User Registered.  User Index 0, Is Virtual User: 0
[2019.10.18-12.07.18:129][  0]LogHMD: Failed to initialize OpenVR with code 108
[2019.10.18-12.07.18:129][  0]LogD3D11RHI: D3D11 adapters:
[2019.10.18-12.07.18:217][  0]LogD3D11RHI:    0. 'NVIDIA GeForce GTX 1050' (Feature Level 11_0)
[2019.10.18-12.07.18:217][  0]LogD3D11RHI:       1977/0/4038 MB DedicatedVideo/DedicatedSystem/SharedSystem, Outputs:1, VendorId:0x10de
[2019.10.18-12.07.18:233][  0]LogD3D11RHI:    1. 'Intel(R) HD Graphics 630' (Feature Level 11_0)
[2019.10.18-12.07.18:233][  0]LogD3D11RHI:       128/0/4038 MB DedicatedVideo/DedicatedSystem/SharedSystem, Outputs:0, VendorId:0x8086
[2019.10.18-12.07.18:236][  0]LogD3D11RHI:    2. 'Microsoft Basic Render Driver' (Feature Level 11_0)
[2019.10.18-12.07.18:236][  0]LogD3D11RHI:       0/0/4038 MB DedicatedVideo/DedicatedSystem/SharedSystem, Outputs:0, VendorId:0x1414
[2019.10.18-12.07.18:236][  0]LogD3D11RHI: Chosen D3D11 Adapter: 0
[2019.10.18-12.07.18:276][  0]LogD3D11RHI: Creating new Direct3DDevice
[2019.10.18-12.07.18:276][  0]LogD3D11RHI:     GPU DeviceId: 0x1c8d (for the marketing name, search the web for "GPU Device Id")
[2019.10.18-12.07.18:276][  0]LogWindows: EnumDisplayDevices:
[2019.10.18-12.07.18:276][  0]LogWindows:    0. 'Intel(R) HD Graphics 630' (P:1 D:1)
[2019.10.18-12.07.18:276][  0]LogWindows:    1. 'Intel(R) HD Graphics 630' (P:0 D:0)
[2019.10.18-12.07.18:277][  0]LogWindows:    2. 'Intel(R) HD Graphics 630' (P:0 D:0)
[2019.10.18-12.07.18:277][  0]LogWindows:    3. 'NVIDIA GeForce GTX 1050' (P:0 D:0)
[2019.10.18-12.07.18:277][  0]LogWindows: DebugString: PrimaryIsNotTheChoosenAdapter PrimaryIsNotTheChoosenAdapter PrimaryIsNotTheChoosenAdapter 
[2019.10.18-12.07.18:278][  0]LogD3D11RHI:     Adapter Name: NVIDIA GeForce GTX 1050
[2019.10.18-12.07.18:278][  0]LogD3D11RHI:   Driver Version: 422.02 (internal:25.21.14.2202, unified:422.02)
[2019.10.18-12.07.18:278][  0]LogD3D11RHI:      Driver Date: 4-6-2019
[2019.10.18-12.07.18:278][  0]LogRHI: Texture pool is 1384 MB (70% of 1977 MB)
[2019.10.18-12.07.18:327][  0]LogD3D11RHI: Async texture creation enabled
[2019.10.18-12.07.18:346][  0]LogD3D11RHI: GPU Timing Frequency: 1000.000000 (Debug: 2 2)
[2019.10.18-12.07.18:701][  0]LogTemp: Display: Module 'AllDesktopTargetPlatform' loaded TargetPlatform 'AllDesktop'
[2019.10.18-12.07.18:714][  0]LogTemp: Display: Module 'MacClientTargetPlatform' loaded TargetPlatform 'MacClient'
[2019.10.18-12.07.18:726][  0]LogTemp: Display: Module 'MacNoEditorTargetPlatform' loaded TargetPlatform 'MacNoEditor'
[2019.10.18-12.07.18:738][  0]LogTemp: Display: Module 'MacServerTargetPlatform' loaded TargetPlatform 'MacServer'
[2019.10.18-12.07.18:750][  0]LogTemp: Display: Module 'MacTargetPlatform' loaded TargetPlatform 'Mac'
[2019.10.18-12.07.18:762][  0]LogTemp: Display: Module 'WindowsClientTargetPlatform' loaded TargetPlatform 'WindowsClient'
[2019.10.18-12.07.18:774][  0]LogTemp: Display: Module 'WindowsNoEditorTargetPlatform' loaded TargetPlatform 'WindowsNoEditor'
[2019.10.18-12.07.18:785][  0]LogTemp: Display: Module 'WindowsServerTargetPlatform' loaded TargetPlatform 'WindowsServer'
[2019.10.18-12.07.18:790][  0]LogTemp: Display: Module 'WindowsTargetPlatform' loaded TargetPlatform 'Windows'
[2019.10.18-12.07.18:828][  0]LogTemp: Display: Module 'AndroidTargetPlatform' loaded TargetPlatform 'Android'
[2019.10.18-12.07.18:828][  0]LogTemp: Display: Module 'AndroidTargetPlatform' loaded TargetPlatform 'Android_ASTC'
[2019.10.18-12.07.18:828][  0]LogTemp: Display: Module 'AndroidTargetPlatform' loaded TargetPlatform 'Android_ATC'
[2019.10.18-12.07.18:828][  0]LogTemp: Display: Module 'AndroidTargetPlatform' loaded TargetPlatform 'Android_DXT'
[2019.10.18-12.07.18:828][  0]LogTemp: Display: Module 'AndroidTargetPlatform' loaded TargetPlatform 'Android_ETC1'
[2019.10.18-12.07.18:828][  0]LogTemp: Display: Module 'AndroidTargetPlatform' loaded TargetPlatform 'Android_ETC1a'
[2019.10.18-12.07.18:828][  0]LogTemp: Display: Module 'AndroidTargetPlatform' loaded TargetPlatform 'Android_ETC2'
[2019.10.18-12.07.18:828][  0]LogTemp: Display: Module 'AndroidTargetPlatform' loaded TargetPlatform 'Android_PVRTC'
[2019.10.18-12.07.18:828][  0]LogTemp: Display: Module 'AndroidTargetPlatform' loaded TargetPlatform 'AndroidClient'
[2019.10.18-12.07.18:828][  0]LogTemp: Display: Module 'AndroidTargetPlatform' loaded TargetPlatform 'Android_ASTCClient'
[2019.10.18-12.07.18:828][  0]LogTemp: Display: Module 'AndroidTargetPlatform' loaded TargetPlatform 'Android_ATCClient'
[2019.10.18-12.07.18:828][  0]LogTemp: Display: Module 'AndroidTargetPlatform' loaded TargetPlatform 'Android_DXTClient'
[2019.10.18-12.07.18:828][  0]LogTemp: Display: Module 'AndroidTargetPlatform' loaded TargetPlatform 'Android_ETC1Client'
[2019.10.18-12.07.18:828][  0]LogTemp: Display: Module 'AndroidTargetPlatform' loaded TargetPlatform 'Android_ETC1aClient'
[2019.10.18-12.07.18:828][  0]LogTemp: Display: Module 'AndroidTargetPlatform' loaded TargetPlatform 'Android_ETC2Client'
[2019.10.18-12.07.18:828][  0]LogTemp: Display: Module 'AndroidTargetPlatform' loaded TargetPlatform 'Android_PVRTCClient'
[2019.10.18-12.07.18:828][  0]LogTemp: Display: Module 'AndroidTargetPlatform' loaded TargetPlatform 'Android_Multi'
[2019.10.18-12.07.18:828][  0]LogTemp: Display: Module 'AndroidTargetPlatform' loaded TargetPlatform 'Android_MultiClient'
[2019.10.18-12.07.18:831][  0]LogTemp: Display: Module 'HTML5TargetPlatform' loaded TargetPlatform 'HTML5'
[2019.10.18-12.07.18:853][  0]LogTemp: Display: Module 'IOSTargetPlatform' loaded TargetPlatform 'IOSClient'
[2019.10.18-12.07.18:854][  0]LogTemp: Display: Module 'IOSTargetPlatform' loaded TargetPlatform 'IOS'
[2019.10.18-12.07.18:870][  0]LogTemp: Display: Module 'TVOSTargetPlatform' loaded TargetPlatform 'TVOSClient'
[2019.10.18-12.07.18:870][  0]LogTemp: Display: Module 'TVOSTargetPlatform' loaded TargetPlatform 'TVOS'
[2019.10.18-12.07.18:879][  0]LogTemp: Display: Module 'LinuxClientTargetPlatform' loaded TargetPlatform 'LinuxClient'
[2019.10.18-12.07.18:888][  0]LogTemp: Display: Module 'LinuxNoEditorTargetPlatform' loaded TargetPlatform 'LinuxNoEditor'
[2019.10.18-12.07.18:897][  0]LogTemp: Display: Module 'LinuxServerTargetPlatform' loaded TargetPlatform 'LinuxServer'
[2019.10.18-12.07.18:907][  0]LogTemp: Display: Module 'LinuxTargetPlatform' loaded TargetPlatform 'Linux'
[2019.10.18-12.07.18:938][  0]LogTemp: Display: Module 'LuminTargetPlatform' loaded TargetPlatform 'Lumin'
[2019.10.18-12.07.18:938][  0]LogTemp: Display: Module 'LuminTargetPlatform' loaded TargetPlatform 'LuminClient'
[2019.10.18-12.07.18:938][  0]LogTargetPlatformManager: Display: Building Assets For Windows
[2019.10.18-12.07.18:950][  0]LogAudioDebug: Display: Lib vorbis DLL was dynamically loaded.
[2019.10.18-12.07.19:026][  0]LogShaderCompilers: Guid format shader working directory is -36 characters bigger than the processId version (../../../../../../Users/Mikke/Documents/Unreal Projects/SanRockArt-repo/SanRockVR/Intermediate/Shaders/WorkingDirectory/14292/).
[2019.10.18-12.07.19:027][  0]LogShaderCompilers: Cleaned the shader compiler working directory 'C:/Users/Mikke/AppData/Local/Temp/UnrealShaderWorkingDir/BF8BABF34F39EAB938182390FEED393E/'.
[2019.10.18-12.07.19:030][  0]LogXGEController: Cleaning working directory: C:/Users/Mikke/AppData/Local/Temp/UnrealXGEWorkingDir/
[2019.10.18-12.07.19:030][  0]LogXGEController: Cannot use XGE Controller as Incredibuild is not installed on this machine.
[2019.10.18-12.07.19:030][  0]LogShaderCompilers: Cannot use XGE Shader Compiler as Incredibuild is not installed on this machine.
[2019.10.18-12.07.19:030][  0]LogShaderCompilers: Display: Using Local Shader Compiler.
[2019.10.18-12.07.19:770][  0]LogDerivedDataCache: Display: Max Cache Size: 512 MB
[2019.10.18-12.07.19:830][  0]LogDerivedDataCache: Loaded boot cache 0.06s 73MB C:/Users/Mikke/AppData/Local/UnrealEngine/4.23/DerivedDataCache/Boot.ddc.
[2019.10.18-12.07.19:830][  0]LogDerivedDataCache: Display: Loaded Boot cache: C:/Users/Mikke/AppData/Local/UnrealEngine/4.23/DerivedDataCache/Boot.ddc
[2019.10.18-12.07.19:830][  0]LogDerivedDataCache: FDerivedDataBackendGraph:  Pak pak cache file ../../../../../../Users/Mikke/Documents/Unreal Projects/SanRockArt-repo/SanRockVR/DerivedDataCache/DDC.ddp not found, will not use a pak cache.
[2019.10.18-12.07.19:830][  0]LogDerivedDataCache: Unable to find inner node Pak for hierarchical cache Hierarchy.
[2019.10.18-12.07.19:830][  0]LogDerivedDataCache: FDerivedDataBackendGraph:  CompressedPak pak cache file ../../../../../../Users/Mikke/Documents/Unreal Projects/SanRockArt-repo/SanRockVR/DerivedDataCache/Compressed.ddp not found, will not use a pak cache.
[2019.10.18-12.07.19:830][  0]LogDerivedDataCache: Unable to find inner node CompressedPak for hierarchical cache Hierarchy.
[2019.10.18-12.07.19:843][  0]LogDerivedDataCache: Display: Pak cache opened for reading ../../../Engine/DerivedDataCache/Compressed.ddp.
[2019.10.18-12.07.19:843][  0]LogDerivedDataCache: FDerivedDataBackendGraph:  EnterprisePak pak cache file ../../../Enterprise/DerivedDataCache/Compressed.ddp not found, will not use a pak cache.
[2019.10.18-12.07.19:843][  0]LogDerivedDataCache: Unable to find inner node EnterprisePak for hierarchical cache Hierarchy.
[2019.10.18-12.07.19:845][  0]LogDerivedDataCache: Using Local data cache path C:/Users/Mikke/AppData/Local/UnrealEngine/Common/DerivedDataCache: Writable
[2019.10.18-12.07.19:845][  0]LogDerivedDataCache: Shared data cache path not found in *engine.ini, will not use an Shared cache.
[2019.10.18-12.07.19:845][  0]LogDerivedDataCache: Unable to find inner node Shared for hierarchical cache Hierarchy.
[2019.10.18-12.07.19:872][  0]LogMaterial: Verifying Global Shaders for PCD3D_SM5
[2019.10.18-12.07.19:875][  0]LogSlate: Using FreeType 2.6.0
[2019.10.18-12.07.19:876][  0]LogSlate: SlateFontServices - WITH_FREETYPE: 1, WITH_HARFBUZZ: 1
[2019.10.18-12.07.19:942][  0]LogAssetRegistry: FAssetRegistry took 0.0031 seconds to start up
[2019.10.18-12.07.20:239][  0]LogInit: Selected Device Profile: [Windows]
[2019.10.18-12.07.20:409][  0]LogMeshReduction: Using QuadricMeshReduction for automatic static mesh reduction
[2019.10.18-12.07.20:409][  0]LogMeshReduction: Using SimplygonMeshReduction for automatic skeletal mesh reduction
[2019.10.18-12.07.20:409][  0]LogMeshReduction: Using ProxyLODMeshReduction for automatic mesh merging
[2019.10.18-12.07.20:409][  0]LogMeshReduction: No distributed automatic mesh merging module available
[2019.10.18-12.07.20:409][  0]LogMeshMerging: No distributed automatic mesh merging module available
[2019.10.18-12.07.20:422][  0]LogNetVersion: SanRockArtVRMED7 1.0.0, NetCL: 8386587, EngineNetVer: 11, GameNetVer: 0 (Checksum: 2483326429)
[2019.10.18-12.07.20:949][  0]LogPackageLocalizationCache: Processed 12 localized package path(s) for 1 prioritized culture(s) in 0.066261 seconds
[2019.10.18-12.07.20:959][  0]LogUObjectArray: 43444 objects as part of root set at end of initial load.
[2019.10.18-12.07.20:959][  0]LogUObjectAllocator: 7548648 out of 0 bytes used by permanent object pool.
[2019.10.18-12.07.20:959][  0]LogUObjectArray: CloseDisregardForGC: 0/0 objects in disregard for GC pool
[2019.10.18-12.07.21:935][  0]LogTcpMessaging: Initializing TcpMessaging bridge
[2019.10.18-12.07.21:939][  0]LogUdpMessaging: Initializing bridge on interface 0.0.0.0:0 to multicast group 230.0.0.1:6666.
[2019.10.18-12.07.22:001][  0]SourceControl: Source control is disabled
[2019.10.18-12.07.22:001][  0]SourceControl: Source control is disabled
[2019.10.18-12.07.22:003][  0]SourceControl: Source control is disabled
[2019.10.18-12.07.22:004][  0]SourceControl: Source control is disabled
[2019.10.18-12.07.22:110][  0]LogAndroidPermission: UAndroidPermissionCallbackProxy::GetInstance
[2019.10.18-12.07.22:237][  0]LogOcInput: OculusInput pre-init called
[2019.10.18-12.07.22:247][  0]LogWindows: Failed to load 'OVRPlugin.dll' (GetLastError=126)
[2019.10.18-12.07.22:247][  0]LogWindows: File 'OVRPlugin.dll' does not exist
[2019.10.18-12.07.22:332][  0]LogEngine: Initializing Engine...
[2019.10.18-12.07.22:390][  0]LogHMD: Failed to initialize OpenVR with code 108
[2019.10.18-12.07.22:391][  0]LogStats: UGameplayTagsManager::InitializeManager -  0.000 s
[2019.10.18-12.07.22:673][  0]LogInit: Initializing FReadOnlyCVARCache
[2019.10.18-12.07.22:692][  0]LogAIModule: Creating AISystem for world Untitled
[2019.10.18-12.07.22:737][  0]LogInit: XAudio2 using 'Speaker/Headphone (Realtek High Definition Audio)' : 2 channels at 48 kHz using 32 bits per sample (channel mask 0x3)
[2019.10.18-12.07.24:047][  0]LogInit: FAudioDevice initialized.
[2019.10.18-12.07.24:047][  0]LogNetVersion: Set ProjectVersion to 1.0.0.0. Version Checksum will be recalculated on next use.
[2019.10.18-12.07.24:101][  0]LogDerivedDataCache: Saved boot cache 0.05s 73MB C:/Users/Mikke/AppData/Local/UnrealEngine/4.23/DerivedDataCache/Boot.ddc.
[2019.10.18-12.07.24:114][  0]LogInit: Texture streaming: Enabled
[2019.10.18-12.07.24:138][  0]LogEngineSessionManager: EngineSessionManager initialized
[2019.10.18-12.07.24:138][  0]LogEngineSessionManager: EngineSessionManager sent abnormal shutdown report. Type=Crashed, SessionId={29A24147-4DE1-2441-166D-789D2EA7AEE7}
[2019.10.18-12.07.24:221][  0]LogInit: Transaction tracking system initialized
[2019.10.18-12.07.24:268][  0]BlueprintLog: New page: Editor Load
[2019.10.18-12.07.24:375][  0]LocalizationService: Localization service is disabled
[2019.10.18-12.07.24:664][  0]LogFileCache: Scanning file cache for directory 'C:/Users/Mikke/Documents/Unreal Projects/SanRockArt-repo/SanRockVR/Content/' took 0.00s
[2019.10.18-12.07.24:664][  0]LogCook: Display: Max memory allowance for cook 16384mb min free memory 0mb
[2019.10.18-12.07.24:664][  0]LogCook: Display: Mobile HDR setting 1
[2019.10.18-12.07.24:893][  0]SourceControl: Source control is disabled
[2019.10.18-12.07.24:893][  0]Cmd: MAP LOAD FILE="../../../../../../Users/Mikke/Documents/Unreal Projects/SanRockArt-repo/SanRockVR/Content/VirtualRealityBP/Maps/TestWorld.umap" TEMPLATE=0 SHOWPROGRESS=1 FEATURELEVEL=3
[2019.10.18-12.07.24:894][  0]LightingResults: New page: Lighting Build
[2019.10.18-12.07.24:897][  0]LogWorld: UWorld::CleanupWorld for Untitled, bSessionEnded=true, bCleanupResources=true
[2019.10.18-12.07.24:897][  0]MapCheck: New page: Map Check
[2019.10.18-12.07.24:897][  0]LightingResults: New page: Lighting Build
[2019.10.18-12.07.24:926][  0]LogUObjectHash: Compacting FUObjectHashTables data took   1.57ms
[2019.10.18-12.07.25:624][  0]LogAIModule: Creating AISystem for world TestWorld
[2019.10.18-12.07.25:638][  0]LogEditorServer: Finished looking for orphan Actors (0.000 secs)
[2019.10.18-12.07.25:675][  0]LogUObjectHash: Compacting FUObjectHashTables data took   2.83ms
[2019.10.18-12.07.25:675][  0]Cmd: MAP CHECKDEP NOCLEARLOG
[2019.10.18-12.07.25:675][  0]MapCheck: Map check complete: 0 Error(s), 0 Warning(s), took 0.177ms to complete.
[2019.10.18-12.07.25:675][  0]LogFileHelpers: Loading map 'TestWorld' took 0.782
[2019.10.18-12.07.27:443][  0]LogSlate: Only BGRA pngs, bmps or icos are supported in by External Image Picker
[2019.10.18-12.07.27:504][  0]LogSlate: Updating window title bar state: overlay mode, drag disabled, window buttons hidden, title bar hidden
[2019.10.18-12.07.27:512][  0]LogSlate: Updating window title bar state: overlay mode, drag disabled, window buttons hidden, title bar hidden
[2019.10.18-12.07.27:520][  0]LogSlate: Updating window title bar state: overlay mode, drag disabled, window buttons hidden, title bar hidden
[2019.10.18-12.07.27:529][  0]LogSlate: Updating window title bar state: overlay mode, drag disabled, window buttons hidden, title bar hidden
[2019.10.18-12.07.27:537][  0]LogCollectionManager: Loaded 0 collections in 0.002256 seconds
[2019.10.18-12.07.27:545][  0]LogFileCache: Scanning file cache for directory 'C:/Users/Mikke/Documents/Unreal Projects/SanRockArt-repo/SanRockVR/Saved/Collections/' took 0.00s
[2019.10.18-12.07.27:545][  0]LogFileCache: Scanning file cache for directory 'C:/Users/Mikke/Documents/Unreal Projects/SanRockArt-repo/SanRockVR/Content/Developers/Mikke/Collections/' took 0.00s
[2019.10.18-12.07.27:545][  0]LogFileCache: Scanning file cache for directory 'C:/Users/Mikke/Documents/Unreal Projects/SanRockArt-repo/SanRockVR/Content/Collections/' took 0.00s
[2019.10.18-12.07.27:545][  0]LogCollectionManager: Rebuilt the GUID cache for 0 collections in 0.000002 seconds
[2019.10.18-12.07.27:556][  0]LogContentBrowser: Native class hierarchy populated in 0.0109 seconds. Added 2864 classes and 683 folders.
[2019.10.18-12.07.27:565][  0]LogContentBrowser: Native class hierarchy updated for 'WidgetCarousel' in 0.0004 seconds. Added 0 classes and 0 folders.
[2019.10.18-12.07.27:616][  0]LogContentBrowser: Native class hierarchy updated for 'AddContentDialog' in 0.0005 seconds. Added 0 classes and 0 folders.
[2019.10.18-12.07.27:623][  0]LogContentBrowser: Native class hierarchy updated for 'SceneOutliner' in 0.0004 seconds. Added 1 classes and 2 folders.
[2019.10.18-12.07.27:713][  0]LogSlate: Took 0.000467 seconds to synchronously load lazily loaded font '../../../Engine/Content/Slate/Fonts/Roboto-Regular.ttf' (155K)
[2019.10.18-12.07.27:716][  0]LogSlate: Took 0.000290 seconds to synchronously load lazily loaded font '../../../Engine/Content/Slate/Fonts/Roboto-Bold.ttf' (160K)
[2019.10.18-12.07.27:726][  0]LogSlate: Took 0.000517 seconds to synchronously load lazily loaded font '../../../Engine/Content/Editor/Slate/Fonts/FontAwesome.ttf' (139K)
[2019.10.18-12.07.27:823][  0]LogRenderer: Reallocating scene render targets to support 876x400 Format 10 NumSamples 1 (Frame:1).
[2019.10.18-12.07.27:882][  0]LogSlate: Took 0.000283 seconds to synchronously load lazily loaded font '../../../Engine/Content/Slate/Fonts/Roboto-Light.ttf' (167K)
[2019.10.18-12.07.27:993][  0]LogContentBrowser: Native class hierarchy updated for 'HierarchicalLODOutliner' in 0.0005 seconds. Added 0 classes and 0 folders.
[2019.10.18-12.07.27:993][  0]LogLoad: (Engine Initialization) Total time: 11.89 seconds
[2019.10.18-12.07.27:993][  0]LogLoad: (Engine Initialization) Total Blueprint compile time: 0.00 seconds
[2019.10.18-12.07.28:144][  0]LogAssetRegistry: Asset discovery search completed in 8.2034 seconds
[2019.10.18-12.07.28:148][  0]LogCollectionManager: Rebuilt the object cache for 0 collections in 0.000004 seconds (found 0 objects)
[2019.10.18-12.07.28:148][  0]LogCollectionManager: Fixed up redirectors for 0 collections in 0.000080 seconds (updated 0 objects)
[2019.10.18-12.07.28:150][  0]LogContentStreaming: Texture pool size now 1000 MB
[2019.10.18-12.07.28:182][  1]LogFileCache: Retrieving MD5 hashes for directory 'C:/Users/Mikke/Documents/Unreal Projects/SanRockArt-repo/SanRockVR/Content/' took 0.17s
[2019.10.18-12.07.29:223][ 54]LogSlate: FSceneViewport::OnFocusLost() reason 0
[2019.10.18-12.07.30:014][101]LogSlate: Took 0.000367 seconds to synchronously load lazily loaded font '../../../Engine/Content/Slate/Fonts/Roboto-Light.ttf' (167K)
[2019.10.18-12.07.30:027][101]LogAssetEditorManager: Opening Asset editor for Class /Script/SanRockArtVRMED7.ImageSaveLoad
[2019.10.18-12.07.30:112][101]LogVSAccessor: Warning: Couldn't goto line number '1' in 'C:/Users/Mikke/Documents/Unreal Projects/SanRockArt-repo/SanRockVR/Source/SanRockArtVRMED7/Public/ImageSaveLoad.h'
[2019.10.18-12.07.30:114][101]LogVSAccessor: Warning: Couldn't open file 'C:/Users/Mikke/Documents/Unreal Projects/SanRockArt-repo/SanRockVR/Source/SanRockArtVRMED7/Private/ImageSaveLoad.cpp'.
[2019.10.18-12.07.58:941][478]Candidate modules for hot reload:
[2019.10.18-12.07.58:941][478]  SanRockArtVRMED7
[2019.10.18-12.07.58:941][478]Launching UnrealBuildTool... [C:/Program Files/Epic Games/UE_4.23/Engine/Binaries/DotNET/UnrealBuildTool.exe  -ModuleWithSuffix=SanRockArtVRMED7,8669 Win64 Development -TargetType=Editor -Project="C:/Users/Mikke/Documents/Unreal Projects/SanRockArt-repo/SanRockVR/SanRockArtVRMED7.uproject" "C:/Users/Mikke/Documents/Unreal Projects/SanRockArt-repo/SanRockVR/SanRockArtVRMED7.uproject"  -IgnoreJunk]
[2019.10.18-12.07.58:943][478]Warning: Starting HotReload took  0.0s.
[2019.10.18-12.08.06:125][744]LogAssetEditorManager: Opening Asset editor for Blueprint /Game/Thumbnail/BP_ThumbnailPainting.BP_ThumbnailPainting
[2019.10.18-12.08.06:605][744]LogContentBrowser: Native class hierarchy updated for 'BlueprintGraph' in 0.0009 seconds. Added 121 classes and 0 folders.
[2019.10.18-12.08.07:813][744]LogSlate: Took 0.006075 seconds to synchronously load lazily loaded font '../../../Engine/Content/Slate/Fonts/Roboto-BoldCondensed.ttf' (158K)
[2019.10.18-12.08.07:999][745]LogSlate: Took 0.000278 seconds to synchronously load lazily loaded font '../../../Engine/Content/Slate/Fonts/Roboto-Italic.ttf' (157K)
[2019.10.18-12.08.10:023][839]LogSlate: Window 'BP_ThumbnailPainting' being destroyed
[2019.10.18-12.08.23:682][609]CompilerResultsLog: New page: Compilation - Oct 18, 2019, 4:08:23 PM
[2019.10.18-12.08.23:682][609]CompilerResultsLog: WARNING: Trying to build an enterprise target but the enterprise directory is missing. Falling back on engine components only.
[2019.10.18-12.08.23:683][609]CompilerResultsLog: Using 'git status' to determine working set for adaptive non-unity build (C:\Users\Mikke\Documents\Unreal Projects\SanRockArt-repo).
[2019.10.18-12.08.23:683][609]CompilerResultsLog: Parsing headers for SanRockArtVRMED7Editor
[2019.10.18-12.08.23:683][609]CompilerResultsLog:   Running UnrealHeaderTool "C:\Users\Mikke\Documents\Unreal Projects\SanRockArt-repo\SanRockVR\SanRockArtVRMED7.uproject" "C:\Users\Mikke\Documents\Unreal Projects\SanRockArt-repo\SanRockVR\Intermediate\Build\Win64\SanRockArtVRMED7Editor\Development\SanRockArtVRMED7Editor.uhtmanifest" -LogCmds="loginit warning, logexit warning, logdatabase error" -Unattended -WarningsAsErrors -installed
[2019.10.18-12.08.23:683][609]CompilerResultsLog: Reflection code generated for SanRockArtVRMED7Editor in 11,0912634 seconds
[2019.10.18-12.08.23:683][609]CompilerResultsLog: Using Visual Studio 2017 14.16.27023 toolchain (C:\Program Files (x86)\Microsoft Visual Studio\2017\Community\VC\Tools\MSVC\14.16.27023) and Windows 10.0.16299.0 SDK (C:\Program Files (x86)\Windows Kits\10).
[2019.10.18-12.08.23:683][609]CompilerResultsLog: Building 4 actions with 4 processes...
[2019.10.18-12.08.23:683][609]CompilerResultsLog:   [1/4] ImageSaveLoad.cpp
[2019.10.18-12.08.23:683][609]CompilerResultsLog:   [2/4] UE4Editor-SanRockArtVRMED7-8669.lib
[2019.10.18-12.08.23:683][609]CompilerResultsLog:      Creating library C:\Users\Mikke\Documents\Unreal Projects\SanRockArt-repo\SanRockVR\Intermediate\Build\Win64\UE4Editor\Development\SanRockArtVRMED7\UE4Editor-SanRockArtVRMED7-8669.lib and object C:\Users\Mikke\Documents\Unreal Projects\SanRockArt-repo\SanRockVR\Intermediate\Build\Win64\UE4Editor\Development\SanRockArtVRMED7\UE4Editor-SanRockArtVRMED7-8669.exp
[2019.10.18-12.08.23:683][609]CompilerResultsLog:   [3/4] UE4Editor-SanRockArtVRMED7-8669.dll
[2019.10.18-12.08.23:683][609]CompilerResultsLog:      Creating library C:\Users\Mikke\Documents\Unreal Projects\SanRockArt-repo\SanRockVR\Intermediate\Build\Win64\UE4Editor\Development\SanRockArtVRMED7\UE4Editor-SanRockArtVRMED7-8669.suppressed.lib and object C:\Users\Mikke\Documents\Unreal Projects\SanRockArt-repo\SanRockVR\Intermediate\Build\Win64\UE4Editor\Development\SanRockArtVRMED7\UE4Editor-SanRockArtVRMED7-8669.suppressed.exp
[2019.10.18-12.08.23:683][609]CompilerResultsLog:   [4/4] SanRockArtVRMED7Editor.target
[2019.10.18-12.08.23:683][609]CompilerResultsLog: Total time in Parallel executor: 11,29 seconds
[2019.10.18-12.08.23:683][609]CompilerResultsLog: Total execution time: 24,51 seconds
[2019.10.18-12.08.23:683][609]LogMainFrame: MainFrame: Module compiling took 24.745 seconds
[2019.10.18-12.08.23:731][609]LogUObjectHash: Compacting FUObjectHashTables data took   3.94ms
[2019.10.18-12.08.23:769][609]LogContentBrowser: Native class hierarchy updated for 'SanRockArtVRMED7' in 0.0005 seconds. Added 1 classes and 3 folders.
[2019.10.18-12.08.23:774][609]Display: HotReload successful (2 functions remapped  0 scriptstructs remapped)
[2019.10.18-12.08.23:885][609]LogUObjectHash: Compacting FUObjectHashTables data took   1.86ms
[2019.10.18-12.08.23:906][609]LogContentBrowser: Native class hierarchy populated in 0.0098 seconds. Added 2865 classes and 685 folders.
[2019.10.18-12.08.23:911][609]Display: HotReload took 25.0s.
[2019.10.18-12.08.30:285][951]LogMaterial: Display: Missing cached shader map for material Material_0, compiling. 
[2019.10.18-12.08.30:321][952]LogShaderCompilers: Display: Worker (1/3): shaders left to compile 5
[2019.10.18-12.08.30:321][952]LogShaderCompilers: Display: Worker (2/3): shaders left to compile 3
[2019.10.18-12.08.30:321][952]LogShaderCompilers: Display: Worker (3/3): shaders left to compile 1
[2019.10.18-12.08.32:138][982]LogAIModule: Creating AISystem for world BoxPaintMap
[2019.10.18-12.08.32:154][982]LogAssetEditorManager: Opening Asset editor for World /Game/DrawingAssets/BoxPaintMap.BoxPaintMap
[2019.10.18-12.08.32:223][982]LogUObjectHash: Compacting FUObjectHashTables data took   6.00ms
[2019.10.18-12.08.32:224][982]Cmd: MAP LOAD FILE="../../../../../../Users/Mikke/Documents/Unreal Projects/SanRockArt-repo/SanRockVR/Content/DrawingAssets/BoxPaintMap.umap" TEMPLATE=0 SHOWPROGRESS=1 FEATURELEVEL=3
[2019.10.18-12.08.32:224][982]LightingResults: New page: Lighting Build
[2019.10.18-12.08.32:225][982]LoadErrors: New page: Loading map: BoxPaintMap.umap
[2019.10.18-12.08.32:227][982]LogWorld: UWorld::CleanupWorld for TestWorld, bSessionEnded=true, bCleanupResources=true
[2019.10.18-12.08.32:227][982]MapCheck: New page: Map Check
[2019.10.18-12.08.32:227][982]LightingResults: New page: Lighting Build
[2019.10.18-12.08.32:277][982]LogUObjectHash: Compacting FUObjectHashTables data took   4.02ms
[2019.10.18-12.08.32:388][982]LogEditorServer: Finished looking for orphan Actors (0.000 secs)
[2019.10.18-12.08.32:434][982]LogUObjectHash: Compacting FUObjectHashTables data took   3.93ms
[2019.10.18-12.08.32:476][982]Cmd: MAP CHECKDEP NOCLEARLOG
[2019.10.18-12.08.32:476][982]MapCheck: Map check complete: 0 Error(s), 0 Warning(s), took 0.159ms to complete.
[2019.10.18-12.08.32:477][982]LogFileHelpers: Loading map 'BoxPaintMap' took 0.253
[2019.10.18-12.08.33:933][ 54]LogTemp: Repeating last play command: Selected Viewport
[2019.10.18-12.08.33:975][ 54]LogBlueprintUserMessages: Early PlayInEditor Detection: Level '/Game/DrawingAssets/BoxPaintMap.BoxPaintMap:PersistentLevel' has LevelScriptBlueprint '/Game/DrawingAssets/BoxPaintMap.BoxPaintMap:PersistentLevel.BoxPaintMap' with GeneratedClass '/Game/DrawingAssets/BoxPaintMap.BoxPaintMap_C' with ClassGeneratedBy '/Game/DrawingAssets/BoxPaintMap.BoxPaintMap:PersistentLevel.BoxPaintMap'
[2019.10.18-12.08.33:975][ 54]LogPlayLevel: PlayLevel: No blueprints needed recompiling
[2019.10.18-12.08.33:975][ 54]PIE: New page: PIE session: BoxPaintMap (Oct 18, 2019, 4:08:33 PM)
[2019.10.18-12.08.33:976][ 54]LogOnline: OSS: Creating online subsystem instance for: NULL
[2019.10.18-12.08.33:978][ 54]LogPlayLevel: Creating play world package: /Game/DrawingAssets/UEDPIE_0_BoxPaintMap
[2019.10.18-12.08.33:982][ 54]LogPlayLevel: PIE: StaticDuplicateObject took: (0.004431s)
[2019.10.18-12.08.33:983][ 54]LogAIModule: Creating AISystem for world BoxPaintMap
[2019.10.18-12.08.33:984][ 54]LogPlayLevel: PIE: World Init took: (0.001685s)
[2019.10.18-12.08.33:984][ 54]LogPlayLevel: PIE: Created PIE world by copying editor world from /Game/DrawingAssets/BoxPaintMap.BoxPaintMap to /Game/DrawingAssets/UEDPIE_0_BoxPaintMap.BoxPaintMap (0.006452s)
[2019.10.18-12.08.34:025][ 54]LogUObjectHash: Compacting FUObjectHashTables data took   3.98ms
[2019.10.18-12.08.34:033][ 54]LogInit: XAudio2 using 'Speaker/Headphone (Realtek High Definition Audio)' : 2 channels at 48 kHz using 32 bits per sample (channel mask 0x3)
[2019.10.18-12.08.34:053][ 54]LogInit: FAudioDevice initialized.
[2019.10.18-12.08.34:067][ 54]LogLoad: Game class is 'FirstPersonGameMode_C'
[2019.10.18-12.08.34:073][ 54]LogWorld: Bringing World /Game/DrawingAssets/UEDPIE_0_BoxPaintMap.BoxPaintMap up for play (max tick rate 60) at 2019.10.18-14.08.34
[2019.10.18-12.08.34:084][ 54]LogWorld: Bringing up level for play took: 0.012003
[2019.10.18-12.08.34:085][ 54]LogOnline: OSS: Creating online subsystem instance for: :Context_7
[2019.10.18-12.08.34:127][ 54]LogContentBrowser: Native class hierarchy updated for 'MovieSceneCapture' in 0.0005 seconds. Added 20 classes and 0 folders.
[2019.10.18-12.08.34:131][ 54]LogBlueprintUserMessages: [BP_ThumbnailPainting2_5] Does not exist
[2019.10.18-12.08.34:157][ 54]PIE: Play in editor start time for /Game/DrawingAssets/UEDPIE_0_BoxPaintMap 0.271
[2019.10.18-12.08.34:157][ 54]LogBlueprintUserMessages: Late PlayInEditor Detection: Level '/Game/DrawingAssets/BoxPaintMap.BoxPaintMap:PersistentLevel' has LevelScriptBlueprint '/Game/DrawingAssets/BoxPaintMap.BoxPaintMap:PersistentLevel.BoxPaintMap' with GeneratedClass '/Game/DrawingAssets/BoxPaintMap.BoxPaintMap_C' with ClassGeneratedBy '/Game/DrawingAssets/BoxPaintMap.BoxPaintMap:PersistentLevel.BoxPaintMap'
[2019.10.18-12.08.36:069][142]LogBlueprintUserMessages: Early EndPlayMap Detection: Level '/Game/DrawingAssets/BoxPaintMap.BoxPaintMap:PersistentLevel' has LevelScriptBlueprint '/Game/DrawingAssets/BoxPaintMap.BoxPaintMap:PersistentLevel.BoxPaintMap' with GeneratedClass '/Game/DrawingAssets/BoxPaintMap.BoxPaintMap_C' with ClassGeneratedBy '/Game/DrawingAssets/BoxPaintMap.BoxPaintMap:PersistentLevel.BoxPaintMap'
[2019.10.18-12.08.36:070][142]LogSlate: Updating window title bar state: overlay mode, drag disabled, window buttons hidden, title bar hidden
[2019.10.18-12.08.36:070][142]LogWorld: BeginTearingDown for /Game/DrawingAssets/UEDPIE_0_BoxPaintMap
[2019.10.18-12.08.36:071][142]LogWorld: UWorld::CleanupWorld for BoxPaintMap, bSessionEnded=true, bCleanupResources=true
[2019.10.18-12.08.36:080][142]LogPlayLevel: Display: Shutting down PIE online subsystems
[2019.10.18-12.08.36:080][142]LogBlueprintUserMessages: Late EndPlayMap Detection: Level '/Game/DrawingAssets/BoxPaintMap.BoxPaintMap:PersistentLevel' has LevelScriptBlueprint '/Game/DrawingAssets/BoxPaintMap.BoxPaintMap:PersistentLevel.BoxPaintMap' with GeneratedClass '/Game/DrawingAssets/BoxPaintMap.BoxPaintMap_C' with ClassGeneratedBy '/Game/DrawingAssets/BoxPaintMap.BoxPaintMap:PersistentLevel.BoxPaintMap'
[2019.10.18-12.08.36:138][142]LogSlate: Updating window title bar state: overlay mode, drag disabled, window buttons hidden, title bar hidden
[2019.10.18-12.08.36:174][142]LogUObjectHash: Compacting FUObjectHashTables data took   5.17ms
[2019.10.18-12.08.36:189][143]LogPlayLevel: Display: Destroying online subsystem :Context_7
[2019.10.18-12.08.46:564][259]LogTemp: Repeating last play command: Selected Viewport
[2019.10.18-12.08.46:588][259]LogBlueprintUserMessages: Early PlayInEditor Detection: Level '/Game/DrawingAssets/BoxPaintMap.BoxPaintMap:PersistentLevel' has LevelScriptBlueprint '/Game/DrawingAssets/BoxPaintMap.BoxPaintMap:PersistentLevel.BoxPaintMap' with GeneratedClass '/Game/DrawingAssets/BoxPaintMap.BoxPaintMap_C' with ClassGeneratedBy '/Game/DrawingAssets/BoxPaintMap.BoxPaintMap:PersistentLevel.BoxPaintMap'
[2019.10.18-12.08.46:588][259]LogPlayLevel: PlayLevel: No blueprints needed recompiling
[2019.10.18-12.08.46:588][259]PIE: New page: PIE session: BoxPaintMap (Oct 18, 2019, 4:08:46 PM)
[2019.10.18-12.08.46:588][259]LogPlayLevel: Creating play world package: /Game/DrawingAssets/UEDPIE_0_BoxPaintMap
[2019.10.18-12.08.46:592][259]LogPlayLevel: PIE: StaticDuplicateObject took: (0.004035s)
[2019.10.18-12.08.46:593][259]LogAIModule: Creating AISystem for world BoxPaintMap
[2019.10.18-12.08.46:593][259]LogPlayLevel: PIE: World Init took: (0.001412s)
[2019.10.18-12.08.46:594][259]LogPlayLevel: PIE: Created PIE world by copying editor world from /Game/DrawingAssets/BoxPaintMap.BoxPaintMap to /Game/DrawingAssets/UEDPIE_0_BoxPaintMap.BoxPaintMap (0.005620s)
[2019.10.18-12.08.46:644][259]LogUObjectHash: Compacting FUObjectHashTables data took   3.89ms
[2019.10.18-12.08.46:647][259]LogInit: XAudio2 using 'Speaker/Headphone (Realtek High Definition Audio)' : 2 channels at 48 kHz using 32 bits per sample (channel mask 0x3)
[2019.10.18-12.08.46:666][259]LogInit: FAudioDevice initialized.
[2019.10.18-12.08.46:676][259]LogLoad: Game class is 'FirstPersonGameMode_C'
[2019.10.18-12.08.46:677][259]LogWorld: Bringing World /Game/DrawingAssets/UEDPIE_0_BoxPaintMap.BoxPaintMap up for play (max tick rate 60) at 2019.10.18-14.08.46
[2019.10.18-12.08.46:678][259]LogWorld: Bringing up level for play took: 0.001077
[2019.10.18-12.08.46:678][259]LogOnline: OSS: Creating online subsystem instance for: :Context_8
[2019.10.18-12.08.46:681][259]LogBlueprintUserMessages: [BP_ThumbnailPainting2_5] Does not exist
[2019.10.18-12.08.46:702][259]PIE: Play in editor start time for /Game/DrawingAssets/UEDPIE_0_BoxPaintMap 0.816
[2019.10.18-12.08.46:702][259]LogBlueprintUserMessages: Late PlayInEditor Detection: Level '/Game/DrawingAssets/BoxPaintMap.BoxPaintMap:PersistentLevel' has LevelScriptBlueprint '/Game/DrawingAssets/BoxPaintMap.BoxPaintMap:PersistentLevel.BoxPaintMap' with GeneratedClass '/Game/DrawingAssets/BoxPaintMap.BoxPaintMap_C' with ClassGeneratedBy '/Game/DrawingAssets/BoxPaintMap.BoxPaintMap:PersistentLevel.BoxPaintMap'
[2019.10.18-12.08.47:813][325]LogBlueprintUserMessages: Early EndPlayMap Detection: Level '/Game/DrawingAssets/BoxPaintMap.BoxPaintMap:PersistentLevel' has LevelScriptBlueprint '/Game/DrawingAssets/BoxPaintMap.BoxPaintMap:PersistentLevel.BoxPaintMap' with GeneratedClass '/Game/DrawingAssets/BoxPaintMap.BoxPaintMap_C' with ClassGeneratedBy '/Game/DrawingAssets/BoxPaintMap.BoxPaintMap:PersistentLevel.BoxPaintMap'
[2019.10.18-12.08.47:814][325]LogSlate: Updating window title bar state: overlay mode, drag disabled, window buttons hidden, title bar hidden
[2019.10.18-12.08.47:814][325]LogWorld: BeginTearingDown for /Game/DrawingAssets/UEDPIE_0_BoxPaintMap
[2019.10.18-12.08.47:814][325]LogWorld: UWorld::CleanupWorld for BoxPaintMap, bSessionEnded=true, bCleanupResources=true
[2019.10.18-12.08.47:824][325]LogPlayLevel: Display: Shutting down PIE online subsystems
[2019.10.18-12.08.47:825][325]LogBlueprintUserMessages: Late EndPlayMap Detection: Level '/Game/DrawingAssets/BoxPaintMap.BoxPaintMap:PersistentLevel' has LevelScriptBlueprint '/Game/DrawingAssets/BoxPaintMap.BoxPaintMap:PersistentLevel.BoxPaintMap' with GeneratedClass '/Game/DrawingAssets/BoxPaintMap.BoxPaintMap_C' with ClassGeneratedBy '/Game/DrawingAssets/BoxPaintMap.BoxPaintMap:PersistentLevel.BoxPaintMap'
[2019.10.18-12.08.47:867][325]LogSlate: Updating window title bar state: overlay mode, drag disabled, window buttons hidden, title bar hidden
[2019.10.18-12.08.47:872][325]LogUObjectHash: Compacting FUObjectHashTables data took   3.66ms
[2019.10.18-12.08.47:924][328]LogPlayLevel: Display: Destroying online subsystem :Context_8
[2019.10.18-12.10.35:692][847]LogSavePackage: Moving '../../../../../../Users/Mikke/Documents/Unreal Projects/SanRockArt-repo/SanRockVR/Saved/BP_ThumbnailPainting9BFACB4B4A0B73ACFE2295A1694375A2.tmp' to '../../../../../../Users/Mikke/Documents/Unreal Projects/SanRockArt-repo/SanRockVR/Content/Thumbnail/BP_ThumbnailPainting.uasset'
[2019.10.18-12.10.36:643][897]BlueprintLog: New page: Compile BP_ThumbnailPainting
[2019.10.18-12.10.36:911][897]LogUObjectHash: Compacting FUObjectHashTables data took   4.21ms
[2019.10.18-12.11.07:175][300]LogSelectionDetails: Warning: NavigateToFunctionSource:  Unable to find symbols for 'UKismetRenderingLibrary::CreateRenderTarget2D' [Element not found.]
[2019.10.18-12.11.29:090][467]LogUObjectHash: Compacting FUObjectHashTables data took   5.61ms
[2019.10.18-12.11.29:449][467]LogSavePackage: Moving '../../../../../../Users/Mikke/Documents/Unreal Projects/SanRockArt-repo/SanRockVR/Saved/BoxPaintMap69B30E2F4EC03E28411BD9B6F430F078.tmp' to '../../../../../../Users/Mikke/Documents/Unreal Projects/SanRockArt-repo/SanRockVR/Content/DrawingAssets/BoxPaintMap.umap'
[2019.10.18-12.11.29:856][487]Candidate modules for hot reload:
[2019.10.18-12.11.29:856][487]  SanRockArtVRMED7
[2019.10.18-12.11.29:856][487]Launching UnrealBuildTool... [C:/Program Files/Epic Games/UE_4.23/Engine/Binaries/DotNET/UnrealBuildTool.exe  -ModuleWithSuffix=SanRockArtVRMED7,1345 Win64 Development -TargetType=Editor -Project="C:/Users/Mikke/Documents/Unreal Projects/SanRockArt-repo/SanRockVR/SanRockArtVRMED7.uproject" "C:/Users/Mikke/Documents/Unreal Projects/SanRockArt-repo/SanRockVR/SanRockArtVRMED7.uproject"  -IgnoreJunk]
[2019.10.18-12.11.29:858][487]Warning: Starting HotReload took  0.0s.
[2019.10.18-12.11.51:850][733]CompilerResultsLog: New page: Compilation - Oct 18, 2019, 4:11:51 PM
[2019.10.18-12.11.51:850][733]CompilerResultsLog: WARNING: Trying to build an enterprise target but the enterprise directory is missing. Falling back on engine components only.
[2019.10.18-12.11.51:850][733]CompilerResultsLog: Using 'git status' to determine working set for adaptive non-unity build (C:\Users\Mikke\Documents\Unreal Projects\SanRockArt-repo).
[2019.10.18-12.11.51:850][733]CompilerResultsLog: Parsing headers for SanRockArtVRMED7Editor
[2019.10.18-12.11.51:850][733]CompilerResultsLog:   Running UnrealHeaderTool "C:\Users\Mikke\Documents\Unreal Projects\SanRockArt-repo\SanRockVR\SanRockArtVRMED7.uproject" "C:\Users\Mikke\Documents\Unreal Projects\SanRockArt-repo\SanRockVR\Intermediate\Build\Win64\SanRockArtVRMED7Editor\Development\SanRockArtVRMED7Editor.uhtmanifest" -LogCmds="loginit warning, logexit warning, logdatabase error" -Unattended -WarningsAsErrors -installed
[2019.10.18-12.11.51:850][733]CompilerResultsLog: Reflection code generated for SanRockArtVRMED7Editor in 11,5703755 seconds
[2019.10.18-12.11.51:850][733]CompilerResultsLog: Using Visual Studio 2017 14.16.27023 toolchain (C:\Program Files (x86)\Microsoft Visual Studio\2017\Community\VC\Tools\MSVC\14.16.27023) and Windows 10.0.16299.0 SDK (C:\Program Files (x86)\Windows Kits\10).
[2019.10.18-12.11.51:850][733]CompilerResultsLog: Building 4 actions with 4 processes...
[2019.10.18-12.11.51:850][733]CompilerResultsLog:   [1/4] ImageSaveLoad.cpp
[2019.10.18-12.11.51:850][733]CompilerResultsLog:   [2/4] UE4Editor-SanRockArtVRMED7-1345.lib
[2019.10.18-12.11.51:850][733]CompilerResultsLog:      Creating library C:\Users\Mikke\Documents\Unreal Projects\SanRockArt-repo\SanRockVR\Intermediate\Build\Win64\UE4Editor\Development\SanRockArtVRMED7\UE4Editor-SanRockArtVRMED7-1345.lib and object C:\Users\Mikke\Documents\Unreal Projects\SanRockArt-repo\SanRockVR\Intermediate\Build\Win64\UE4Editor\Development\SanRockArtVRMED7\UE4Editor-SanRockArtVRMED7-1345.exp
[2019.10.18-12.11.51:850][733]CompilerResultsLog:   [3/4] UE4Editor-SanRockArtVRMED7-1345.dll
[2019.10.18-12.11.51:850][733]CompilerResultsLog:      Creating library C:\Users\Mikke\Documents\Unreal Projects\SanRockArt-repo\SanRockVR\Intermediate\Build\Win64\UE4Editor\Development\SanRockArtVRMED7\UE4Editor-SanRockArtVRMED7-1345.suppressed.lib and object C:\Users\Mikke\Documents\Unreal Projects\SanRockArt-repo\SanRockVR\Intermediate\Build\Win64\UE4Editor\Development\SanRockArtVRMED7\UE4Editor-SanRockArtVRMED7-1345.suppressed.exp
[2019.10.18-12.11.51:850][733]CompilerResultsLog:   [4/4] SanRockArtVRMED7Editor.target
[2019.10.18-12.11.51:850][733]CompilerResultsLog: Total time in Parallel executor: 8,06 seconds
[2019.10.18-12.11.51:850][733]CompilerResultsLog: Total execution time: 21,82 seconds
[2019.10.18-12.11.51:851][733]LogMainFrame: MainFrame: Module compiling took 22.000 seconds
[2019.10.18-12.11.51:898][733]LogUObjectHash: Compacting FUObjectHashTables data took   4.37ms
[2019.10.18-12.11.51:925][733]LogContentBrowser: Native class hierarchy updated for 'SanRockArtVRMED7' in 0.0005 seconds. Added 1 classes and 3 folders.
[2019.10.18-12.11.51:931][733]Display: HotReload successful (2 functions remapped  0 scriptstructs remapped)
[2019.10.18-12.11.52:061][733]LogUObjectHash: Compacting FUObjectHashTables data took   2.04ms
[2019.10.18-12.11.52:079][733]LogContentBrowser: Native class hierarchy populated in 0.0098 seconds. Added 2865 classes and 685 folders.
[2019.10.18-12.11.52:080][733]Display: HotReload took 22.2s.
[2019.10.18-12.11.58:761][100]LogTemp: Repeating last play command: Selected Viewport
[2019.10.18-12.11.58:786][100]LogBlueprintUserMessages: Early PlayInEditor Detection: Level '/Game/DrawingAssets/BoxPaintMap.BoxPaintMap:PersistentLevel' has LevelScriptBlueprint '/Game/DrawingAssets/BoxPaintMap.BoxPaintMap:PersistentLevel.BoxPaintMap' with GeneratedClass '/Game/DrawingAssets/BoxPaintMap.BoxPaintMap_C' with ClassGeneratedBy '/Game/DrawingAssets/BoxPaintMap.BoxPaintMap:PersistentLevel.BoxPaintMap'
[2019.10.18-12.11.58:786][100]LogPlayLevel: PlayLevel: No blueprints needed recompiling
[2019.10.18-12.11.58:786][100]PIE: New page: PIE session: BoxPaintMap (Oct 18, 2019, 4:11:58 PM)
[2019.10.18-12.11.58:787][100]LogPlayLevel: Creating play world package: /Game/DrawingAssets/UEDPIE_0_BoxPaintMap
[2019.10.18-12.11.58:791][100]LogPlayLevel: PIE: StaticDuplicateObject took: (0.004136s)
[2019.10.18-12.11.58:799][100]LogAIModule: Creating AISystem for world BoxPaintMap
[2019.10.18-12.11.58:799][100]LogPlayLevel: PIE: World Init took: (0.007918s)
[2019.10.18-12.11.58:799][100]LogPlayLevel: PIE: Created PIE world by copying editor world from /Game/DrawingAssets/BoxPaintMap.BoxPaintMap to /Game/DrawingAssets/UEDPIE_0_BoxPaintMap.BoxPaintMap (0.012285s)
[2019.10.18-12.11.58:893][100]LogUObjectHash: Compacting FUObjectHashTables data took   6.74ms
[2019.10.18-12.11.58:899][100]LogInit: XAudio2 using 'Speaker/Headphone (Realtek High Definition Audio)' : 2 channels at 48 kHz using 32 bits per sample (channel mask 0x3)
[2019.10.18-12.11.58:996][100]LogInit: FAudioDevice initialized.
[2019.10.18-12.11.59:004][100]LogLoad: Game class is 'FirstPersonGameMode_C'
[2019.10.18-12.11.59:005][100]LogWorld: Bringing World /Game/DrawingAssets/UEDPIE_0_BoxPaintMap.BoxPaintMap up for play (max tick rate 60) at 2019.10.18-14.11.59
[2019.10.18-12.11.59:006][100]LogWorld: Bringing up level for play took: 0.001343
[2019.10.18-12.11.59:006][100]LogOnline: OSS: Creating online subsystem instance for: :Context_9
[2019.10.18-12.11.59:009][100]LogBlueprintUserMessages: [BP_ThumbnailPainting2_5] Does not exist
[2019.10.18-12.11.59:015][100]LogImageWrapper: Warning: PNG Warning: Invalid bit depth in IHDR
[2019.10.18-12.11.59:015][100]LogImageWrapper: Error: PNG Error: Invalid IHDR data
[2019.10.18-12.11.59:015][100]PIE: Play in editor start time for /Game/DrawingAssets/UEDPIE_0_BoxPaintMap 1.129
[2019.10.18-12.11.59:015][100]LogBlueprintUserMessages: Late PlayInEditor Detection: Level '/Game/DrawingAssets/BoxPaintMap.BoxPaintMap:PersistentLevel' has LevelScriptBlueprint '/Game/DrawingAssets/BoxPaintMap.BoxPaintMap:PersistentLevel.BoxPaintMap' with GeneratedClass '/Game/DrawingAssets/BoxPaintMap.BoxPaintMap_C' with ClassGeneratedBy '/Game/DrawingAssets/BoxPaintMap.BoxPaintMap:PersistentLevel.BoxPaintMap'
[2019.10.18-12.12.00:808][201]LogBlueprintUserMessages: Early EndPlayMap Detection: Level '/Game/DrawingAssets/BoxPaintMap.BoxPaintMap:PersistentLevel' has LevelScriptBlueprint '/Game/DrawingAssets/BoxPaintMap.BoxPaintMap:PersistentLevel.BoxPaintMap' with GeneratedClass '/Game/DrawingAssets/BoxPaintMap.BoxPaintMap_C' with ClassGeneratedBy '/Game/DrawingAssets/BoxPaintMap.BoxPaintMap:PersistentLevel.BoxPaintMap'
[2019.10.18-12.12.00:808][201]LogSlate: Updating window title bar state: overlay mode, drag disabled, window buttons hidden, title bar hidden
[2019.10.18-12.12.00:808][201]LogWorld: BeginTearingDown for /Game/DrawingAssets/UEDPIE_0_BoxPaintMap
[2019.10.18-12.12.00:808][201]LogWorld: UWorld::CleanupWorld for BoxPaintMap, bSessionEnded=true, bCleanupResources=true
[2019.10.18-12.12.00:826][201]LogPlayLevel: Display: Shutting down PIE online subsystems
[2019.10.18-12.12.00:826][201]LogBlueprintUserMessages: Late EndPlayMap Detection: Level '/Game/DrawingAssets/BoxPaintMap.BoxPaintMap:PersistentLevel' has LevelScriptBlueprint '/Game/DrawingAssets/BoxPaintMap.BoxPaintMap:PersistentLevel.BoxPaintMap' with GeneratedClass '/Game/DrawingAssets/BoxPaintMap.BoxPaintMap_C' with ClassGeneratedBy '/Game/DrawingAssets/BoxPaintMap.BoxPaintMap:PersistentLevel.BoxPaintMap'
[2019.10.18-12.12.00:877][201]LogSlate: Updating window title bar state: overlay mode, drag disabled, window buttons hidden, title bar hidden
[2019.10.18-12.12.00:900][201]LogUObjectHash: Compacting FUObjectHashTables data took   3.75ms
[2019.10.18-12.12.00:915][202]LogPlayLevel: Display: Destroying online subsystem :Context_9
[2019.10.18-12.12.32:040][676]Candidate modules for hot reload:
[2019.10.18-12.12.32:040][676]  SanRockArtVRMED7
[2019.10.18-12.12.32:040][676]Launching UnrealBuildTool... [C:/Program Files/Epic Games/UE_4.23/Engine/Binaries/DotNET/UnrealBuildTool.exe  -ModuleWithSuffix=SanRockArtVRMED7,3359 Win64 Development -TargetType=Editor -Project="C:/Users/Mikke/Documents/Unreal Projects/SanRockArt-repo/SanRockVR/SanRockArtVRMED7.uproject" "C:/Users/Mikke/Documents/Unreal Projects/SanRockArt-repo/SanRockVR/SanRockArtVRMED7.uproject"  -IgnoreJunk]
[2019.10.18-12.12.32:042][676]Warning: Starting HotReload took  0.0s.
[2019.10.18-12.12.50:762][722]CompilerResultsLog: New page: Compilation - Oct 18, 2019, 4:12:50 PM
[2019.10.18-12.12.50:763][722]CompilerResultsLog: WARNING: Trying to build an enterprise target but the enterprise directory is missing. Falling back on engine components only.
[2019.10.18-12.12.50:763][722]CompilerResultsLog: Using 'git status' to determine working set for adaptive non-unity build (C:\Users\Mikke\Documents\Unreal Projects\SanRockArt-repo).
[2019.10.18-12.12.50:763][722]CompilerResultsLog: Parsing headers for SanRockArtVRMED7Editor
[2019.10.18-12.12.50:763][722]CompilerResultsLog:   Running UnrealHeaderTool "C:\Users\Mikke\Documents\Unreal Projects\SanRockArt-repo\SanRockVR\SanRockArtVRMED7.uproject" "C:\Users\Mikke\Documents\Unreal Projects\SanRockArt-repo\SanRockVR\Intermediate\Build\Win64\SanRockArtVRMED7Editor\Development\SanRockArtVRMED7Editor.uhtmanifest" -LogCmds="loginit warning, logexit warning, logdatabase error" -Unattended -WarningsAsErrors -installed
[2019.10.18-12.12.50:763][722]CompilerResultsLog: Reflection code generated for SanRockArtVRMED7Editor in 11,7197377 seconds
[2019.10.18-12.12.50:763][722]CompilerResultsLog: Using Visual Studio 2017 14.16.27023 toolchain (C:\Program Files (x86)\Microsoft Visual Studio\2017\Community\VC\Tools\MSVC\14.16.27023) and Windows 10.0.16299.0 SDK (C:\Program Files (x86)\Windows Kits\10).
[2019.10.18-12.12.50:763][722]CompilerResultsLog: Building 4 actions with 4 processes...
[2019.10.18-12.12.50:763][722]CompilerResultsLog:   [1/4] ImageSaveLoad.cpp
[2019.10.18-12.12.50:763][722]CompilerResultsLog:   [2/4] UE4Editor-SanRockArtVRMED7-3359.lib
[2019.10.18-12.12.50:763][722]CompilerResultsLog:      Creating library C:\Users\Mikke\Documents\Unreal Projects\SanRockArt-repo\SanRockVR\Intermediate\Build\Win64\UE4Editor\Development\SanRockArtVRMED7\UE4Editor-SanRockArtVRMED7-3359.lib and object C:\Users\Mikke\Documents\Unreal Projects\SanRockArt-repo\SanRockVR\Intermediate\Build\Win64\UE4Editor\Development\SanRockArtVRMED7\UE4Editor-SanRockArtVRMED7-3359.exp
[2019.10.18-12.12.50:763][722]CompilerResultsLog:   [3/4] UE4Editor-SanRockArtVRMED7-3359.dll
[2019.10.18-12.12.50:763][722]CompilerResultsLog:      Creating library C:\Users\Mikke\Documents\Unreal Projects\SanRockArt-repo\SanRockVR\Intermediate\Build\Win64\UE4Editor\Development\SanRockArtVRMED7\UE4Editor-SanRockArtVRMED7-3359.suppressed.lib and object C:\Users\Mikke\Documents\Unreal Projects\SanRockArt-repo\SanRockVR\Intermediate\Build\Win64\UE4Editor\Development\SanRockArtVRMED7\UE4Editor-SanRockArtVRMED7-3359.suppressed.exp
[2019.10.18-12.12.50:763][722]CompilerResultsLog:   [4/4] SanRockArtVRMED7Editor.target
[2019.10.18-12.12.50:763][722]CompilerResultsLog: Total time in Parallel executor: 4,47 seconds
[2019.10.18-12.12.50:763][722]CompilerResultsLog: Total execution time: 18,55 seconds
[2019.10.18-12.12.50:763][722]LogMainFrame: MainFrame: Module compiling took 18.726 seconds
[2019.10.18-12.12.50:805][722]LogUObjectHash: Compacting FUObjectHashTables data took   1.21ms
[2019.10.18-12.12.50:832][722]LogContentBrowser: Native class hierarchy updated for 'SanRockArtVRMED7' in 0.0005 seconds. Added 1 classes and 3 folders.
[2019.10.18-12.12.50:838][722]Display: HotReload successful (2 functions remapped  0 scriptstructs remapped)
[2019.10.18-12.12.50:967][722]LogUObjectHash: Compacting FUObjectHashTables data took   2.34ms
[2019.10.18-12.12.50:988][722]LogContentBrowser: Native class hierarchy populated in 0.0106 seconds. Added 2865 classes and 685 folders.
[2019.10.18-12.12.50:988][722]Display: HotReload took 19.0s.
[2019.10.18-12.12.55:151][944]LogTemp: Repeating last play command: Selected Viewport
[2019.10.18-12.12.55:176][944]LogBlueprintUserMessages: Early PlayInEditor Detection: Level '/Game/DrawingAssets/BoxPaintMap.BoxPaintMap:PersistentLevel' has LevelScriptBlueprint '/Game/DrawingAssets/BoxPaintMap.BoxPaintMap:PersistentLevel.BoxPaintMap' with GeneratedClass '/Game/DrawingAssets/BoxPaintMap.BoxPaintMap_C' with ClassGeneratedBy '/Game/DrawingAssets/BoxPaintMap.BoxPaintMap:PersistentLevel.BoxPaintMap'
[2019.10.18-12.12.55:176][944]LogPlayLevel: PlayLevel: No blueprints needed recompiling
[2019.10.18-12.12.55:177][944]PIE: New page: PIE session: BoxPaintMap (Oct 18, 2019, 4:12:55 PM)
[2019.10.18-12.12.55:177][944]LogPlayLevel: Creating play world package: /Game/DrawingAssets/UEDPIE_0_BoxPaintMap
[2019.10.18-12.12.55:180][944]LogPlayLevel: PIE: StaticDuplicateObject took: (0.003495s)
[2019.10.18-12.12.55:182][944]LogAIModule: Creating AISystem for world BoxPaintMap
[2019.10.18-12.12.55:182][944]LogPlayLevel: PIE: World Init took: (0.001833s)
[2019.10.18-12.12.55:182][944]LogPlayLevel: PIE: Created PIE world by copying editor world from /Game/DrawingAssets/BoxPaintMap.BoxPaintMap to /Game/DrawingAssets/UEDPIE_0_BoxPaintMap.BoxPaintMap (0.005645s)
[2019.10.18-12.12.55:270][944]LogUObjectHash: Compacting FUObjectHashTables data took   5.22ms
[2019.10.18-12.12.55:273][944]LogInit: XAudio2 using 'Speaker/Headphone (Realtek High Definition Audio)' : 2 channels at 48 kHz using 32 bits per sample (channel mask 0x3)
[2019.10.18-12.12.55:379][944]LogInit: FAudioDevice initialized.
[2019.10.18-12.12.55:390][944]LogLoad: Game class is 'FirstPersonGameMode_C'
[2019.10.18-12.12.55:392][944]LogWorld: Bringing World /Game/DrawingAssets/UEDPIE_0_BoxPaintMap.BoxPaintMap up for play (max tick rate 60) at 2019.10.18-14.12.55
[2019.10.18-12.12.55:392][944]LogWorld: Bringing up level for play took: 0.001194
[2019.10.18-12.12.55:392][944]LogOnline: OSS: Creating online subsystem instance for: :Context_10
[2019.10.18-12.12.55:395][944]LogBlueprintUserMessages: [BP_ThumbnailPainting2_5] Does not exist
[2019.10.18-12.12.55:401][944]LogWindows: Windows GetLastError: The operation completed successfully. (0)
[2019.10.18-12.12.56:825][944]LogThreadingWindows: Error: Runnable thread PoolThread 16 crashed.
[2019.10.18-12.12.56:825][944]LogWindows: Error: === Critical error: ===
[2019.10.18-12.12.56:825][944]LogWindows: Error: 
[2019.10.18-12.12.56:825][944]LogWindows: Error: Assertion failed: (InFormat == ERGBFormat::RGBA || InFormat == ERGBFormat::BGRA || InFormat == ERGBFormat::Gray) && InBitDepth == 8 [File:D:/Build/++UE4/Sync/Engine/Source/Runtime/ImageWrapper/Private/Formats/JpegImageWrapper.cpp] [Line: 83] 
[2019.10.18-12.12.56:825][944]LogWindows: Error: 
[2019.10.18-12.12.56:825][944]LogWindows: Error: 
[2019.10.18-12.12.56:825][944]LogWindows: Error: 
[2019.10.18-12.12.56:825][944]LogWindows: Error: [Callstack] 0x00007ff93ae5a839 KERNELBASE.dll!UnknownFunction []
[2019.10.18-12.12.56:825][944]LogWindows: Error: [Callstack] 0x00007ff8ecde9ef7 UE4Editor-Core.dll!UnknownFunction []
[2019.10.18-12.12.56:825][944]LogWindows: Error: [Callstack] 0x00007ff8ecdec754 UE4Editor-Core.dll!UnknownFunction []
[2019.10.18-12.12.56:826][944]LogWindows: Error: [Callstack] 0x00007ff8ecbe1afa UE4Editor-Core.dll!UnknownFunction []
[2019.10.18-12.12.56:826][944]LogWindows: Error: [Callstack] 0x00007ff8ecb367c3 UE4Editor-Core.dll!UnknownFunction []
[2019.10.18-12.12.56:826][944]LogWindows: Error: [Callstack] 0x00007ff8ecb36ed0 UE4Editor-Core.dll!UnknownFunction []
[2019.10.18-12.12.56:826][944]LogWindows: Error: [Callstack] 0x00007ff8c6469792 UE4Editor-ImageWrapper.dll!UnknownFunction []
[2019.10.18-12.12.56:826][944]LogWindows: Error: [Callstack] 0x00007ff8f31ac423 UE4Editor-ImageWriteQueue.dll!UnknownFunction []
[2019.10.18-12.12.56:826][944]LogWindows: Error: [Callstack] 0x00007ff8f31aba06 UE4Editor-ImageWriteQueue.dll!UnknownFunction []
[2019.10.18-12.12.56:826][944]LogWindows: Error: [Callstack] 0x00007ff8f31abb5c UE4Editor-ImageWriteQueue.dll!UnknownFunction []
[2019.10.18-12.12.56:826][944]LogWindows: Error: [Callstack] 0x00007ff8ecac9fa8 UE4Editor-Core.dll!UnknownFunction []
[2019.10.18-12.12.56:826][944]LogWindows: Error: [Callstack] 0x00007ff8ece09a8f UE4Editor-Core.dll!UnknownFunction []
[2019.10.18-12.12.56:826][944]LogWindows: Error: [Callstack] 0x00007ff8ecdfffe1 UE4Editor-Core.dll!UnknownFunction []
[2019.10.18-12.12.56:826][944]LogWindows: Error: [Callstack] 0x00007ff93cdc7bd4 KERNEL32.DLL!UnknownFunction []
[2019.10.18-12.12.56:826][944]LogWindows: Error: [Callstack] 0x00007ff93dcaced1 ntdll.dll!UnknownFunction []
[2019.10.18-12.12.56:826][944]LogWindows: Error: 
[2019.10.18-12.12.56:826][944]LogWindows: Error: Crash in runnable thread PoolThread 16
[2019.10.18-12.12.56:858][944]LogExit: Executing StaticShutdownAfterError
[2019.10.18-12.12.56:858][944]LogWindows: FPlatformMisc::RequestExit(1)
[2019.10.18-12.12.56:862][944]Log file closed, 10/18/19 14:12:56
