Log file open, 11/02/19 16:08:29
LogWindows: Failed to load 'aqProf.dll' (GetLastError=126)
LogWindows: File 'aqProf.dll' does not exist
LogWindows: Failed to load 'VtuneApi.dll' (GetLastError=126)
LogWindows: File 'VtuneApi.dll' does not exist
LogWindows: Failed to load 'VtuneApi32e.dll' (GetLastError=126)
LogWindows: File 'VtuneApi32e.dll' does not exist
LogConsoleResponse: Display: Failed to find resolution value strings in scalability ini. Falling back to default.
LogInit: Display: Running engine for game: SanRockArtVRMED7
LogPlatformFile: Not using cached read wrapper
LogTaskGraph: Started task graph with 5 named threads and 14 total threads with 3 sets of task threads.
LogStats: Stats thread started at 0.153623
LogD3D11RHI: Loaded GFSDK_Aftermath_Lib.x64.dll
LogICUInternationalization: ICU TimeZone Detection - Raw Offset: +1:00, Platform Override: ''
LogPluginManager: Mounting plugin Paper2D
LogPluginManager: Mounting plugin AISupport
LogPluginManager: Mounting plugin LightPropagationVolume
LogPluginManager: Mounting plugin ActorLayerUtilities
LogPluginManager: Mounting plugin AnimationSharing
LogPluginManager: Mounting plugin CLionSourceCodeAccess
LogPluginManager: Mounting plugin CodeLiteSourceCodeAccess
LogPluginManager: Mounting plugin GitSourceControl
LogPluginManager: Mounting plugin KDevelopSourceCodeAccess
LogPluginManager: Mounting plugin NullSourceCodeAccess
LogPluginManager: Mounting plugin PerforceSourceControl
LogPluginManager: Mounting plugin SubversionSourceControl
LogPluginManager: Mounting plugin UObjectPlugin
LogPluginManager: Mounting plugin VisualStudioCodeSourceCodeAccess
LogPluginManager: Mounting plugin VisualStudioSourceCodeAccess
LogPluginManager: Mounting plugin XCodeSourceCodeAccess
LogPluginManager: Mounting plugin AssetManagerEditor
LogPluginManager: Mounting plugin CryptoKeys
LogPluginManager: Mounting plugin CurveEditorTools
LogPluginManager: Mounting plugin DataValidation
LogPluginManager: Mounting plugin FacialAnimation
LogPluginManager: Mounting plugin GameplayTagsEditor
LogPluginManager: Mounting plugin MacGraphicsSwitching
LogPluginManager: Mounting plugin MaterialAnalyzer
LogPluginManager: Mounting plugin MobileLauncherProfileWizard
LogPluginManager: Mounting plugin PluginBrowser
LogPluginManager: Mounting plugin SpeedTreeImporter
LogPluginManager: Mounting plugin DatasmithContent
LogPluginManager: Mounting plugin VariantManagerContent
LogPluginManager: Mounting plugin AlembicImporter
LogPluginManager: Mounting plugin AutomationUtils
LogPluginManager: Mounting plugin BackChannel
LogPluginManager: Mounting plugin CharacterAI
LogPluginManager: Mounting plugin GeometryCache
LogPluginManager: Mounting plugin HTML5Networking
LogPluginManager: Mounting plugin PlatformCrypto
LogPluginManager: Mounting plugin ProxyLODPlugin
LogPluginManager: Mounting plugin SkeletalReduction
LogPluginManager: Mounting plugin MagicLeap
LogPluginManager: Mounting plugin MagicLeapMedia
LogPluginManager: Mounting plugin AndroidMedia
LogPluginManager: Mounting plugin AvfMedia
LogPluginManager: Mounting plugin ImgMedia
LogPluginManager: Mounting plugin MediaCompositing
LogPluginManager: Mounting plugin MediaPlayerEditor
LogPluginManager: Mounting plugin WebMMedia
LogPluginManager: Mounting plugin WmfMedia
LogPluginManager: Mounting plugin TcpMessaging
LogPluginManager: Mounting plugin UdpMessaging
LogPluginManager: Mounting plugin ActorSequence
LogPluginManager: Mounting plugin LevelSequenceEditor
LogPluginManager: Mounting plugin MatineeToLevelSequence
LogPluginManager: Mounting plugin NetcodeUnitTest
LogPluginManager: Mounting plugin NUTUnrealEngine4
LogPluginManager: Mounting plugin OnlineSubsystemGooglePlay
LogPluginManager: Mounting plugin OnlineSubsystemIOS
LogPluginManager: Mounting plugin OnlineSubsystem
LogPluginManager: Mounting plugin OnlineSubsystemNull
LogPluginManager: Mounting plugin OnlineSubsystemUtils
LogPluginManager: Mounting plugin LauncherChunkInstaller
LogPluginManager: Mounting plugin AndroidDeviceProfileSelector
LogPluginManager: Mounting plugin AndroidMoviePlayer
LogPluginManager: Mounting plugin AndroidPermission
LogPluginManager: Mounting plugin AppleImageUtils
LogPluginManager: Mounting plugin AppleMoviePlayer
LogPluginManager: Mounting plugin ArchVisCharacter
LogPluginManager: Mounting plugin AudioCapture
LogPluginManager: Mounting plugin CableComponent
LogPluginManager: Mounting plugin CustomMeshComponent
LogPluginManager: Mounting plugin EditableMesh
LogPluginManager: Mounting plugin ExampleDeviceProfileSelector
LogPluginManager: Mounting plugin GoogleCloudMessaging
LogPluginManager: Mounting plugin IOSDeviceProfileSelector
LogPluginManager: Mounting plugin LinuxDeviceProfileSelector
LogPluginManager: Mounting plugin LocationServicesBPLibrary
LogPluginManager: Mounting plugin MobilePatchingUtils
LogPluginManager: Mounting plugin OculusVR
LogPluginManager: Mounting plugin PhysXVehicles
LogPluginManager: Mounting plugin ProceduralMeshComponent
LogPluginManager: Mounting plugin RuntimePhysXCooking
LogPluginManager: Mounting plugin SignificanceManager
LogPluginManager: Mounting plugin SteamVR
LogPluginManager: Mounting plugin WebMMoviePlayer
LogPluginManager: Mounting plugin WindowsMoviePlayer
LogPluginManager: Mounting plugin ScreenshotTools
LogInit: Using libcurl 7.55.1-DEV
LogInit:  - built for x86_64-pc-win32
LogInit:  - supports SSL with OpenSSL/1.1.1
LogInit:  - supports HTTP deflate (compression) using libz 1.2.8
LogInit:  - other features:
LogInit:      CURL_VERSION_SSL
LogInit:      CURL_VERSION_LIBZ
LogInit:      CURL_VERSION_IPV6
LogInit:      CURL_VERSION_ASYNCHDNS
LogInit:      CURL_VERSION_LARGEFILE
LogInit:      CURL_VERSION_IDN
LogInit:  CurlRequestOptions (configurable via config and command line):
LogInit:  - bVerifyPeer = true  - Libcurl will verify peer certificate
LogInit:  - bUseHttpProxy = false  - Libcurl will NOT use HTTP proxy
LogInit:  - bDontReuseConnections = false  - Libcurl will reuse connections
LogInit:  - MaxHostConnections = 16  - Libcurl will limit the number of connections to a host
LogInit:  - LocalHostAddr = Default
LogInit:  - BufferSize = 65536
LogOnline: OSS: Creating online subsystem instance for: NULL
LogInit: WinSock: version 1.1 (2.2), MaxSocks=32767, MaxUdp=65467
LogInit: Build: ++UE4+Release-4.23-CL-8386587
LogInit: Engine Version: 4.23.0-8386587+++UE4+Release-4.23
LogInit: Compatible Engine Version: 4.23.0-8386587+++UE4+Release-4.23
LogInit: Net CL: 8386587
LogInit: OS: Windows 10 (Release 1903) (), CPU: Intel(R) Core(TM) i5-7300HQ CPU @ 2.50GHz, GPU: Intel(R) HD Graphics 630
LogInit: Compiled (64-bit): Aug 31 2019 02:04:44
LogInit: Compiled with Visual C++: 19.16.27030.01
LogInit: Build Configuration: Development
LogInit: Branch Name: ++UE4+Release-4.23
LogInit: Command Line: 
LogInit: Base Directory: C:/Program Files/Epic Games/UE_4.23/Engine/Binaries/Win64/
LogInit: Installed Engine Build: 1
LogDevObjectVersion: Number of dev versions registered: 23
LogDevObjectVersion:   Dev-Blueprints (B0D832E4-1F89-4F0D-ACCF-7EB736FD4AA2): 10
LogDevObjectVersion:   Dev-Build (E1C64328-A22C-4D53-A36C-8E866417BD8C): 0
LogDevObjectVersion:   Dev-Core (375EC13C-06E4-48FB-B500-84F0262A717E): 3
LogDevObjectVersion:   Dev-Editor (E4B068ED-F494-42E9-A231-DA0B2E46BB41): 34
LogDevObjectVersion:   Dev-Framework (CFFC743F-43B0-4480-9391-14DF171D2073): 35
LogDevObjectVersion:   Dev-Mobile (B02B49B5-BB20-44E9-A304-32B752E40360): 2
LogDevObjectVersion:   Dev-Networking (A4E4105C-59A1-49B5-A7C5-40C4547EDFEE): 0
LogDevObjectVersion:   Dev-Online (39C831C9-5AE6-47DC-9A44-9C173E1C8E7C): 0
LogDevObjectVersion:   Dev-Physics (78F01B33-EBEA-4F98-B9B4-84EACCB95AA2): 0
LogDevObjectVersion:   Dev-Platform (6631380F-2D4D-43E0-8009-CF276956A95A): 0
LogDevObjectVersion:   Dev-Rendering (12F88B9F-8875-4AFC-A67C-D90C383ABD29): 31
LogDevObjectVersion:   Dev-Sequencer (7B5AE74C-D270-4C10-A958-57980B212A5A): 11
LogDevObjectVersion:   Dev-VR (D7296918-1DD6-4BDD-9DE2-64A83CC13884): 2
LogDevObjectVersion:   Dev-LoadTimes (C2A15278-BFE7-4AFE-6C17-90FF531DF755): 1
LogDevObjectVersion:   Private-Geometry (6EACA3D4-40EC-4CC1-B786-8BED09428FC5): 3
LogDevObjectVersion:   Dev-AnimPhys (29E575DD-E0A3-4627-9D10-D276232CDCEA): 17
LogDevObjectVersion:   Dev-Anim (AF43A65D-7FD3-4947-9873-3E8ED9C1BB05): 2
LogDevObjectVersion:   Dev-ReflectionCapture (6B266CEC-1EC7-4B8F-A30B-E4D90942FC07): 1
LogDevObjectVersion:   Dev-Automation (0DF73D61-A23F-47EA-B727-89E90C41499A): 1
LogDevObjectVersion:   FortniteMain (601D1886-AC64-4F84-AA16-D3DE0DEAC7D6): 27
LogDevObjectVersion:   Dev-Enterprise (9DFFBCD6-494F-0158-E221-12823C92A888): 6
LogDevObjectVersion:   Dev-Niagara (F2AED0AC-9AFE-416F-8664-AA7FFA26D6FC): 1
LogDevObjectVersion:   Dev-Destruction (174F1F0B-B4C6-45A5-B13F-2EE8D0FB917D): 9
LogInit: Presizing for max 16777216 objects, including 0 objects not considered by GC, pre-allocating 0 bytes for permanent pool.
LogInit: Object subsystem initialized
LogConfig: Setting CVar [[con.DebugEarlyDefault:1]]
LogConfig: Setting CVar [[r.setres:1280x720]]
[2019.11.02-15.08.30:323][  0]LogConfig: Setting CVar [[r.VSync:0]]
[2019.11.02-15.08.30:323][  0]LogConfig: Setting CVar [[r.RHICmdBypass:0]]
[2019.11.02-15.08.30:323][  0]LogConfig: Applying CVar settings from Section [/Script/Engine.RendererSettings] File [C:/Users/Mikke/Documents/Unreal Projects/SanRockArt-repo/SanRockVR/Saved/Config/Windows/Engine.ini]
[2019.11.02-15.08.30:323][  0]LogConfig: Setting CVar [[r.GPUCrashDebugging:0]]
[2019.11.02-15.08.30:323][  0]LogConfig: Setting CVar [[r.MobileHDR:1]]
[2019.11.02-15.08.30:323][  0]LogConfig: Setting CVar [[r.Mobile.DisableVertexFog:1]]
[2019.11.02-15.08.30:323][  0]LogConfig: Setting CVar [[r.Shadow.CSM.MaxMobileCascades:2]]
[2019.11.02-15.08.30:323][  0]LogConfig: Setting CVar [[r.MobileMSAA:1]]
[2019.11.02-15.08.30:323][  0]LogConfig: Setting CVar [[r.Mobile.UseLegacyShadingModel:0]]
[2019.11.02-15.08.30:323][  0]LogConfig: Setting CVar [[r.Mobile.UseHWsRGBEncoding:1]]
[2019.11.02-15.08.30:323][  0]LogConfig: Setting CVar [[r.Mobile.AllowDitheredLODTransition:0]]
[2019.11.02-15.08.30:323][  0]LogConfig: Setting CVar [[r.Mobile.AllowSoftwareOcclusion:0]]
[2019.11.02-15.08.30:323][  0]LogConfig: Setting CVar [[r.DiscardUnusedQuality:0]]
[2019.11.02-15.08.30:323][  0]LogConfig: Setting CVar [[r.AllowOcclusionQueries:1]]
[2019.11.02-15.08.30:323][  0]LogConfig: Setting CVar [[r.MinScreenRadiusForLights:0.030000]]
[2019.11.02-15.08.30:323][  0]LogConfig: Setting CVar [[r.MinScreenRadiusForDepthPrepass:0.030000]]
[2019.11.02-15.08.30:323][  0]LogConfig: Setting CVar [[r.MinScreenRadiusForCSMDepth:0.010000]]
[2019.11.02-15.08.30:323][  0]LogConfig: Setting CVar [[r.PrecomputedVisibilityWarning:0]]
[2019.11.02-15.08.30:323][  0]LogConfig: Setting CVar [[r.TextureStreaming:1]]
[2019.11.02-15.08.30:323][  0]LogConfig: Setting CVar [[Compat.UseDXT5NormalMaps:0]]
[2019.11.02-15.08.30:323][  0]LogConfig: Setting CVar [[r.VirtualTextures:0]]
[2019.11.02-15.08.30:323][  0]LogConfig: Setting CVar [[r.VirtualTexturedLightmaps:0]]
[2019.11.02-15.08.30:323][  0]LogConfig: Setting CVar [[r.VT.TileSize:128]]
[2019.11.02-15.08.30:323][  0]LogConfig: Setting CVar [[r.VT.TileBorderSize:4]]
[2019.11.02-15.08.30:323][  0]LogConfig: Setting CVar [[r.vt.FeedbackFactor:16]]
[2019.11.02-15.08.30:323][  0]LogConfig: Setting CVar [[r.VT.EnableCompressZlib:1]]
[2019.11.02-15.08.30:323][  0]LogConfig: Setting CVar [[r.VT.EnableCompressCrunch:0]]
[2019.11.02-15.08.30:323][  0]LogConfig: Setting CVar [[r.ClearCoatNormal:0]]
[2019.11.02-15.08.30:323][  0]LogConfig: Setting CVar [[r.ReflectionCaptureResolution:128]]
[2019.11.02-15.08.30:323][  0]LogConfig: Setting CVar [[r.ReflectionEnvironmentLightmapMixBasedOnRoughness:1]]
[2019.11.02-15.08.30:323][  0]LogConfig: Setting CVar [[r.ForwardShading:0]]
[2019.11.02-15.08.30:323][  0]LogConfig: Setting CVar [[r.VertexFoggingForOpaque:1]]
[2019.11.02-15.08.30:323][  0]LogConfig: Setting CVar [[r.AllowStaticLighting:1]]
[2019.11.02-15.08.30:323][  0]LogConfig: Setting CVar [[r.NormalMapsForStaticLighting:0]]
[2019.11.02-15.08.30:323][  0]LogConfig: Setting CVar [[r.GenerateMeshDistanceFields:0]]
[2019.11.02-15.08.30:323][  0]LogConfig: Setting CVar [[r.DistanceFieldBuild.EightBit:0]]
[2019.11.02-15.08.30:323][  0]LogConfig: Setting CVar [[r.GenerateLandscapeGIData:0]]
[2019.11.02-15.08.30:323][  0]LogConfig: Setting CVar [[r.DistanceFieldBuild.Compress:0]]
[2019.11.02-15.08.30:323][  0]LogConfig: Setting CVar [[r.TessellationAdaptivePixelsPerTriangle:48.000000]]
[2019.11.02-15.08.30:323][  0]LogConfig: Setting CVar [[r.SeparateTranslucency:0]]
[2019.11.02-15.08.30:323][  0]LogConfig: Setting CVar [[r.TranslucentSortPolicy:0]]
[2019.11.02-15.08.30:323][  0]LogConfig: Setting CVar [[r.CustomDepth:1]]
[2019.11.02-15.08.30:323][  0]LogConfig: Setting CVar [[r.CustomDepthTemporalAAJitter:1]]
[2019.11.02-15.08.30:323][  0]LogConfig: Setting CVar [[r.PostProcessing.PropagateAlpha:0]]
[2019.11.02-15.08.30:323][  0]LogConfig: Setting CVar [[r.DefaultFeature.Bloom:1]]
[2019.11.02-15.08.30:323][  0]LogConfig: Setting CVar [[r.DefaultFeature.AmbientOcclusion:0]]
[2019.11.02-15.08.30:323][  0]LogConfig: Setting CVar [[r.DefaultFeature.AmbientOcclusionStaticFraction:1]]
[2019.11.02-15.08.30:324][  0]LogConfig: Setting CVar [[r.DefaultFeature.AutoExposure:0]]
[2019.11.02-15.08.30:324][  0]LogConfig: Setting CVar [[r.DefaultFeature.AutoExposure.Method:0]]
[2019.11.02-15.08.30:324][  0]LogConfig: Setting CVar [[r.DefaultFeature.AutoExposure.ExtendDefaultLuminanceRange:1]]
[2019.11.02-15.08.30:324][  0]LogConfig: Setting CVar [[r.UsePreExposure:1]]
[2019.11.02-15.08.30:324][  0]LogConfig: Setting CVar [[r.EyeAdaptation.EditorOnly:1]]
[2019.11.02-15.08.30:324][  0]LogConfig: Setting CVar [[r.DefaultFeature.MotionBlur:0]]
[2019.11.02-15.08.30:324][  0]LogConfig: Setting CVar [[r.DefaultFeature.LensFlare:0]]
[2019.11.02-15.08.30:324][  0]LogConfig: Setting CVar [[r.TemporalAA.Upsampling:0]]
[2019.11.02-15.08.30:324][  0]LogConfig: Setting CVar [[r.DefaultFeature.AntiAliasing:0]]
[2019.11.02-15.08.30:324][  0]LogConfig: Setting CVar [[r.DefaultFeature.LightUnits:1]]
[2019.11.02-15.08.30:324][  0]LogConfig: Setting CVar [[r.DefaultBackBufferPixelFormat:4]]
[2019.11.02-15.08.30:324][  0]LogConfig: Setting CVar [[r.Shadow.UnbuiltPreviewInGame:1]]
[2019.11.02-15.08.30:324][  0]LogConfig: Setting CVar [[r.StencilForLODDither:0]]
[2019.11.02-15.08.30:324][  0]LogConfig: Setting CVar [[r.EarlyZPass:3]]
[2019.11.02-15.08.30:324][  0]LogConfig: Setting CVar [[r.EarlyZPassOnlyMaterialMasking:0]]
[2019.11.02-15.08.30:324][  0]LogConfig: Setting CVar [[r.DBuffer:1]]
[2019.11.02-15.08.30:324][  0]LogConfig: Setting CVar [[r.ClearSceneMethod:1]]
[2019.11.02-15.08.30:324][  0]LogConfig: Setting CVar [[r.BasePassOutputsVelocity:0]]
[2019.11.02-15.08.30:324][  0]LogConfig: Setting CVar [[r.SelectiveBasePassOutputs:0]]
[2019.11.02-15.08.30:324][  0]LogConfig: Setting CVar [[fx.GPUSimulationTextureSizeX:1024]]
[2019.11.02-15.08.30:324][  0]LogConfig: Setting CVar [[fx.GPUSimulationTextureSizeY:1024]]
[2019.11.02-15.08.30:324][  0]LogConfig: Setting CVar [[r.AllowGlobalClipPlane:0]]
[2019.11.02-15.08.30:324][  0]LogConfig: Setting CVar [[r.GBufferFormat:1]]
[2019.11.02-15.08.30:324][  0]LogConfig: Setting CVar [[r.MorphTarget.Mode:1]]
[2019.11.02-15.08.30:324][  0]LogConfig: Setting CVar [[vr.InstancedStereo:0]]
[2019.11.02-15.08.30:324][  0]LogConfig: Setting CVar [[vr.MultiView:0]]
[2019.11.02-15.08.30:324][  0]LogConfig: Setting CVar [[vr.MobileMultiView:0]]
[2019.11.02-15.08.30:324][  0]LogConfig: Setting CVar [[vr.MobileMultiView.Direct:0]]
[2019.11.02-15.08.30:324][  0]LogConfig: Setting CVar [[vr.RoundRobinOcclusion:0]]
[2019.11.02-15.08.30:324][  0]LogConfig: Setting CVar [[vr.ODSCapture:0]]
[2019.11.02-15.08.30:324][  0]LogConfig: Setting CVar [[r.WireframeCullThreshold:5.000000]]
[2019.11.02-15.08.30:324][  0]LogConfig: Setting CVar [[r.RayTracing:0]]
[2019.11.02-15.08.30:324][  0]LogConfig: Setting CVar [[r.SupportStationarySkylight:1]]
[2019.11.02-15.08.30:324][  0]LogConfig: Setting CVar [[r.SupportLowQualityLightmaps:1]]
[2019.11.02-15.08.30:324][  0]LogConfig: Setting CVar [[r.SupportPointLightWholeSceneShadows:1]]
[2019.11.02-15.08.30:324][  0]LogConfig: Setting CVar [[r.SupportAtmosphericFog:1]]
[2019.11.02-15.08.30:324][  0]LogConfig: Setting CVar [[r.SkinCache.CompileShaders:0]]
[2019.11.02-15.08.30:324][  0]LogConfig: Setting CVar [[r.Mobile.EnableStaticAndCSMShadowReceivers:1]]
[2019.11.02-15.08.30:324][  0]LogConfig: Setting CVar [[r.Mobile.EnableMovableLightCSMShaderCulling:1]]
[2019.11.02-15.08.30:324][  0]LogConfig: Setting CVar [[r.Mobile.AllowDistanceFieldShadows:1]]
[2019.11.02-15.08.30:324][  0]LogConfig: Setting CVar [[r.Mobile.AllowMovableDirectionalLights:1]]
[2019.11.02-15.08.30:324][  0]LogConfig: Setting CVar [[r.MobileNumDynamicPointLights:4]]
[2019.11.02-15.08.30:324][  0]LogConfig: Setting CVar [[r.MobileDynamicPointLightsUseStaticBranch:1]]
[2019.11.02-15.08.30:324][  0]LogConfig: Setting CVar [[r.Mobile.EnableMovableSpotlights:0]]
[2019.11.02-15.08.30:324][  0]LogConfig: Setting CVar [[r.SkinCache.SceneMemoryLimitInMB:128.000000]]
[2019.11.02-15.08.30:324][  0]LogConfig: Setting CVar [[r.GPUSkin.Limit2BoneInfluences:0]]
[2019.11.02-15.08.30:324][  0]LogConfig: Setting CVar [[r.SupportDepthOnlyIndexBuffers:1]]
[2019.11.02-15.08.30:324][  0]LogConfig: Setting CVar [[r.SupportReversedIndexBuffers:1]]
[2019.11.02-15.08.30:324][  0]LogConfig: Setting CVar [[r.SupportMaterialLayers:0]]
[2019.11.02-15.08.30:324][  0]LogConfig: Applying CVar settings from Section [/Script/Engine.RendererOverrideSettings] File [C:/Users/Mikke/Documents/Unreal Projects/SanRockArt-repo/SanRockVR/Saved/Config/Windows/Engine.ini]
[2019.11.02-15.08.30:324][  0]LogConfig: Applying CVar settings from Section [/Script/Engine.StreamingSettings] File [C:/Users/Mikke/Documents/Unreal Projects/SanRockArt-repo/SanRockVR/Saved/Config/Windows/Engine.ini]
[2019.11.02-15.08.30:324][  0]LogConfig: Setting CVar [[s.MinBulkDataSizeForAsyncLoading:131072]]
[2019.11.02-15.08.30:324][  0]LogConfig: Setting CVar [[s.AsyncLoadingThreadEnabled:0]]
[2019.11.02-15.08.30:324][  0]LogConfig: Setting CVar [[s.EventDrivenLoaderEnabled:1]]
[2019.11.02-15.08.30:324][  0]LogConfig: Setting CVar [[s.WarnIfTimeLimitExceeded:0]]
[2019.11.02-15.08.30:324][  0]LogConfig: Setting CVar [[s.TimeLimitExceededMultiplier:1.5]]
[2019.11.02-15.08.30:324][  0]LogConfig: Setting CVar [[s.TimeLimitExceededMinTime:0.005]]
[2019.11.02-15.08.30:325][  0]LogConfig: Setting CVar [[s.UseBackgroundLevelStreaming:1]]
[2019.11.02-15.08.30:325][  0]LogConfig: Setting CVar [[s.PriorityAsyncLoadingExtraTime:15.0]]
[2019.11.02-15.08.30:325][  0]LogConfig: Setting CVar [[s.LevelStreamingActorsUpdateTimeLimit:5.0]]
[2019.11.02-15.08.30:325][  0]LogConfig: Setting CVar [[s.PriorityLevelStreamingActorsUpdateExtraTime:5.0]]
[2019.11.02-15.08.30:325][  0]LogConfig: Setting CVar [[s.LevelStreamingComponentsRegistrationGranularity:10]]
[2019.11.02-15.08.30:325][  0]LogConfig: Setting CVar [[s.UnregisterComponentsTimeLimit:1.0]]
[2019.11.02-15.08.30:325][  0]LogConfig: Setting CVar [[s.LevelStreamingComponentsUnregistrationGranularity:5]]
[2019.11.02-15.08.30:325][  0]LogConfig: Applying CVar settings from Section [/Script/Engine.GarbageCollectionSettings] File [C:/Users/Mikke/Documents/Unreal Projects/SanRockArt-repo/SanRockVR/Saved/Config/Windows/Engine.ini]
[2019.11.02-15.08.30:325][  0]LogConfig: Setting CVar [[gc.MaxObjectsNotConsideredByGC:1]]
[2019.11.02-15.08.30:325][  0]LogConfig: Setting CVar [[gc.SizeOfPermanentObjectPool:0]]
[2019.11.02-15.08.30:325][  0]LogConfig: Setting CVar [[gc.FlushStreamingOnGC:0]]
[2019.11.02-15.08.30:325][  0]LogConfig: Setting CVar [[gc.NumRetriesBeforeForcingGC:10]]
[2019.11.02-15.08.30:325][  0]LogConfig: Setting CVar [[gc.AllowParallelGC:1]]
[2019.11.02-15.08.30:325][  0]LogConfig: Setting CVar [[gc.TimeBetweenPurgingPendingKillObjects:61.1]]
[2019.11.02-15.08.30:325][  0]LogConfig: Setting CVar [[gc.MaxObjectsInEditor:16777216]]
[2019.11.02-15.08.30:325][  0]LogConfig: Setting CVar [[gc.IncrementalBeginDestroyEnabled:1]]
[2019.11.02-15.08.30:325][  0]LogConfig: Setting CVar [[gc.CreateGCClusters:1]]
[2019.11.02-15.08.30:325][  0]LogConfig: Setting CVar [[gc.MinGCClusterSize:5]]
[2019.11.02-15.08.30:325][  0]LogConfig: Setting CVar [[gc.ActorClusteringEnabled:0]]
[2019.11.02-15.08.30:325][  0]LogConfig: Setting CVar [[gc.BlueprintClusteringEnabled:0]]
[2019.11.02-15.08.30:325][  0]LogConfig: Setting CVar [[gc.UseDisregardForGCOnDedicatedServers:0]]
[2019.11.02-15.08.30:325][  0]LogConfig: Applying CVar settings from Section [/Script/Engine.NetworkSettings] File [C:/Users/Mikke/Documents/Unreal Projects/SanRockArt-repo/SanRockVR/Saved/Config/Windows/Engine.ini]
[2019.11.02-15.08.30:325][  0]LogConfig: Applying CVar settings from Section [/Script/UnrealEd.CookerSettings] File [C:/Users/Mikke/Documents/Unreal Projects/SanRockArt-repo/SanRockVR/Saved/Config/Windows/Engine.ini]
[2019.11.02-15.08.30:329][  0]LogConfig: Applying CVar settings from Section [ViewDistanceQuality@3] File [C:/Users/Mikke/Documents/Unreal Projects/SanRockArt-repo/SanRockVR/Saved/Config/Windows/Scalability.ini]
[2019.11.02-15.08.30:329][  0]LogConfig: Setting CVar [[r.SkeletalMeshLODBias:0]]
[2019.11.02-15.08.30:329][  0]LogConfig: Setting CVar [[r.ViewDistanceScale:1.0]]
[2019.11.02-15.08.30:329][  0]LogConfig: Applying CVar settings from Section [AntiAliasingQuality@3] File [C:/Users/Mikke/Documents/Unreal Projects/SanRockArt-repo/SanRockVR/Saved/Config/Windows/Scalability.ini]
[2019.11.02-15.08.30:329][  0]LogConfig: Setting CVar [[r.PostProcessAAQuality:4]]
[2019.11.02-15.08.30:329][  0]LogConfig: Applying CVar settings from Section [ShadowQuality@3] File [C:/Users/Mikke/Documents/Unreal Projects/SanRockArt-repo/SanRockVR/Saved/Config/Windows/Scalability.ini]
[2019.11.02-15.08.30:329][  0]LogConfig: Setting CVar [[r.LightFunctionQuality:1]]
[2019.11.02-15.08.30:329][  0]LogConfig: Setting CVar [[r.ShadowQuality:5]]
[2019.11.02-15.08.30:329][  0]LogConfig: Setting CVar [[r.Shadow.CSM.MaxCascades:10]]
[2019.11.02-15.08.30:329][  0]LogConfig: Setting CVar [[r.Shadow.MaxResolution:2048]]
[2019.11.02-15.08.30:329][  0]LogConfig: Setting CVar [[r.Shadow.MaxCSMResolution:2048]]
[2019.11.02-15.08.30:329][  0]LogConfig: Setting CVar [[r.Shadow.RadiusThreshold:0.01]]
[2019.11.02-15.08.30:329][  0]LogConfig: Setting CVar [[r.Shadow.DistanceScale:1.0]]
[2019.11.02-15.08.30:329][  0]LogConfig: Setting CVar [[r.Shadow.CSM.TransitionScale:1.0]]
[2019.11.02-15.08.30:329][  0]LogConfig: Setting CVar [[r.Shadow.PreShadowResolutionFactor:1.0]]
[2019.11.02-15.08.30:329][  0]LogConfig: Setting CVar [[r.DistanceFieldShadowing:1]]
[2019.11.02-15.08.30:329][  0]LogConfig: Setting CVar [[r.DistanceFieldAO:1]]
[2019.11.02-15.08.30:329][  0]LogConfig: Setting CVar [[r.AOQuality:2]]
[2019.11.02-15.08.30:329][  0]LogConfig: Setting CVar [[r.VolumetricFog:1]]
[2019.11.02-15.08.30:329][  0]LogConfig: Setting CVar [[r.VolumetricFog.GridPixelSize:8]]
[2019.11.02-15.08.30:329][  0]LogConfig: Setting CVar [[r.VolumetricFog.GridSizeZ:128]]
[2019.11.02-15.08.30:329][  0]LogConfig: Setting CVar [[r.VolumetricFog.HistoryMissSupersampleCount:4]]
[2019.11.02-15.08.30:329][  0]LogConfig: Setting CVar [[r.LightMaxDrawDistanceScale:1]]
[2019.11.02-15.08.30:329][  0]LogConfig: Setting CVar [[r.CapsuleShadows:1]]
[2019.11.02-15.08.30:329][  0]LogConfig: Applying CVar settings from Section [PostProcessQuality@3] File [C:/Users/Mikke/Documents/Unreal Projects/SanRockArt-repo/SanRockVR/Saved/Config/Windows/Scalability.ini]
[2019.11.02-15.08.30:329][  0]LogConfig: Setting CVar [[r.MotionBlurQuality:4]]
[2019.11.02-15.08.30:329][  0]LogConfig: Setting CVar [[r.AmbientOcclusionMipLevelFactor:0.4]]
[2019.11.02-15.08.30:329][  0]LogConfig: Setting CVar [[r.AmbientOcclusionMaxQuality:100]]
[2019.11.02-15.08.30:329][  0]LogConfig: Setting CVar [[r.AmbientOcclusionLevels:-1]]
[2019.11.02-15.08.30:329][  0]LogConfig: Setting CVar [[r.AmbientOcclusionRadiusScale:1.0]]
[2019.11.02-15.08.30:329][  0]LogConfig: Setting CVar [[r.DepthOfFieldQuality:2]]
[2019.11.02-15.08.30:329][  0]LogConfig: Setting CVar [[r.RenderTargetPoolMin:400]]
[2019.11.02-15.08.30:329][  0]LogConfig: Setting CVar [[r.LensFlareQuality:2]]
[2019.11.02-15.08.30:329][  0]LogConfig: Setting CVar [[r.SceneColorFringeQuality:1]]
[2019.11.02-15.08.30:329][  0]LogConfig: Setting CVar [[r.EyeAdaptationQuality:2]]
[2019.11.02-15.08.30:329][  0]LogConfig: Setting CVar [[r.BloomQuality:5]]
[2019.11.02-15.08.30:330][  0]LogConfig: Setting CVar [[r.FastBlurThreshold:100]]
[2019.11.02-15.08.30:330][  0]LogConfig: Setting CVar [[r.Upscale.Quality:3]]
[2019.11.02-15.08.30:330][  0]LogConfig: Setting CVar [[r.Tonemapper.GrainQuantization:1]]
[2019.11.02-15.08.30:330][  0]LogConfig: Setting CVar [[r.LightShaftQuality:1]]
[2019.11.02-15.08.30:330][  0]LogConfig: Setting CVar [[r.Filter.SizeScale:1]]
[2019.11.02-15.08.30:330][  0]LogConfig: Setting CVar [[r.Tonemapper.Quality:5]]
[2019.11.02-15.08.30:330][  0]LogConfig: Setting CVar [[r.DOF.Gather.AccumulatorQuality:1        ; higher gathering accumulator quality]]
[2019.11.02-15.08.30:330][  0]LogConfig: Setting CVar [[r.DOF.Gather.PostfilterMethod:1          ; Median3x3 postfilering method]]
[2019.11.02-15.08.30:330][  0]LogConfig: Setting CVar [[r.DOF.Gather.EnableBokehSettings:0       ; no bokeh simulation when gathering]]
[2019.11.02-15.08.30:330][  0]LogConfig: Setting CVar [[r.DOF.Gather.RingCount:4                 ; medium number of samples when gathering]]
[2019.11.02-15.08.30:330][  0]LogConfig: Setting CVar [[r.DOF.Scatter.ForegroundCompositing:1    ; additive foreground scattering]]
[2019.11.02-15.08.30:330][  0]LogConfig: Setting CVar [[r.DOF.Scatter.BackgroundCompositing:2    ; additive background scattering]]
[2019.11.02-15.08.30:330][  0]LogConfig: Setting CVar [[r.DOF.Scatter.EnableBokehSettings:1      ; bokeh simulation when scattering]]
[2019.11.02-15.08.30:330][  0]LogConfig: Setting CVar [[r.DOF.Scatter.MaxSpriteRatio:0.1         ; only a maximum of 10% of scattered bokeh]]
[2019.11.02-15.08.30:330][  0]LogConfig: Setting CVar [[r.DOF.Recombine.Quality:1                ; cheap slight out of focus]]
[2019.11.02-15.08.30:330][  0]LogConfig: Setting CVar [[r.DOF.Recombine.EnableBokehSettings:0    ; no bokeh simulation on slight out of focus]]
[2019.11.02-15.08.30:330][  0]LogConfig: Setting CVar [[r.DOF.TemporalAAQuality:1                ; more stable temporal accumulation]]
[2019.11.02-15.08.30:330][  0]LogConfig: Setting CVar [[r.DOF.Kernel.MaxForegroundRadius:0.025]]
[2019.11.02-15.08.30:330][  0]LogConfig: Setting CVar [[r.DOF.Kernel.MaxBackgroundRadius:0.025]]
[2019.11.02-15.08.30:330][  0]LogConfig: Applying CVar settings from Section [TextureQuality@3] File [C:/Users/Mikke/Documents/Unreal Projects/SanRockArt-repo/SanRockVR/Saved/Config/Windows/Scalability.ini]
[2019.11.02-15.08.30:330][  0]LogConfig: Setting CVar [[r.Streaming.MipBias:0]]
[2019.11.02-15.08.30:330][  0]LogConfig: Setting CVar [[r.Streaming.AmortizeCPUToGPUCopy:0]]
[2019.11.02-15.08.30:330][  0]LogConfig: Setting CVar [[r.Streaming.MaxNumTexturesToStreamPerFrame:0]]
[2019.11.02-15.08.30:330][  0]LogConfig: Setting CVar [[r.Streaming.Boost:1]]
[2019.11.02-15.08.30:330][  0]LogConfig: Setting CVar [[r.MaxAnisotropy:8]]
[2019.11.02-15.08.30:330][  0]LogConfig: Setting CVar [[r.Streaming.LimitPoolSizeToVRAM:0]]
[2019.11.02-15.08.30:330][  0]LogConfig: Setting CVar [[r.Streaming.PoolSize:1000]]
[2019.11.02-15.08.30:330][  0]LogConfig: Setting CVar [[r.Streaming.MaxEffectiveScreenSize:0]]
[2019.11.02-15.08.30:330][  0]LogConfig: Applying CVar settings from Section [EffectsQuality@3] File [C:/Users/Mikke/Documents/Unreal Projects/SanRockArt-repo/SanRockVR/Saved/Config/Windows/Scalability.ini]
[2019.11.02-15.08.30:330][  0]LogConfig: Setting CVar [[r.TranslucencyLightingVolumeDim:64]]
[2019.11.02-15.08.30:330][  0]LogConfig: Setting CVar [[r.RefractionQuality:2]]
[2019.11.02-15.08.30:330][  0]LogConfig: Setting CVar [[r.SSR.Quality:3]]
[2019.11.02-15.08.30:330][  0]LogConfig: Setting CVar [[r.SceneColorFormat:4]]
[2019.11.02-15.08.30:330][  0]LogConfig: Setting CVar [[r.DetailMode:2]]
[2019.11.02-15.08.30:330][  0]LogConfig: Setting CVar [[r.TranslucencyVolumeBlur:1]]
[2019.11.02-15.08.30:330][  0]LogConfig: Setting CVar [[r.MaterialQualityLevel:1 ; High quality]]
[2019.11.02-15.08.30:330][  0]LogConfig: Setting CVar [[r.SSS.Scale:1]]
[2019.11.02-15.08.30:330][  0]LogConfig: Setting CVar [[r.SSS.SampleSet:2]]
[2019.11.02-15.08.30:330][  0]LogConfig: Setting CVar [[r.SSS.Quality:1]]
[2019.11.02-15.08.30:330][  0]LogConfig: Setting CVar [[r.SSS.HalfRes:1]]
[2019.11.02-15.08.30:330][  0]LogConfig: Setting CVar [[r.EmitterSpawnRateScale:1.0]]
[2019.11.02-15.08.30:330][  0]LogConfig: Setting CVar [[r.ParticleLightQuality:2]]
[2019.11.02-15.08.30:330][  0]LogConfig: Applying CVar settings from Section [FoliageQuality@3] File [C:/Users/Mikke/Documents/Unreal Projects/SanRockArt-repo/SanRockVR/Saved/Config/Windows/Scalability.ini]
[2019.11.02-15.08.30:330][  0]LogConfig: Setting CVar [[foliage.DensityScale:1.0]]
[2019.11.02-15.08.30:330][  0]LogConfig: Setting CVar [[grass.DensityScale:1.0]]
[2019.11.02-15.08.30:330][  0]LogInit: Selected Device Profile: [Windows]
[2019.11.02-15.08.30:330][  0]LogInit: Applying CVar settings loaded from the selected device profile: [Windows]
[2019.11.02-15.08.30:342][  0]LogHAL: Display: Platform has ~ 8 GB [8469581824 / 8589934592 / 8], which maps to Default [LargestMinGB=32, LargerMinGB=12, DefaultMinGB=8, SmallerMinGB=6, SmallestMinGB=0)
[2019.11.02-15.08.30:342][  0]LogInit: Going up to parent DeviceProfile []
[2019.11.02-15.08.30:342][  0]LogConfig: Applying CVar settings from Section [ViewDistanceQuality@3] File [C:/Users/Mikke/Documents/Unreal Projects/SanRockArt-repo/SanRockVR/Saved/Config/Windows/Scalability.ini]
[2019.11.02-15.08.30:342][  0]LogConfig: Setting CVar [[r.SkeletalMeshLODBias:0]]
[2019.11.02-15.08.30:342][  0]LogConfig: Setting CVar [[r.ViewDistanceScale:1.0]]
[2019.11.02-15.08.30:342][  0]LogConfig: Applying CVar settings from Section [AntiAliasingQuality@3] File [C:/Users/Mikke/Documents/Unreal Projects/SanRockArt-repo/SanRockVR/Saved/Config/Windows/Scalability.ini]
[2019.11.02-15.08.30:342][  0]LogConfig: Setting CVar [[r.PostProcessAAQuality:4]]
[2019.11.02-15.08.30:342][  0]LogConfig: Applying CVar settings from Section [ShadowQuality@3] File [C:/Users/Mikke/Documents/Unreal Projects/SanRockArt-repo/SanRockVR/Saved/Config/Windows/Scalability.ini]
[2019.11.02-15.08.30:342][  0]LogConfig: Setting CVar [[r.LightFunctionQuality:1]]
[2019.11.02-15.08.30:342][  0]LogConfig: Setting CVar [[r.ShadowQuality:5]]
[2019.11.02-15.08.30:342][  0]LogConfig: Setting CVar [[r.Shadow.CSM.MaxCascades:10]]
[2019.11.02-15.08.30:342][  0]LogConfig: Setting CVar [[r.Shadow.MaxResolution:2048]]
[2019.11.02-15.08.30:342][  0]LogConfig: Setting CVar [[r.Shadow.MaxCSMResolution:2048]]
[2019.11.02-15.08.30:342][  0]LogConfig: Setting CVar [[r.Shadow.RadiusThreshold:0.01]]
[2019.11.02-15.08.30:342][  0]LogConfig: Setting CVar [[r.Shadow.DistanceScale:1.0]]
[2019.11.02-15.08.30:342][  0]LogConfig: Setting CVar [[r.Shadow.CSM.TransitionScale:1.0]]
[2019.11.02-15.08.30:342][  0]LogConfig: Setting CVar [[r.Shadow.PreShadowResolutionFactor:1.0]]
[2019.11.02-15.08.30:343][  0]LogConfig: Setting CVar [[r.DistanceFieldShadowing:1]]
[2019.11.02-15.08.30:343][  0]LogConfig: Setting CVar [[r.DistanceFieldAO:1]]
[2019.11.02-15.08.30:343][  0]LogConfig: Setting CVar [[r.AOQuality:2]]
[2019.11.02-15.08.30:343][  0]LogConfig: Setting CVar [[r.VolumetricFog:1]]
[2019.11.02-15.08.30:343][  0]LogConfig: Setting CVar [[r.VolumetricFog.GridPixelSize:8]]
[2019.11.02-15.08.30:343][  0]LogConfig: Setting CVar [[r.VolumetricFog.GridSizeZ:128]]
[2019.11.02-15.08.30:343][  0]LogConfig: Setting CVar [[r.VolumetricFog.HistoryMissSupersampleCount:4]]
[2019.11.02-15.08.30:343][  0]LogConfig: Setting CVar [[r.LightMaxDrawDistanceScale:1]]
[2019.11.02-15.08.30:343][  0]LogConfig: Setting CVar [[r.CapsuleShadows:1]]
[2019.11.02-15.08.30:343][  0]LogConfig: Applying CVar settings from Section [PostProcessQuality@3] File [C:/Users/Mikke/Documents/Unreal Projects/SanRockArt-repo/SanRockVR/Saved/Config/Windows/Scalability.ini]
[2019.11.02-15.08.30:343][  0]LogConfig: Setting CVar [[r.MotionBlurQuality:4]]
[2019.11.02-15.08.30:343][  0]LogConfig: Setting CVar [[r.AmbientOcclusionMipLevelFactor:0.4]]
[2019.11.02-15.08.30:343][  0]LogConfig: Setting CVar [[r.AmbientOcclusionMaxQuality:100]]
[2019.11.02-15.08.30:343][  0]LogConfig: Setting CVar [[r.AmbientOcclusionLevels:-1]]
[2019.11.02-15.08.30:343][  0]LogConfig: Setting CVar [[r.AmbientOcclusionRadiusScale:1.0]]
[2019.11.02-15.08.30:343][  0]LogConfig: Setting CVar [[r.DepthOfFieldQuality:2]]
[2019.11.02-15.08.30:343][  0]LogConfig: Setting CVar [[r.RenderTargetPoolMin:400]]
[2019.11.02-15.08.30:343][  0]LogConfig: Setting CVar [[r.LensFlareQuality:2]]
[2019.11.02-15.08.30:343][  0]LogConfig: Setting CVar [[r.SceneColorFringeQuality:1]]
[2019.11.02-15.08.30:343][  0]LogConfig: Setting CVar [[r.EyeAdaptationQuality:2]]
[2019.11.02-15.08.30:343][  0]LogConfig: Setting CVar [[r.BloomQuality:5]]
[2019.11.02-15.08.30:343][  0]LogConfig: Setting CVar [[r.FastBlurThreshold:100]]
[2019.11.02-15.08.30:343][  0]LogConfig: Setting CVar [[r.Upscale.Quality:3]]
[2019.11.02-15.08.30:343][  0]LogConfig: Setting CVar [[r.Tonemapper.GrainQuantization:1]]
[2019.11.02-15.08.30:343][  0]LogConfig: Setting CVar [[r.LightShaftQuality:1]]
[2019.11.02-15.08.30:343][  0]LogConfig: Setting CVar [[r.Filter.SizeScale:1]]
[2019.11.02-15.08.30:343][  0]LogConfig: Setting CVar [[r.Tonemapper.Quality:5]]
[2019.11.02-15.08.30:343][  0]LogConfig: Setting CVar [[r.DOF.Gather.AccumulatorQuality:1        ; higher gathering accumulator quality]]
[2019.11.02-15.08.30:343][  0]LogConfig: Setting CVar [[r.DOF.Gather.PostfilterMethod:1          ; Median3x3 postfilering method]]
[2019.11.02-15.08.30:343][  0]LogConfig: Setting CVar [[r.DOF.Gather.EnableBokehSettings:0       ; no bokeh simulation when gathering]]
[2019.11.02-15.08.30:343][  0]LogConfig: Setting CVar [[r.DOF.Gather.RingCount:4                 ; medium number of samples when gathering]]
[2019.11.02-15.08.30:343][  0]LogConfig: Setting CVar [[r.DOF.Scatter.ForegroundCompositing:1    ; additive foreground scattering]]
[2019.11.02-15.08.30:343][  0]LogConfig: Setting CVar [[r.DOF.Scatter.BackgroundCompositing:2    ; additive background scattering]]
[2019.11.02-15.08.30:343][  0]LogConfig: Setting CVar [[r.DOF.Scatter.EnableBokehSettings:1      ; bokeh simulation when scattering]]
[2019.11.02-15.08.30:343][  0]LogConfig: Setting CVar [[r.DOF.Scatter.MaxSpriteRatio:0.1         ; only a maximum of 10% of scattered bokeh]]
[2019.11.02-15.08.30:343][  0]LogConfig: Setting CVar [[r.DOF.Recombine.Quality:1                ; cheap slight out of focus]]
[2019.11.02-15.08.30:343][  0]LogConfig: Setting CVar [[r.DOF.Recombine.EnableBokehSettings:0    ; no bokeh simulation on slight out of focus]]
[2019.11.02-15.08.30:343][  0]LogConfig: Setting CVar [[r.DOF.TemporalAAQuality:1                ; more stable temporal accumulation]]
[2019.11.02-15.08.30:343][  0]LogConfig: Setting CVar [[r.DOF.Kernel.MaxForegroundRadius:0.025]]
[2019.11.02-15.08.30:343][  0]LogConfig: Setting CVar [[r.DOF.Kernel.MaxBackgroundRadius:0.025]]
[2019.11.02-15.08.30:343][  0]LogConfig: Applying CVar settings from Section [TextureQuality@3] File [C:/Users/Mikke/Documents/Unreal Projects/SanRockArt-repo/SanRockVR/Saved/Config/Windows/Scalability.ini]
[2019.11.02-15.08.30:343][  0]LogConfig: Setting CVar [[r.Streaming.MipBias:0]]
[2019.11.02-15.08.30:343][  0]LogConfig: Setting CVar [[r.Streaming.AmortizeCPUToGPUCopy:0]]
[2019.11.02-15.08.30:343][  0]LogConfig: Setting CVar [[r.Streaming.MaxNumTexturesToStreamPerFrame:0]]
[2019.11.02-15.08.30:343][  0]LogConfig: Setting CVar [[r.Streaming.Boost:1]]
[2019.11.02-15.08.30:343][  0]LogConfig: Setting CVar [[r.MaxAnisotropy:8]]
[2019.11.02-15.08.30:343][  0]LogConfig: Setting CVar [[r.Streaming.LimitPoolSizeToVRAM:0]]
[2019.11.02-15.08.30:343][  0]LogConfig: Setting CVar [[r.Streaming.PoolSize:1000]]
[2019.11.02-15.08.30:343][  0]LogConfig: Setting CVar [[r.Streaming.MaxEffectiveScreenSize:0]]
[2019.11.02-15.08.30:343][  0]LogConfig: Applying CVar settings from Section [EffectsQuality@3] File [C:/Users/Mikke/Documents/Unreal Projects/SanRockArt-repo/SanRockVR/Saved/Config/Windows/Scalability.ini]
[2019.11.02-15.08.30:343][  0]LogConfig: Setting CVar [[r.TranslucencyLightingVolumeDim:64]]
[2019.11.02-15.08.30:343][  0]LogConfig: Setting CVar [[r.RefractionQuality:2]]
[2019.11.02-15.08.30:343][  0]LogConfig: Setting CVar [[r.SSR.Quality:3]]
[2019.11.02-15.08.30:343][  0]LogConfig: Setting CVar [[r.SceneColorFormat:4]]
[2019.11.02-15.08.30:343][  0]LogConfig: Setting CVar [[r.DetailMode:2]]
[2019.11.02-15.08.30:343][  0]LogConfig: Setting CVar [[r.TranslucencyVolumeBlur:1]]
[2019.11.02-15.08.30:343][  0]LogConfig: Setting CVar [[r.MaterialQualityLevel:1 ; High quality]]
[2019.11.02-15.08.30:343][  0]LogConfig: Setting CVar [[r.SSS.Scale:1]]
[2019.11.02-15.08.30:343][  0]LogConfig: Setting CVar [[r.SSS.SampleSet:2]]
[2019.11.02-15.08.30:344][  0]LogConfig: Setting CVar [[r.SSS.Quality:1]]
[2019.11.02-15.08.30:344][  0]LogConfig: Setting CVar [[r.SSS.HalfRes:1]]
[2019.11.02-15.08.30:344][  0]LogConfig: Setting CVar [[r.EmitterSpawnRateScale:1.0]]
[2019.11.02-15.08.30:344][  0]LogConfig: Setting CVar [[r.ParticleLightQuality:2]]
[2019.11.02-15.08.30:344][  0]LogConfig: Applying CVar settings from Section [FoliageQuality@3] File [C:/Users/Mikke/Documents/Unreal Projects/SanRockArt-repo/SanRockVR/Saved/Config/Windows/Scalability.ini]
[2019.11.02-15.08.30:344][  0]LogConfig: Setting CVar [[foliage.DensityScale:1.0]]
[2019.11.02-15.08.30:344][  0]LogConfig: Setting CVar [[grass.DensityScale:1.0]]
[2019.11.02-15.08.30:344][  0]LogConfig: Applying CVar settings from Section [Startup] File [../../../Engine/Config/ConsoleVariables.ini]
[2019.11.02-15.08.30:350][  0]LogConfig: Setting CVar [[net.UseAdaptiveNetUpdateFrequency:0]]
[2019.11.02-15.08.30:351][  0]LogConfig: Setting CVar [[p.chaos.AllowCreatePhysxBodies:1]]
[2019.11.02-15.08.30:351][  0]LogConfig: Applying CVar settings from Section [ConsoleVariables] File [C:/Users/Mikke/Documents/Unreal Projects/SanRockArt-repo/SanRockVR/Saved/Config/Windows/Engine.ini]
[2019.11.02-15.08.30:351][  0]LogInit: Computer: LAPTOP-JJ1D6O3U
[2019.11.02-15.08.30:351][  0]LogInit: User: Mikke
[2019.11.02-15.08.30:351][  0]LogInit: CPU Page size=4096, Cores=4
[2019.11.02-15.08.30:351][  0]LogInit: High frequency timer resolution =10.000000 MHz
[2019.11.02-15.08.30:351][  0]LogMemory: Memory total: Physical=7.9GB (8GB approx)
[2019.11.02-15.08.30:352][  0]LogMemory: Platform Memory Stats for Windows
[2019.11.02-15.08.30:352][  0]LogMemory: Process Physical Memory: 100.96 MB used, 100.96 MB peak
[2019.11.02-15.08.30:352][  0]LogMemory: Process Virtual Memory: 104.26 MB used, 104.26 MB peak
[2019.11.02-15.08.30:352][  0]LogMemory: Physical Memory: 3968.94 MB used,  4108.29 MB free, 8077.22 MB total
[2019.11.02-15.08.30:352][  0]LogMemory: Virtual Memory: 4659.43 MB used,  134213072.00 MB free, 134217728.00 MB total
[2019.11.02-15.08.30:356][  0]LogWindows: WindowsPlatformFeatures enabled
[2019.11.02-15.08.30:439][  0]LogInit: Using OS detected language (en-GB).
[2019.11.02-15.08.30:439][  0]LogInit: Using OS detected locale (en-DK).
[2019.11.02-15.08.30:440][  0]LogTextLocalizationManager: No specific localization for 'en-GB' exists, so the 'en' localization will be used.
[2019.11.02-15.08.30:795][  0]LogInit: Setting process to per monitor DPI aware
[2019.11.02-15.08.30:848][  0]LogSlate: New Slate User Created.  User Index 0, Is Virtual User: 0
[2019.11.02-15.08.30:848][  0]LogSlate: Slate User Registered.  User Index 0, Is Virtual User: 0
[2019.11.02-15.08.33:881][  0]LogHMD: Failed to initialize OpenVR with code 108
[2019.11.02-15.08.33:881][  0]LogD3D11RHI: D3D11 adapters:
[2019.11.02-15.08.34:018][  0]LogD3D11RHI:    0. 'NVIDIA GeForce GTX 1050' (Feature Level 11_0)
[2019.11.02-15.08.34:018][  0]LogD3D11RHI:       1977/0/4038 MB DedicatedVideo/DedicatedSystem/SharedSystem, Outputs:1, VendorId:0x10de
[2019.11.02-15.08.34:036][  0]LogD3D11RHI:    1. 'Intel(R) HD Graphics 630' (Feature Level 11_0)
[2019.11.02-15.08.34:036][  0]LogD3D11RHI:       128/0/4038 MB DedicatedVideo/DedicatedSystem/SharedSystem, Outputs:0, VendorId:0x8086
[2019.11.02-15.08.34:040][  0]LogD3D11RHI:    2. 'Microsoft Basic Render Driver' (Feature Level 11_0)
[2019.11.02-15.08.34:040][  0]LogD3D11RHI:       0/0/4038 MB DedicatedVideo/DedicatedSystem/SharedSystem, Outputs:0, VendorId:0x1414
[2019.11.02-15.08.34:040][  0]LogD3D11RHI: Chosen D3D11 Adapter: 0
[2019.11.02-15.08.34:076][  0]LogD3D11RHI: Creating new Direct3DDevice
[2019.11.02-15.08.34:076][  0]LogD3D11RHI:     GPU DeviceId: 0x1c8d (for the marketing name, search the web for "GPU Device Id")
[2019.11.02-15.08.34:076][  0]LogWindows: EnumDisplayDevices:
[2019.11.02-15.08.34:077][  0]LogWindows:    0. 'Intel(R) HD Graphics 630' (P:1 D:1)
[2019.11.02-15.08.34:077][  0]LogWindows:    1. 'Intel(R) HD Graphics 630' (P:0 D:0)
[2019.11.02-15.08.34:077][  0]LogWindows:    2. 'Intel(R) HD Graphics 630' (P:0 D:0)
[2019.11.02-15.08.34:078][  0]LogWindows:    3. 'NVIDIA GeForce GTX 1050' (P:0 D:0)
[2019.11.02-15.08.34:078][  0]LogWindows: DebugString: PrimaryIsNotTheChoosenAdapter PrimaryIsNotTheChoosenAdapter PrimaryIsNotTheChoosenAdapter 
[2019.11.02-15.08.34:078][  0]LogD3D11RHI:     Adapter Name: NVIDIA GeForce GTX 1050
[2019.11.02-15.08.34:078][  0]LogD3D11RHI:   Driver Version: 422.02 (internal:25.21.14.2202, unified:422.02)
[2019.11.02-15.08.34:078][  0]LogD3D11RHI:      Driver Date: 4-6-2019
[2019.11.02-15.08.34:078][  0]LogRHI: Texture pool is 1384 MB (70% of 1977 MB)
[2019.11.02-15.08.34:127][  0]LogD3D11RHI: Async texture creation enabled
[2019.11.02-15.08.34:149][  0]LogD3D11RHI: GPU Timing Frequency: 1000.000000 (Debug: 2 2)
[2019.11.02-15.08.34:555][  0]LogTemp: Display: Module 'AllDesktopTargetPlatform' loaded TargetPlatform 'AllDesktop'
[2019.11.02-15.08.34:567][  0]LogTemp: Display: Module 'MacClientTargetPlatform' loaded TargetPlatform 'MacClient'
[2019.11.02-15.08.34:579][  0]LogTemp: Display: Module 'MacNoEditorTargetPlatform' loaded TargetPlatform 'MacNoEditor'
[2019.11.02-15.08.34:591][  0]LogTemp: Display: Module 'MacServerTargetPlatform' loaded TargetPlatform 'MacServer'
[2019.11.02-15.08.34:604][  0]LogTemp: Display: Module 'MacTargetPlatform' loaded TargetPlatform 'Mac'
[2019.11.02-15.08.34:616][  0]LogTemp: Display: Module 'WindowsClientTargetPlatform' loaded TargetPlatform 'WindowsClient'
[2019.11.02-15.08.34:628][  0]LogTemp: Display: Module 'WindowsNoEditorTargetPlatform' loaded TargetPlatform 'WindowsNoEditor'
[2019.11.02-15.08.34:640][  0]LogTemp: Display: Module 'WindowsServerTargetPlatform' loaded TargetPlatform 'WindowsServer'
[2019.11.02-15.08.34:646][  0]LogTemp: Display: Module 'WindowsTargetPlatform' loaded TargetPlatform 'Windows'
[2019.11.02-15.08.34:690][  0]LogTemp: Display: Module 'AndroidTargetPlatform' loaded TargetPlatform 'Android'
[2019.11.02-15.08.34:690][  0]LogTemp: Display: Module 'AndroidTargetPlatform' loaded TargetPlatform 'Android_ASTC'
[2019.11.02-15.08.34:690][  0]LogTemp: Display: Module 'AndroidTargetPlatform' loaded TargetPlatform 'Android_ATC'
[2019.11.02-15.08.34:690][  0]LogTemp: Display: Module 'AndroidTargetPlatform' loaded TargetPlatform 'Android_DXT'
[2019.11.02-15.08.34:690][  0]LogTemp: Display: Module 'AndroidTargetPlatform' loaded TargetPlatform 'Android_ETC1'
[2019.11.02-15.08.34:690][  0]LogTemp: Display: Module 'AndroidTargetPlatform' loaded TargetPlatform 'Android_ETC1a'
[2019.11.02-15.08.34:690][  0]LogTemp: Display: Module 'AndroidTargetPlatform' loaded TargetPlatform 'Android_ETC2'
[2019.11.02-15.08.34:690][  0]LogTemp: Display: Module 'AndroidTargetPlatform' loaded TargetPlatform 'Android_PVRTC'
[2019.11.02-15.08.34:690][  0]LogTemp: Display: Module 'AndroidTargetPlatform' loaded TargetPlatform 'AndroidClient'
[2019.11.02-15.08.34:690][  0]LogTemp: Display: Module 'AndroidTargetPlatform' loaded TargetPlatform 'Android_ASTCClient'
[2019.11.02-15.08.34:690][  0]LogTemp: Display: Module 'AndroidTargetPlatform' loaded TargetPlatform 'Android_ATCClient'
[2019.11.02-15.08.34:690][  0]LogTemp: Display: Module 'AndroidTargetPlatform' loaded TargetPlatform 'Android_DXTClient'
[2019.11.02-15.08.34:690][  0]LogTemp: Display: Module 'AndroidTargetPlatform' loaded TargetPlatform 'Android_ETC1Client'
[2019.11.02-15.08.34:690][  0]LogTemp: Display: Module 'AndroidTargetPlatform' loaded TargetPlatform 'Android_ETC1aClient'
[2019.11.02-15.08.34:690][  0]LogTemp: Display: Module 'AndroidTargetPlatform' loaded TargetPlatform 'Android_ETC2Client'
[2019.11.02-15.08.34:690][  0]LogTemp: Display: Module 'AndroidTargetPlatform' loaded TargetPlatform 'Android_PVRTCClient'
[2019.11.02-15.08.34:690][  0]LogTemp: Display: Module 'AndroidTargetPlatform' loaded TargetPlatform 'Android_Multi'
[2019.11.02-15.08.34:690][  0]LogTemp: Display: Module 'AndroidTargetPlatform' loaded TargetPlatform 'Android_MultiClient'
[2019.11.02-15.08.34:693][  0]LogTemp: Display: Module 'HTML5TargetPlatform' loaded TargetPlatform 'HTML5'
[2019.11.02-15.08.34:718][  0]LogTemp: Display: Module 'IOSTargetPlatform' loaded TargetPlatform 'IOSClient'
[2019.11.02-15.08.34:718][  0]LogTemp: Display: Module 'IOSTargetPlatform' loaded TargetPlatform 'IOS'
[2019.11.02-15.08.34:736][  0]LogTemp: Display: Module 'TVOSTargetPlatform' loaded TargetPlatform 'TVOSClient'
[2019.11.02-15.08.34:736][  0]LogTemp: Display: Module 'TVOSTargetPlatform' loaded TargetPlatform 'TVOS'
[2019.11.02-15.08.34:746][  0]LogTemp: Display: Module 'LinuxClientTargetPlatform' loaded TargetPlatform 'LinuxClient'
[2019.11.02-15.08.34:755][  0]LogTemp: Display: Module 'LinuxNoEditorTargetPlatform' loaded TargetPlatform 'LinuxNoEditor'
[2019.11.02-15.08.34:765][  0]LogTemp: Display: Module 'LinuxServerTargetPlatform' loaded TargetPlatform 'LinuxServer'
[2019.11.02-15.08.34:776][  0]LogTemp: Display: Module 'LinuxTargetPlatform' loaded TargetPlatform 'Linux'
[2019.11.02-15.08.34:810][  0]LogTemp: Display: Module 'LuminTargetPlatform' loaded TargetPlatform 'Lumin'
[2019.11.02-15.08.34:810][  0]LogTemp: Display: Module 'LuminTargetPlatform' loaded TargetPlatform 'LuminClient'
[2019.11.02-15.08.34:811][  0]LogTargetPlatformManager: Display: Building Assets For Windows
[2019.11.02-15.08.34:824][  0]LogAudioDebug: Display: Lib vorbis DLL was dynamically loaded.
[2019.11.02-15.08.34:916][  0]LogShaderCompilers: Guid format shader working directory is -35 characters bigger than the processId version (../../../../../../Users/Mikke/Documents/Unreal Projects/SanRockArt-repo/SanRockVR/Intermediate/Shaders/WorkingDirectory/8708/).
[2019.11.02-15.08.34:917][  0]LogShaderCompilers: Cleaned the shader compiler working directory 'C:/Users/Mikke/AppData/Local/Temp/UnrealShaderWorkingDir/63CF689A43D81C873F880582170FB2D3/'.
[2019.11.02-15.08.34:920][  0]LogXGEController: Cleaning working directory: C:/Users/Mikke/AppData/Local/Temp/UnrealXGEWorkingDir/
[2019.11.02-15.08.34:920][  0]LogXGEController: Cannot use XGE Controller as Incredibuild is not installed on this machine.
[2019.11.02-15.08.34:921][  0]LogShaderCompilers: Cannot use XGE Shader Compiler as Incredibuild is not installed on this machine.
[2019.11.02-15.08.34:921][  0]LogShaderCompilers: Display: Using Local Shader Compiler.
[2019.11.02-15.08.35:683][  0]LogDerivedDataCache: Display: Max Cache Size: 512 MB
[2019.11.02-15.08.35:837][  0]LogDerivedDataCache: Loaded boot cache 0.15s 73MB C:/Users/Mikke/AppData/Local/UnrealEngine/4.23/DerivedDataCache/Boot.ddc.
[2019.11.02-15.08.35:837][  0]LogDerivedDataCache: Display: Loaded Boot cache: C:/Users/Mikke/AppData/Local/UnrealEngine/4.23/DerivedDataCache/Boot.ddc
[2019.11.02-15.08.35:837][  0]LogDerivedDataCache: FDerivedDataBackendGraph:  Pak pak cache file ../../../../../../Users/Mikke/Documents/Unreal Projects/SanRockArt-repo/SanRockVR/DerivedDataCache/DDC.ddp not found, will not use a pak cache.
[2019.11.02-15.08.35:837][  0]LogDerivedDataCache: Unable to find inner node Pak for hierarchical cache Hierarchy.
[2019.11.02-15.08.35:838][  0]LogDerivedDataCache: FDerivedDataBackendGraph:  CompressedPak pak cache file ../../../../../../Users/Mikke/Documents/Unreal Projects/SanRockArt-repo/SanRockVR/DerivedDataCache/Compressed.ddp not found, will not use a pak cache.
[2019.11.02-15.08.35:838][  0]LogDerivedDataCache: Unable to find inner node CompressedPak for hierarchical cache Hierarchy.
[2019.11.02-15.08.35:862][  0]LogDerivedDataCache: Display: Pak cache opened for reading ../../../Engine/DerivedDataCache/Compressed.ddp.
[2019.11.02-15.08.35:862][  0]LogDerivedDataCache: FDerivedDataBackendGraph:  EnterprisePak pak cache file ../../../Enterprise/DerivedDataCache/Compressed.ddp not found, will not use a pak cache.
[2019.11.02-15.08.35:862][  0]LogDerivedDataCache: Unable to find inner node EnterprisePak for hierarchical cache Hierarchy.
[2019.11.02-15.08.35:863][  0]LogDerivedDataCache: Using Local data cache path C:/Users/Mikke/AppData/Local/UnrealEngine/Common/DerivedDataCache: Writable
[2019.11.02-15.08.35:863][  0]LogDerivedDataCache: Shared data cache path not found in *engine.ini, will not use an Shared cache.
[2019.11.02-15.08.35:864][  0]LogDerivedDataCache: Unable to find inner node Shared for hierarchical cache Hierarchy.
[2019.11.02-15.08.35:892][  0]LogMaterial: Verifying Global Shaders for PCD3D_SM5
[2019.11.02-15.08.35:897][  0]LogSlate: Using FreeType 2.6.0
[2019.11.02-15.08.35:898][  0]LogSlate: SlateFontServices - WITH_FREETYPE: 1, WITH_HARFBUZZ: 1
[2019.11.02-15.08.35:992][  0]LogAssetRegistry: FAssetRegistry took 0.0029 seconds to start up
[2019.11.02-15.08.36:429][  0]LogInit: Selected Device Profile: [Windows]
[2019.11.02-15.08.36:611][  0]LogMeshReduction: Using QuadricMeshReduction for automatic static mesh reduction
[2019.11.02-15.08.36:611][  0]LogMeshReduction: Using SimplygonMeshReduction for automatic skeletal mesh reduction
[2019.11.02-15.08.36:611][  0]LogMeshReduction: Using ProxyLODMeshReduction for automatic mesh merging
[2019.11.02-15.08.36:611][  0]LogMeshReduction: No distributed automatic mesh merging module available
[2019.11.02-15.08.36:612][  0]LogMeshMerging: No distributed automatic mesh merging module available
[2019.11.02-15.08.36:771][  0]LogNetVersion: SanRockArtVRMED7 1.0.0, NetCL: 8386587, EngineNetVer: 11, GameNetVer: 0 (Checksum: 2483326429)
[2019.11.02-15.08.38:088][  0]LogPackageLocalizationCache: Processed 12 localized package path(s) for 1 prioritized culture(s) in 0.073367 seconds
[2019.11.02-15.08.38:096][  0]LogUObjectArray: 43444 objects as part of root set at end of initial load.
[2019.11.02-15.08.38:096][  0]LogUObjectAllocator: 7548648 out of 0 bytes used by permanent object pool.
[2019.11.02-15.08.38:096][  0]LogUObjectArray: CloseDisregardForGC: 0/0 objects in disregard for GC pool
[2019.11.02-15.08.41:611][  0]LogTcpMessaging: Initializing TcpMessaging bridge
[2019.11.02-15.08.41:616][  0]LogUdpMessaging: Initializing bridge on interface 0.0.0.0:0 to multicast group 230.0.0.1:6666.
[2019.11.02-15.08.41:722][  0]SourceControl: Source control is disabled
[2019.11.02-15.08.41:722][  0]SourceControl: Source control is disabled
[2019.11.02-15.08.41:731][  0]SourceControl: Source control is disabled
[2019.11.02-15.08.41:734][  0]SourceControl: Source control is disabled
[2019.11.02-15.08.41:937][  0]LogAndroidPermission: UAndroidPermissionCallbackProxy::GetInstance
[2019.11.02-15.08.42:107][  0]LogOcInput: OculusInput pre-init called
[2019.11.02-15.08.42:119][  0]LogWindows: Failed to load 'OVRPlugin.dll' (GetLastError=126)
[2019.11.02-15.08.42:120][  0]LogWindows: File 'OVRPlugin.dll' does not exist
[2019.11.02-15.08.42:262][  0]LogEngine: Initializing Engine...
[2019.11.02-15.08.42:319][  0]LogHMD: Failed to initialize OpenVR with code 108
[2019.11.02-15.08.42:321][  0]LogStats: UGameplayTagsManager::InitializeManager -  0.001 s
[2019.11.02-15.08.42:826][  0]LogInit: Initializing FReadOnlyCVARCache
[2019.11.02-15.08.42:852][  0]LogAIModule: Creating AISystem for world Untitled
[2019.11.02-15.08.42:902][  0]LogInit: XAudio2 using 'Speaker/Headphone (Realtek High Definition Audio)' : 2 channels at 48 kHz using 32 bits per sample (channel mask 0x3)
[2019.11.02-15.08.44:217][  0]LogInit: FAudioDevice initialized.
[2019.11.02-15.08.44:217][  0]LogNetVersion: Set ProjectVersion to 1.0.0.0. Version Checksum will be recalculated on next use.
[2019.11.02-15.08.44:293][  0]LogDerivedDataCache: Saved boot cache 0.08s 73MB C:/Users/Mikke/AppData/Local/UnrealEngine/4.23/DerivedDataCache/Boot.ddc.
[2019.11.02-15.08.44:309][  0]LogInit: Texture streaming: Enabled
[2019.11.02-15.08.44:353][  0]LogEngineSessionManager: EngineSessionManager initialized
[2019.11.02-15.08.44:353][  0]LogEngineSessionManager: EngineSessionManager sent abnormal shutdown report. Type=Crashed, SessionId={F5DD6437-47D8-8E36-5769-53BF32666C73}
[2019.11.02-15.08.44:452][  0]LogInit: Transaction tracking system initialized
[2019.11.02-15.08.44:519][  0]BlueprintLog: New page: Editor Load
[2019.11.02-15.08.44:661][  0]LocalizationService: Localization service is disabled
[2019.11.02-15.08.45:351][  0]LogFileCache: Scanning file cache for directory 'C:/Users/Mikke/Documents/Unreal Projects/SanRockArt-repo/SanRockVR/Content/' took 0.01s
[2019.11.02-15.08.45:351][  0]LogCook: Display: Max memory allowance for cook 16384mb min free memory 0mb
[2019.11.02-15.08.45:351][  0]LogCook: Display: Mobile HDR setting 1
[2019.11.02-15.08.45:876][  0]SourceControl: Source control is disabled
[2019.11.02-15.08.45:876][  0]Cmd: MAP LOAD FILE="../../../../../../Users/Mikke/Documents/Unreal Projects/SanRockArt-repo/SanRockVR/Content/VirtualRealityBP/Maps/TestWorld.umap" TEMPLATE=0 SHOWPROGRESS=1 FEATURELEVEL=3
[2019.11.02-15.08.45:876][  0]LogEditorServer: Warning: Can't find file '../../../../../../Users/Mikke/Documents/Unreal Projects/SanRockArt-repo/SanRockVR/Content/VirtualRealityBP/Maps/TestWorld.umap'
[2019.11.02-15.08.45:876][  0]Cmd: MAP CHECKDEP NOCLEARLOG
[2019.11.02-15.08.45:877][  0]MapCheck: Map check complete: 0 Error(s), 0 Warning(s), took 0.198ms to complete.
[2019.11.02-15.08.45:877][  0]LogFileHelpers: Loading map 'TestWorld' took 0.001
[2019.11.02-15.08.46:068][  0]LogSlate: Updating window title bar state: overlay mode, drag disabled, window buttons hidden, title bar hidden
[2019.11.02-15.08.46:078][  0]LogSlate: Updating window title bar state: overlay mode, drag disabled, window buttons hidden, title bar hidden
[2019.11.02-15.08.46:087][  0]LogSlate: Updating window title bar state: overlay mode, drag disabled, window buttons hidden, title bar hidden
[2019.11.02-15.08.46:096][  0]LogSlate: Updating window title bar state: overlay mode, drag disabled, window buttons hidden, title bar hidden
[2019.11.02-15.08.46:112][  0]LogCollectionManager: Loaded 0 collections in 0.002605 seconds
[2019.11.02-15.08.46:127][  0]LogFileCache: Scanning file cache for directory 'C:/Users/Mikke/Documents/Unreal Projects/SanRockArt-repo/SanRockVR/Saved/Collections/' took 0.00s
[2019.11.02-15.08.46:127][  0]LogFileCache: Scanning file cache for directory 'C:/Users/Mikke/Documents/Unreal Projects/SanRockArt-repo/SanRockVR/Content/Developers/Mikke/Collections/' took 0.00s
[2019.11.02-15.08.46:127][  0]LogFileCache: Scanning file cache for directory 'C:/Users/Mikke/Documents/Unreal Projects/SanRockArt-repo/SanRockVR/Content/Collections/' took 0.00s
[2019.11.02-15.08.46:127][  0]LogCollectionManager: Rebuilt the GUID cache for 0 collections in 0.000002 seconds
[2019.11.02-15.08.46:138][  0]LogContentBrowser: Native class hierarchy populated in 0.0113 seconds. Added 2865 classes and 683 folders.
[2019.11.02-15.08.46:150][  0]LogContentBrowser: Native class hierarchy updated for 'WidgetCarousel' in 0.0005 seconds. Added 0 classes and 0 folders.
[2019.11.02-15.08.46:582][  0]LogContentBrowser: Native class hierarchy updated for 'AddContentDialog' in 0.0004 seconds. Added 0 classes and 0 folders.
[2019.11.02-15.08.46:589][  0]LogContentBrowser: Native class hierarchy updated for 'SceneOutliner' in 0.0004 seconds. Added 1 classes and 2 folders.
[2019.11.02-15.08.46:661][  0]LogSlate: Took 0.000203 seconds to synchronously load lazily loaded font '../../../Engine/Content/Slate/Fonts/Roboto-Regular.ttf' (155K)
[2019.11.02-15.08.46:663][  0]LogSlate: Took 0.000237 seconds to synchronously load lazily loaded font '../../../Engine/Content/Slate/Fonts/Roboto-Bold.ttf' (160K)
[2019.11.02-15.08.46:679][  0]LogSlate: Took 0.010655 seconds to synchronously load lazily loaded font '../../../Engine/Content/Editor/Slate/Fonts/FontAwesome.ttf' (139K)
[2019.11.02-15.08.46:826][  0]LogRenderer: Reallocating scene render targets to support 788x384 Format 10 NumSamples 1 (Frame:1).
[2019.11.02-15.08.47:018][  0]LogContentBrowser: Native class hierarchy updated for 'HierarchicalLODOutliner' in 0.0004 seconds. Added 0 classes and 0 folders.
[2019.11.02-15.08.47:018][  0]LogLoad: (Engine Initialization) Total time: 20.58 seconds
[2019.11.02-15.08.47:018][  0]LogLoad: (Engine Initialization) Total Blueprint compile time: 0.00 seconds
[2019.11.02-15.08.47:090][  0]LogContentStreaming: Texture pool size now 1000 MB
[2019.11.02-15.08.47:122][  0]LogSlate: Took 0.006459 seconds to synchronously load lazily loaded font '../../../Engine/Content/Slate/Fonts/Roboto-Light.ttf' (167K)
[2019.11.02-15.08.47:130][  1]LogFileCache: Retrieving MD5 hashes for directory 'C:/Users/Mikke/Documents/Unreal Projects/SanRockArt-repo/SanRockVR/Content/' took 0.09s
[2019.11.02-15.08.47:962][ 16]LogAssetRegistry: Asset discovery search completed in 11.9707 seconds
[2019.11.02-15.08.47:967][ 16]LogCollectionManager: Rebuilt the object cache for 0 collections in 0.000006 seconds (found 0 objects)
[2019.11.02-15.08.47:967][ 16]LogCollectionManager: Fixed up redirectors for 0 collections in 0.000071 seconds (updated 0 objects)
[2019.11.02-15.08.48:069][ 21]LogSlate: Took 0.000161 seconds to synchronously load lazily loaded font '../../../Engine/Content/Slate/Fonts/Roboto-Light.ttf' (167K)
[2019.11.02-15.08.53:625][354]LogTcpMessaging: Started Connection to '127.0.0.1:6666'
[2019.11.02-15.09.05:651][ 73]LogSlate: FSceneViewport::OnFocusLost() reason 0
[2019.11.02-15.09.06:354][ 80]LogBlueprint: Error: [Compiler StoryCanvas_copy] Can't connect pins  Self  and  Story Canvas Ref : Self Object Reference is not compatible with Story Canvas Object Reference.
[2019.11.02-15.09.06:355][ 80]LogBlueprint: Error: [Compiler StoryCanvas_copy] Can't connect pins  Story Canvas Ref  and  Self : Story Canvas Object Reference is not compatible with Self Object Reference.
[2019.11.02-15.09.07:672][ 80]LogAssetEditorManager: Opening Asset editor for Blueprint /Game/Animations/StoryCanvas_copy.StoryCanvas_copy
[2019.11.02-15.09.08:092][ 80]LogContentBrowser: Native class hierarchy updated for 'BlueprintGraph' in 0.0009 seconds. Added 121 classes and 0 folders.
[2019.11.02-15.09.09:206][ 80]LogSlate: Took 0.009852 seconds to synchronously load lazily loaded font '../../../Engine/Content/Slate/Fonts/Roboto-BoldCondensed.ttf' (158K)
[2019.11.02-15.09.09:784][ 81]LogMaterial: Display: Missing cached shader map for material Material_0, compiling. 
[2019.11.02-15.09.09:814][ 81]LogShaderCompilers: Display: Worker (1/3): shaders left to compile 5
[2019.11.02-15.09.09:814][ 81]LogShaderCompilers: Display: Worker (2/3): shaders left to compile 3
[2019.11.02-15.09.09:814][ 81]LogShaderCompilers: Display: Worker (3/3): shaders left to compile 1
[2019.11.02-15.09.09:814][ 81]LogSlate: Took 0.000198 seconds to synchronously load lazily loaded font '../../../Engine/Content/Slate/Fonts/Roboto-Italic.ttf' (157K)
[2019.11.02-15.09.10:660][107]LogAssetEditorManager: Opening Asset editor for Blueprint /Game/Animations/StoryCanvas.StoryCanvas
[2019.11.02-15.09.11:614][107]LogAssetEditorManager: Opening Asset editor for Blueprint /Game/VirtualRealityBP/Blueprints/BP_MotionController.BP_MotionController
[2019.11.02-15.09.12:094][107]LogAssetEditorManager: Opening Asset editor for SkeletalMesh /Game/NewHands/NewHand_MESH.NewHand_MESH
[2019.11.02-15.09.12:112][107]LogContentBrowser: Native class hierarchy updated for 'SkeletonEditor' in 0.0005 seconds. Added 1 classes and 2 folders.
[2019.11.02-15.09.12:412][107]LogActorComponent: RegisterComponentWithWorld: (/Engine/Transient.World_7:PersistentLevel.AnimationEditorPreviewActor_0.DebugSkelMeshComponent_0) Already registered. Aborting.
[2019.11.02-15.09.12:420][107]LogContentBrowser: Native class hierarchy updated for 'PinnedCommandList' in 0.0005 seconds. Added 1 classes and 0 folders.
[2019.11.02-15.09.12:835][107]LogAssetEditorManager: Opening Asset editor for Blueprint /Game/VirtualRealityBP/Blueprints/MotionControllerPawn.MotionControllerPawn
[2019.11.02-15.09.13:359][107]LogAssetEditorManager: Opening Asset editor for Blueprint /Game/VirtualRealityBP/Blueprints/BP_Painter.BP_Painter
[2019.11.02-15.09.13:811][107]LogWorld: UWorld::CleanupWorld for World_0, bSessionEnded=true, bCleanupResources=true
[2019.11.02-15.09.21:020][402]LogSlate: Window 'BP_Painter' being destroyed
[2019.11.02-15.09.21:025][402]LogSlate: Window 'BP_Painter' being destroyed
[2019.11.02-15.09.21:025][402]LogWorld: UWorld::CleanupWorld for World_7, bSessionEnded=true, bCleanupResources=true
[2019.11.02-15.09.21:218][402]LogActorComponent: UnregisterComponent: (/Engine/Transient.EditorFloorComp) Not registered. Aborting.
[2019.11.02-15.09.21:218][402]LogWorld: UWorld::CleanupWorld for World_9, bSessionEnded=true, bCleanupResources=true
[2019.11.02-15.09.24:076][561]LogUObjectHash: Compacting FUObjectHashTables data took   6.59ms
[2019.11.02-15.09.25:576][561]LogSlate: Window 'Delete Assets' being destroyed
[2019.11.02-15.09.25:583][561]LogUObjectGlobals: Force Deleting 1 Package(s):
	Asset Name: /Game/Animations/StoryCanvas_copy.StoryCanvas_copy
[2019.11.02-15.09.27:301][561]LogUObjectHash: Compacting FUObjectHashTables data took   4.03ms
[2019.11.02-15.09.27:598][561]LogUObjectHash: Compacting FUObjectHashTables data took   3.04ms
[2019.11.02-15.09.27:642][561]LogUObjectHash: Compacting FUObjectHashTables data took   3.57ms
[2019.11.02-15.09.27:680][561]LogUObjectHash: Compacting FUObjectHashTables data took   0.96ms
[2019.11.02-15.10.04:278][696]LogRenderer: Reallocating scene render targets to support 888x520 Format 10 NumSamples 1 (Frame:1).
[2019.11.02-15.10.31:898][251]Cmd: OBJ SAVEPACKAGE PACKAGE="/Game/Animations/StoryCanvas" FILE="../../../../../../Users/Mikke/Documents/Unreal Projects/SanRockArt-repo/SanRockVR/Content/Animations/StoryCanvas.uasset" SILENT=true
[2019.11.02-15.10.32:283][251]LogSavePackage: Moving '../../../../../../Users/Mikke/Documents/Unreal Projects/SanRockArt-repo/SanRockVR/Saved/StoryCanvas3D21DA0F4B225399403D0DBC35FD410F.tmp' to '../../../../../../Users/Mikke/Documents/Unreal Projects/SanRockArt-repo/SanRockVR/Content/Animations/StoryCanvas.uasset'
[2019.11.02-15.10.32:736][277]BlueprintLog: New page: Compile StoryCanvas
[2019.11.02-15.10.33:152][277]LogUObjectHash: Compacting FUObjectHashTables data took   5.46ms
[2019.11.02-15.10.34:207][304]Cmd: OBJ SAVEPACKAGE PACKAGE="/Game/Animations/StoryCanvas" FILE="../../../../../../Users/Mikke/Documents/Unreal Projects/SanRockArt-repo/SanRockVR/Content/Animations/StoryCanvas.uasset" SILENT=true
[2019.11.02-15.10.34:555][304]LogSavePackage: Moving '../../../../../../Users/Mikke/Documents/Unreal Projects/SanRockArt-repo/SanRockVR/Saved/StoryCanvasBA8E2EA5417BF7C3A6D090A763E685B1.tmp' to '../../../../../../Users/Mikke/Documents/Unreal Projects/SanRockArt-repo/SanRockVR/Content/Animations/StoryCanvas.uasset'
[2019.11.02-15.10.40:720][597]LogAIModule: Creating AISystem for world FinalMap
[2019.11.02-15.10.40:937][597]LogAssetEditorManager: Opening Asset editor for World /Game/Maps/VR_Maps/FinalMap.FinalMap
[2019.11.02-15.10.40:992][597]LogUObjectHash: Compacting FUObjectHashTables data took   5.22ms
[2019.11.02-15.10.40:994][597]Cmd: MAP LOAD FILE="../../../../../../Users/Mikke/Documents/Unreal Projects/SanRockArt-repo/SanRockVR/Content/Maps/VR_Maps/FinalMap.umap" TEMPLATE=0 SHOWPROGRESS=1 FEATURELEVEL=3
[2019.11.02-15.10.40:994][597]LightingResults: New page: Lighting Build
[2019.11.02-15.10.41:001][597]LogContentBrowser: Native class hierarchy updated for 'StatsViewer' in 0.0004 seconds. Added 5 classes and 0 folders.
[2019.11.02-15.10.41:002][597]LoadErrors: New page: Loading map: FinalMap.umap
[2019.11.02-15.10.41:002][597]LogWorld: UWorld::CleanupWorld for Untitled, bSessionEnded=true, bCleanupResources=true
[2019.11.02-15.10.41:003][597]MapCheck: New page: Map Check
[2019.11.02-15.10.41:003][597]LightingResults: New page: Lighting Build
[2019.11.02-15.10.41:058][597]LogUObjectHash: Compacting FUObjectHashTables data took   4.37ms
[2019.11.02-15.10.41:214][597]LogEditorServer: Finished looking for orphan Actors (0.000 secs)
[2019.11.02-15.10.41:265][597]LogUObjectHash: Compacting FUObjectHashTables data took   4.18ms
[2019.11.02-15.10.41:314][597]Cmd: MAP CHECKDEP NOCLEARLOG
[2019.11.02-15.10.41:314][597]MapCheck: Map check complete: 0 Error(s), 0 Warning(s), took 0.186ms to complete.
[2019.11.02-15.10.41:314][597]LogFileHelpers: Loading map 'FinalMap' took 0.321
[2019.11.02-15.10.46:524][856]LogUObjectHash: Compacting FUObjectHashTables data took   5.64ms
[2019.11.02-15.10.46:530][856]LogPlayLevel: Launcher Device ID: Android_ASTC@1PASH9AHMF9173
[2019.11.02-15.10.46:543][856]LogPlayLevel: PlayLevel: No blueprints needed recompiling
[2019.11.02-15.10.46:543][856]LogCook: Display: Creating asset registry
[2019.11.02-15.10.47:142][856]LogCook: Display: Discovering localized assets
[2019.11.02-15.10.47:150][856]LogCook: Display: Cooked content cleared for platform AllDesktop
[2019.11.02-15.10.47:152][856]LogCook: Display: Unable to read previous cook inisettings for platform AllDesktop invalidating cook
[2019.11.02-15.10.47:209][856]LogCook: Display: Cooked content cleared for platform MacClient
[2019.11.02-15.10.47:211][856]LogCook: Display: Unable to read previous cook inisettings for platform MacClient invalidating cook
[2019.11.02-15.10.47:267][856]LogCook: Display: Cooked content cleared for platform MacNoEditor
[2019.11.02-15.10.47:269][856]LogCook: Display: Unable to read previous cook inisettings for platform MacNoEditor invalidating cook
[2019.11.02-15.10.47:323][856]LogCook: Display: Cooked content cleared for platform MacServer
[2019.11.02-15.10.47:325][856]LogCook: Display: Unable to read previous cook inisettings for platform MacServer invalidating cook
[2019.11.02-15.10.47:385][856]LogCook: Display: Cooked content cleared for platform Mac
[2019.11.02-15.10.47:387][856]LogCook: Display: Unable to read previous cook inisettings for platform Mac invalidating cook
[2019.11.02-15.10.47:437][856]LogCook: Display: Cooked content cleared for platform WindowsClient
[2019.11.02-15.10.47:439][856]LogCook: Display: Unable to read previous cook inisettings for platform WindowsClient invalidating cook
[2019.11.02-15.10.47:490][856]LogCook: Display: Cooked content cleared for platform WindowsNoEditor
[2019.11.02-15.10.47:492][856]LogCook: Display: Unable to read previous cook inisettings for platform WindowsNoEditor invalidating cook
[2019.11.02-15.10.47:546][856]LogCook: Display: Cooked content cleared for platform WindowsServer
[2019.11.02-15.10.47:548][856]LogCook: Display: Unable to read previous cook inisettings for platform WindowsServer invalidating cook
[2019.11.02-15.10.47:600][856]LogCook: Display: Cooked content cleared for platform Windows
[2019.11.02-15.10.47:602][856]LogCook: Display: Unable to read previous cook inisettings for platform Windows invalidating cook
[2019.11.02-15.10.47:648][856]LogCook: Display: Cooked content cleared for platform Android
[2019.11.02-15.10.47:650][856]LogCook: Display: Unable to read previous cook inisettings for platform Android invalidating cook
[2019.11.02-15.10.47:696][856]LogCook: Display: Cooked content cleared for platform Android_ASTC
[2019.11.02-15.10.47:991][856]LogCook: Display: Unable to read previous cook inisettings for platform Android_ASTC invalidating cook
[2019.11.02-15.10.48:049][856]LogCook: Display: Cooked content cleared for platform Android_ATC
[2019.11.02-15.10.48:051][856]LogCook: Display: Unable to read previous cook inisettings for platform Android_ATC invalidating cook
[2019.11.02-15.10.48:113][856]LogCook: Display: Cooked content cleared for platform Android_DXT
[2019.11.02-15.10.48:115][856]LogCook: Display: Unable to read previous cook inisettings for platform Android_DXT invalidating cook
[2019.11.02-15.10.48:171][856]LogCook: Display: Cooked content cleared for platform Android_ETC1
[2019.11.02-15.10.48:173][856]LogCook: Display: Unable to read previous cook inisettings for platform Android_ETC1 invalidating cook
[2019.11.02-15.10.48:229][856]LogCook: Display: Cooked content cleared for platform Android_ETC1a
[2019.11.02-15.10.48:231][856]LogCook: Display: Unable to read previous cook inisettings for platform Android_ETC1a invalidating cook
[2019.11.02-15.10.48:289][856]LogCook: Display: Cooked content cleared for platform Android_ETC2
[2019.11.02-15.10.48:291][856]LogCook: Display: Unable to read previous cook inisettings for platform Android_ETC2 invalidating cook
[2019.11.02-15.10.48:349][856]LogCook: Display: Cooked content cleared for platform Android_PVRTC
[2019.11.02-15.10.48:350][856]LogCook: Display: Unable to read previous cook inisettings for platform Android_PVRTC invalidating cook
[2019.11.02-15.10.48:407][856]LogCook: Display: Cooked content cleared for platform AndroidClient
[2019.11.02-15.10.48:409][856]LogCook: Display: Unable to read previous cook inisettings for platform AndroidClient invalidating cook
[2019.11.02-15.10.48:464][856]LogCook: Display: Cooked content cleared for platform Android_ASTCClient
[2019.11.02-15.10.48:466][856]LogCook: Display: Unable to read previous cook inisettings for platform Android_ASTCClient invalidating cook
[2019.11.02-15.10.48:520][856]LogCook: Display: Cooked content cleared for platform Android_ATCClient
[2019.11.02-15.10.48:521][856]LogCook: Display: Unable to read previous cook inisettings for platform Android_ATCClient invalidating cook
[2019.11.02-15.10.48:575][856]LogCook: Display: Cooked content cleared for platform Android_DXTClient
[2019.11.02-15.10.48:577][856]LogCook: Display: Unable to read previous cook inisettings for platform Android_DXTClient invalidating cook
[2019.11.02-15.10.48:631][856]LogCook: Display: Cooked content cleared for platform Android_ETC1Client
[2019.11.02-15.10.48:633][856]LogCook: Display: Unable to read previous cook inisettings for platform Android_ETC1Client invalidating cook
[2019.11.02-15.10.48:687][856]LogCook: Display: Cooked content cleared for platform Android_ETC1aClient
[2019.11.02-15.10.48:688][856]LogCook: Display: Unable to read previous cook inisettings for platform Android_ETC1aClient invalidating cook
[2019.11.02-15.10.48:741][856]LogCook: Display: Cooked content cleared for platform Android_ETC2Client
[2019.11.02-15.10.48:743][856]LogCook: Display: Unable to read previous cook inisettings for platform Android_ETC2Client invalidating cook
[2019.11.02-15.10.48:795][856]LogCook: Display: Cooked content cleared for platform Android_PVRTCClient
[2019.11.02-15.10.48:797][856]LogCook: Display: Unable to read previous cook inisettings for platform Android_PVRTCClient invalidating cook
[2019.11.02-15.10.48:850][856]LogCook: Display: Cooked content cleared for platform Android_Multi
[2019.11.02-15.10.48:852][856]LogCook: Display: Unable to read previous cook inisettings for platform Android_Multi invalidating cook
[2019.11.02-15.10.48:905][856]LogCook: Display: Cooked content cleared for platform Android_MultiClient
[2019.11.02-15.10.48:907][856]LogCook: Display: Unable to read previous cook inisettings for platform Android_MultiClient invalidating cook
[2019.11.02-15.10.48:960][856]LogCook: Display: Cooked content cleared for platform HTML5
[2019.11.02-15.10.48:961][856]LogCook: Display: Unable to read previous cook inisettings for platform HTML5 invalidating cook
[2019.11.02-15.10.49:013][856]LogCook: Display: Cooked content cleared for platform IOSClient
[2019.11.02-15.10.49:015][856]LogCook: Display: Unable to read previous cook inisettings for platform IOSClient invalidating cook
[2019.11.02-15.10.49:079][856]LogCook: Display: Cooked content cleared for platform IOS
[2019.11.02-15.10.49:082][856]LogCook: Display: Unable to read previous cook inisettings for platform IOS invalidating cook
[2019.11.02-15.10.49:133][856]LogCook: Display: Cooked content cleared for platform TVOSClient
[2019.11.02-15.10.49:135][856]LogCook: Display: Unable to read previous cook inisettings for platform TVOSClient invalidating cook
[2019.11.02-15.10.49:194][856]LogCook: Display: Cooked content cleared for platform TVOS
[2019.11.02-15.10.49:195][856]LogCook: Display: Unable to read previous cook inisettings for platform TVOS invalidating cook
[2019.11.02-15.10.49:246][856]LogCook: Display: Cooked content cleared for platform LinuxClient
[2019.11.02-15.10.49:248][856]LogCook: Display: Unable to read previous cook inisettings for platform LinuxClient invalidating cook
[2019.11.02-15.10.49:307][856]LogCook: Display: Cooked content cleared for platform LinuxNoEditor
[2019.11.02-15.10.49:309][856]LogCook: Display: Unable to read previous cook inisettings for platform LinuxNoEditor invalidating cook
[2019.11.02-15.10.49:363][856]LogCook: Display: Cooked content cleared for platform LinuxServer
[2019.11.02-15.10.49:364][856]LogCook: Display: Unable to read previous cook inisettings for platform LinuxServer invalidating cook
[2019.11.02-15.10.49:420][856]LogCook: Display: Cooked content cleared for platform Linux
[2019.11.02-15.10.49:421][856]LogCook: Display: Unable to read previous cook inisettings for platform Linux invalidating cook
[2019.11.02-15.10.49:468][856]LogCook: Display: Cooked content cleared for platform Lumin
[2019.11.02-15.10.49:470][856]LogCook: Display: Unable to read previous cook inisettings for platform Lumin invalidating cook
[2019.11.02-15.10.49:517][856]LogCook: Display: Cooked content cleared for platform LuminClient
[2019.11.02-15.10.49:519][856]LogCook: Display: Unable to read previous cook inisettings for platform LuminClient invalidating cook
[2019.11.02-15.10.49:571][856]LogCook: Display: Sandbox cleanup took 2.421 seconds for platforms AllDesktop MacClient MacNoEditor MacServer Mac WindowsClient WindowsNoEditor WindowsServer Windows Android Android_ASTC Android_ATC Android_DXT Android_ETC1 Android_ETC1a Android_ETC2 Android_PVRTC AndroidClient Android_ASTCClient Android_ATCClient Android_DXTClient Android_ETC1Client Android_ETC1aClient Android_ETC2Client Android_PVRTCClient Android_Multi Android_MultiClient HTML5 IOSClient IOS TVOSClient TVOS LinuxClient LinuxNoEditor LinuxServer Linux Lumin LuminClient  iterative false
[2019.11.02-15.10.50:395][856]LogMaterial: Verifying Global Shaders for GLSL_ES3_1_ANDROID
[2019.11.02-15.10.50:552][856]CookResults: Warning: Unable to find package for cooking /Game/VirtualRealityBP/Maps/TestWorld
[2019.11.02-15.10.50:552][856]LogCook: Warning: Unable to find package for cooking /Game/VirtualRealityBP/Maps/TestWorld
[2019.11.02-15.10.50:585][857]LogCook: Display: Cooked packages 0 Packages Remain 563 Total 563
[2019.11.02-15.10.50:657][857]LogAIModule: Creating AISystem for world Entry
[2019.11.02-15.10.51:122][858]LogCook: Display: Cooked packages 0 Packages Remain 564 Total 564
[2019.11.02-15.10.53:663][879]LogContentBrowser: Native class hierarchy updated for 'BlueprintNativeCodeGen' in 0.0005 seconds. Added 0 classes and 0 folders.
[2019.11.02-15.10.54:092][880]LogCook: Display: Cooked packages 5 Packages Remain 563 Total 568
[2019.11.02-15.10.58:668][902]LogCook: Display: Cooked packages 11 Packages Remain 562 Total 573
[2019.11.02-15.10.58:780][903]LogCook: Display: Cooked packages 18 Packages Remain 561 Total 579
[2019.11.02-15.10.58:888][904]LogCook: Display: Cooked packages 41 Packages Remain 560 Total 601
[2019.11.02-15.10.58:998][905]LogCook: Display: Cooked packages 56 Packages Remain 559 Total 615
[2019.11.02-15.10.59:120][906]LogCook: Display: Cooked packages 80 Packages Remain 558 Total 638
[2019.11.02-15.10.59:235][907]LogCook: Display: Cooked packages 89 Packages Remain 557 Total 646
[2019.11.02-15.10.59:494][909]LogCook: Display: Cooked packages 92 Packages Remain 556 Total 648
[2019.11.02-15.10.59:604][910]LogCook: Display: Cooked packages 95 Packages Remain 555 Total 650
[2019.11.02-15.10.59:716][911]LogCook: Display: Cooked packages 107 Packages Remain 554 Total 661
[2019.11.02-15.10.59:829][912]LogCook: Display: Cooked packages 111 Packages Remain 553 Total 664
[2019.11.02-15.10.59:954][913]LogCook: Display: Cooked packages 127 Packages Remain 552 Total 679
[2019.11.02-15.11.00:063][914]LogCook: Display: Cooked packages 130 Packages Remain 551 Total 681
[2019.11.02-15.11.00:198][915]LogCook: Display: Cooked packages 141 Packages Remain 550 Total 691
[2019.11.02-15.11.00:318][916]LogCook: Display: Cooked packages 156 Packages Remain 549 Total 705
[2019.11.02-15.11.00:428][917]LogCook: Display: Cooked packages 173 Packages Remain 548 Total 721
[2019.11.02-15.11.00:538][918]LogCook: Display: Cooked packages 181 Packages Remain 547 Total 728
[2019.11.02-15.11.00:667][919]LogCook: Display: Cooked packages 200 Packages Remain 546 Total 746
[2019.11.02-15.11.00:943][921]LogCook: Display: Cooked packages 210 Packages Remain 545 Total 755
[2019.11.02-15.11.01:057][922]LogCook: Display: Cooked packages 214 Packages Remain 544 Total 758
[2019.11.02-15.11.01:294][924]LogCook: Display: Cooked packages 218 Packages Remain 543 Total 761
[2019.11.02-15.11.01:403][925]LogCook: Display: Cooked packages 233 Packages Remain 542 Total 775
[2019.11.02-15.11.01:610][926]LogCook: Display: Cooked packages 247 Packages Remain 541 Total 788
[2019.11.02-15.11.01:826][928]LogCook: Display: Cooked packages 251 Packages Remain 540 Total 791
[2019.11.02-15.11.01:933][929]LogCook: Display: Cooked packages 294 Packages Remain 539 Total 833
[2019.11.02-15.11.02:176][931]LogCook: Display: Cooked packages 309 Packages Remain 538 Total 847
[2019.11.02-15.11.02:288][932]LogCook: Display: Cooked packages 311 Packages Remain 537 Total 848
[2019.11.02-15.11.02:460][933]LogCook: Display: Cooked packages 329 Packages Remain 536 Total 865
[2019.11.02-15.11.02:482][933]LogOutputDevice: Warning: 

Script Stack (0 frames):

[2019.11.02-15.11.02:482][933]LogWindows: Windows GetLastError: The operation completed successfully. (0)
[2019.11.02-15.11.04:027][933]LogWindows: Error: === Critical error: ===
[2019.11.02-15.11.04:027][933]LogWindows: Error: 
[2019.11.02-15.11.04:027][933]LogWindows: Error: Assertion failed: !Export.ClassIndex.IsNull() [File:D:/Build/++UE4/Sync/Engine/Source/Runtime/CoreUObject/Private/UObject/SavePackage.cpp] [Line: 5102] 
[2019.11.02-15.11.04:027][933]LogWindows: Error: 
[2019.11.02-15.11.04:027][933]LogWindows: Error: 
[2019.11.02-15.11.04:027][933]LogWindows: Error: 
[2019.11.02-15.11.04:027][933]LogWindows: Error: [Callstack] 0x00007ff93ae5a839 KERNELBASE.dll!UnknownFunction []
[2019.11.02-15.11.04:027][933]LogWindows: Error: [Callstack] 0x00007ff8e5649ef7 UE4Editor-Core.dll!UnknownFunction []
[2019.11.02-15.11.04:027][933]LogWindows: Error: [Callstack] 0x00007ff8e564c754 UE4Editor-Core.dll!UnknownFunction []
[2019.11.02-15.11.04:027][933]LogWindows: Error: [Callstack] 0x00007ff8e5441afa UE4Editor-Core.dll!UnknownFunction []
[2019.11.02-15.11.04:027][933]LogWindows: Error: [Callstack] 0x00007ff8e53967c3 UE4Editor-Core.dll!UnknownFunction []
[2019.11.02-15.11.04:027][933]LogWindows: Error: [Callstack] 0x00007ff8e5396ed0 UE4Editor-Core.dll!UnknownFunction []
[2019.11.02-15.11.04:027][933]LogWindows: Error: [Callstack] 0x00007ff8e4e53d6b UE4Editor-CoreUObject.dll!UnknownFunction []
[2019.11.02-15.11.04:027][933]LogWindows: Error: [Callstack] 0x00007ff8dfe2795f UE4Editor-UnrealEd.dll!UnknownFunction []
[2019.11.02-15.11.04:027][933]LogWindows: Error: [Callstack] 0x00007ff8dfcd8ce4 UE4Editor-UnrealEd.dll!UnknownFunction []
[2019.11.02-15.11.04:027][933]LogWindows: Error: [Callstack] 0x00007ff8dfcdb263 UE4Editor-UnrealEd.dll!UnknownFunction []
[2019.11.02-15.11.04:027][933]LogWindows: Error: [Callstack] 0x00007ff8dfce6303 UE4Editor-UnrealEd.dll!UnknownFunction []
[2019.11.02-15.11.04:027][933]LogWindows: Error: [Callstack] 0x00007ff8dfce50a2 UE4Editor-UnrealEd.dll!UnknownFunction []
[2019.11.02-15.11.04:027][933]LogWindows: Error: [Callstack] 0x00007ff8dfa672ad UE4Editor-UnrealEd.dll!UnknownFunction []
[2019.11.02-15.11.04:027][933]LogWindows: Error: [Callstack] 0x00007ff8dfe2d437 UE4Editor-UnrealEd.dll!UnknownFunction []
[2019.11.02-15.11.04:027][933]LogWindows: Error: [Callstack] 0x00007ff8e0684b16 UE4Editor-UnrealEd.dll!UnknownFunction []
[2019.11.02-15.11.04:027][933]LogWindows: Error: [Callstack] 0x00007ff623097b0a UE4Editor.exe!UnknownFunction []
[2019.11.02-15.11.04:027][933]LogWindows: Error: [Callstack] 0x00007ff6230aa91c UE4Editor.exe!UnknownFunction []
[2019.11.02-15.11.04:027][933]LogWindows: Error: [Callstack] 0x00007ff6230aa9fa UE4Editor.exe!UnknownFunction []
[2019.11.02-15.11.04:027][933]LogWindows: Error: [Callstack] 0x00007ff6230bb92c UE4Editor.exe!UnknownFunction []
[2019.11.02-15.11.04:027][933]LogWindows: Error: [Callstack] 0x00007ff6230be60e UE4Editor.exe!UnknownFunction []
[2019.11.02-15.11.04:027][933]LogWindows: Error: [Callstack] 0x00007ff93cdc7bd4 KERNEL32.DLL!UnknownFunction []
[2019.11.02-15.11.04:027][933]LogWindows: Error: [Callstack] 0x00007ff93dcaced1 ntdll.dll!UnknownFunction []
[2019.11.02-15.11.04:027][933]LogWindows: Error: 
[2019.11.02-15.11.04:058][933]LogExit: Executing StaticShutdownAfterError
[2019.11.02-15.11.04:075][933]LogWindows: FPlatformMisc::RequestExit(1)
[2019.11.02-15.11.04:081][933]Log file closed, 11/02/19 16:11:04
