Log file open, 11/03/19 16:52:38
LogWindows: Failed to load 'aqProf.dll' (GetLastError=126)
LogWindows: File 'aqProf.dll' does not exist
LogWindows: Failed to load 'VtuneApi.dll' (GetLastError=126)
LogWindows: File 'VtuneApi.dll' does not exist
LogWindows: Failed to load 'VtuneApi32e.dll' (GetLastError=126)
LogWindows: File 'VtuneApi32e.dll' does not exist
LogConsoleResponse: Display: Failed to find resolution value strings in scalability ini. Falling back to default.
LogInit: Display: Running engine for game: SanRockArtVRMED7
LogPlatformFile: Not using cached read wrapper
LogTaskGraph: Started task graph with 5 named threads and 14 total threads with 3 sets of task threads.
LogStats: Stats thread started at 0.085611
LogD3D11RHI: Loaded GFSDK_Aftermath_Lib.x64.dll
LogICUInternationalization: ICU TimeZone Detection - Raw Offset: +1:00, Platform Override: ''
LogPluginManager: Mounting plugin Paper2D
LogPluginManager: Mounting plugin AISupport
LogPluginManager: Mounting plugin LightPropagationVolume
LogPluginManager: Mounting plugin ActorLayerUtilities
LogPluginManager: Mounting plugin AnimationSharing
LogPluginManager: Mounting plugin CLionSourceCodeAccess
LogPluginManager: Mounting plugin CodeLiteSourceCodeAccess
LogPluginManager: Mounting plugin GitSourceControl
LogPluginManager: Mounting plugin KDevelopSourceCodeAccess
LogPluginManager: Mounting plugin NullSourceCodeAccess
LogPluginManager: Mounting plugin PerforceSourceControl
LogPluginManager: Mounting plugin SubversionSourceControl
LogPluginManager: Mounting plugin UObjectPlugin
LogPluginManager: Mounting plugin VisualStudioCodeSourceCodeAccess
LogPluginManager: Mounting plugin VisualStudioSourceCodeAccess
LogPluginManager: Mounting plugin XCodeSourceCodeAccess
LogPluginManager: Mounting plugin AssetManagerEditor
LogPluginManager: Mounting plugin CryptoKeys
LogPluginManager: Mounting plugin CurveEditorTools
LogPluginManager: Mounting plugin DataValidation
LogPluginManager: Mounting plugin EditorScriptingUtilities
LogPluginManager: Mounting plugin FacialAnimation
LogPluginManager: Mounting plugin GameplayTagsEditor
LogPluginManager: Mounting plugin GLTFImporter
LogPluginManager: Mounting plugin MacGraphicsSwitching
LogPluginManager: Mounting plugin MaterialAnalyzer
LogPluginManager: Mounting plugin MeshEditor
LogPluginManager: Mounting plugin MobileLauncherProfileWizard
LogPluginManager: Mounting plugin PluginBrowser
LogPluginManager: Mounting plugin SpeedTreeImporter
LogPluginManager: Mounting plugin DatasmithContent
LogPluginManager: Mounting plugin VariantManagerContent
LogPluginManager: Mounting plugin AlembicImporter
LogPluginManager: Mounting plugin AutomationUtils
LogPluginManager: Mounting plugin BackChannel
LogPluginManager: Mounting plugin BlastPlugin
LogPluginManager: Mounting plugin ChaosSolverPlugin
LogPluginManager: Mounting plugin CharacterAI
LogPluginManager: Mounting plugin DataPrepEditor
LogPluginManager: Mounting plugin GeometryCache
LogPluginManager: Mounting plugin GeometryCollectionPlugin
LogPluginManager: Mounting plugin HTML5Networking
LogPluginManager: Mounting plugin PlatformCrypto
LogPluginManager: Mounting plugin ProxyLODPlugin
LogPluginManager: Mounting plugin SkeletalReduction
LogPluginManager: Mounting plugin MagicLeap
LogPluginManager: Mounting plugin MagicLeapMedia
LogPluginManager: Mounting plugin AndroidMedia
LogPluginManager: Mounting plugin AvfMedia
LogPluginManager: Mounting plugin ImgMedia
LogPluginManager: Mounting plugin MediaCompositing
LogPluginManager: Mounting plugin MediaPlayerEditor
LogPluginManager: Mounting plugin WebMMedia
LogPluginManager: Mounting plugin WmfMedia
LogPluginManager: Mounting plugin TcpMessaging
LogPluginManager: Mounting plugin UdpMessaging
LogPluginManager: Mounting plugin ActorSequence
LogPluginManager: Mounting plugin LevelSequenceEditor
LogPluginManager: Mounting plugin MatineeToLevelSequence
LogPluginManager: Mounting plugin NetcodeUnitTest
LogPluginManager: Mounting plugin NUTUnrealEngine4
LogPluginManager: Mounting plugin OnlineSubsystemGooglePlay
LogPluginManager: Mounting plugin OnlineSubsystemIOS
LogPluginManager: Mounting plugin OnlineSubsystem
LogPluginManager: Mounting plugin OnlineSubsystemNull
LogPluginManager: Mounting plugin OnlineSubsystemUtils
LogPluginManager: Mounting plugin LauncherChunkInstaller
LogPluginManager: Mounting plugin AndroidDeviceProfileSelector
LogPluginManager: Mounting plugin AndroidMoviePlayer
LogPluginManager: Mounting plugin AndroidPermission
LogPluginManager: Mounting plugin AppleImageUtils
LogPluginManager: Mounting plugin AppleMoviePlayer
LogPluginManager: Mounting plugin ArchVisCharacter
LogPluginManager: Mounting plugin AudioCapture
LogPluginManager: Mounting plugin CableComponent
LogPluginManager: Mounting plugin CustomMeshComponent
LogPluginManager: Mounting plugin EditableMesh
LogPluginManager: Mounting plugin ExampleDeviceProfileSelector
LogPluginManager: Mounting plugin GoogleCloudMessaging
LogPluginManager: Mounting plugin IOSDeviceProfileSelector
LogPluginManager: Mounting plugin LinuxDeviceProfileSelector
LogPluginManager: Mounting plugin LocationServicesBPLibrary
LogPluginManager: Mounting plugin MobilePatchingUtils
LogPluginManager: Mounting plugin OculusVR
LogPluginManager: Mounting plugin PhysXVehicles
LogPluginManager: Mounting plugin ProceduralMeshComponent
LogPluginManager: Mounting plugin RuntimePhysXCooking
LogPluginManager: Mounting plugin SignificanceManager
LogPluginManager: Mounting plugin SteamVR
LogPluginManager: Mounting plugin WebMMoviePlayer
LogPluginManager: Mounting plugin WindowsMoviePlayer
LogPluginManager: Mounting plugin ScreenshotTools
LogPluginManager: Mounting plugin DatasmithC4DImporter
LogPluginManager: Mounting plugin DatasmithCADImporter
LogPluginManager: Mounting plugin DatasmithFBXImporter
LogPluginManager: Mounting plugin DatasmithGLTFImporter
LogPluginManager: Mounting plugin DatasmithIFCImporter
LogPluginManager: Mounting plugin DatasmithImporter
LogPluginManager: Mounting plugin MDLImporter
LogPluginManager: Mounting plugin StaticMeshEditorExtension
LogPluginManager: Mounting plugin VariantManager
LogInit: Using libcurl 7.55.1-DEV
LogInit:  - built for x86_64-pc-win32
LogInit:  - supports SSL with OpenSSL/1.1.1
LogInit:  - supports HTTP deflate (compression) using libz 1.2.8
LogInit:  - other features:
LogInit:      CURL_VERSION_SSL
LogInit:      CURL_VERSION_LIBZ
LogInit:      CURL_VERSION_IPV6
LogInit:      CURL_VERSION_ASYNCHDNS
LogInit:      CURL_VERSION_LARGEFILE
LogInit:      CURL_VERSION_IDN
LogInit:  CurlRequestOptions (configurable via config and command line):
LogInit:  - bVerifyPeer = true  - Libcurl will verify peer certificate
LogInit:  - bUseHttpProxy = false  - Libcurl will NOT use HTTP proxy
LogInit:  - bDontReuseConnections = false  - Libcurl will reuse connections
LogInit:  - MaxHostConnections = 16  - Libcurl will limit the number of connections to a host
LogInit:  - LocalHostAddr = Default
LogInit:  - BufferSize = 65536
LogOnline: OSS: Creating online subsystem instance for: NULL
LogInit: WinSock: version 1.1 (2.2), MaxSocks=32767, MaxUdp=65467
LogInit: Build: ++UE4+Release-4.23-CL-8386587
LogInit: Engine Version: 4.23.0-8386587+++UE4+Release-4.23
LogInit: Compatible Engine Version: 4.23.0-8386587+++UE4+Release-4.23
LogInit: Net CL: 8386587
LogInit: OS: Windows 10 (Release 1903) (), CPU: Intel(R) Core(TM) i5-7300HQ CPU @ 2.50GHz, GPU: Intel(R) HD Graphics 630
LogInit: Compiled (64-bit): Aug 31 2019 02:04:44
LogInit: Compiled with Visual C++: 19.16.27030.01
LogInit: Build Configuration: Development
LogInit: Branch Name: ++UE4+Release-4.23
LogInit: Command Line: 
LogInit: Base Directory: C:/Program Files/Epic Games/UE_4.23/Engine/Binaries/Win64/
LogInit: Installed Engine Build: 1
LogDevObjectVersion: Number of dev versions registered: 23
LogDevObjectVersion:   Dev-Blueprints (B0D832E4-1F89-4F0D-ACCF-7EB736FD4AA2): 10
LogDevObjectVersion:   Dev-Build (E1C64328-A22C-4D53-A36C-8E866417BD8C): 0
LogDevObjectVersion:   Dev-Core (375EC13C-06E4-48FB-B500-84F0262A717E): 3
LogDevObjectVersion:   Dev-Editor (E4B068ED-F494-42E9-A231-DA0B2E46BB41): 34
LogDevObjectVersion:   Dev-Framework (CFFC743F-43B0-4480-9391-14DF171D2073): 35
LogDevObjectVersion:   Dev-Mobile (B02B49B5-BB20-44E9-A304-32B752E40360): 2
LogDevObjectVersion:   Dev-Networking (A4E4105C-59A1-49B5-A7C5-40C4547EDFEE): 0
LogDevObjectVersion:   Dev-Online (39C831C9-5AE6-47DC-9A44-9C173E1C8E7C): 0
LogDevObjectVersion:   Dev-Physics (78F01B33-EBEA-4F98-B9B4-84EACCB95AA2): 0
LogDevObjectVersion:   Dev-Platform (6631380F-2D4D-43E0-8009-CF276956A95A): 0
LogDevObjectVersion:   Dev-Rendering (12F88B9F-8875-4AFC-A67C-D90C383ABD29): 31
LogDevObjectVersion:   Dev-Sequencer (7B5AE74C-D270-4C10-A958-57980B212A5A): 11
LogDevObjectVersion:   Dev-VR (D7296918-1DD6-4BDD-9DE2-64A83CC13884): 2
LogDevObjectVersion:   Dev-LoadTimes (C2A15278-BFE7-4AFE-6C17-90FF531DF755): 1
LogDevObjectVersion:   Private-Geometry (6EACA3D4-40EC-4CC1-B786-8BED09428FC5): 3
LogDevObjectVersion:   Dev-AnimPhys (29E575DD-E0A3-4627-9D10-D276232CDCEA): 17
LogDevObjectVersion:   Dev-Anim (AF43A65D-7FD3-4947-9873-3E8ED9C1BB05): 2
LogDevObjectVersion:   Dev-ReflectionCapture (6B266CEC-1EC7-4B8F-A30B-E4D90942FC07): 1
LogDevObjectVersion:   Dev-Automation (0DF73D61-A23F-47EA-B727-89E90C41499A): 1
LogDevObjectVersion:   FortniteMain (601D1886-AC64-4F84-AA16-D3DE0DEAC7D6): 27
LogDevObjectVersion:   Dev-Enterprise (9DFFBCD6-494F-0158-E221-12823C92A888): 6
LogDevObjectVersion:   Dev-Niagara (F2AED0AC-9AFE-416F-8664-AA7FFA26D6FC): 1
LogDevObjectVersion:   Dev-Destruction (174F1F0B-B4C6-45A5-B13F-2EE8D0FB917D): 9
LogInit: Presizing for max 16777216 objects, including 0 objects not considered by GC, pre-allocating 0 bytes for permanent pool.
LogInit: Object subsystem initialized
LogConfig: Setting CVar [[con.DebugEarlyDefault:1]]
LogConfig: Setting CVar [[r.setres:1280x720]]
[2019.11.03-15.52.38:811][  0]LogConfig: Setting CVar [[r.VSync:0]]
[2019.11.03-15.52.38:811][  0]LogConfig: Setting CVar [[r.RHICmdBypass:0]]
[2019.11.03-15.52.38:811][  0]LogConfig: Applying CVar settings from Section [/Script/Engine.RendererSettings] File [C:/Users/Kamp-Legion/Documents/SanRockVRUE4/SanRockVR/Saved/Config/Windows/Engine.ini]
[2019.11.03-15.52.38:811][  0]LogConfig: Setting CVar [[r.GPUCrashDebugging:0]]
[2019.11.03-15.52.38:811][  0]LogConfig: Setting CVar [[r.MobileHDR:1]]
[2019.11.03-15.52.38:811][  0]LogConfig: Setting CVar [[r.Mobile.DisableVertexFog:1]]
[2019.11.03-15.52.38:811][  0]LogConfig: Setting CVar [[r.Shadow.CSM.MaxMobileCascades:2]]
[2019.11.03-15.52.38:811][  0]LogConfig: Setting CVar [[r.MobileMSAA:1]]
[2019.11.03-15.52.38:811][  0]LogConfig: Setting CVar [[r.Mobile.UseLegacyShadingModel:0]]
[2019.11.03-15.52.38:811][  0]LogConfig: Setting CVar [[r.Mobile.UseHWsRGBEncoding:1]]
[2019.11.03-15.52.38:811][  0]LogConfig: Setting CVar [[r.Mobile.AllowDitheredLODTransition:0]]
[2019.11.03-15.52.38:811][  0]LogConfig: Setting CVar [[r.Mobile.AllowSoftwareOcclusion:0]]
[2019.11.03-15.52.38:811][  0]LogConfig: Setting CVar [[r.DiscardUnusedQuality:0]]
[2019.11.03-15.52.38:811][  0]LogConfig: Setting CVar [[r.AllowOcclusionQueries:1]]
[2019.11.03-15.52.38:811][  0]LogConfig: Setting CVar [[r.MinScreenRadiusForLights:0.030000]]
[2019.11.03-15.52.38:811][  0]LogConfig: Setting CVar [[r.MinScreenRadiusForDepthPrepass:0.030000]]
[2019.11.03-15.52.38:811][  0]LogConfig: Setting CVar [[r.MinScreenRadiusForCSMDepth:0.010000]]
[2019.11.03-15.52.38:811][  0]LogConfig: Setting CVar [[r.PrecomputedVisibilityWarning:0]]
[2019.11.03-15.52.38:811][  0]LogConfig: Setting CVar [[r.TextureStreaming:1]]
[2019.11.03-15.52.38:811][  0]LogConfig: Setting CVar [[Compat.UseDXT5NormalMaps:0]]
[2019.11.03-15.52.38:811][  0]LogConfig: Setting CVar [[r.VirtualTextures:0]]
[2019.11.03-15.52.38:811][  0]LogConfig: Setting CVar [[r.VirtualTexturedLightmaps:0]]
[2019.11.03-15.52.38:811][  0]LogConfig: Setting CVar [[r.VT.TileSize:128]]
[2019.11.03-15.52.38:811][  0]LogConfig: Setting CVar [[r.VT.TileBorderSize:4]]
[2019.11.03-15.52.38:811][  0]LogConfig: Setting CVar [[r.vt.FeedbackFactor:16]]
[2019.11.03-15.52.38:811][  0]LogConfig: Setting CVar [[r.VT.EnableCompressZlib:1]]
[2019.11.03-15.52.38:811][  0]LogConfig: Setting CVar [[r.VT.EnableCompressCrunch:0]]
[2019.11.03-15.52.38:811][  0]LogConfig: Setting CVar [[r.ClearCoatNormal:0]]
[2019.11.03-15.52.38:811][  0]LogConfig: Setting CVar [[r.ReflectionCaptureResolution:128]]
[2019.11.03-15.52.38:811][  0]LogConfig: Setting CVar [[r.ReflectionEnvironmentLightmapMixBasedOnRoughness:1]]
[2019.11.03-15.52.38:811][  0]LogConfig: Setting CVar [[r.ForwardShading:0]]
[2019.11.03-15.52.38:811][  0]LogConfig: Setting CVar [[r.VertexFoggingForOpaque:1]]
[2019.11.03-15.52.38:811][  0]LogConfig: Setting CVar [[r.AllowStaticLighting:1]]
[2019.11.03-15.52.38:811][  0]LogConfig: Setting CVar [[r.NormalMapsForStaticLighting:0]]
[2019.11.03-15.52.38:811][  0]LogConfig: Setting CVar [[r.GenerateMeshDistanceFields:0]]
[2019.11.03-15.52.38:811][  0]LogConfig: Setting CVar [[r.DistanceFieldBuild.EightBit:0]]
[2019.11.03-15.52.38:811][  0]LogConfig: Setting CVar [[r.GenerateLandscapeGIData:0]]
[2019.11.03-15.52.38:811][  0]LogConfig: Setting CVar [[r.DistanceFieldBuild.Compress:0]]
[2019.11.03-15.52.38:811][  0]LogConfig: Setting CVar [[r.TessellationAdaptivePixelsPerTriangle:48.000000]]
[2019.11.03-15.52.38:811][  0]LogConfig: Setting CVar [[r.SeparateTranslucency:0]]
[2019.11.03-15.52.38:811][  0]LogConfig: Setting CVar [[r.TranslucentSortPolicy:0]]
[2019.11.03-15.52.38:811][  0]LogConfig: Setting CVar [[r.CustomDepth:1]]
[2019.11.03-15.52.38:811][  0]LogConfig: Setting CVar [[r.CustomDepthTemporalAAJitter:1]]
[2019.11.03-15.52.38:811][  0]LogConfig: Setting CVar [[r.PostProcessing.PropagateAlpha:0]]
[2019.11.03-15.52.38:811][  0]LogConfig: Setting CVar [[r.DefaultFeature.Bloom:1]]
[2019.11.03-15.52.38:811][  0]LogConfig: Setting CVar [[r.DefaultFeature.AmbientOcclusion:0]]
[2019.11.03-15.52.38:811][  0]LogConfig: Setting CVar [[r.DefaultFeature.AmbientOcclusionStaticFraction:1]]
[2019.11.03-15.52.38:811][  0]LogConfig: Setting CVar [[r.DefaultFeature.AutoExposure:0]]
[2019.11.03-15.52.38:811][  0]LogConfig: Setting CVar [[r.DefaultFeature.AutoExposure.Method:0]]
[2019.11.03-15.52.38:811][  0]LogConfig: Setting CVar [[r.DefaultFeature.AutoExposure.ExtendDefaultLuminanceRange:1]]
[2019.11.03-15.52.38:811][  0]LogConfig: Setting CVar [[r.UsePreExposure:1]]
[2019.11.03-15.52.38:811][  0]LogConfig: Setting CVar [[r.EyeAdaptation.EditorOnly:1]]
[2019.11.03-15.52.38:811][  0]LogConfig: Setting CVar [[r.DefaultFeature.MotionBlur:0]]
[2019.11.03-15.52.38:811][  0]LogConfig: Setting CVar [[r.DefaultFeature.LensFlare:0]]
[2019.11.03-15.52.38:811][  0]LogConfig: Setting CVar [[r.TemporalAA.Upsampling:0]]
[2019.11.03-15.52.38:811][  0]LogConfig: Setting CVar [[r.DefaultFeature.AntiAliasing:0]]
[2019.11.03-15.52.38:812][  0]LogConfig: Setting CVar [[r.DefaultFeature.LightUnits:1]]
[2019.11.03-15.52.38:812][  0]LogConfig: Setting CVar [[r.DefaultBackBufferPixelFormat:4]]
[2019.11.03-15.52.38:812][  0]LogConfig: Setting CVar [[r.Shadow.UnbuiltPreviewInGame:1]]
[2019.11.03-15.52.38:812][  0]LogConfig: Setting CVar [[r.StencilForLODDither:0]]
[2019.11.03-15.52.38:812][  0]LogConfig: Setting CVar [[r.EarlyZPass:3]]
[2019.11.03-15.52.38:812][  0]LogConfig: Setting CVar [[r.EarlyZPassOnlyMaterialMasking:0]]
[2019.11.03-15.52.38:812][  0]LogConfig: Setting CVar [[r.DBuffer:1]]
[2019.11.03-15.52.38:812][  0]LogConfig: Setting CVar [[r.ClearSceneMethod:1]]
[2019.11.03-15.52.38:812][  0]LogConfig: Setting CVar [[r.BasePassOutputsVelocity:0]]
[2019.11.03-15.52.38:812][  0]LogConfig: Setting CVar [[r.SelectiveBasePassOutputs:0]]
[2019.11.03-15.52.38:812][  0]LogConfig: Setting CVar [[fx.GPUSimulationTextureSizeX:1024]]
[2019.11.03-15.52.38:812][  0]LogConfig: Setting CVar [[fx.GPUSimulationTextureSizeY:1024]]
[2019.11.03-15.52.38:812][  0]LogConfig: Setting CVar [[r.AllowGlobalClipPlane:0]]
[2019.11.03-15.52.38:812][  0]LogConfig: Setting CVar [[r.GBufferFormat:1]]
[2019.11.03-15.52.38:812][  0]LogConfig: Setting CVar [[r.MorphTarget.Mode:1]]
[2019.11.03-15.52.38:812][  0]LogConfig: Setting CVar [[vr.InstancedStereo:0]]
[2019.11.03-15.52.38:812][  0]LogConfig: Setting CVar [[vr.MultiView:0]]
[2019.11.03-15.52.38:812][  0]LogConfig: Setting CVar [[vr.MobileMultiView:0]]
[2019.11.03-15.52.38:812][  0]LogConfig: Setting CVar [[vr.MobileMultiView.Direct:0]]
[2019.11.03-15.52.38:812][  0]LogConfig: Setting CVar [[vr.RoundRobinOcclusion:0]]
[2019.11.03-15.52.38:812][  0]LogConfig: Setting CVar [[vr.ODSCapture:0]]
[2019.11.03-15.52.38:812][  0]LogConfig: Setting CVar [[r.WireframeCullThreshold:5.000000]]
[2019.11.03-15.52.38:812][  0]LogConfig: Setting CVar [[r.RayTracing:0]]
[2019.11.03-15.52.38:812][  0]LogConfig: Setting CVar [[r.SupportStationarySkylight:1]]
[2019.11.03-15.52.38:812][  0]LogConfig: Setting CVar [[r.SupportLowQualityLightmaps:1]]
[2019.11.03-15.52.38:812][  0]LogConfig: Setting CVar [[r.SupportPointLightWholeSceneShadows:1]]
[2019.11.03-15.52.38:812][  0]LogConfig: Setting CVar [[r.SupportAtmosphericFog:1]]
[2019.11.03-15.52.38:812][  0]LogConfig: Setting CVar [[r.SkinCache.CompileShaders:0]]
[2019.11.03-15.52.38:812][  0]LogConfig: Setting CVar [[r.Mobile.EnableStaticAndCSMShadowReceivers:1]]
[2019.11.03-15.52.38:812][  0]LogConfig: Setting CVar [[r.Mobile.EnableMovableLightCSMShaderCulling:1]]
[2019.11.03-15.52.38:812][  0]LogConfig: Setting CVar [[r.Mobile.AllowDistanceFieldShadows:1]]
[2019.11.03-15.52.38:812][  0]LogConfig: Setting CVar [[r.Mobile.AllowMovableDirectionalLights:1]]
[2019.11.03-15.52.38:812][  0]LogConfig: Setting CVar [[r.MobileNumDynamicPointLights:4]]
[2019.11.03-15.52.38:812][  0]LogConfig: Setting CVar [[r.MobileDynamicPointLightsUseStaticBranch:1]]
[2019.11.03-15.52.38:812][  0]LogConfig: Setting CVar [[r.Mobile.EnableMovableSpotlights:0]]
[2019.11.03-15.52.38:812][  0]LogConfig: Setting CVar [[r.SkinCache.SceneMemoryLimitInMB:128.000000]]
[2019.11.03-15.52.38:812][  0]LogConfig: Setting CVar [[r.GPUSkin.Limit2BoneInfluences:0]]
[2019.11.03-15.52.38:812][  0]LogConfig: Setting CVar [[r.SupportDepthOnlyIndexBuffers:1]]
[2019.11.03-15.52.38:812][  0]LogConfig: Setting CVar [[r.SupportReversedIndexBuffers:1]]
[2019.11.03-15.52.38:812][  0]LogConfig: Setting CVar [[r.SupportMaterialLayers:0]]
[2019.11.03-15.52.38:812][  0]LogConfig: Applying CVar settings from Section [/Script/Engine.RendererOverrideSettings] File [C:/Users/Kamp-Legion/Documents/SanRockVRUE4/SanRockVR/Saved/Config/Windows/Engine.ini]
[2019.11.03-15.52.38:812][  0]LogConfig: Applying CVar settings from Section [/Script/Engine.StreamingSettings] File [C:/Users/Kamp-Legion/Documents/SanRockVRUE4/SanRockVR/Saved/Config/Windows/Engine.ini]
[2019.11.03-15.52.38:812][  0]LogConfig: Setting CVar [[s.MinBulkDataSizeForAsyncLoading:131072]]
[2019.11.03-15.52.38:812][  0]LogConfig: Setting CVar [[s.AsyncLoadingThreadEnabled:0]]
[2019.11.03-15.52.38:812][  0]LogConfig: Setting CVar [[s.EventDrivenLoaderEnabled:1]]
[2019.11.03-15.52.38:812][  0]LogConfig: Setting CVar [[s.WarnIfTimeLimitExceeded:0]]
[2019.11.03-15.52.38:812][  0]LogConfig: Setting CVar [[s.TimeLimitExceededMultiplier:1.5]]
[2019.11.03-15.52.38:812][  0]LogConfig: Setting CVar [[s.TimeLimitExceededMinTime:0.005]]
[2019.11.03-15.52.38:812][  0]LogConfig: Setting CVar [[s.UseBackgroundLevelStreaming:1]]
[2019.11.03-15.52.38:812][  0]LogConfig: Setting CVar [[s.PriorityAsyncLoadingExtraTime:15.0]]
[2019.11.03-15.52.38:812][  0]LogConfig: Setting CVar [[s.LevelStreamingActorsUpdateTimeLimit:5.0]]
[2019.11.03-15.52.38:812][  0]LogConfig: Setting CVar [[s.PriorityLevelStreamingActorsUpdateExtraTime:5.0]]
[2019.11.03-15.52.38:812][  0]LogConfig: Setting CVar [[s.LevelStreamingComponentsRegistrationGranularity:10]]
[2019.11.03-15.52.38:812][  0]LogConfig: Setting CVar [[s.UnregisterComponentsTimeLimit:1.0]]
[2019.11.03-15.52.38:812][  0]LogConfig: Setting CVar [[s.LevelStreamingComponentsUnregistrationGranularity:5]]
[2019.11.03-15.52.38:812][  0]LogConfig: Applying CVar settings from Section [/Script/Engine.GarbageCollectionSettings] File [C:/Users/Kamp-Legion/Documents/SanRockVRUE4/SanRockVR/Saved/Config/Windows/Engine.ini]
[2019.11.03-15.52.38:812][  0]LogConfig: Setting CVar [[gc.MaxObjectsNotConsideredByGC:1]]
[2019.11.03-15.52.38:812][  0]LogConfig: Setting CVar [[gc.SizeOfPermanentObjectPool:0]]
[2019.11.03-15.52.38:812][  0]LogConfig: Setting CVar [[gc.FlushStreamingOnGC:0]]
[2019.11.03-15.52.38:812][  0]LogConfig: Setting CVar [[gc.NumRetriesBeforeForcingGC:10]]
[2019.11.03-15.52.38:812][  0]LogConfig: Setting CVar [[gc.AllowParallelGC:1]]
[2019.11.03-15.52.38:812][  0]LogConfig: Setting CVar [[gc.TimeBetweenPurgingPendingKillObjects:61.1]]
[2019.11.03-15.52.38:812][  0]LogConfig: Setting CVar [[gc.MaxObjectsInEditor:16777216]]
[2019.11.03-15.52.38:812][  0]LogConfig: Setting CVar [[gc.IncrementalBeginDestroyEnabled:1]]
[2019.11.03-15.52.38:812][  0]LogConfig: Setting CVar [[gc.CreateGCClusters:1]]
[2019.11.03-15.52.38:812][  0]LogConfig: Setting CVar [[gc.MinGCClusterSize:5]]
[2019.11.03-15.52.38:813][  0]LogConfig: Setting CVar [[gc.ActorClusteringEnabled:0]]
[2019.11.03-15.52.38:813][  0]LogConfig: Setting CVar [[gc.BlueprintClusteringEnabled:0]]
[2019.11.03-15.52.38:813][  0]LogConfig: Setting CVar [[gc.UseDisregardForGCOnDedicatedServers:0]]
[2019.11.03-15.52.38:813][  0]LogConfig: Applying CVar settings from Section [/Script/Engine.NetworkSettings] File [C:/Users/Kamp-Legion/Documents/SanRockVRUE4/SanRockVR/Saved/Config/Windows/Engine.ini]
[2019.11.03-15.52.38:813][  0]LogConfig: Applying CVar settings from Section [/Script/UnrealEd.CookerSettings] File [C:/Users/Kamp-Legion/Documents/SanRockVRUE4/SanRockVR/Saved/Config/Windows/Engine.ini]
[2019.11.03-15.52.38:815][  0]LogConfig: Applying CVar settings from Section [ViewDistanceQuality@3] File [C:/Users/Kamp-Legion/Documents/SanRockVRUE4/SanRockVR/Saved/Config/Windows/Scalability.ini]
[2019.11.03-15.52.38:815][  0]LogConfig: Setting CVar [[r.SkeletalMeshLODBias:0]]
[2019.11.03-15.52.38:815][  0]LogConfig: Setting CVar [[r.ViewDistanceScale:1.0]]
[2019.11.03-15.52.38:815][  0]LogConfig: Applying CVar settings from Section [AntiAliasingQuality@3] File [C:/Users/Kamp-Legion/Documents/SanRockVRUE4/SanRockVR/Saved/Config/Windows/Scalability.ini]
[2019.11.03-15.52.38:815][  0]LogConfig: Setting CVar [[r.PostProcessAAQuality:4]]
[2019.11.03-15.52.38:815][  0]LogConfig: Applying CVar settings from Section [ShadowQuality@3] File [C:/Users/Kamp-Legion/Documents/SanRockVRUE4/SanRockVR/Saved/Config/Windows/Scalability.ini]
[2019.11.03-15.52.38:815][  0]LogConfig: Setting CVar [[r.LightFunctionQuality:1]]
[2019.11.03-15.52.38:815][  0]LogConfig: Setting CVar [[r.ShadowQuality:5]]
[2019.11.03-15.52.38:815][  0]LogConfig: Setting CVar [[r.Shadow.CSM.MaxCascades:10]]
[2019.11.03-15.52.38:815][  0]LogConfig: Setting CVar [[r.Shadow.MaxResolution:2048]]
[2019.11.03-15.52.38:815][  0]LogConfig: Setting CVar [[r.Shadow.MaxCSMResolution:2048]]
[2019.11.03-15.52.38:815][  0]LogConfig: Setting CVar [[r.Shadow.RadiusThreshold:0.01]]
[2019.11.03-15.52.38:815][  0]LogConfig: Setting CVar [[r.Shadow.DistanceScale:1.0]]
[2019.11.03-15.52.38:815][  0]LogConfig: Setting CVar [[r.Shadow.CSM.TransitionScale:1.0]]
[2019.11.03-15.52.38:815][  0]LogConfig: Setting CVar [[r.Shadow.PreShadowResolutionFactor:1.0]]
[2019.11.03-15.52.38:815][  0]LogConfig: Setting CVar [[r.DistanceFieldShadowing:1]]
[2019.11.03-15.52.38:815][  0]LogConfig: Setting CVar [[r.DistanceFieldAO:1]]
[2019.11.03-15.52.38:815][  0]LogConfig: Setting CVar [[r.AOQuality:2]]
[2019.11.03-15.52.38:815][  0]LogConfig: Setting CVar [[r.VolumetricFog:1]]
[2019.11.03-15.52.38:815][  0]LogConfig: Setting CVar [[r.VolumetricFog.GridPixelSize:8]]
[2019.11.03-15.52.38:815][  0]LogConfig: Setting CVar [[r.VolumetricFog.GridSizeZ:128]]
[2019.11.03-15.52.38:815][  0]LogConfig: Setting CVar [[r.VolumetricFog.HistoryMissSupersampleCount:4]]
[2019.11.03-15.52.38:815][  0]LogConfig: Setting CVar [[r.LightMaxDrawDistanceScale:1]]
[2019.11.03-15.52.38:815][  0]LogConfig: Setting CVar [[r.CapsuleShadows:1]]
[2019.11.03-15.52.38:816][  0]LogConfig: Applying CVar settings from Section [PostProcessQuality@3] File [C:/Users/Kamp-Legion/Documents/SanRockVRUE4/SanRockVR/Saved/Config/Windows/Scalability.ini]
[2019.11.03-15.52.38:816][  0]LogConfig: Setting CVar [[r.MotionBlurQuality:4]]
[2019.11.03-15.52.38:816][  0]LogConfig: Setting CVar [[r.AmbientOcclusionMipLevelFactor:0.4]]
[2019.11.03-15.52.38:816][  0]LogConfig: Setting CVar [[r.AmbientOcclusionMaxQuality:100]]
[2019.11.03-15.52.38:816][  0]LogConfig: Setting CVar [[r.AmbientOcclusionLevels:-1]]
[2019.11.03-15.52.38:816][  0]LogConfig: Setting CVar [[r.AmbientOcclusionRadiusScale:1.0]]
[2019.11.03-15.52.38:816][  0]LogConfig: Setting CVar [[r.DepthOfFieldQuality:2]]
[2019.11.03-15.52.38:816][  0]LogConfig: Setting CVar [[r.RenderTargetPoolMin:400]]
[2019.11.03-15.52.38:816][  0]LogConfig: Setting CVar [[r.LensFlareQuality:2]]
[2019.11.03-15.52.38:816][  0]LogConfig: Setting CVar [[r.SceneColorFringeQuality:1]]
[2019.11.03-15.52.38:816][  0]LogConfig: Setting CVar [[r.EyeAdaptationQuality:2]]
[2019.11.03-15.52.38:816][  0]LogConfig: Setting CVar [[r.BloomQuality:5]]
[2019.11.03-15.52.38:816][  0]LogConfig: Setting CVar [[r.FastBlurThreshold:100]]
[2019.11.03-15.52.38:816][  0]LogConfig: Setting CVar [[r.Upscale.Quality:3]]
[2019.11.03-15.52.38:816][  0]LogConfig: Setting CVar [[r.Tonemapper.GrainQuantization:1]]
[2019.11.03-15.52.38:816][  0]LogConfig: Setting CVar [[r.LightShaftQuality:1]]
[2019.11.03-15.52.38:816][  0]LogConfig: Setting CVar [[r.Filter.SizeScale:1]]
[2019.11.03-15.52.38:816][  0]LogConfig: Setting CVar [[r.Tonemapper.Quality:5]]
[2019.11.03-15.52.38:816][  0]LogConfig: Setting CVar [[r.DOF.Gather.AccumulatorQuality:1        ; higher gathering accumulator quality]]
[2019.11.03-15.52.38:816][  0]LogConfig: Setting CVar [[r.DOF.Gather.PostfilterMethod:1          ; Median3x3 postfilering method]]
[2019.11.03-15.52.38:816][  0]LogConfig: Setting CVar [[r.DOF.Gather.EnableBokehSettings:0       ; no bokeh simulation when gathering]]
[2019.11.03-15.52.38:816][  0]LogConfig: Setting CVar [[r.DOF.Gather.RingCount:4                 ; medium number of samples when gathering]]
[2019.11.03-15.52.38:816][  0]LogConfig: Setting CVar [[r.DOF.Scatter.ForegroundCompositing:1    ; additive foreground scattering]]
[2019.11.03-15.52.38:816][  0]LogConfig: Setting CVar [[r.DOF.Scatter.BackgroundCompositing:2    ; additive background scattering]]
[2019.11.03-15.52.38:816][  0]LogConfig: Setting CVar [[r.DOF.Scatter.EnableBokehSettings:1      ; bokeh simulation when scattering]]
[2019.11.03-15.52.38:816][  0]LogConfig: Setting CVar [[r.DOF.Scatter.MaxSpriteRatio:0.1         ; only a maximum of 10% of scattered bokeh]]
[2019.11.03-15.52.38:816][  0]LogConfig: Setting CVar [[r.DOF.Recombine.Quality:1                ; cheap slight out of focus]]
[2019.11.03-15.52.38:816][  0]LogConfig: Setting CVar [[r.DOF.Recombine.EnableBokehSettings:0    ; no bokeh simulation on slight out of focus]]
[2019.11.03-15.52.38:816][  0]LogConfig: Setting CVar [[r.DOF.TemporalAAQuality:1                ; more stable temporal accumulation]]
[2019.11.03-15.52.38:816][  0]LogConfig: Setting CVar [[r.DOF.Kernel.MaxForegroundRadius:0.025]]
[2019.11.03-15.52.38:816][  0]LogConfig: Setting CVar [[r.DOF.Kernel.MaxBackgroundRadius:0.025]]
[2019.11.03-15.52.38:816][  0]LogConfig: Applying CVar settings from Section [TextureQuality@3] File [C:/Users/Kamp-Legion/Documents/SanRockVRUE4/SanRockVR/Saved/Config/Windows/Scalability.ini]
[2019.11.03-15.52.38:816][  0]LogConfig: Setting CVar [[r.Streaming.MipBias:0]]
[2019.11.03-15.52.38:816][  0]LogConfig: Setting CVar [[r.Streaming.AmortizeCPUToGPUCopy:0]]
[2019.11.03-15.52.38:816][  0]LogConfig: Setting CVar [[r.Streaming.MaxNumTexturesToStreamPerFrame:0]]
[2019.11.03-15.52.38:816][  0]LogConfig: Setting CVar [[r.Streaming.Boost:1]]
[2019.11.03-15.52.38:816][  0]LogConfig: Setting CVar [[r.MaxAnisotropy:8]]
[2019.11.03-15.52.38:816][  0]LogConfig: Setting CVar [[r.Streaming.LimitPoolSizeToVRAM:0]]
[2019.11.03-15.52.38:816][  0]LogConfig: Setting CVar [[r.Streaming.PoolSize:1000]]
[2019.11.03-15.52.38:816][  0]LogConfig: Setting CVar [[r.Streaming.MaxEffectiveScreenSize:0]]
[2019.11.03-15.52.38:816][  0]LogConfig: Applying CVar settings from Section [EffectsQuality@3] File [C:/Users/Kamp-Legion/Documents/SanRockVRUE4/SanRockVR/Saved/Config/Windows/Scalability.ini]
[2019.11.03-15.52.38:816][  0]LogConfig: Setting CVar [[r.TranslucencyLightingVolumeDim:64]]
[2019.11.03-15.52.38:816][  0]LogConfig: Setting CVar [[r.RefractionQuality:2]]
[2019.11.03-15.52.38:816][  0]LogConfig: Setting CVar [[r.SSR.Quality:3]]
[2019.11.03-15.52.38:816][  0]LogConfig: Setting CVar [[r.SceneColorFormat:4]]
[2019.11.03-15.52.38:816][  0]LogConfig: Setting CVar [[r.DetailMode:2]]
[2019.11.03-15.52.38:816][  0]LogConfig: Setting CVar [[r.TranslucencyVolumeBlur:1]]
[2019.11.03-15.52.38:816][  0]LogConfig: Setting CVar [[r.MaterialQualityLevel:1 ; High quality]]
[2019.11.03-15.52.38:816][  0]LogConfig: Setting CVar [[r.SSS.Scale:1]]
[2019.11.03-15.52.38:816][  0]LogConfig: Setting CVar [[r.SSS.SampleSet:2]]
[2019.11.03-15.52.38:816][  0]LogConfig: Setting CVar [[r.SSS.Quality:1]]
[2019.11.03-15.52.38:816][  0]LogConfig: Setting CVar [[r.SSS.HalfRes:1]]
[2019.11.03-15.52.38:816][  0]LogConfig: Setting CVar [[r.EmitterSpawnRateScale:1.0]]
[2019.11.03-15.52.38:816][  0]LogConfig: Setting CVar [[r.ParticleLightQuality:2]]
[2019.11.03-15.52.38:816][  0]LogConfig: Applying CVar settings from Section [FoliageQuality@3] File [C:/Users/Kamp-Legion/Documents/SanRockVRUE4/SanRockVR/Saved/Config/Windows/Scalability.ini]
[2019.11.03-15.52.38:816][  0]LogConfig: Setting CVar [[foliage.DensityScale:1.0]]
[2019.11.03-15.52.38:816][  0]LogConfig: Setting CVar [[grass.DensityScale:1.0]]
[2019.11.03-15.52.38:816][  0]LogInit: Selected Device Profile: [Windows]
[2019.11.03-15.52.38:816][  0]LogInit: Applying CVar settings loaded from the selected device profile: [Windows]
[2019.11.03-15.52.38:819][  0]LogHAL: Display: Platform has ~ 16 GB [17033236480 / 17179869184 / 16], which maps to Larger [LargestMinGB=32, LargerMinGB=12, DefaultMinGB=8, SmallerMinGB=6, SmallestMinGB=0)
[2019.11.03-15.52.38:819][  0]LogInit: Going up to parent DeviceProfile []
[2019.11.03-15.52.38:820][  0]LogConfig: Applying CVar settings from Section [ViewDistanceQuality@3] File [C:/Users/Kamp-Legion/Documents/SanRockVRUE4/SanRockVR/Saved/Config/Windows/Scalability.ini]
[2019.11.03-15.52.38:820][  0]LogConfig: Setting CVar [[r.SkeletalMeshLODBias:0]]
[2019.11.03-15.52.38:820][  0]LogConfig: Setting CVar [[r.ViewDistanceScale:1.0]]
[2019.11.03-15.52.38:820][  0]LogConfig: Applying CVar settings from Section [AntiAliasingQuality@3] File [C:/Users/Kamp-Legion/Documents/SanRockVRUE4/SanRockVR/Saved/Config/Windows/Scalability.ini]
[2019.11.03-15.52.38:820][  0]LogConfig: Setting CVar [[r.PostProcessAAQuality:4]]
[2019.11.03-15.52.38:820][  0]LogConfig: Applying CVar settings from Section [ShadowQuality@3] File [C:/Users/Kamp-Legion/Documents/SanRockVRUE4/SanRockVR/Saved/Config/Windows/Scalability.ini]
[2019.11.03-15.52.38:820][  0]LogConfig: Setting CVar [[r.LightFunctionQuality:1]]
[2019.11.03-15.52.38:820][  0]LogConfig: Setting CVar [[r.ShadowQuality:5]]
[2019.11.03-15.52.38:820][  0]LogConfig: Setting CVar [[r.Shadow.CSM.MaxCascades:10]]
[2019.11.03-15.52.38:820][  0]LogConfig: Setting CVar [[r.Shadow.MaxResolution:2048]]
[2019.11.03-15.52.38:820][  0]LogConfig: Setting CVar [[r.Shadow.MaxCSMResolution:2048]]
[2019.11.03-15.52.38:820][  0]LogConfig: Setting CVar [[r.Shadow.RadiusThreshold:0.01]]
[2019.11.03-15.52.38:820][  0]LogConfig: Setting CVar [[r.Shadow.DistanceScale:1.0]]
[2019.11.03-15.52.38:820][  0]LogConfig: Setting CVar [[r.Shadow.CSM.TransitionScale:1.0]]
[2019.11.03-15.52.38:820][  0]LogConfig: Setting CVar [[r.Shadow.PreShadowResolutionFactor:1.0]]
[2019.11.03-15.52.38:820][  0]LogConfig: Setting CVar [[r.DistanceFieldShadowing:1]]
[2019.11.03-15.52.38:820][  0]LogConfig: Setting CVar [[r.DistanceFieldAO:1]]
[2019.11.03-15.52.38:820][  0]LogConfig: Setting CVar [[r.AOQuality:2]]
[2019.11.03-15.52.38:820][  0]LogConfig: Setting CVar [[r.VolumetricFog:1]]
[2019.11.03-15.52.38:820][  0]LogConfig: Setting CVar [[r.VolumetricFog.GridPixelSize:8]]
[2019.11.03-15.52.38:820][  0]LogConfig: Setting CVar [[r.VolumetricFog.GridSizeZ:128]]
[2019.11.03-15.52.38:820][  0]LogConfig: Setting CVar [[r.VolumetricFog.HistoryMissSupersampleCount:4]]
[2019.11.03-15.52.38:820][  0]LogConfig: Setting CVar [[r.LightMaxDrawDistanceScale:1]]
[2019.11.03-15.52.38:820][  0]LogConfig: Setting CVar [[r.CapsuleShadows:1]]
[2019.11.03-15.52.38:820][  0]LogConfig: Applying CVar settings from Section [PostProcessQuality@3] File [C:/Users/Kamp-Legion/Documents/SanRockVRUE4/SanRockVR/Saved/Config/Windows/Scalability.ini]
[2019.11.03-15.52.38:820][  0]LogConfig: Setting CVar [[r.MotionBlurQuality:4]]
[2019.11.03-15.52.38:820][  0]LogConfig: Setting CVar [[r.AmbientOcclusionMipLevelFactor:0.4]]
[2019.11.03-15.52.38:820][  0]LogConfig: Setting CVar [[r.AmbientOcclusionMaxQuality:100]]
[2019.11.03-15.52.38:820][  0]LogConfig: Setting CVar [[r.AmbientOcclusionLevels:-1]]
[2019.11.03-15.52.38:820][  0]LogConfig: Setting CVar [[r.AmbientOcclusionRadiusScale:1.0]]
[2019.11.03-15.52.38:820][  0]LogConfig: Setting CVar [[r.DepthOfFieldQuality:2]]
[2019.11.03-15.52.38:820][  0]LogConfig: Setting CVar [[r.RenderTargetPoolMin:400]]
[2019.11.03-15.52.38:820][  0]LogConfig: Setting CVar [[r.LensFlareQuality:2]]
[2019.11.03-15.52.38:820][  0]LogConfig: Setting CVar [[r.SceneColorFringeQuality:1]]
[2019.11.03-15.52.38:820][  0]LogConfig: Setting CVar [[r.EyeAdaptationQuality:2]]
[2019.11.03-15.52.38:820][  0]LogConfig: Setting CVar [[r.BloomQuality:5]]
[2019.11.03-15.52.38:820][  0]LogConfig: Setting CVar [[r.FastBlurThreshold:100]]
[2019.11.03-15.52.38:820][  0]LogConfig: Setting CVar [[r.Upscale.Quality:3]]
[2019.11.03-15.52.38:820][  0]LogConfig: Setting CVar [[r.Tonemapper.GrainQuantization:1]]
[2019.11.03-15.52.38:820][  0]LogConfig: Setting CVar [[r.LightShaftQuality:1]]
[2019.11.03-15.52.38:820][  0]LogConfig: Setting CVar [[r.Filter.SizeScale:1]]
[2019.11.03-15.52.38:820][  0]LogConfig: Setting CVar [[r.Tonemapper.Quality:5]]
[2019.11.03-15.52.38:820][  0]LogConfig: Setting CVar [[r.DOF.Gather.AccumulatorQuality:1        ; higher gathering accumulator quality]]
[2019.11.03-15.52.38:820][  0]LogConfig: Setting CVar [[r.DOF.Gather.PostfilterMethod:1          ; Median3x3 postfilering method]]
[2019.11.03-15.52.38:820][  0]LogConfig: Setting CVar [[r.DOF.Gather.EnableBokehSettings:0       ; no bokeh simulation when gathering]]
[2019.11.03-15.52.38:820][  0]LogConfig: Setting CVar [[r.DOF.Gather.RingCount:4                 ; medium number of samples when gathering]]
[2019.11.03-15.52.38:820][  0]LogConfig: Setting CVar [[r.DOF.Scatter.ForegroundCompositing:1    ; additive foreground scattering]]
[2019.11.03-15.52.38:820][  0]LogConfig: Setting CVar [[r.DOF.Scatter.BackgroundCompositing:2    ; additive background scattering]]
[2019.11.03-15.52.38:820][  0]LogConfig: Setting CVar [[r.DOF.Scatter.EnableBokehSettings:1      ; bokeh simulation when scattering]]
[2019.11.03-15.52.38:820][  0]LogConfig: Setting CVar [[r.DOF.Scatter.MaxSpriteRatio:0.1         ; only a maximum of 10% of scattered bokeh]]
[2019.11.03-15.52.38:820][  0]LogConfig: Setting CVar [[r.DOF.Recombine.Quality:1                ; cheap slight out of focus]]
[2019.11.03-15.52.38:820][  0]LogConfig: Setting CVar [[r.DOF.Recombine.EnableBokehSettings:0    ; no bokeh simulation on slight out of focus]]
[2019.11.03-15.52.38:820][  0]LogConfig: Setting CVar [[r.DOF.TemporalAAQuality:1                ; more stable temporal accumulation]]
[2019.11.03-15.52.38:820][  0]LogConfig: Setting CVar [[r.DOF.Kernel.MaxForegroundRadius:0.025]]
[2019.11.03-15.52.38:820][  0]LogConfig: Setting CVar [[r.DOF.Kernel.MaxBackgroundRadius:0.025]]
[2019.11.03-15.52.38:820][  0]LogConfig: Applying CVar settings from Section [TextureQuality@3] File [C:/Users/Kamp-Legion/Documents/SanRockVRUE4/SanRockVR/Saved/Config/Windows/Scalability.ini]
[2019.11.03-15.52.38:820][  0]LogConfig: Setting CVar [[r.Streaming.MipBias:0]]
[2019.11.03-15.52.38:820][  0]LogConfig: Setting CVar [[r.Streaming.AmortizeCPUToGPUCopy:0]]
[2019.11.03-15.52.38:820][  0]LogConfig: Setting CVar [[r.Streaming.MaxNumTexturesToStreamPerFrame:0]]
[2019.11.03-15.52.38:820][  0]LogConfig: Setting CVar [[r.Streaming.Boost:1]]
[2019.11.03-15.52.38:820][  0]LogConfig: Setting CVar [[r.MaxAnisotropy:8]]
[2019.11.03-15.52.38:820][  0]LogConfig: Setting CVar [[r.Streaming.LimitPoolSizeToVRAM:0]]
[2019.11.03-15.52.38:820][  0]LogConfig: Setting CVar [[r.Streaming.PoolSize:1000]]
[2019.11.03-15.52.38:820][  0]LogConfig: Setting CVar [[r.Streaming.MaxEffectiveScreenSize:0]]
[2019.11.03-15.52.38:821][  0]LogConfig: Applying CVar settings from Section [EffectsQuality@3] File [C:/Users/Kamp-Legion/Documents/SanRockVRUE4/SanRockVR/Saved/Config/Windows/Scalability.ini]
[2019.11.03-15.52.38:821][  0]LogConfig: Setting CVar [[r.TranslucencyLightingVolumeDim:64]]
[2019.11.03-15.52.38:821][  0]LogConfig: Setting CVar [[r.RefractionQuality:2]]
[2019.11.03-15.52.38:821][  0]LogConfig: Setting CVar [[r.SSR.Quality:3]]
[2019.11.03-15.52.38:821][  0]LogConfig: Setting CVar [[r.SceneColorFormat:4]]
[2019.11.03-15.52.38:821][  0]LogConfig: Setting CVar [[r.DetailMode:2]]
[2019.11.03-15.52.38:821][  0]LogConfig: Setting CVar [[r.TranslucencyVolumeBlur:1]]
[2019.11.03-15.52.38:821][  0]LogConfig: Setting CVar [[r.MaterialQualityLevel:1 ; High quality]]
[2019.11.03-15.52.38:821][  0]LogConfig: Setting CVar [[r.SSS.Scale:1]]
[2019.11.03-15.52.38:821][  0]LogConfig: Setting CVar [[r.SSS.SampleSet:2]]
[2019.11.03-15.52.38:821][  0]LogConfig: Setting CVar [[r.SSS.Quality:1]]
[2019.11.03-15.52.38:821][  0]LogConfig: Setting CVar [[r.SSS.HalfRes:1]]
[2019.11.03-15.52.38:821][  0]LogConfig: Setting CVar [[r.EmitterSpawnRateScale:1.0]]
[2019.11.03-15.52.38:821][  0]LogConfig: Setting CVar [[r.ParticleLightQuality:2]]
[2019.11.03-15.52.38:821][  0]LogConfig: Applying CVar settings from Section [FoliageQuality@3] File [C:/Users/Kamp-Legion/Documents/SanRockVRUE4/SanRockVR/Saved/Config/Windows/Scalability.ini]
[2019.11.03-15.52.38:821][  0]LogConfig: Setting CVar [[foliage.DensityScale:1.0]]
[2019.11.03-15.52.38:821][  0]LogConfig: Setting CVar [[grass.DensityScale:1.0]]
[2019.11.03-15.52.38:821][  0]LogConfig: Applying CVar settings from Section [Startup] File [../../../Engine/Config/ConsoleVariables.ini]
[2019.11.03-15.52.38:821][  0]LogConfig: Setting CVar [[net.UseAdaptiveNetUpdateFrequency:0]]
[2019.11.03-15.52.38:821][  0]LogConfig: Setting CVar [[p.chaos.AllowCreatePhysxBodies:1]]
[2019.11.03-15.52.38:821][  0]LogConfig: Applying CVar settings from Section [ConsoleVariables] File [C:/Users/Kamp-Legion/Documents/SanRockVRUE4/SanRockVR/Saved/Config/Windows/Engine.ini]
[2019.11.03-15.52.38:821][  0]LogInit: Computer: LAPTOP-KALMUV1E
[2019.11.03-15.52.38:821][  0]LogInit: User: KampLegion
[2019.11.03-15.52.38:821][  0]LogInit: CPU Page size=4096, Cores=4
[2019.11.03-15.52.38:821][  0]LogInit: High frequency timer resolution =10.000000 MHz
[2019.11.03-15.52.38:821][  0]LogMemory: Memory total: Physical=15.9GB (16GB approx)
[2019.11.03-15.52.38:821][  0]LogMemory: Platform Memory Stats for Windows
[2019.11.03-15.52.38:821][  0]LogMemory: Process Physical Memory: 101.51 MB used, 101.52 MB peak
[2019.11.03-15.52.38:821][  0]LogMemory: Process Virtual Memory: 104.01 MB used, 104.01 MB peak
[2019.11.03-15.52.38:821][  0]LogMemory: Physical Memory: 8241.35 MB used,  8002.81 MB free, 16244.16 MB total
[2019.11.03-15.52.38:821][  0]LogMemory: Virtual Memory: 4660.43 MB used,  134213064.00 MB free, 134217728.00 MB total
[2019.11.03-15.52.38:825][  0]LogWindows: WindowsPlatformFeatures enabled
[2019.11.03-15.52.38:855][  0]LogInit: Using OS detected language (en-US).
[2019.11.03-15.52.38:855][  0]LogInit: Using OS detected locale (en-DK).
[2019.11.03-15.52.38:856][  0]LogTextLocalizationManager: No specific localization for 'en-US' exists, so the 'en' localization will be used.
[2019.11.03-15.52.39:074][  0]LogInit: Setting process to per monitor DPI aware
[2019.11.03-15.52.39:104][  0]LogSlate: New Slate User Created.  User Index 0, Is Virtual User: 0
[2019.11.03-15.52.39:104][  0]LogSlate: Slate User Registered.  User Index 0, Is Virtual User: 0
[2019.11.03-15.52.39:320][  0]LogHMD: Failed to initialize OpenVR with code 110
[2019.11.03-15.52.39:320][  0]LogD3D11RHI: D3D11 adapters:
[2019.11.03-15.52.39:404][  0]LogD3D11RHI:    0. 'NVIDIA GeForce GTX 1060' (Feature Level 11_0)
[2019.11.03-15.52.39:404][  0]LogD3D11RHI:       6052/0/8122 MB DedicatedVideo/DedicatedSystem/SharedSystem, Outputs:1, VendorId:0x10de
[2019.11.03-15.52.39:428][  0]LogD3D11RHI:    1. 'Intel(R) HD Graphics 630' (Feature Level 11_0)
[2019.11.03-15.52.39:428][  0]LogD3D11RHI:       128/0/8122 MB DedicatedVideo/DedicatedSystem/SharedSystem, Outputs:0, VendorId:0x8086
[2019.11.03-15.52.39:431][  0]LogD3D11RHI:    2. 'Microsoft Basic Render Driver' (Feature Level 11_0)
[2019.11.03-15.52.39:431][  0]LogD3D11RHI:       0/0/8122 MB DedicatedVideo/DedicatedSystem/SharedSystem, Outputs:0, VendorId:0x1414
[2019.11.03-15.52.39:431][  0]LogD3D11RHI: Chosen D3D11 Adapter: 0
[2019.11.03-15.52.39:469][  0]LogD3D11RHI: Creating new Direct3DDevice
[2019.11.03-15.52.39:469][  0]LogD3D11RHI:     GPU DeviceId: 0x1c20 (for the marketing name, search the web for "GPU Device Id")
[2019.11.03-15.52.39:469][  0]LogWindows: EnumDisplayDevices:
[2019.11.03-15.52.39:469][  0]LogWindows:    0. 'Intel(R) HD Graphics 630' (P:1 D:1)
[2019.11.03-15.52.39:470][  0]LogWindows:    1. 'Intel(R) HD Graphics 630' (P:0 D:0)
[2019.11.03-15.52.39:470][  0]LogWindows:    2. 'Intel(R) HD Graphics 630' (P:0 D:0)
[2019.11.03-15.52.39:470][  0]LogWindows:    3. 'NVIDIA GeForce GTX 1060' (P:0 D:0)
[2019.11.03-15.52.39:470][  0]LogWindows:    4. 'NVIDIA GeForce GTX 1060' (P:0 D:0)
[2019.11.03-15.52.39:471][  0]LogWindows:    5. 'NVIDIA GeForce GTX 1060' (P:0 D:0)
[2019.11.03-15.52.39:471][  0]LogWindows:    6. 'NVIDIA GeForce GTX 1060' (P:0 D:0)
[2019.11.03-15.52.39:471][  0]LogWindows: DebugString: PrimaryIsNotTheChoosenAdapter PrimaryIsNotTheChoosenAdapter PrimaryIsNotTheChoosenAdapter FoundDriverCount:4 
[2019.11.03-15.52.39:471][  0]LogD3D11RHI:     Adapter Name: NVIDIA GeForce GTX 1060
[2019.11.03-15.52.39:471][  0]LogD3D11RHI:   Driver Version: 436.48 (internal:26.21.14.3648, unified:436.48)
[2019.11.03-15.52.39:471][  0]LogD3D11RHI:      Driver Date: 9-26-2019
[2019.11.03-15.52.39:471][  0]LogRHI: Texture pool is 4236 MB (70% of 6052 MB)
[2019.11.03-15.52.39:523][  0]LogD3D11RHI: Async texture creation enabled
[2019.11.03-15.52.39:551][  0]LogD3D11RHI: GPU Timing Frequency: 1000.000000 (Debug: 2 1)
[2019.11.03-15.52.39:934][  0]LogTemp: Display: Module 'AllDesktopTargetPlatform' loaded TargetPlatform 'AllDesktop'
[2019.11.03-15.52.39:946][  0]LogTemp: Display: Module 'MacClientTargetPlatform' loaded TargetPlatform 'MacClient'
[2019.11.03-15.52.39:957][  0]LogTemp: Display: Module 'MacNoEditorTargetPlatform' loaded TargetPlatform 'MacNoEditor'
[2019.11.03-15.52.39:969][  0]LogTemp: Display: Module 'MacServerTargetPlatform' loaded TargetPlatform 'MacServer'
[2019.11.03-15.52.39:981][  0]LogTemp: Display: Module 'MacTargetPlatform' loaded TargetPlatform 'Mac'
[2019.11.03-15.52.39:993][  0]LogTemp: Display: Module 'WindowsClientTargetPlatform' loaded TargetPlatform 'WindowsClient'
[2019.11.03-15.52.40:005][  0]LogTemp: Display: Module 'WindowsNoEditorTargetPlatform' loaded TargetPlatform 'WindowsNoEditor'
[2019.11.03-15.52.40:017][  0]LogTemp: Display: Module 'WindowsServerTargetPlatform' loaded TargetPlatform 'WindowsServer'
[2019.11.03-15.52.40:023][  0]LogTemp: Display: Module 'WindowsTargetPlatform' loaded TargetPlatform 'Windows'
[2019.11.03-15.52.40:067][  0]LogTemp: Display: Module 'AndroidTargetPlatform' loaded TargetPlatform 'Android'
[2019.11.03-15.52.40:067][  0]LogTemp: Display: Module 'AndroidTargetPlatform' loaded TargetPlatform 'Android_ASTC'
[2019.11.03-15.52.40:067][  0]LogTemp: Display: Module 'AndroidTargetPlatform' loaded TargetPlatform 'Android_ATC'
[2019.11.03-15.52.40:067][  0]LogTemp: Display: Module 'AndroidTargetPlatform' loaded TargetPlatform 'Android_DXT'
[2019.11.03-15.52.40:067][  0]LogTemp: Display: Module 'AndroidTargetPlatform' loaded TargetPlatform 'Android_ETC1'
[2019.11.03-15.52.40:067][  0]LogTemp: Display: Module 'AndroidTargetPlatform' loaded TargetPlatform 'Android_ETC1a'
[2019.11.03-15.52.40:067][  0]LogTemp: Display: Module 'AndroidTargetPlatform' loaded TargetPlatform 'Android_ETC2'
[2019.11.03-15.52.40:067][  0]LogTemp: Display: Module 'AndroidTargetPlatform' loaded TargetPlatform 'Android_PVRTC'
[2019.11.03-15.52.40:067][  0]LogTemp: Display: Module 'AndroidTargetPlatform' loaded TargetPlatform 'AndroidClient'
[2019.11.03-15.52.40:067][  0]LogTemp: Display: Module 'AndroidTargetPlatform' loaded TargetPlatform 'Android_ASTCClient'
[2019.11.03-15.52.40:067][  0]LogTemp: Display: Module 'AndroidTargetPlatform' loaded TargetPlatform 'Android_ATCClient'
[2019.11.03-15.52.40:067][  0]LogTemp: Display: Module 'AndroidTargetPlatform' loaded TargetPlatform 'Android_DXTClient'
[2019.11.03-15.52.40:067][  0]LogTemp: Display: Module 'AndroidTargetPlatform' loaded TargetPlatform 'Android_ETC1Client'
[2019.11.03-15.52.40:067][  0]LogTemp: Display: Module 'AndroidTargetPlatform' loaded TargetPlatform 'Android_ETC1aClient'
[2019.11.03-15.52.40:067][  0]LogTemp: Display: Module 'AndroidTargetPlatform' loaded TargetPlatform 'Android_ETC2Client'
[2019.11.03-15.52.40:067][  0]LogTemp: Display: Module 'AndroidTargetPlatform' loaded TargetPlatform 'Android_PVRTCClient'
[2019.11.03-15.52.40:067][  0]LogTemp: Display: Module 'AndroidTargetPlatform' loaded TargetPlatform 'Android_Multi'
[2019.11.03-15.52.40:067][  0]LogTemp: Display: Module 'AndroidTargetPlatform' loaded TargetPlatform 'Android_MultiClient'
[2019.11.03-15.52.40:070][  0]LogTemp: Display: Module 'HTML5TargetPlatform' loaded TargetPlatform 'HTML5'
[2019.11.03-15.52.40:091][  0]LogTemp: Display: Module 'IOSTargetPlatform' loaded TargetPlatform 'IOSClient'
[2019.11.03-15.52.40:092][  0]LogTemp: Display: Module 'IOSTargetPlatform' loaded TargetPlatform 'IOS'
[2019.11.03-15.52.40:110][  0]LogTemp: Display: Module 'TVOSTargetPlatform' loaded TargetPlatform 'TVOSClient'
[2019.11.03-15.52.40:110][  0]LogTemp: Display: Module 'TVOSTargetPlatform' loaded TargetPlatform 'TVOS'
[2019.11.03-15.52.40:119][  0]LogTemp: Display: Module 'LinuxClientTargetPlatform' loaded TargetPlatform 'LinuxClient'
[2019.11.03-15.52.40:128][  0]LogTemp: Display: Module 'LinuxNoEditorTargetPlatform' loaded TargetPlatform 'LinuxNoEditor'
[2019.11.03-15.52.40:137][  0]LogTemp: Display: Module 'LinuxServerTargetPlatform' loaded TargetPlatform 'LinuxServer'
[2019.11.03-15.52.40:148][  0]LogTemp: Display: Module 'LinuxTargetPlatform' loaded TargetPlatform 'Linux'
[2019.11.03-15.52.40:179][  0]LogTemp: Display: Module 'LuminTargetPlatform' loaded TargetPlatform 'Lumin'
[2019.11.03-15.52.40:179][  0]LogTemp: Display: Module 'LuminTargetPlatform' loaded TargetPlatform 'LuminClient'
[2019.11.03-15.52.40:179][  0]LogTargetPlatformManager: Display: Building Assets For Windows
[2019.11.03-15.52.40:191][  0]LogAudioDebug: Display: Lib vorbis DLL was dynamically loaded.
[2019.11.03-15.52.40:262][  0]LogShaderCompilers: Guid format shader working directory is -17 characters bigger than the processId version (../../../../../../Users/Kamp-Legion/Documents/SanRockVRUE4/SanRockVR/Intermediate/Shaders/WorkingDirectory/12540/).
[2019.11.03-15.52.40:262][  0]LogShaderCompilers: Cleaned the shader compiler working directory 'C:/Users/Kamp-Legion/AppData/Local/Temp/UnrealShaderWorkingDir/004A57DD4E3581818CAA7CAA507C5FF0/'.
[2019.11.03-15.52.40:265][  0]LogXGEController: Cannot use XGE Controller as Incredibuild is not installed on this machine.
[2019.11.03-15.52.40:265][  0]LogShaderCompilers: Cannot use XGE Shader Compiler as Incredibuild is not installed on this machine.
[2019.11.03-15.52.40:265][  0]LogShaderCompilers: Display: Using Local Shader Compiler.
[2019.11.03-15.52.40:971][  0]LogDerivedDataCache: Display: Max Cache Size: 512 MB
[2019.11.03-15.52.41:024][  0]LogDerivedDataCache: Loaded boot cache 0.05s 75MB C:/Users/Kamp-Legion/AppData/Local/UnrealEngine/4.23/DerivedDataCache/Boot.ddc.
[2019.11.03-15.52.41:024][  0]LogDerivedDataCache: Display: Loaded Boot cache: C:/Users/Kamp-Legion/AppData/Local/UnrealEngine/4.23/DerivedDataCache/Boot.ddc
[2019.11.03-15.52.41:024][  0]LogDerivedDataCache: FDerivedDataBackendGraph:  Pak pak cache file ../../../../../../Users/Kamp-Legion/Documents/SanRockVRUE4/SanRockVR/DerivedDataCache/DDC.ddp not found, will not use a pak cache.
[2019.11.03-15.52.41:024][  0]LogDerivedDataCache: Unable to find inner node Pak for hierarchical cache Hierarchy.
[2019.11.03-15.52.41:025][  0]LogDerivedDataCache: FDerivedDataBackendGraph:  CompressedPak pak cache file ../../../../../../Users/Kamp-Legion/Documents/SanRockVRUE4/SanRockVR/DerivedDataCache/Compressed.ddp not found, will not use a pak cache.
[2019.11.03-15.52.41:025][  0]LogDerivedDataCache: Unable to find inner node CompressedPak for hierarchical cache Hierarchy.
[2019.11.03-15.52.41:037][  0]LogDerivedDataCache: Display: Pak cache opened for reading ../../../Engine/DerivedDataCache/Compressed.ddp.
[2019.11.03-15.52.41:039][  0]LogDerivedDataCache: Display: Pak cache opened for reading ../../../Enterprise/DerivedDataCache/Compressed.ddp.
[2019.11.03-15.52.41:040][  0]LogDerivedDataCache: Using Local data cache path C:/Users/Kamp-Legion/AppData/Local/UnrealEngine/Common/DerivedDataCache: Writable
[2019.11.03-15.52.41:041][  0]LogDerivedDataCache: Shared data cache path not found in *engine.ini, will not use an Shared cache.
[2019.11.03-15.52.41:041][  0]LogDerivedDataCache: Unable to find inner node Shared for hierarchical cache Hierarchy.
[2019.11.03-15.52.41:063][  0]LogMaterial: Verifying Global Shaders for PCD3D_SM5
[2019.11.03-15.52.41:066][  0]LogSlate: Using FreeType 2.6.0
[2019.11.03-15.52.41:067][  0]LogSlate: SlateFontServices - WITH_FREETYPE: 1, WITH_HARFBUZZ: 1
[2019.11.03-15.52.41:130][  0]LogAssetRegistry: FAssetRegistry took 0.0027 seconds to start up
[2019.11.03-15.52.41:418][  0]LogInit: Selected Device Profile: [Windows]
[2019.11.03-15.52.41:587][  0]LogMeshReduction: Using QuadricMeshReduction for automatic static mesh reduction
[2019.11.03-15.52.41:587][  0]LogMeshReduction: Using SimplygonMeshReduction for automatic skeletal mesh reduction
[2019.11.03-15.52.41:587][  0]LogMeshReduction: Using ProxyLODMeshReduction for automatic mesh merging
[2019.11.03-15.52.41:587][  0]LogMeshReduction: No distributed automatic mesh merging module available
[2019.11.03-15.52.41:587][  0]LogMeshMerging: No distributed automatic mesh merging module available
[2019.11.03-15.52.41:598][  0]LogNetVersion: SanRockArtVRMED7 1.0.0, NetCL: 8386587, EngineNetVer: 11, GameNetVer: 0 (Checksum: 2483326429)
[2019.11.03-15.52.42:086][  0]LogPackageLocalizationCache: Processed 18 localized package path(s) for 1 prioritized culture(s) in 0.083942 seconds
[2019.11.03-15.52.42:094][  0]LogUObjectArray: 43444 objects as part of root set at end of initial load.
[2019.11.03-15.52.42:094][  0]LogUObjectAllocator: 7548648 out of 0 bytes used by permanent object pool.
[2019.11.03-15.52.42:094][  0]LogUObjectArray: CloseDisregardForGC: 0/0 objects in disregard for GC pool
[2019.11.03-15.52.43:082][  0]LogTcpMessaging: Initializing TcpMessaging bridge
[2019.11.03-15.52.43:085][  0]LogUdpMessaging: Initializing bridge on interface 0.0.0.0:0 to multicast group 230.0.0.1:6666.
[2019.11.03-15.52.43:152][  0]SourceControl: Source control is disabled
[2019.11.03-15.52.43:152][  0]SourceControl: Source control is disabled
[2019.11.03-15.52.43:153][  0]SourceControl: Source control is disabled
[2019.11.03-15.52.43:155][  0]SourceControl: Source control is disabled
[2019.11.03-15.52.43:341][  0]LogAndroidPermission: UAndroidPermissionCallbackProxy::GetInstance
[2019.11.03-15.52.43:483][  0]LogOcInput: OculusInput pre-init called
[2019.11.03-15.52.43:492][  0]LogWindows: Failed to load 'OVRPlugin.dll' (GetLastError=126)
[2019.11.03-15.52.43:492][  0]LogWindows: File 'OVRPlugin.dll' does not exist
[2019.11.03-15.52.46:772][  0]LogEngine: Initializing Engine...
[2019.11.03-15.52.46:773][  0]LogHMD: Failed to initialize OpenVR with code 110
[2019.11.03-15.52.46:774][  0]LogStats: UGameplayTagsManager::InitializeManager -  0.000 s
[2019.11.03-15.52.47:013][  0]LogInit: Initializing FReadOnlyCVARCache
[2019.11.03-15.52.47:029][  0]LogAIModule: Creating AISystem for world Untitled
[2019.11.03-15.52.47:063][  0]LogInit: XAudio2 using 'Headphones (MAJOR II BLUETOOTH Stereo)' : 2 channels at 44.1 kHz using 16 bits per sample (channel mask 0x3)
[2019.11.03-15.52.47:082][  0]LogInit: FAudioDevice initialized.
[2019.11.03-15.52.47:083][  0]LogNetVersion: Set ProjectVersion to 1.0.0.0. Version Checksum will be recalculated on next use.
[2019.11.03-15.52.47:124][  0]LogDerivedDataCache: Saved boot cache 0.04s 75MB C:/Users/Kamp-Legion/AppData/Local/UnrealEngine/4.23/DerivedDataCache/Boot.ddc.
[2019.11.03-15.52.47:131][  0]LogInit: Texture streaming: Enabled
[2019.11.03-15.52.47:154][  0]LogEngineSessionManager: EngineSessionManager initialized
[2019.11.03-15.52.47:232][  0]LogInit: Transaction tracking system initialized
[2019.11.03-15.52.47:274][  0]BlueprintLog: New page: Editor Load
[2019.11.03-15.52.47:370][  0]LocalizationService: Localization service is disabled
[2019.11.03-15.52.47:638][  0]LogFileCache: Scanning file cache for directory 'C:/Users/Kamp-Legion/Documents/SanRockVRUE4/SanRockVR/Content/' took 0.01s
[2019.11.03-15.52.47:638][  0]LogCook: Display: Max memory allowance for cook 16384mb min free memory 0mb
[2019.11.03-15.52.47:638][  0]LogCook: Display: Mobile HDR setting 1
[2019.11.03-15.52.49:373][  0]SourceControl: Source control is disabled
[2019.11.03-15.52.49:373][  0]Cmd: MAP LOAD FILE="../../../../../../Users/Kamp-Legion/Documents/SanRockVRUE4/SanRockVR/Content/VirtualRealityBP/Maps/TestWorld.umap" TEMPLATE=0 SHOWPROGRESS=1 FEATURELEVEL=3
[2019.11.03-15.52.49:374][  0]LogEditorServer: Warning: Can't find file '../../../../../../Users/Kamp-Legion/Documents/SanRockVRUE4/SanRockVR/Content/VirtualRealityBP/Maps/TestWorld.umap'
[2019.11.03-15.52.49:374][  0]Cmd: MAP CHECKDEP NOCLEARLOG
[2019.11.03-15.52.49:374][  0]MapCheck: Map check complete: 0 Error(s), 0 Warning(s), took 0.187ms to complete.
[2019.11.03-15.52.49:374][  0]LogFileHelpers: Loading map 'TestWorld' took 0.001
[2019.11.03-15.52.49:495][  0]LogSlate: Updating window title bar state: overlay mode, drag disabled, window buttons hidden, title bar hidden
[2019.11.03-15.52.49:502][  0]LogSlate: Updating window title bar state: overlay mode, drag disabled, window buttons hidden, title bar hidden
[2019.11.03-15.52.49:509][  0]LogSlate: Updating window title bar state: overlay mode, drag disabled, window buttons hidden, title bar hidden
[2019.11.03-15.52.49:516][  0]LogSlate: Updating window title bar state: overlay mode, drag disabled, window buttons hidden, title bar hidden
[2019.11.03-15.52.49:524][  0]LogCollectionManager: Loaded 0 collections in 0.002420 seconds
[2019.11.03-15.52.49:532][  0]LogFileCache: Scanning file cache for directory 'C:/Users/Kamp-Legion/Documents/SanRockVRUE4/SanRockVR/Saved/Collections/' took 0.00s
[2019.11.03-15.52.49:532][  0]LogFileCache: Scanning file cache for directory 'C:/Users/Kamp-Legion/Documents/SanRockVRUE4/SanRockVR/Content/Developers/KampLegion/Collections/' took 0.00s
[2019.11.03-15.52.49:532][  0]LogFileCache: Scanning file cache for directory 'C:/Users/Kamp-Legion/Documents/SanRockVRUE4/SanRockVR/Content/Collections/' took 0.00s
[2019.11.03-15.52.49:532][  0]LogCollectionManager: Rebuilt the GUID cache for 0 collections in 0.000001 seconds
[2019.11.03-15.52.49:541][  0]LogContentBrowser: Native class hierarchy populated in 0.0096 seconds. Added 3047 classes and 768 folders.
[2019.11.03-15.52.49:549][  0]LogContentBrowser: Native class hierarchy updated for 'WidgetCarousel' in 0.0004 seconds. Added 0 classes and 0 folders.
[2019.11.03-15.52.49:604][  0]LogContentBrowser: Native class hierarchy updated for 'AddContentDialog' in 0.0004 seconds. Added 0 classes and 0 folders.
[2019.11.03-15.52.49:608][  0]LogContentBrowser: Native class hierarchy updated for 'SceneOutliner' in 0.0005 seconds. Added 1 classes and 0 folders.
[2019.11.03-15.52.50:776][  0]LogSlate: Only BGRA pngs, bmps or icos are supported in by External Image Picker
[2019.11.03-15.52.50:801][  0]LogSlate: Took 0.000378 seconds to synchronously load lazily loaded font '../../../Engine/Content/Slate/Fonts/Roboto-Regular.ttf' (155K)
[2019.11.03-15.52.50:805][  0]LogSlate: Took 0.000203 seconds to synchronously load lazily loaded font '../../../Engine/Content/Slate/Fonts/Roboto-Bold.ttf' (160K)
[2019.11.03-15.52.50:811][  0]LogSlate: Took 0.000200 seconds to synchronously load lazily loaded font '../../../Engine/Content/Editor/Slate/Fonts/FontAwesome.ttf' (139K)
[2019.11.03-15.52.50:895][  0]LogRenderer: Reallocating scene render targets to support 1224x512 Format 10 NumSamples 1 (Frame:1).
[2019.11.03-15.52.51:018][  0]LogContentBrowser: Native class hierarchy updated for 'HierarchicalLODOutliner' in 0.0004 seconds. Added 0 classes and 0 folders.
[2019.11.03-15.52.51:018][  0]LogLoad: (Engine Initialization) Total time: 13.63 seconds
[2019.11.03-15.52.51:018][  0]LogLoad: (Engine Initialization) Total Blueprint compile time: 0.00 seconds
[2019.11.03-15.52.51:109][  0]LogContentStreaming: Texture pool size now 1000 MB
[2019.11.03-15.52.51:138][  0]LogSlate: Took 0.000122 seconds to synchronously load lazily loaded font '../../../Engine/Content/Slate/Fonts/Roboto-Light.ttf' (167K)
[2019.11.03-15.52.51:166][  1]LogFileCache: Retrieving MD5 hashes for directory 'C:/Users/Kamp-Legion/Documents/SanRockVRUE4/SanRockVR/Content/' took 0.13s
[2019.11.03-15.52.51:190][  1]LogAssetRegistry: Asset discovery search completed in 10.0604 seconds
[2019.11.03-15.52.51:195][  1]LogCollectionManager: Rebuilt the object cache for 0 collections in 0.000004 seconds (found 0 objects)
[2019.11.03-15.52.51:195][  1]LogCollectionManager: Fixed up redirectors for 0 collections in 0.000066 seconds (updated 0 objects)
[2019.11.03-15.52.52:506][  5]LogSlate: Took 0.000188 seconds to synchronously load lazily loaded font '../../../Engine/Content/Slate/Fonts/Roboto-Light.ttf' (167K)
[2019.11.03-15.52.57:529][ 20]LogSlate: FSceneViewport::OnFocusLost() reason 0
[2019.11.03-15.53.06:775][963]LogAIModule: Creating AISystem for world FPPC_TestMap
[2019.11.03-15.53.06:806][963]LogAssetEditorManager: Opening Asset editor for World /Game/Maps/PC_Maps/FPPC_TestMap.FPPC_TestMap
[2019.11.03-15.53.06:841][963]LogUObjectHash: Compacting FUObjectHashTables data took   3.19ms
[2019.11.03-15.53.06:842][963]Cmd: MAP LOAD FILE="../../../../../../Users/Kamp-Legion/Documents/SanRockVRUE4/SanRockVR/Content/Maps/PC_Maps/FPPC_TestMap.umap" TEMPLATE=0 SHOWPROGRESS=1 FEATURELEVEL=3
[2019.11.03-15.53.06:842][963]LightingResults: New page: Lighting Build
[2019.11.03-15.53.06:846][963]LogContentBrowser: Native class hierarchy updated for 'StatsViewer' in 0.0004 seconds. Added 5 classes and 0 folders.
[2019.11.03-15.53.06:846][963]LoadErrors: New page: Loading map: FPPC_TestMap.umap
[2019.11.03-15.53.06:847][963]LogWorld: UWorld::CleanupWorld for Untitled, bSessionEnded=true, bCleanupResources=true
[2019.11.03-15.53.06:847][963]MapCheck: New page: Map Check
[2019.11.03-15.53.06:847][963]LightingResults: New page: Lighting Build
[2019.11.03-15.53.06:872][963]LogUObjectHash: Compacting FUObjectHashTables data took   1.94ms
[2019.11.03-15.53.06:985][963]LogEditorServer: Finished looking for orphan Actors (0.000 secs)
[2019.11.03-15.53.07:015][963]LogUObjectHash: Compacting FUObjectHashTables data took   1.85ms
[2019.11.03-15.53.07:056][963]Cmd: MAP CHECKDEP NOCLEARLOG
[2019.11.03-15.53.07:057][963]MapCheck: Map check complete: 0 Error(s), 0 Warning(s), took 0.227ms to complete.
[2019.11.03-15.53.07:057][963]LogFileHelpers: Loading map 'FPPC_TestMap' took 0.216
[2019.11.03-15.53.09:672][246]LogEditorViewport: Clicking on Actor (LMB): StaticMeshActor (Floor)
[2019.11.03-15.53.11:343][418]LogSlate: FSceneViewport::OnFocusLost() reason 0
[2019.11.03-15.53.11:447][428]LogRenderer: Reallocating scene render targets to support 1224x524 Format 10 NumSamples 1 (Frame:461).
[2019.11.03-15.53.11:481][429]LogRenderer: Reallocating scene render targets to support 1224x552 Format 10 NumSamples 1 (Frame:463).
[2019.11.03-15.53.11:514][430]LogRenderer: Reallocating scene render targets to support 1224x600 Format 10 NumSamples 1 (Frame:465).
[2019.11.03-15.53.11:545][431]LogRenderer: Reallocating scene render targets to support 1224x632 Format 10 NumSamples 1 (Frame:467).
[2019.11.03-15.53.11:576][432]LogRenderer: Reallocating scene render targets to support 1224x664 Format 10 NumSamples 1 (Frame:469).
[2019.11.03-15.53.11:610][433]LogRenderer: Reallocating scene render targets to support 1224x688 Format 10 NumSamples 1 (Frame:471).
[2019.11.03-15.53.11:641][434]LogRenderer: Reallocating scene render targets to support 1224x696 Format 10 NumSamples 1 (Frame:473).
[2019.11.03-15.53.11:666][435]LogRenderer: Reallocating scene render targets to support 1224x704 Format 10 NumSamples 1 (Frame:475).
[2019.11.03-15.53.11:697][436]LogRenderer: Reallocating scene render targets to support 1224x712 Format 10 NumSamples 1 (Frame:477).
[2019.11.03-15.53.11:729][437]LogRenderer: Reallocating scene render targets to support 1224x732 Format 10 NumSamples 1 (Frame:479).
[2019.11.03-15.53.11:763][438]LogRenderer: Reallocating scene render targets to support 1224x736 Format 10 NumSamples 1 (Frame:481).
[2019.11.03-15.53.11:794][439]LogRenderer: Reallocating scene render targets to support 1224x740 Format 10 NumSamples 1 (Frame:483).
[2019.11.03-15.53.22:683][583]LogSlate: FSceneViewport::OnFocusLost() reason 0
[2019.11.03-15.53.22:771][593]LogTemp: Repeating last play command: Selected Viewport
[2019.11.03-15.53.22:793][593]LogBlueprintUserMessages: Early PlayInEditor Detection: Level '/Game/Maps/PC_Maps/FPPC_TestMap.FPPC_TestMap:PersistentLevel' has LevelScriptBlueprint '/Game/Maps/PC_Maps/FPPC_TestMap.FPPC_TestMap:PersistentLevel.FPPC_TestMap' with GeneratedClass '/Game/Maps/PC_Maps/FPPC_TestMap.FPPC_TestMap_C' with ClassGeneratedBy '/Game/Maps/PC_Maps/FPPC_TestMap.FPPC_TestMap:PersistentLevel.FPPC_TestMap'
[2019.11.03-15.53.22:793][593]LogPlayLevel: PlayLevel: No blueprints needed recompiling
[2019.11.03-15.53.22:793][593]PIE: New page: PIE session: FPPC_TestMap (Nov 3, 2019, 5:53:22 PM)
[2019.11.03-15.53.22:794][593]LogOnline: OSS: Creating online subsystem instance for: NULL
[2019.11.03-15.53.22:795][593]LogPlayLevel: Creating play world package: /Game/Maps/PC_Maps/UEDPIE_0_FPPC_TestMap
[2019.11.03-15.53.22:803][593]LogPlayLevel: PIE: StaticDuplicateObject took: (0.007479s)
[2019.11.03-15.53.22:804][593]LogAIModule: Creating AISystem for world FPPC_TestMap
[2019.11.03-15.53.22:804][593]LogPlayLevel: PIE: World Init took: (0.001306s)
[2019.11.03-15.53.22:805][593]LogPlayLevel: PIE: Created PIE world by copying editor world from /Game/Maps/PC_Maps/FPPC_TestMap.FPPC_TestMap to /Game/Maps/PC_Maps/UEDPIE_0_FPPC_TestMap.FPPC_TestMap (0.009194s)
[2019.11.03-15.53.22:831][593]LogUObjectHash: Compacting FUObjectHashTables data took   1.67ms
[2019.11.03-15.53.22:854][593]LogInit: XAudio2 using 'Headphones (MAJOR II BLUETOOTH Stereo)' : 2 channels at 44.1 kHz using 16 bits per sample (channel mask 0x3)
[2019.11.03-15.53.22:866][593]LogInit: FAudioDevice initialized.
[2019.11.03-15.53.22:880][593]LogLoad: Game class is 'FirstPersonGameMode_C'
[2019.11.03-15.53.22:882][593]LogWorld: Bringing World /Game/Maps/PC_Maps/UEDPIE_0_FPPC_TestMap.FPPC_TestMap up for play (max tick rate 0) at 2019.11.03-16.53.22
[2019.11.03-15.53.22:883][593]LogWorld: Bringing up level for play took: 0.001871
[2019.11.03-15.53.22:883][593]LogOnline: OSS: Creating online subsystem instance for: :Context_3
[2019.11.03-15.53.22:893][593]LogContentBrowser: Native class hierarchy updated for 'MovieSceneCapture' in 0.0004 seconds. Added 20 classes and 0 folders.
[2019.11.03-15.53.22:895][593]LogBlueprintUserMessages: [StoryCanvas_2] Updated rock
[2019.11.03-15.53.22:895][593]LogBlueprintUserMessages: [StoryCanvas_2] Updated rock
[2019.11.03-15.53.22:896][593]LogBlueprintUserMessages: [StoryCanvas_2] Updated rock
[2019.11.03-15.53.22:896][593]LogBlueprintUserMessages: [StoryCanvas_2] Updated rock
[2019.11.03-15.53.22:896][593]LogBlueprintUserMessages: [StoryCanvas_2] Updated rock
[2019.11.03-15.53.22:897][593]LogBlueprintUserMessages: [StoryCanvas_2] Updated rock
[2019.11.03-15.53.22:897][593]LogBlueprintUserMessages: [StoryCanvas_2] Updated rock
[2019.11.03-15.53.22:897][593]LogBlueprintUserMessages: [StoryCanvas_2] Updated rock
[2019.11.03-15.53.22:898][593]LogBlueprintUserMessages: [StoryCanvas_2] Updated rock
[2019.11.03-15.53.22:898][593]LogBlueprintUserMessages: [StoryCanvas_2] Updated rock
[2019.11.03-15.53.22:899][593]LogBlueprintUserMessages: [StoryCanvas_2] Updated rock
[2019.11.03-15.53.22:899][593]LogBlueprintUserMessages: [StoryCanvas_2] Updated rock
[2019.11.03-15.53.22:900][593]LogBlueprintUserMessages: [StoryCanvas_2] Updated rock
[2019.11.03-15.53.22:900][593]LogBlueprintUserMessages: [StoryCanvas_2] Updated rock
[2019.11.03-15.53.22:901][593]LogBlueprintUserMessages: [StoryCanvas_2] Updated rock
[2019.11.03-15.53.22:901][593]LogBlueprintUserMessages: [StoryCanvas_2] Updated rock
[2019.11.03-15.53.22:902][593]LogBlueprintUserMessages: [StoryCanvas_2] Updated rock
[2019.11.03-15.53.22:902][593]LogBlueprintUserMessages: [StoryCanvas_2] Updated rock
[2019.11.03-15.53.22:903][593]LogBlueprintUserMessages: [StoryCanvas_2] Updated rock
[2019.11.03-15.53.22:903][593]LogBlueprintUserMessages: [StoryCanvas_2] Updated rock
[2019.11.03-15.53.22:904][593]LogBlueprintUserMessages: [StoryCanvas_2] Updated rock
[2019.11.03-15.53.22:904][593]LogBlueprintUserMessages: [StoryCanvas_2] Updated rock
[2019.11.03-15.53.22:904][593]LogBlueprintUserMessages: [StoryCanvas_2] Updated rock
[2019.11.03-15.53.22:905][593]LogBlueprintUserMessages: [StoryCanvas_2] Updated rock
[2019.11.03-15.53.22:905][593]LogBlueprintUserMessages: [StoryCanvas_2] Updated rock
[2019.11.03-15.53.22:906][593]LogBlueprintUserMessages: [StoryCanvas_2] Updated rock
[2019.11.03-15.53.22:906][593]LogBlueprintUserMessages: [StoryCanvas_2] Updated rock
[2019.11.03-15.53.22:906][593]LogBlueprintUserMessages: [StoryCanvas_2] Updated rock
[2019.11.03-15.53.22:907][593]LogBlueprintUserMessages: [StoryCanvas_2] Updated rock
[2019.11.03-15.53.22:907][593]LogBlueprintUserMessages: [StoryCanvas_2] Updated rock
[2019.11.03-15.53.22:908][593]LogBlueprintUserMessages: [StoryCanvas_2] Updated rock
[2019.11.03-15.53.22:908][593]LogBlueprintUserMessages: [StoryCanvas_2] Updated rock
[2019.11.03-15.53.22:908][593]LogBlueprintUserMessages: [StoryCanvas_2] Updated rock
[2019.11.03-15.53.22:909][593]LogBlueprintUserMessages: [VRPlayerController_C_0] Hello
[2019.11.03-15.53.22:909][593]PIE: Play in editor start time for /Game/Maps/PC_Maps/UEDPIE_0_FPPC_TestMap -0.086
[2019.11.03-15.53.22:909][593]LogBlueprintUserMessages: Late PlayInEditor Detection: Level '/Game/Maps/PC_Maps/FPPC_TestMap.FPPC_TestMap:PersistentLevel' has LevelScriptBlueprint '/Game/Maps/PC_Maps/FPPC_TestMap.FPPC_TestMap:PersistentLevel.FPPC_TestMap' with GeneratedClass '/Game/Maps/PC_Maps/FPPC_TestMap.FPPC_TestMap_C' with ClassGeneratedBy '/Game/Maps/PC_Maps/FPPC_TestMap.FPPC_TestMap:PersistentLevel.FPPC_TestMap'
[2019.11.03-15.53.22:910][593]LogBlueprintUserMessages: [FirstPersonCharacter_C_0] Failed to Cast 2
[2019.11.03-15.53.23:675][621]LogBlueprintUserMessages: [VRPlayerController_C_0] Loaded Render targets
[2019.11.03-15.53.44:472][ 27]LogRHI: Error: SyncInterval 0
[2019.11.03-15.53.44:472][ 27]LogRHI: Error: SwapChainDesc.BufferDesc.Width 697
[2019.11.03-15.53.44:472][ 27]LogRHI: Error: SwapChainDesc.BufferDesc.Height 57
[2019.11.03-15.53.44:472][ 27]LogRHI: Error: SwapChainDesc.BufferDesc.RefreshRate.Numerator 0
[2019.11.03-15.53.44:472][ 27]LogRHI: Error: SwapChainDesc.BufferDesc.RefreshRate.Denominator 0
[2019.11.03-15.53.44:472][ 27]LogRHI: Error: SwapChainDesc.BufferDesc.Format 24
[2019.11.03-15.53.44:472][ 27]LogRHI: Error: SwapChainDesc.BufferDesc.ScanlineOrdering 0
[2019.11.03-15.53.44:472][ 27]LogRHI: Error: SwapChainDesc.BufferDesc.Scaling 0
[2019.11.03-15.53.44:472][ 27]LogRHI: Error: SwapChainDesc.SampleDesc.Count 1
[2019.11.03-15.53.44:472][ 27]LogRHI: Error: SwapChainDesc.SampleDesc.Quality 0
[2019.11.03-15.53.44:472][ 27]LogRHI: Error: SwapChainDesc.BufferUsage 48
[2019.11.03-15.53.44:472][ 27]LogRHI: Error: SwapChainDesc.BufferCount 1
[2019.11.03-15.53.44:472][ 27]LogRHI: Error: SwapChainDesc.OutputWindow 00000000001A08D4
[2019.11.03-15.53.44:472][ 27]LogRHI: Error: SwapChainDesc.Windowed true
[2019.11.03-15.53.44:472][ 27]LogRHI: Error: SwapChainDesc.SwapEffect 0
[2019.11.03-15.53.44:472][ 27]LogRHI: Error: SwapChainDesc.Flags 2
[2019.11.03-15.53.44:472][ 27]LogD3D11RHI: Error: Result failed 
 at D:/Build/++UE4/Sync/Engine/Source/Runtime/Windows/D3D11RHI/Private/D3D11Viewport.cpp:371 
 with error DXGI_ERROR_DEVICE_REMOVED DXGI_ERROR_DEVICE_REMOVED
[2019.11.03-15.53.44:472][ 27]LogD3D11RHI: [Aftermath] GDynamicRHI=000002026F1EC0C0, GDX11NVAfterMathEnabled=0, Result=0xFFFFFFFF, bDeviceActive=0
[2019.11.03-15.53.44:472][ 27]LogWindows: Windows GetLastError: The operation completed successfully. (0)
[2019.11.03-15.53.46:750][ 27]LogThreadingWindows: Error: Runnable thread RenderThread 32 crashed.
[2019.11.03-15.53.46:750][ 27]LogWindows: Error: === Critical error: ===
[2019.11.03-15.53.46:750][ 27]LogWindows: Error: 
[2019.11.03-15.53.46:750][ 27]LogWindows: Error: 
[2019.11.03-15.53.46:750][ 27]LogOutputDevice: Warning: 

Script Stack (0 frames):

[2019.11.03-15.53.46:750][ 27]LogWindows: Error: Crash in runnable thread RenderThread 32
[2019.11.03-15.53.46:756][ 27]LogOutputDevice: Warning: 

Script Stack (0 frames):

[2019.11.03-15.53.46:760][ 27]LogWindows: Windows GetLastError: The operation completed successfully. (0)
[2019.11.03-15.53.46:760][ 27]LogWindows: Error: HandleError re-entered.
[2019.11.03-15.53.46:760][ 27]LogWindows: FPlatformMisc::RequestExit(1)
[2019.11.03-15.53.46:772][ 27]Log file closed, 11/03/19 16:53:46
