Log file open, 10/07/19 16:30:19
LogWindows: Failed to load 'aqProf.dll' (GetLastError=126)
LogWindows: File 'aqProf.dll' does not exist
LogWindows: Failed to load 'VtuneApi.dll' (GetLastError=126)
LogWindows: File 'VtuneApi.dll' does not exist
LogWindows: Failed to load 'VtuneApi32e.dll' (GetLastError=126)
LogWindows: File 'VtuneApi32e.dll' does not exist
LogConsoleResponse: Display: Failed to find resolution value strings in scalability ini. Falling back to default.
LogInit: Display: Running engine for game: SanRockVRMED7
LogPlatformFile: Not using cached read wrapper
LogTaskGraph: Started task graph with 5 named threads and 14 total threads with 3 sets of task threads.
LogStats: Stats thread started at 0.105503
LogD3D11RHI: Loaded GFSDK_Aftermath_Lib.x64.dll
LogICUInternationalization: ICU TimeZone Detection - Raw Offset: +1:00, Platform Override: ''
LogPluginManager: Mounting plugin Paper2D
LogPluginManager: Mounting plugin AISupport
LogPluginManager: Mounting plugin LightPropagationVolume
LogPluginManager: Mounting plugin ActorLayerUtilities
LogPluginManager: Mounting plugin AnimationSharing
LogPluginManager: Mounting plugin CLionSourceCodeAccess
LogPluginManager: Mounting plugin CodeLiteSourceCodeAccess
LogPluginManager: Mounting plugin GitSourceControl
LogPluginManager: Mounting plugin KDevelopSourceCodeAccess
LogPluginManager: Mounting plugin NullSourceCodeAccess
LogPluginManager: Mounting plugin PerforceSourceControl
LogPluginManager: Mounting plugin SubversionSourceControl
LogPluginManager: Mounting plugin UObjectPlugin
LogPluginManager: Mounting plugin VisualStudioCodeSourceCodeAccess
LogPluginManager: Mounting plugin VisualStudioSourceCodeAccess
LogPluginManager: Mounting plugin XCodeSourceCodeAccess
LogPluginManager: Mounting plugin AssetManagerEditor
LogPluginManager: Mounting plugin CryptoKeys
LogPluginManager: Mounting plugin CurveEditorTools
LogPluginManager: Mounting plugin DataValidation
LogPluginManager: Mounting plugin FacialAnimation
LogPluginManager: Mounting plugin GameplayTagsEditor
LogPluginManager: Mounting plugin MacGraphicsSwitching
LogPluginManager: Mounting plugin MaterialAnalyzer
LogPluginManager: Mounting plugin MobileLauncherProfileWizard
LogPluginManager: Mounting plugin PluginBrowser
LogPluginManager: Mounting plugin SpeedTreeImporter
LogPluginManager: Mounting plugin DatasmithContent
LogPluginManager: Mounting plugin VariantManagerContent
LogPluginManager: Mounting plugin AlembicImporter
LogPluginManager: Mounting plugin AutomationUtils
LogPluginManager: Mounting plugin BackChannel
LogPluginManager: Mounting plugin CharacterAI
LogPluginManager: Mounting plugin GeometryCache
LogPluginManager: Mounting plugin HTML5Networking
LogPluginManager: Mounting plugin PlatformCrypto
LogPluginManager: Mounting plugin ProxyLODPlugin
LogPluginManager: Mounting plugin SkeletalReduction
LogPluginManager: Mounting plugin MagicLeap
LogPluginManager: Mounting plugin MagicLeapMedia
LogPluginManager: Mounting plugin AndroidMedia
LogPluginManager: Mounting plugin AvfMedia
LogPluginManager: Mounting plugin ImgMedia
LogPluginManager: Mounting plugin MediaCompositing
LogPluginManager: Mounting plugin MediaPlayerEditor
LogPluginManager: Mounting plugin WebMMedia
LogPluginManager: Mounting plugin WmfMedia
LogPluginManager: Mounting plugin TcpMessaging
LogPluginManager: Mounting plugin UdpMessaging
LogPluginManager: Mounting plugin ActorSequence
LogPluginManager: Mounting plugin LevelSequenceEditor
LogPluginManager: Mounting plugin MatineeToLevelSequence
LogPluginManager: Mounting plugin NetcodeUnitTest
LogPluginManager: Mounting plugin NUTUnrealEngine4
LogPluginManager: Mounting plugin OnlineSubsystemGooglePlay
LogPluginManager: Mounting plugin OnlineSubsystemIOS
LogPluginManager: Mounting plugin OnlineSubsystem
LogPluginManager: Mounting plugin OnlineSubsystemNull
LogPluginManager: Mounting plugin OnlineSubsystemUtils
LogPluginManager: Mounting plugin LauncherChunkInstaller
LogPluginManager: Mounting plugin AndroidDeviceProfileSelector
LogPluginManager: Mounting plugin AndroidMoviePlayer
LogPluginManager: Mounting plugin AndroidPermission
LogPluginManager: Mounting plugin AppleImageUtils
LogPluginManager: Mounting plugin AppleMoviePlayer
LogPluginManager: Mounting plugin ArchVisCharacter
LogPluginManager: Mounting plugin AudioCapture
LogPluginManager: Mounting plugin CableComponent
LogPluginManager: Mounting plugin CustomMeshComponent
LogPluginManager: Mounting plugin EditableMesh
LogPluginManager: Mounting plugin ExampleDeviceProfileSelector
LogPluginManager: Mounting plugin GoogleCloudMessaging
LogPluginManager: Mounting plugin IOSDeviceProfileSelector
LogPluginManager: Mounting plugin LinuxDeviceProfileSelector
LogPluginManager: Mounting plugin LocationServicesBPLibrary
LogPluginManager: Mounting plugin MobilePatchingUtils
LogPluginManager: Mounting plugin OculusVR
LogPluginManager: Mounting plugin PhysXVehicles
LogPluginManager: Mounting plugin ProceduralMeshComponent
LogPluginManager: Mounting plugin RuntimePhysXCooking
LogPluginManager: Mounting plugin SignificanceManager
LogPluginManager: Mounting plugin SteamVR
LogPluginManager: Mounting plugin WebMMoviePlayer
LogPluginManager: Mounting plugin WindowsMoviePlayer
LogPluginManager: Mounting plugin ScreenshotTools
LogInit: Using libcurl 7.55.1-DEV
LogInit:  - built for x86_64-pc-win32
LogInit:  - supports SSL with OpenSSL/1.1.1
LogInit:  - supports HTTP deflate (compression) using libz 1.2.8
LogInit:  - other features:
LogInit:      CURL_VERSION_SSL
LogInit:      CURL_VERSION_LIBZ
LogInit:      CURL_VERSION_IPV6
LogInit:      CURL_VERSION_ASYNCHDNS
LogInit:      CURL_VERSION_LARGEFILE
LogInit:      CURL_VERSION_IDN
LogInit:  CurlRequestOptions (configurable via config and command line):
LogInit:  - bVerifyPeer = true  - Libcurl will verify peer certificate
LogInit:  - bUseHttpProxy = false  - Libcurl will NOT use HTTP proxy
LogInit:  - bDontReuseConnections = false  - Libcurl will reuse connections
LogInit:  - MaxHostConnections = 16  - Libcurl will limit the number of connections to a host
LogInit:  - LocalHostAddr = Default
LogInit:  - BufferSize = 65536
LogOnline: OSS: Creating online subsystem instance for: NULL
LogInit: WinSock: version 1.1 (2.2), MaxSocks=32767, MaxUdp=65467
LogInit: Build: ++UE4+Release-4.23-CL-8386587
LogInit: Engine Version: 4.23.0-8386587+++UE4+Release-4.23
LogInit: Compatible Engine Version: 4.23.0-8386587+++UE4+Release-4.23
LogInit: Net CL: 8386587
LogInit: OS: Windows 10 (Release 1903) (), CPU: Intel(R) Core(TM) i5-7300HQ CPU @ 2.50GHz, GPU: Intel(R) HD Graphics 630
LogInit: Compiled (64-bit): Aug 31 2019 02:04:44
LogInit: Compiled with Visual C++: 19.16.27030.01
LogInit: Build Configuration: Development
LogInit: Branch Name: ++UE4+Release-4.23
LogInit: Command Line: 
LogInit: Base Directory: C:/Program Files/Epic Games/UE_4.23/Engine/Binaries/Win64/
LogInit: Installed Engine Build: 1
LogDevObjectVersion: Number of dev versions registered: 23
LogDevObjectVersion:   Dev-Blueprints (B0D832E4-1F89-4F0D-ACCF-7EB736FD4AA2): 10
LogDevObjectVersion:   Dev-Build (E1C64328-A22C-4D53-A36C-8E866417BD8C): 0
LogDevObjectVersion:   Dev-Core (375EC13C-06E4-48FB-B500-84F0262A717E): 3
LogDevObjectVersion:   Dev-Editor (E4B068ED-F494-42E9-A231-DA0B2E46BB41): 34
LogDevObjectVersion:   Dev-Framework (CFFC743F-43B0-4480-9391-14DF171D2073): 35
LogDevObjectVersion:   Dev-Mobile (B02B49B5-BB20-44E9-A304-32B752E40360): 2
LogDevObjectVersion:   Dev-Networking (A4E4105C-59A1-49B5-A7C5-40C4547EDFEE): 0
LogDevObjectVersion:   Dev-Online (39C831C9-5AE6-47DC-9A44-9C173E1C8E7C): 0
LogDevObjectVersion:   Dev-Physics (78F01B33-EBEA-4F98-B9B4-84EACCB95AA2): 0
LogDevObjectVersion:   Dev-Platform (6631380F-2D4D-43E0-8009-CF276956A95A): 0
LogDevObjectVersion:   Dev-Rendering (12F88B9F-8875-4AFC-A67C-D90C383ABD29): 31
LogDevObjectVersion:   Dev-Sequencer (7B5AE74C-D270-4C10-A958-57980B212A5A): 11
LogDevObjectVersion:   Dev-VR (D7296918-1DD6-4BDD-9DE2-64A83CC13884): 2
LogDevObjectVersion:   Dev-LoadTimes (C2A15278-BFE7-4AFE-6C17-90FF531DF755): 1
LogDevObjectVersion:   Private-Geometry (6EACA3D4-40EC-4CC1-B786-8BED09428FC5): 3
LogDevObjectVersion:   Dev-AnimPhys (29E575DD-E0A3-4627-9D10-D276232CDCEA): 17
LogDevObjectVersion:   Dev-Anim (AF43A65D-7FD3-4947-9873-3E8ED9C1BB05): 2
LogDevObjectVersion:   Dev-ReflectionCapture (6B266CEC-1EC7-4B8F-A30B-E4D90942FC07): 1
LogDevObjectVersion:   Dev-Automation (0DF73D61-A23F-47EA-B727-89E90C41499A): 1
LogDevObjectVersion:   FortniteMain (601D1886-AC64-4F84-AA16-D3DE0DEAC7D6): 27
LogDevObjectVersion:   Dev-Enterprise (9DFFBCD6-494F-0158-E221-12823C92A888): 6
LogDevObjectVersion:   Dev-Niagara (F2AED0AC-9AFE-416F-8664-AA7FFA26D6FC): 1
LogDevObjectVersion:   Dev-Destruction (174F1F0B-B4C6-45A5-B13F-2EE8D0FB917D): 9
LogInit: Presizing for max 16777216 objects, including 0 objects not considered by GC, pre-allocating 0 bytes for permanent pool.
LogInit: Object subsystem initialized
LogConfig: Setting CVar [[con.DebugEarlyDefault:1]]
LogConfig: Setting CVar [[r.setres:1280x720]]
[2019.10.07-14.30.20:108][  0]LogConfig: Setting CVar [[r.VSync:0]]
[2019.10.07-14.30.20:108][  0]LogConfig: Setting CVar [[r.RHICmdBypass:0]]
[2019.10.07-14.30.20:108][  0]LogConfig: Applying CVar settings from Section [/Script/Engine.RendererSettings] File [C:/Users/Mikke/Documents/Unreal Projects/SanRockVRUE4-repo/SanRockVR/Saved/Config/Windows/Engine.ini]
[2019.10.07-14.30.20:108][  0]LogConfig: Setting CVar [[r.GPUCrashDebugging:0]]
[2019.10.07-14.30.20:108][  0]LogConfig: Setting CVar [[r.MobileHDR:0]]
[2019.10.07-14.30.20:108][  0]LogConfig: Setting CVar [[r.Mobile.DisableVertexFog:1]]
[2019.10.07-14.30.20:108][  0]LogConfig: Setting CVar [[r.Shadow.CSM.MaxMobileCascades:2]]
[2019.10.07-14.30.20:108][  0]LogConfig: Setting CVar [[r.MobileMSAA:1]]
[2019.10.07-14.30.20:108][  0]LogConfig: Setting CVar [[r.Mobile.UseLegacyShadingModel:0]]
[2019.10.07-14.30.20:108][  0]LogConfig: Setting CVar [[r.Mobile.UseHWsRGBEncoding:1]]
[2019.10.07-14.30.20:109][  0]LogConfig: Setting CVar [[r.Mobile.AllowDitheredLODTransition:0]]
[2019.10.07-14.30.20:109][  0]LogConfig: Setting CVar [[r.Mobile.AllowSoftwareOcclusion:0]]
[2019.10.07-14.30.20:109][  0]LogConfig: Setting CVar [[r.DiscardUnusedQuality:0]]
[2019.10.07-14.30.20:109][  0]LogConfig: Setting CVar [[r.AllowOcclusionQueries:1]]
[2019.10.07-14.30.20:109][  0]LogConfig: Setting CVar [[r.MinScreenRadiusForLights:0.030000]]
[2019.10.07-14.30.20:109][  0]LogConfig: Setting CVar [[r.MinScreenRadiusForDepthPrepass:0.030000]]
[2019.10.07-14.30.20:109][  0]LogConfig: Setting CVar [[r.MinScreenRadiusForCSMDepth:0.010000]]
[2019.10.07-14.30.20:109][  0]LogConfig: Setting CVar [[r.PrecomputedVisibilityWarning:0]]
[2019.10.07-14.30.20:109][  0]LogConfig: Setting CVar [[r.TextureStreaming:1]]
[2019.10.07-14.30.20:109][  0]LogConfig: Setting CVar [[Compat.UseDXT5NormalMaps:0]]
[2019.10.07-14.30.20:109][  0]LogConfig: Setting CVar [[r.ClearCoatNormal:0]]
[2019.10.07-14.30.20:109][  0]LogConfig: Setting CVar [[r.ReflectionCaptureResolution:128]]
[2019.10.07-14.30.20:109][  0]LogConfig: Setting CVar [[r.ReflectionEnvironmentLightmapMixBasedOnRoughness:1]]
[2019.10.07-14.30.20:109][  0]LogConfig: Setting CVar [[r.ForwardShading:0]]
[2019.10.07-14.30.20:109][  0]LogConfig: Setting CVar [[r.VertexFoggingForOpaque:1]]
[2019.10.07-14.30.20:109][  0]LogConfig: Setting CVar [[r.AllowStaticLighting:1]]
[2019.10.07-14.30.20:109][  0]LogConfig: Setting CVar [[r.NormalMapsForStaticLighting:0]]
[2019.10.07-14.30.20:109][  0]LogConfig: Setting CVar [[r.GenerateMeshDistanceFields:0]]
[2019.10.07-14.30.20:109][  0]LogConfig: Setting CVar [[r.DistanceFieldBuild.EightBit:0]]
[2019.10.07-14.30.20:109][  0]LogConfig: Setting CVar [[r.GenerateLandscapeGIData:0]]
[2019.10.07-14.30.20:109][  0]LogConfig: Setting CVar [[r.DistanceFieldBuild.Compress:0]]
[2019.10.07-14.30.20:109][  0]LogConfig: Setting CVar [[r.TessellationAdaptivePixelsPerTriangle:48.000000]]
[2019.10.07-14.30.20:109][  0]LogConfig: Setting CVar [[r.SeparateTranslucency:0]]
[2019.10.07-14.30.20:109][  0]LogConfig: Setting CVar [[r.TranslucentSortPolicy:0]]
[2019.10.07-14.30.20:109][  0]LogConfig: Setting CVar [[r.CustomDepth:1]]
[2019.10.07-14.30.20:109][  0]LogConfig: Setting CVar [[r.CustomDepthTemporalAAJitter:1]]
[2019.10.07-14.30.20:109][  0]LogConfig: Setting CVar [[r.PostProcessing.PropagateAlpha:0]]
[2019.10.07-14.30.20:109][  0]LogConfig: Setting CVar [[r.DefaultFeature.Bloom:1]]
[2019.10.07-14.30.20:109][  0]LogConfig: Setting CVar [[r.DefaultFeature.AmbientOcclusion:0]]
[2019.10.07-14.30.20:109][  0]LogConfig: Setting CVar [[r.DefaultFeature.AmbientOcclusionStaticFraction:0]]
[2019.10.07-14.30.20:109][  0]LogConfig: Setting CVar [[r.DefaultFeature.AutoExposure:0]]
[2019.10.07-14.30.20:109][  0]LogConfig: Setting CVar [[r.DefaultFeature.AutoExposure.Method:0]]
[2019.10.07-14.30.20:109][  0]LogConfig: Setting CVar [[r.DefaultFeature.AutoExposure.ExtendDefaultLuminanceRange:0]]
[2019.10.07-14.30.20:109][  0]LogConfig: Setting CVar [[r.UsePreExposure:0]]
[2019.10.07-14.30.20:109][  0]LogConfig: Setting CVar [[r.DefaultFeature.MotionBlur:0]]
[2019.10.07-14.30.20:109][  0]LogConfig: Setting CVar [[r.DefaultFeature.LensFlare:0]]
[2019.10.07-14.30.20:109][  0]LogConfig: Setting CVar [[r.TemporalAA.Upsampling:0]]
[2019.10.07-14.30.20:109][  0]LogConfig: Setting CVar [[r.DefaultFeature.AntiAliasing:0]]
[2019.10.07-14.30.20:109][  0]LogConfig: Setting CVar [[r.DefaultFeature.LightUnits:1]]
[2019.10.07-14.30.20:109][  0]LogConfig: Setting CVar [[r.DefaultBackBufferPixelFormat:4]]
[2019.10.07-14.30.20:109][  0]LogConfig: Setting CVar [[r.Shadow.UnbuiltPreviewInGame:1]]
[2019.10.07-14.30.20:109][  0]LogConfig: Setting CVar [[r.StencilForLODDither:0]]
[2019.10.07-14.30.20:109][  0]LogConfig: Setting CVar [[r.EarlyZPass:3]]
[2019.10.07-14.30.20:109][  0]LogConfig: Setting CVar [[r.EarlyZPassOnlyMaterialMasking:0]]
[2019.10.07-14.30.20:109][  0]LogConfig: Setting CVar [[r.DBuffer:1]]
[2019.10.07-14.30.20:109][  0]LogConfig: Setting CVar [[r.ClearSceneMethod:1]]
[2019.10.07-14.30.20:109][  0]LogConfig: Setting CVar [[r.BasePassOutputsVelocity:0]]
[2019.10.07-14.30.20:109][  0]LogConfig: Setting CVar [[r.SelectiveBasePassOutputs:0]]
[2019.10.07-14.30.20:109][  0]LogConfig: Setting CVar [[fx.GPUSimulationTextureSizeX:1024]]
[2019.10.07-14.30.20:109][  0]LogConfig: Setting CVar [[fx.GPUSimulationTextureSizeY:1024]]
[2019.10.07-14.30.20:109][  0]LogConfig: Setting CVar [[r.AllowGlobalClipPlane:0]]
[2019.10.07-14.30.20:109][  0]LogConfig: Setting CVar [[r.GBufferFormat:1]]
[2019.10.07-14.30.20:109][  0]LogConfig: Setting CVar [[r.MorphTarget.Mode:1]]
[2019.10.07-14.30.20:109][  0]LogConfig: Setting CVar [[vr.InstancedStereo:1]]
[2019.10.07-14.30.20:109][  0]LogConfig: Setting CVar [[vr.MultiView:0]]
[2019.10.07-14.30.20:109][  0]LogConfig: Setting CVar [[vr.MobileMultiView:0]]
[2019.10.07-14.30.20:109][  0]LogConfig: Setting CVar [[vr.MobileMultiView.Direct:0]]
[2019.10.07-14.30.20:109][  0]LogConfig: Setting CVar [[vr.RoundRobinOcclusion:0]]
[2019.10.07-14.30.20:109][  0]LogConfig: Setting CVar [[vr.ODSCapture:0]]
[2019.10.07-14.30.20:109][  0]LogConfig: Setting CVar [[r.WireframeCullThreshold:5.000000]]
[2019.10.07-14.30.20:109][  0]LogConfig: Setting CVar [[r.RayTracing:0]]
[2019.10.07-14.30.20:110][  0]LogConfig: Setting CVar [[r.SupportStationarySkylight:1]]
[2019.10.07-14.30.20:110][  0]LogConfig: Setting CVar [[r.SupportLowQualityLightmaps:1]]
[2019.10.07-14.30.20:110][  0]LogConfig: Setting CVar [[r.SupportPointLightWholeSceneShadows:1]]
[2019.10.07-14.30.20:110][  0]LogConfig: Setting CVar [[r.SupportAtmosphericFog:1]]
[2019.10.07-14.30.20:110][  0]LogConfig: Setting CVar [[r.SkinCache.CompileShaders:0]]
[2019.10.07-14.30.20:110][  0]LogConfig: Setting CVar [[r.Mobile.EnableStaticAndCSMShadowReceivers:1]]
[2019.10.07-14.30.20:110][  0]LogConfig: Setting CVar [[r.Mobile.EnableMovableLightCSMShaderCulling:1]]
[2019.10.07-14.30.20:110][  0]LogConfig: Setting CVar [[r.Mobile.AllowDistanceFieldShadows:1]]
[2019.10.07-14.30.20:110][  0]LogConfig: Setting CVar [[r.Mobile.AllowMovableDirectionalLights:1]]
[2019.10.07-14.30.20:110][  0]LogConfig: Setting CVar [[r.MobileNumDynamicPointLights:4]]
[2019.10.07-14.30.20:110][  0]LogConfig: Setting CVar [[r.MobileDynamicPointLightsUseStaticBranch:1]]
[2019.10.07-14.30.20:110][  0]LogConfig: Setting CVar [[r.Mobile.EnableMovableSpotlights:0]]
[2019.10.07-14.30.20:110][  0]LogConfig: Setting CVar [[r.SkinCache.SceneMemoryLimitInMB:128.000000]]
[2019.10.07-14.30.20:110][  0]LogConfig: Setting CVar [[r.GPUSkin.Limit2BoneInfluences:0]]
[2019.10.07-14.30.20:110][  0]LogConfig: Setting CVar [[r.SupportDepthOnlyIndexBuffers:1]]
[2019.10.07-14.30.20:110][  0]LogConfig: Setting CVar [[r.SupportReversedIndexBuffers:1]]
[2019.10.07-14.30.20:110][  0]LogConfig: Setting CVar [[r.SupportMaterialLayers:0]]
[2019.10.07-14.30.20:110][  0]LogConfig: Applying CVar settings from Section [/Script/Engine.RendererOverrideSettings] File [C:/Users/Mikke/Documents/Unreal Projects/SanRockVRUE4-repo/SanRockVR/Saved/Config/Windows/Engine.ini]
[2019.10.07-14.30.20:110][  0]LogConfig: Applying CVar settings from Section [/Script/Engine.StreamingSettings] File [C:/Users/Mikke/Documents/Unreal Projects/SanRockVRUE4-repo/SanRockVR/Saved/Config/Windows/Engine.ini]
[2019.10.07-14.30.20:110][  0]LogConfig: Setting CVar [[s.MinBulkDataSizeForAsyncLoading:131072]]
[2019.10.07-14.30.20:110][  0]LogConfig: Setting CVar [[s.AsyncLoadingThreadEnabled:0]]
[2019.10.07-14.30.20:110][  0]LogConfig: Setting CVar [[s.EventDrivenLoaderEnabled:1]]
[2019.10.07-14.30.20:110][  0]LogConfig: Setting CVar [[s.WarnIfTimeLimitExceeded:0]]
[2019.10.07-14.30.20:110][  0]LogConfig: Setting CVar [[s.TimeLimitExceededMultiplier:1.5]]
[2019.10.07-14.30.20:110][  0]LogConfig: Setting CVar [[s.TimeLimitExceededMinTime:0.005]]
[2019.10.07-14.30.20:110][  0]LogConfig: Setting CVar [[s.UseBackgroundLevelStreaming:1]]
[2019.10.07-14.30.20:110][  0]LogConfig: Setting CVar [[s.PriorityAsyncLoadingExtraTime:15.0]]
[2019.10.07-14.30.20:110][  0]LogConfig: Setting CVar [[s.LevelStreamingActorsUpdateTimeLimit:5.0]]
[2019.10.07-14.30.20:110][  0]LogConfig: Setting CVar [[s.PriorityLevelStreamingActorsUpdateExtraTime:5.0]]
[2019.10.07-14.30.20:110][  0]LogConfig: Setting CVar [[s.LevelStreamingComponentsRegistrationGranularity:10]]
[2019.10.07-14.30.20:110][  0]LogConfig: Setting CVar [[s.UnregisterComponentsTimeLimit:1.0]]
[2019.10.07-14.30.20:110][  0]LogConfig: Setting CVar [[s.LevelStreamingComponentsUnregistrationGranularity:5]]
[2019.10.07-14.30.20:110][  0]LogConfig: Applying CVar settings from Section [/Script/Engine.GarbageCollectionSettings] File [C:/Users/Mikke/Documents/Unreal Projects/SanRockVRUE4-repo/SanRockVR/Saved/Config/Windows/Engine.ini]
[2019.10.07-14.30.20:110][  0]LogConfig: Setting CVar [[gc.MaxObjectsNotConsideredByGC:1]]
[2019.10.07-14.30.20:110][  0]LogConfig: Setting CVar [[gc.SizeOfPermanentObjectPool:0]]
[2019.10.07-14.30.20:110][  0]LogConfig: Setting CVar [[gc.FlushStreamingOnGC:0]]
[2019.10.07-14.30.20:110][  0]LogConfig: Setting CVar [[gc.NumRetriesBeforeForcingGC:10]]
[2019.10.07-14.30.20:110][  0]LogConfig: Setting CVar [[gc.AllowParallelGC:1]]
[2019.10.07-14.30.20:110][  0]LogConfig: Setting CVar [[gc.TimeBetweenPurgingPendingKillObjects:61.1]]
[2019.10.07-14.30.20:110][  0]LogConfig: Setting CVar [[gc.MaxObjectsInEditor:16777216]]
[2019.10.07-14.30.20:110][  0]LogConfig: Setting CVar [[gc.IncrementalBeginDestroyEnabled:1]]
[2019.10.07-14.30.20:110][  0]LogConfig: Setting CVar [[gc.CreateGCClusters:1]]
[2019.10.07-14.30.20:110][  0]LogConfig: Setting CVar [[gc.MinGCClusterSize:5]]
[2019.10.07-14.30.20:110][  0]LogConfig: Setting CVar [[gc.ActorClusteringEnabled:0]]
[2019.10.07-14.30.20:110][  0]LogConfig: Setting CVar [[gc.BlueprintClusteringEnabled:0]]
[2019.10.07-14.30.20:110][  0]LogConfig: Setting CVar [[gc.UseDisregardForGCOnDedicatedServers:0]]
[2019.10.07-14.30.20:110][  0]LogConfig: Applying CVar settings from Section [/Script/Engine.NetworkSettings] File [C:/Users/Mikke/Documents/Unreal Projects/SanRockVRUE4-repo/SanRockVR/Saved/Config/Windows/Engine.ini]
[2019.10.07-14.30.20:110][  0]LogConfig: Applying CVar settings from Section [/Script/UnrealEd.CookerSettings] File [C:/Users/Mikke/Documents/Unreal Projects/SanRockVRUE4-repo/SanRockVR/Saved/Config/Windows/Engine.ini]
[2019.10.07-14.30.20:113][  0]LogConfig: Applying CVar settings from Section [ViewDistanceQuality@3] File [C:/Users/Mikke/Documents/Unreal Projects/SanRockVRUE4-repo/SanRockVR/Saved/Config/Windows/Scalability.ini]
[2019.10.07-14.30.20:113][  0]LogConfig: Setting CVar [[r.SkeletalMeshLODBias:0]]
[2019.10.07-14.30.20:113][  0]LogConfig: Setting CVar [[r.ViewDistanceScale:1.0]]
[2019.10.07-14.30.20:113][  0]LogConfig: Applying CVar settings from Section [AntiAliasingQuality@3] File [C:/Users/Mikke/Documents/Unreal Projects/SanRockVRUE4-repo/SanRockVR/Saved/Config/Windows/Scalability.ini]
[2019.10.07-14.30.20:113][  0]LogConfig: Setting CVar [[r.PostProcessAAQuality:3]]
[2019.10.07-14.30.20:113][  0]LogConfig: Applying CVar settings from Section [ShadowQuality@3] File [C:/Users/Mikke/Documents/Unreal Projects/SanRockVRUE4-repo/SanRockVR/Saved/Config/Windows/Scalability.ini]
[2019.10.07-14.30.20:113][  0]LogConfig: Setting CVar [[r.LightFunctionQuality:1]]
[2019.10.07-14.30.20:113][  0]LogConfig: Setting CVar [[r.ShadowQuality:5]]
[2019.10.07-14.30.20:113][  0]LogConfig: Setting CVar [[r.Shadow.CSM.MaxCascades:10]]
[2019.10.07-14.30.20:113][  0]LogConfig: Setting CVar [[r.Shadow.MaxResolution:2048]]
[2019.10.07-14.30.20:113][  0]LogConfig: Setting CVar [[r.Shadow.MaxCSMResolution:2048]]
[2019.10.07-14.30.20:113][  0]LogConfig: Setting CVar [[r.Shadow.RadiusThreshold:0.01]]
[2019.10.07-14.30.20:113][  0]LogConfig: Setting CVar [[r.Shadow.DistanceScale:1.0]]
[2019.10.07-14.30.20:113][  0]LogConfig: Setting CVar [[r.Shadow.CSM.TransitionScale:1.0]]
[2019.10.07-14.30.20:113][  0]LogConfig: Setting CVar [[r.Shadow.PreShadowResolutionFactor:1.0]]
[2019.10.07-14.30.20:113][  0]LogConfig: Setting CVar [[r.DistanceFieldShadowing:1]]
[2019.10.07-14.30.20:113][  0]LogConfig: Setting CVar [[r.DistanceFieldAO:1]]
[2019.10.07-14.30.20:113][  0]LogConfig: Setting CVar [[r.AOQuality:2]]
[2019.10.07-14.30.20:113][  0]LogConfig: Setting CVar [[r.VolumetricFog:1]]
[2019.10.07-14.30.20:113][  0]LogConfig: Setting CVar [[r.VolumetricFog.GridPixelSize:8]]
[2019.10.07-14.30.20:113][  0]LogConfig: Setting CVar [[r.VolumetricFog.GridSizeZ:128]]
[2019.10.07-14.30.20:113][  0]LogConfig: Setting CVar [[r.VolumetricFog.HistoryMissSupersampleCount:4]]
[2019.10.07-14.30.20:113][  0]LogConfig: Setting CVar [[r.LightMaxDrawDistanceScale:1]]
[2019.10.07-14.30.20:113][  0]LogConfig: Setting CVar [[r.CapsuleShadows:1]]
[2019.10.07-14.30.20:113][  0]LogConfig: Applying CVar settings from Section [PostProcessQuality@3] File [C:/Users/Mikke/Documents/Unreal Projects/SanRockVRUE4-repo/SanRockVR/Saved/Config/Windows/Scalability.ini]
[2019.10.07-14.30.20:113][  0]LogConfig: Setting CVar [[r.MotionBlurQuality:0]]
[2019.10.07-14.30.20:113][  0]LogConfig: Setting CVar [[r.AmbientOcclusionMipLevelFactor:0.4]]
[2019.10.07-14.30.20:113][  0]LogConfig: Setting CVar [[r.AmbientOcclusionMaxQuality:100]]
[2019.10.07-14.30.20:113][  0]LogConfig: Setting CVar [[r.AmbientOcclusionLevels:0]]
[2019.10.07-14.30.20:113][  0]LogConfig: Setting CVar [[r.AmbientOcclusionRadiusScale:1.0]]
[2019.10.07-14.30.20:113][  0]LogConfig: Setting CVar [[r.DepthOfFieldQuality:0]]
[2019.10.07-14.30.20:113][  0]LogConfig: Setting CVar [[r.RenderTargetPoolMin:400]]
[2019.10.07-14.30.20:113][  0]LogConfig: Setting CVar [[r.LensFlareQuality:0]]
[2019.10.07-14.30.20:113][  0]LogConfig: Setting CVar [[r.SceneColorFringeQuality:0]]
[2019.10.07-14.30.20:113][  0]LogConfig: Setting CVar [[r.EyeAdaptationQuality:2]]
[2019.10.07-14.30.20:113][  0]LogConfig: Setting CVar [[r.BloomQuality:1]]
[2019.10.07-14.30.20:113][  0]LogConfig: Setting CVar [[r.FastBlurThreshold:0]]
[2019.10.07-14.30.20:113][  0]LogConfig: Setting CVar [[r.Upscale.Quality:3]]
[2019.10.07-14.30.20:113][  0]LogConfig: Setting CVar [[r.Tonemapper.GrainQuantization:1]]
[2019.10.07-14.30.20:113][  0]LogConfig: Setting CVar [[r.LightShaftQuality:1]]
[2019.10.07-14.30.20:114][  0]LogConfig: Setting CVar [[r.Filter.SizeScale:1]]
[2019.10.07-14.30.20:114][  0]LogConfig: Setting CVar [[r.Tonemapper.Quality:5]]
[2019.10.07-14.30.20:114][  0]LogConfig: Setting CVar [[r.DOF.Gather.AccumulatorQuality:1        ; higher gathering accumulator quality]]
[2019.10.07-14.30.20:114][  0]LogConfig: Setting CVar [[r.DOF.Gather.PostfilterMethod:1          ; Median3x3 postfilering method]]
[2019.10.07-14.30.20:114][  0]LogConfig: Setting CVar [[r.DOF.Gather.EnableBokehSettings:0       ; no bokeh simulation when gathering]]
[2019.10.07-14.30.20:114][  0]LogConfig: Setting CVar [[r.DOF.Gather.RingCount:4                 ; medium number of samples when gathering]]
[2019.10.07-14.30.20:114][  0]LogConfig: Setting CVar [[r.DOF.Scatter.ForegroundCompositing:1    ; additive foreground scattering]]
[2019.10.07-14.30.20:114][  0]LogConfig: Setting CVar [[r.DOF.Scatter.BackgroundCompositing:2    ; additive background scattering]]
[2019.10.07-14.30.20:114][  0]LogConfig: Setting CVar [[r.DOF.Scatter.EnableBokehSettings:1      ; bokeh simulation when scattering]]
[2019.10.07-14.30.20:114][  0]LogConfig: Setting CVar [[r.DOF.Scatter.MaxSpriteRatio:0.1         ; only a maximum of 10% of scattered bokeh]]
[2019.10.07-14.30.20:114][  0]LogConfig: Setting CVar [[r.DOF.Recombine.Quality:1                ; cheap slight out of focus]]
[2019.10.07-14.30.20:114][  0]LogConfig: Setting CVar [[r.DOF.Recombine.EnableBokehSettings:0    ; no bokeh simulation on slight out of focus]]
[2019.10.07-14.30.20:114][  0]LogConfig: Setting CVar [[r.DOF.TemporalAAQuality:1                ; more stable temporal accumulation]]
[2019.10.07-14.30.20:114][  0]LogConfig: Setting CVar [[r.DOF.Kernel.MaxForegroundRadius:0.025]]
[2019.10.07-14.30.20:114][  0]LogConfig: Setting CVar [[r.DOF.Kernel.MaxBackgroundRadius:0.025]]
[2019.10.07-14.30.20:114][  0]LogConfig: Applying CVar settings from Section [TextureQuality@3] File [C:/Users/Mikke/Documents/Unreal Projects/SanRockVRUE4-repo/SanRockVR/Saved/Config/Windows/Scalability.ini]
[2019.10.07-14.30.20:114][  0]LogConfig: Setting CVar [[r.Streaming.MipBias:0]]
[2019.10.07-14.30.20:114][  0]LogConfig: Setting CVar [[r.Streaming.AmortizeCPUToGPUCopy:0]]
[2019.10.07-14.30.20:114][  0]LogConfig: Setting CVar [[r.Streaming.MaxNumTexturesToStreamPerFrame:0]]
[2019.10.07-14.30.20:114][  0]LogConfig: Setting CVar [[r.Streaming.Boost:1]]
[2019.10.07-14.30.20:114][  0]LogConfig: Setting CVar [[r.MaxAnisotropy:8]]
[2019.10.07-14.30.20:114][  0]LogConfig: Setting CVar [[r.Streaming.LimitPoolSizeToVRAM:0]]
[2019.10.07-14.30.20:114][  0]LogConfig: Setting CVar [[r.Streaming.PoolSize:1000]]
[2019.10.07-14.30.20:114][  0]LogConfig: Setting CVar [[r.Streaming.MaxEffectiveScreenSize:0]]
[2019.10.07-14.30.20:114][  0]LogConfig: Applying CVar settings from Section [EffectsQuality@3] File [C:/Users/Mikke/Documents/Unreal Projects/SanRockVRUE4-repo/SanRockVR/Saved/Config/Windows/Scalability.ini]
[2019.10.07-14.30.20:114][  0]LogConfig: Setting CVar [[r.TranslucencyLightingVolumeDim:4]]
[2019.10.07-14.30.20:114][  0]LogConfig: Setting CVar [[r.RefractionQuality:2]]
[2019.10.07-14.30.20:114][  0]LogConfig: Setting CVar [[r.SSR.Quality:0]]
[2019.10.07-14.30.20:114][  0]LogConfig: Setting CVar [[r.SceneColorFormat:2]]
[2019.10.07-14.30.20:114][  0]LogConfig: Setting CVar [[r.DetailMode:2]]
[2019.10.07-14.30.20:114][  0]LogConfig: Setting CVar [[r.TranslucencyVolumeBlur:0]]
[2019.10.07-14.30.20:114][  0]LogConfig: Setting CVar [[r.MaterialQualityLevel:1 ; High quality]]
[2019.10.07-14.30.20:114][  0]LogConfig: Setting CVar [[r.SSS.Scale:1]]
[2019.10.07-14.30.20:114][  0]LogConfig: Setting CVar [[r.SSS.SampleSet:2]]
[2019.10.07-14.30.20:114][  0]LogConfig: Setting CVar [[r.SSS.Quality:1]]
[2019.10.07-14.30.20:114][  0]LogConfig: Setting CVar [[r.SSS.HalfRes:1]]
[2019.10.07-14.30.20:114][  0]LogConfig: Setting CVar [[r.EmitterSpawnRateScale:1.0]]
[2019.10.07-14.30.20:114][  0]LogConfig: Setting CVar [[r.ParticleLightQuality:2]]
[2019.10.07-14.30.20:114][  0]LogConfig: Applying CVar settings from Section [FoliageQuality@3] File [C:/Users/Mikke/Documents/Unreal Projects/SanRockVRUE4-repo/SanRockVR/Saved/Config/Windows/Scalability.ini]
[2019.10.07-14.30.20:114][  0]LogConfig: Setting CVar [[foliage.DensityScale:1.0]]
[2019.10.07-14.30.20:114][  0]LogConfig: Setting CVar [[grass.DensityScale:1.0]]
[2019.10.07-14.30.20:114][  0]LogInit: Selected Device Profile: [Windows]
[2019.10.07-14.30.20:114][  0]LogInit: Applying CVar settings loaded from the selected device profile: [Windows]
[2019.10.07-14.30.20:117][  0]LogHAL: Display: Platform has ~ 8 GB [8469581824 / 8589934592 / 8], which maps to Default [LargestMinGB=32, LargerMinGB=12, DefaultMinGB=8, SmallerMinGB=6, SmallestMinGB=0)
[2019.10.07-14.30.20:118][  0]LogInit: Going up to parent DeviceProfile []
[2019.10.07-14.30.20:118][  0]LogConfig: Applying CVar settings from Section [ViewDistanceQuality@3] File [C:/Users/Mikke/Documents/Unreal Projects/SanRockVRUE4-repo/SanRockVR/Saved/Config/Windows/Scalability.ini]
[2019.10.07-14.30.20:118][  0]LogConfig: Setting CVar [[r.SkeletalMeshLODBias:0]]
[2019.10.07-14.30.20:118][  0]LogConfig: Setting CVar [[r.ViewDistanceScale:1.0]]
[2019.10.07-14.30.20:118][  0]LogConfig: Applying CVar settings from Section [AntiAliasingQuality@3] File [C:/Users/Mikke/Documents/Unreal Projects/SanRockVRUE4-repo/SanRockVR/Saved/Config/Windows/Scalability.ini]
[2019.10.07-14.30.20:118][  0]LogConfig: Setting CVar [[r.PostProcessAAQuality:3]]
[2019.10.07-14.30.20:118][  0]LogConfig: Applying CVar settings from Section [ShadowQuality@3] File [C:/Users/Mikke/Documents/Unreal Projects/SanRockVRUE4-repo/SanRockVR/Saved/Config/Windows/Scalability.ini]
[2019.10.07-14.30.20:118][  0]LogConfig: Setting CVar [[r.LightFunctionQuality:1]]
[2019.10.07-14.30.20:118][  0]LogConfig: Setting CVar [[r.ShadowQuality:5]]
[2019.10.07-14.30.20:118][  0]LogConfig: Setting CVar [[r.Shadow.CSM.MaxCascades:10]]
[2019.10.07-14.30.20:118][  0]LogConfig: Setting CVar [[r.Shadow.MaxResolution:2048]]
[2019.10.07-14.30.20:118][  0]LogConfig: Setting CVar [[r.Shadow.MaxCSMResolution:2048]]
[2019.10.07-14.30.20:118][  0]LogConfig: Setting CVar [[r.Shadow.RadiusThreshold:0.01]]
[2019.10.07-14.30.20:118][  0]LogConfig: Setting CVar [[r.Shadow.DistanceScale:1.0]]
[2019.10.07-14.30.20:118][  0]LogConfig: Setting CVar [[r.Shadow.CSM.TransitionScale:1.0]]
[2019.10.07-14.30.20:118][  0]LogConfig: Setting CVar [[r.Shadow.PreShadowResolutionFactor:1.0]]
[2019.10.07-14.30.20:118][  0]LogConfig: Setting CVar [[r.DistanceFieldShadowing:1]]
[2019.10.07-14.30.20:118][  0]LogConfig: Setting CVar [[r.DistanceFieldAO:1]]
[2019.10.07-14.30.20:118][  0]LogConfig: Setting CVar [[r.AOQuality:2]]
[2019.10.07-14.30.20:118][  0]LogConfig: Setting CVar [[r.VolumetricFog:1]]
[2019.10.07-14.30.20:118][  0]LogConfig: Setting CVar [[r.VolumetricFog.GridPixelSize:8]]
[2019.10.07-14.30.20:118][  0]LogConfig: Setting CVar [[r.VolumetricFog.GridSizeZ:128]]
[2019.10.07-14.30.20:118][  0]LogConfig: Setting CVar [[r.VolumetricFog.HistoryMissSupersampleCount:4]]
[2019.10.07-14.30.20:118][  0]LogConfig: Setting CVar [[r.LightMaxDrawDistanceScale:1]]
[2019.10.07-14.30.20:118][  0]LogConfig: Setting CVar [[r.CapsuleShadows:1]]
[2019.10.07-14.30.20:118][  0]LogConfig: Applying CVar settings from Section [PostProcessQuality@3] File [C:/Users/Mikke/Documents/Unreal Projects/SanRockVRUE4-repo/SanRockVR/Saved/Config/Windows/Scalability.ini]
[2019.10.07-14.30.20:118][  0]LogConfig: Setting CVar [[r.MotionBlurQuality:0]]
[2019.10.07-14.30.20:118][  0]LogConfig: Setting CVar [[r.AmbientOcclusionMipLevelFactor:0.4]]
[2019.10.07-14.30.20:118][  0]LogConfig: Setting CVar [[r.AmbientOcclusionMaxQuality:100]]
[2019.10.07-14.30.20:118][  0]LogConfig: Setting CVar [[r.AmbientOcclusionLevels:0]]
[2019.10.07-14.30.20:118][  0]LogConfig: Setting CVar [[r.AmbientOcclusionRadiusScale:1.0]]
[2019.10.07-14.30.20:118][  0]LogConfig: Setting CVar [[r.DepthOfFieldQuality:0]]
[2019.10.07-14.30.20:118][  0]LogConfig: Setting CVar [[r.RenderTargetPoolMin:400]]
[2019.10.07-14.30.20:118][  0]LogConfig: Setting CVar [[r.LensFlareQuality:0]]
[2019.10.07-14.30.20:118][  0]LogConfig: Setting CVar [[r.SceneColorFringeQuality:0]]
[2019.10.07-14.30.20:118][  0]LogConfig: Setting CVar [[r.EyeAdaptationQuality:2]]
[2019.10.07-14.30.20:118][  0]LogConfig: Setting CVar [[r.BloomQuality:1]]
[2019.10.07-14.30.20:118][  0]LogConfig: Setting CVar [[r.FastBlurThreshold:0]]
[2019.10.07-14.30.20:118][  0]LogConfig: Setting CVar [[r.Upscale.Quality:3]]
[2019.10.07-14.30.20:118][  0]LogConfig: Setting CVar [[r.Tonemapper.GrainQuantization:1]]
[2019.10.07-14.30.20:118][  0]LogConfig: Setting CVar [[r.LightShaftQuality:1]]
[2019.10.07-14.30.20:118][  0]LogConfig: Setting CVar [[r.Filter.SizeScale:1]]
[2019.10.07-14.30.20:118][  0]LogConfig: Setting CVar [[r.Tonemapper.Quality:5]]
[2019.10.07-14.30.20:118][  0]LogConfig: Setting CVar [[r.DOF.Gather.AccumulatorQuality:1        ; higher gathering accumulator quality]]
[2019.10.07-14.30.20:118][  0]LogConfig: Setting CVar [[r.DOF.Gather.PostfilterMethod:1          ; Median3x3 postfilering method]]
[2019.10.07-14.30.20:118][  0]LogConfig: Setting CVar [[r.DOF.Gather.EnableBokehSettings:0       ; no bokeh simulation when gathering]]
[2019.10.07-14.30.20:118][  0]LogConfig: Setting CVar [[r.DOF.Gather.RingCount:4                 ; medium number of samples when gathering]]
[2019.10.07-14.30.20:118][  0]LogConfig: Setting CVar [[r.DOF.Scatter.ForegroundCompositing:1    ; additive foreground scattering]]
[2019.10.07-14.30.20:118][  0]LogConfig: Setting CVar [[r.DOF.Scatter.BackgroundCompositing:2    ; additive background scattering]]
[2019.10.07-14.30.20:118][  0]LogConfig: Setting CVar [[r.DOF.Scatter.EnableBokehSettings:1      ; bokeh simulation when scattering]]
[2019.10.07-14.30.20:118][  0]LogConfig: Setting CVar [[r.DOF.Scatter.MaxSpriteRatio:0.1         ; only a maximum of 10% of scattered bokeh]]
[2019.10.07-14.30.20:118][  0]LogConfig: Setting CVar [[r.DOF.Recombine.Quality:1                ; cheap slight out of focus]]
[2019.10.07-14.30.20:118][  0]LogConfig: Setting CVar [[r.DOF.Recombine.EnableBokehSettings:0    ; no bokeh simulation on slight out of focus]]
[2019.10.07-14.30.20:119][  0]LogConfig: Setting CVar [[r.DOF.TemporalAAQuality:1                ; more stable temporal accumulation]]
[2019.10.07-14.30.20:119][  0]LogConfig: Setting CVar [[r.DOF.Kernel.MaxForegroundRadius:0.025]]
[2019.10.07-14.30.20:119][  0]LogConfig: Setting CVar [[r.DOF.Kernel.MaxBackgroundRadius:0.025]]
[2019.10.07-14.30.20:119][  0]LogConfig: Applying CVar settings from Section [TextureQuality@3] File [C:/Users/Mikke/Documents/Unreal Projects/SanRockVRUE4-repo/SanRockVR/Saved/Config/Windows/Scalability.ini]
[2019.10.07-14.30.20:119][  0]LogConfig: Setting CVar [[r.Streaming.MipBias:0]]
[2019.10.07-14.30.20:119][  0]LogConfig: Setting CVar [[r.Streaming.AmortizeCPUToGPUCopy:0]]
[2019.10.07-14.30.20:119][  0]LogConfig: Setting CVar [[r.Streaming.MaxNumTexturesToStreamPerFrame:0]]
[2019.10.07-14.30.20:119][  0]LogConfig: Setting CVar [[r.Streaming.Boost:1]]
[2019.10.07-14.30.20:119][  0]LogConfig: Setting CVar [[r.MaxAnisotropy:8]]
[2019.10.07-14.30.20:119][  0]LogConfig: Setting CVar [[r.Streaming.LimitPoolSizeToVRAM:0]]
[2019.10.07-14.30.20:119][  0]LogConfig: Setting CVar [[r.Streaming.PoolSize:1000]]
[2019.10.07-14.30.20:119][  0]LogConfig: Setting CVar [[r.Streaming.MaxEffectiveScreenSize:0]]
[2019.10.07-14.30.20:119][  0]LogConfig: Applying CVar settings from Section [EffectsQuality@3] File [C:/Users/Mikke/Documents/Unreal Projects/SanRockVRUE4-repo/SanRockVR/Saved/Config/Windows/Scalability.ini]
[2019.10.07-14.30.20:119][  0]LogConfig: Setting CVar [[r.TranslucencyLightingVolumeDim:4]]
[2019.10.07-14.30.20:119][  0]LogConfig: Setting CVar [[r.RefractionQuality:2]]
[2019.10.07-14.30.20:119][  0]LogConfig: Setting CVar [[r.SSR.Quality:0]]
[2019.10.07-14.30.20:119][  0]LogConfig: Setting CVar [[r.SceneColorFormat:2]]
[2019.10.07-14.30.20:119][  0]LogConfig: Setting CVar [[r.DetailMode:2]]
[2019.10.07-14.30.20:119][  0]LogConfig: Setting CVar [[r.TranslucencyVolumeBlur:0]]
[2019.10.07-14.30.20:119][  0]LogConfig: Setting CVar [[r.MaterialQualityLevel:1 ; High quality]]
[2019.10.07-14.30.20:119][  0]LogConfig: Setting CVar [[r.SSS.Scale:1]]
[2019.10.07-14.30.20:119][  0]LogConfig: Setting CVar [[r.SSS.SampleSet:2]]
[2019.10.07-14.30.20:119][  0]LogConfig: Setting CVar [[r.SSS.Quality:1]]
[2019.10.07-14.30.20:119][  0]LogConfig: Setting CVar [[r.SSS.HalfRes:1]]
[2019.10.07-14.30.20:119][  0]LogConfig: Setting CVar [[r.EmitterSpawnRateScale:1.0]]
[2019.10.07-14.30.20:119][  0]LogConfig: Setting CVar [[r.ParticleLightQuality:2]]
[2019.10.07-14.30.20:119][  0]LogConfig: Applying CVar settings from Section [FoliageQuality@3] File [C:/Users/Mikke/Documents/Unreal Projects/SanRockVRUE4-repo/SanRockVR/Saved/Config/Windows/Scalability.ini]
[2019.10.07-14.30.20:119][  0]LogConfig: Setting CVar [[foliage.DensityScale:1.0]]
[2019.10.07-14.30.20:119][  0]LogConfig: Setting CVar [[grass.DensityScale:1.0]]
[2019.10.07-14.30.20:119][  0]LogConfig: Applying CVar settings from Section [Startup] File [../../../Engine/Config/ConsoleVariables.ini]
[2019.10.07-14.30.20:119][  0]LogConfig: Setting CVar [[net.UseAdaptiveNetUpdateFrequency:0]]
[2019.10.07-14.30.20:119][  0]LogConfig: Setting CVar [[p.chaos.AllowCreatePhysxBodies:1]]
[2019.10.07-14.30.20:119][  0]LogConfig: Applying CVar settings from Section [ConsoleVariables] File [C:/Users/Mikke/Documents/Unreal Projects/SanRockVRUE4-repo/SanRockVR/Saved/Config/Windows/Engine.ini]
[2019.10.07-14.30.20:119][  0]LogInit: Computer: LAPTOP-JJ1D6O3U
[2019.10.07-14.30.20:119][  0]LogInit: User: Mikke
[2019.10.07-14.30.20:119][  0]LogInit: CPU Page size=4096, Cores=4
[2019.10.07-14.30.20:119][  0]LogInit: High frequency timer resolution =10.000000 MHz
[2019.10.07-14.30.20:120][  0]LogMemory: Memory total: Physical=7.9GB (8GB approx)
[2019.10.07-14.30.20:120][  0]LogMemory: Platform Memory Stats for Windows
[2019.10.07-14.30.20:120][  0]LogMemory: Process Physical Memory: 100.34 MB used, 100.35 MB peak
[2019.10.07-14.30.20:120][  0]LogMemory: Process Virtual Memory: 87.94 MB used, 87.94 MB peak
[2019.10.07-14.30.20:120][  0]LogMemory: Physical Memory: 4676.47 MB used,  3400.75 MB free, 8077.22 MB total
[2019.10.07-14.30.20:120][  0]LogMemory: Virtual Memory: 4643.43 MB used,  134213088.00 MB free, 134217728.00 MB total
[2019.10.07-14.30.20:124][  0]LogWindows: WindowsPlatformFeatures enabled
[2019.10.07-14.30.20:153][  0]LogInit: Using OS detected language (en-GB).
[2019.10.07-14.30.20:154][  0]LogInit: Using OS detected locale (en-DK).
[2019.10.07-14.30.20:154][  0]LogTextLocalizationManager: No specific localization for 'en-GB' exists, so the 'en' localization will be used.
[2019.10.07-14.30.20:333][  0]LogInit: Setting process to per monitor DPI aware
[2019.10.07-14.30.20:389][  0]LogSlate: New Slate User Created.  User Index 0, Is Virtual User: 0
[2019.10.07-14.30.20:389][  0]LogSlate: Slate User Registered.  User Index 0, Is Virtual User: 0
[2019.10.07-14.30.20:671][  0]LogHMD: Failed to initialize OpenVR with code 108
[2019.10.07-14.30.20:671][  0]LogD3D11RHI: D3D11 adapters:
[2019.10.07-14.30.20:763][  0]LogD3D11RHI:    0. 'NVIDIA GeForce GTX 1050' (Feature Level 11_0)
[2019.10.07-14.30.20:763][  0]LogD3D11RHI:       1977/0/4038 MB DedicatedVideo/DedicatedSystem/SharedSystem, Outputs:1, VendorId:0x10de
[2019.10.07-14.30.20:779][  0]LogD3D11RHI:    1. 'Intel(R) HD Graphics 630' (Feature Level 11_0)
[2019.10.07-14.30.20:779][  0]LogD3D11RHI:       128/0/4038 MB DedicatedVideo/DedicatedSystem/SharedSystem, Outputs:0, VendorId:0x8086
[2019.10.07-14.30.20:782][  0]LogD3D11RHI:    2. 'Microsoft Basic Render Driver' (Feature Level 11_0)
[2019.10.07-14.30.20:782][  0]LogD3D11RHI:       0/0/4038 MB DedicatedVideo/DedicatedSystem/SharedSystem, Outputs:0, VendorId:0x1414
[2019.10.07-14.30.20:782][  0]LogD3D11RHI: Chosen D3D11 Adapter: 0
[2019.10.07-14.30.20:818][  0]LogD3D11RHI: Creating new Direct3DDevice
[2019.10.07-14.30.20:818][  0]LogD3D11RHI:     GPU DeviceId: 0x1c8d (for the marketing name, search the web for "GPU Device Id")
[2019.10.07-14.30.20:818][  0]LogWindows: EnumDisplayDevices:
[2019.10.07-14.30.20:819][  0]LogWindows:    0. 'Intel(R) HD Graphics 630' (P:1 D:1)
[2019.10.07-14.30.20:819][  0]LogWindows:    1. 'Intel(R) HD Graphics 630' (P:0 D:0)
[2019.10.07-14.30.20:819][  0]LogWindows:    2. 'Intel(R) HD Graphics 630' (P:0 D:0)
[2019.10.07-14.30.20:820][  0]LogWindows:    3. 'NVIDIA GeForce GTX 1050' (P:0 D:0)
[2019.10.07-14.30.20:820][  0]LogWindows: DebugString: PrimaryIsNotTheChoosenAdapter PrimaryIsNotTheChoosenAdapter PrimaryIsNotTheChoosenAdapter 
[2019.10.07-14.30.20:820][  0]LogD3D11RHI:     Adapter Name: NVIDIA GeForce GTX 1050
[2019.10.07-14.30.20:820][  0]LogD3D11RHI:   Driver Version: 422.02 (internal:25.21.14.2202, unified:422.02)
[2019.10.07-14.30.20:820][  0]LogD3D11RHI:      Driver Date: 4-6-2019
[2019.10.07-14.30.20:820][  0]LogRHI: Texture pool is 1384 MB (70% of 1977 MB)
[2019.10.07-14.30.20:875][  0]LogD3D11RHI: Async texture creation enabled
[2019.10.07-14.30.20:896][  0]LogD3D11RHI: GPU Timing Frequency: 1000.000000 (Debug: 2 2)
[2019.10.07-14.30.21:281][  0]LogTemp: Display: Module 'AllDesktopTargetPlatform' loaded TargetPlatform 'AllDesktop'
[2019.10.07-14.30.21:293][  0]LogTemp: Display: Module 'MacClientTargetPlatform' loaded TargetPlatform 'MacClient'
[2019.10.07-14.30.21:305][  0]LogTemp: Display: Module 'MacNoEditorTargetPlatform' loaded TargetPlatform 'MacNoEditor'
[2019.10.07-14.30.21:317][  0]LogTemp: Display: Module 'MacServerTargetPlatform' loaded TargetPlatform 'MacServer'
[2019.10.07-14.30.21:333][  0]LogTemp: Display: Module 'MacTargetPlatform' loaded TargetPlatform 'Mac'
[2019.10.07-14.30.21:347][  0]LogTemp: Display: Module 'WindowsClientTargetPlatform' loaded TargetPlatform 'WindowsClient'
[2019.10.07-14.30.21:363][  0]LogTemp: Display: Module 'WindowsNoEditorTargetPlatform' loaded TargetPlatform 'WindowsNoEditor'
[2019.10.07-14.30.21:378][  0]LogTemp: Display: Module 'WindowsServerTargetPlatform' loaded TargetPlatform 'WindowsServer'
[2019.10.07-14.30.21:385][  0]LogTemp: Display: Module 'WindowsTargetPlatform' loaded TargetPlatform 'Windows'
[2019.10.07-14.30.21:432][  0]LogTemp: Display: Module 'AndroidTargetPlatform' loaded TargetPlatform 'Android'
[2019.10.07-14.30.21:433][  0]LogTemp: Display: Module 'AndroidTargetPlatform' loaded TargetPlatform 'Android_ASTC'
[2019.10.07-14.30.21:433][  0]LogTemp: Display: Module 'AndroidTargetPlatform' loaded TargetPlatform 'Android_ATC'
[2019.10.07-14.30.21:433][  0]LogTemp: Display: Module 'AndroidTargetPlatform' loaded TargetPlatform 'Android_DXT'
[2019.10.07-14.30.21:433][  0]LogTemp: Display: Module 'AndroidTargetPlatform' loaded TargetPlatform 'Android_ETC1'
[2019.10.07-14.30.21:433][  0]LogTemp: Display: Module 'AndroidTargetPlatform' loaded TargetPlatform 'Android_ETC1a'
[2019.10.07-14.30.21:433][  0]LogTemp: Display: Module 'AndroidTargetPlatform' loaded TargetPlatform 'Android_ETC2'
[2019.10.07-14.30.21:433][  0]LogTemp: Display: Module 'AndroidTargetPlatform' loaded TargetPlatform 'Android_PVRTC'
[2019.10.07-14.30.21:433][  0]LogTemp: Display: Module 'AndroidTargetPlatform' loaded TargetPlatform 'AndroidClient'
[2019.10.07-14.30.21:433][  0]LogTemp: Display: Module 'AndroidTargetPlatform' loaded TargetPlatform 'Android_ASTCClient'
[2019.10.07-14.30.21:433][  0]LogTemp: Display: Module 'AndroidTargetPlatform' loaded TargetPlatform 'Android_ATCClient'
[2019.10.07-14.30.21:433][  0]LogTemp: Display: Module 'AndroidTargetPlatform' loaded TargetPlatform 'Android_DXTClient'
[2019.10.07-14.30.21:433][  0]LogTemp: Display: Module 'AndroidTargetPlatform' loaded TargetPlatform 'Android_ETC1Client'
[2019.10.07-14.30.21:433][  0]LogTemp: Display: Module 'AndroidTargetPlatform' loaded TargetPlatform 'Android_ETC1aClient'
[2019.10.07-14.30.21:433][  0]LogTemp: Display: Module 'AndroidTargetPlatform' loaded TargetPlatform 'Android_ETC2Client'
[2019.10.07-14.30.21:433][  0]LogTemp: Display: Module 'AndroidTargetPlatform' loaded TargetPlatform 'Android_PVRTCClient'
[2019.10.07-14.30.21:433][  0]LogTemp: Display: Module 'AndroidTargetPlatform' loaded TargetPlatform 'Android_Multi'
[2019.10.07-14.30.21:433][  0]LogTemp: Display: Module 'AndroidTargetPlatform' loaded TargetPlatform 'Android_MultiClient'
[2019.10.07-14.30.21:435][  0]LogTemp: Display: Module 'HTML5TargetPlatform' loaded TargetPlatform 'HTML5'
[2019.10.07-14.30.21:458][  0]LogTemp: Display: Module 'IOSTargetPlatform' loaded TargetPlatform 'IOSClient'
[2019.10.07-14.30.21:458][  0]LogTemp: Display: Module 'IOSTargetPlatform' loaded TargetPlatform 'IOS'
[2019.10.07-14.30.21:475][  0]LogTemp: Display: Module 'TVOSTargetPlatform' loaded TargetPlatform 'TVOSClient'
[2019.10.07-14.30.21:475][  0]LogTemp: Display: Module 'TVOSTargetPlatform' loaded TargetPlatform 'TVOS'
[2019.10.07-14.30.21:484][  0]LogTemp: Display: Module 'LinuxClientTargetPlatform' loaded TargetPlatform 'LinuxClient'
[2019.10.07-14.30.21:494][  0]LogTemp: Display: Module 'LinuxNoEditorTargetPlatform' loaded TargetPlatform 'LinuxNoEditor'
[2019.10.07-14.30.21:503][  0]LogTemp: Display: Module 'LinuxServerTargetPlatform' loaded TargetPlatform 'LinuxServer'
[2019.10.07-14.30.21:515][  0]LogTemp: Display: Module 'LinuxTargetPlatform' loaded TargetPlatform 'Linux'
[2019.10.07-14.30.21:551][  0]LogTemp: Display: Module 'LuminTargetPlatform' loaded TargetPlatform 'Lumin'
[2019.10.07-14.30.21:551][  0]LogTemp: Display: Module 'LuminTargetPlatform' loaded TargetPlatform 'LuminClient'
[2019.10.07-14.30.21:551][  0]LogTargetPlatformManager: Display: Building Assets For Windows
[2019.10.07-14.30.21:565][  0]LogAudioDebug: Display: Lib vorbis DLL was dynamically loaded.
[2019.10.07-14.30.21:646][  0]LogShaderCompilers: Guid format shader working directory is -37 characters bigger than the processId version (../../../../../../Users/Mikke/Documents/Unreal Projects/SanRockVRUE4-repo/SanRockVR/Intermediate/Shaders/WorkingDirectory/6616/).
[2019.10.07-14.30.21:646][  0]LogShaderCompilers: Cleaned the shader compiler working directory 'C:/Users/Mikke/AppData/Local/Temp/UnrealShaderWorkingDir/8BA4FD4549CEADE3338D3285A98EF15D/'.
[2019.10.07-14.30.21:650][  0]LogXGEController: Cannot use XGE Controller as Incredibuild is not installed on this machine.
[2019.10.07-14.30.21:650][  0]LogShaderCompilers: Cannot use XGE Shader Compiler as Incredibuild is not installed on this machine.
[2019.10.07-14.30.21:650][  0]LogShaderCompilers: Display: Using Local Shader Compiler.
[2019.10.07-14.30.22:401][  0]LogDerivedDataCache: Display: Max Cache Size: 512 MB
[2019.10.07-14.30.22:488][  0]LogDerivedDataCache: Loaded boot cache 0.09s 91MB C:/Users/Mikke/AppData/Local/UnrealEngine/4.23/DerivedDataCache/Boot.ddc.
[2019.10.07-14.30.22:488][  0]LogDerivedDataCache: Display: Loaded Boot cache: C:/Users/Mikke/AppData/Local/UnrealEngine/4.23/DerivedDataCache/Boot.ddc
[2019.10.07-14.30.22:488][  0]LogDerivedDataCache: FDerivedDataBackendGraph:  Pak pak cache file ../../../../../../Users/Mikke/Documents/Unreal Projects/SanRockVRUE4-repo/SanRockVR/DerivedDataCache/DDC.ddp not found, will not use a pak cache.
[2019.10.07-14.30.22:488][  0]LogDerivedDataCache: Unable to find inner node Pak for hierarchical cache Hierarchy.
[2019.10.07-14.30.22:488][  0]LogDerivedDataCache: FDerivedDataBackendGraph:  CompressedPak pak cache file ../../../../../../Users/Mikke/Documents/Unreal Projects/SanRockVRUE4-repo/SanRockVR/DerivedDataCache/Compressed.ddp not found, will not use a pak cache.
[2019.10.07-14.30.22:488][  0]LogDerivedDataCache: Unable to find inner node CompressedPak for hierarchical cache Hierarchy.
[2019.10.07-14.30.22:504][  0]LogDerivedDataCache: Display: Pak cache opened for reading ../../../Engine/DerivedDataCache/Compressed.ddp.
[2019.10.07-14.30.22:504][  0]LogDerivedDataCache: FDerivedDataBackendGraph:  EnterprisePak pak cache file ../../../Enterprise/DerivedDataCache/Compressed.ddp not found, will not use a pak cache.
[2019.10.07-14.30.22:504][  0]LogDerivedDataCache: Unable to find inner node EnterprisePak for hierarchical cache Hierarchy.
[2019.10.07-14.30.22:506][  0]LogDerivedDataCache: Using Local data cache path C:/Users/Mikke/AppData/Local/UnrealEngine/Common/DerivedDataCache: Writable
[2019.10.07-14.30.22:506][  0]LogDerivedDataCache: Shared data cache path not found in *engine.ini, will not use an Shared cache.
[2019.10.07-14.30.22:506][  0]LogDerivedDataCache: Unable to find inner node Shared for hierarchical cache Hierarchy.
[2019.10.07-14.30.22:545][  0]LogMaterial: Verifying Global Shaders for PCD3D_SM5
[2019.10.07-14.30.22:550][  0]LogSlate: Using FreeType 2.6.0
[2019.10.07-14.30.22:550][  0]LogSlate: SlateFontServices - WITH_FREETYPE: 1, WITH_HARFBUZZ: 1
[2019.10.07-14.30.22:629][  0]LogAssetRegistry: FAssetRegistry took 0.0034 seconds to start up
[2019.10.07-14.30.22:968][  0]LogInit: Selected Device Profile: [Windows]
[2019.10.07-14.30.23:153][  0]LogMeshReduction: Using QuadricMeshReduction for automatic static mesh reduction
[2019.10.07-14.30.23:153][  0]LogMeshReduction: Using SimplygonMeshReduction for automatic skeletal mesh reduction
[2019.10.07-14.30.23:153][  0]LogMeshReduction: Using ProxyLODMeshReduction for automatic mesh merging
[2019.10.07-14.30.23:153][  0]LogMeshReduction: No distributed automatic mesh merging module available
[2019.10.07-14.30.23:153][  0]LogMeshMerging: No distributed automatic mesh merging module available
[2019.10.07-14.30.23:171][  0]LogNetVersion: SanRockVRMED7 1.0.0, NetCL: 8386587, EngineNetVer: 11, GameNetVer: 0 (Checksum: 2744300009)
[2019.10.07-14.30.23:839][  0]LogPackageLocalizationCache: Processed 12 localized package path(s) for 1 prioritized culture(s) in 0.088503 seconds
[2019.10.07-14.30.23:850][  0]LogUObjectArray: 43444 objects as part of root set at end of initial load.
[2019.10.07-14.30.23:850][  0]LogUObjectAllocator: 7548648 out of 0 bytes used by permanent object pool.
[2019.10.07-14.30.23:850][  0]LogUObjectArray: CloseDisregardForGC: 0/0 objects in disregard for GC pool
[2019.10.07-14.30.25:187][  0]LogTcpMessaging: Initializing TcpMessaging bridge
[2019.10.07-14.30.25:191][  0]LogUdpMessaging: Initializing bridge on interface 0.0.0.0:0 to multicast group 230.0.0.1:6666.
[2019.10.07-14.30.25:282][  0]SourceControl: Source control is disabled
[2019.10.07-14.30.25:282][  0]SourceControl: Source control is disabled
[2019.10.07-14.30.25:284][  0]SourceControl: Source control is disabled
[2019.10.07-14.30.25:286][  0]SourceControl: Source control is disabled
[2019.10.07-14.30.25:408][  0]LogAndroidPermission: UAndroidPermissionCallbackProxy::GetInstance
[2019.10.07-14.30.25:543][  0]LogOcInput: OculusInput pre-init called
[2019.10.07-14.30.25:553][  0]LogWindows: Failed to load 'OVRPlugin.dll' (GetLastError=126)
[2019.10.07-14.30.25:553][  0]LogWindows: File 'OVRPlugin.dll' does not exist
[2019.10.07-14.30.25:646][  0]LogEngine: Initializing Engine...
[2019.10.07-14.30.25:708][  0]LogHMD: Failed to initialize OpenVR with code 108
[2019.10.07-14.30.25:709][  0]LogStats: UGameplayTagsManager::InitializeManager -  0.000 s
[2019.10.07-14.30.26:049][  0]LogInit: Initializing FReadOnlyCVARCache
[2019.10.07-14.30.26:069][  0]LogAIModule: Creating AISystem for world Untitled
[2019.10.07-14.30.26:152][  0]LogInit: XAudio2 using 'Speaker/Headphone (Realtek High Definition Audio)' : 2 channels at 48 kHz using 32 bits per sample (channel mask 0x3)
[2019.10.07-14.30.26:260][  0]LogInit: FAudioDevice initialized.
[2019.10.07-14.30.26:260][  0]LogNetVersion: Set ProjectVersion to 1.0.0.0. Version Checksum will be recalculated on next use.
[2019.10.07-14.30.26:330][  0]LogDerivedDataCache: Saved boot cache 0.07s 91MB C:/Users/Mikke/AppData/Local/UnrealEngine/4.23/DerivedDataCache/Boot.ddc.
[2019.10.07-14.30.26:345][  0]LogInit: Texture streaming: Enabled
[2019.10.07-14.30.26:373][  0]LogEngineSessionManager: EngineSessionManager initialized
[2019.10.07-14.30.26:472][  0]LogInit: Transaction tracking system initialized
[2019.10.07-14.30.26:526][  0]BlueprintLog: New page: Editor Load
[2019.10.07-14.30.26:645][  0]LocalizationService: Localization service is disabled
[2019.10.07-14.30.27:164][  0]LogFileCache: Scanning file cache for directory 'C:/Users/Mikke/Documents/Unreal Projects/SanRockVRUE4-repo/SanRockVR/Content/' took 0.01s
[2019.10.07-14.30.27:164][  0]LogCook: Display: Max memory allowance for cook 16384mb min free memory 0mb
[2019.10.07-14.30.27:164][  0]LogCook: Display: Mobile HDR setting 0
[2019.10.07-14.30.27:503][  0]SourceControl: Source control is disabled
[2019.10.07-14.30.27:503][  0]Cmd: MAP LOAD FILE="../../../../../../Users/Mikke/Documents/Unreal Projects/SanRockVRUE4-repo/SanRockVR/Content/VirtualRealityBP/Maps/SanVRROck.umap" TEMPLATE=0 SHOWPROGRESS=1 FEATURELEVEL=3
[2019.10.07-14.30.27:504][  0]LightingResults: New page: Lighting Build
[2019.10.07-14.30.27:508][  0]LogWorld: UWorld::CleanupWorld for Untitled, bSessionEnded=true, bCleanupResources=true
[2019.10.07-14.30.27:508][  0]MapCheck: New page: Map Check
[2019.10.07-14.30.27:508][  0]LightingResults: New page: Lighting Build
[2019.10.07-14.30.27:542][  0]LogUObjectHash: Compacting FUObjectHashTables data took   2.13ms
[2019.10.07-14.30.27:757][  0]LogLinker: Warning: While loading '../../../../../../Users/Mikke/Documents/Unreal Projects/SanRockVRUE4-repo/SanRockVR/Content/DrawingAssets/PaintableRock.uasset' failed to load '/Game/Geometry/Meshes/1M_Cube': Can't find file.
[2019.10.07-14.30.27:758][  0]LogLinker: Warning: While loading '../../../../../../Users/Mikke/Documents/Unreal Projects/SanRockVRUE4-repo/SanRockVR/Content/DrawingAssets/PaintableRock.uasset' failed to load '/Game/Geometry/Meshes/1M_Cube': Can't find file.
[2019.10.07-14.30.27:758][  0]LogLinker: Warning: While loading '../../../../../../Users/Mikke/Documents/Unreal Projects/SanRockVRUE4-repo/SanRockVR/Content/DrawingAssets/PaintableRock.uasset' failed to load '/Game/Geometry/Meshes/1M_Cube': Can't find file.
[2019.10.07-14.30.27:758][  0]LogLinker: Warning: While loading '../../../../../../Users/Mikke/Documents/Unreal Projects/SanRockVRUE4-repo/SanRockVR/Content/DrawingAssets/PaintableRock.uasset' failed to load '/Game/Geometry/Meshes/1M_Cube': Can't find file.
[2019.10.07-14.30.27:760][  0]LogLinker: Warning: While loading '../../../../../../Users/Mikke/Documents/Unreal Projects/SanRockVRUE4-repo/SanRockVR/Content/DrawingAssets/PaintableRock_Rock01.uasset' failed to load '/Game/Geometry/Meshes/1M_Cube': Can't find file.
[2019.10.07-14.30.27:760][  0]LogLinker: Warning: While loading '../../../../../../Users/Mikke/Documents/Unreal Projects/SanRockVRUE4-repo/SanRockVR/Content/DrawingAssets/PaintableRock_Rock01.uasset' failed to load '/Game/Geometry/Meshes/1M_Cube': Can't find file.
[2019.10.07-14.30.27:760][  0]LogLinker: Warning: While loading '../../../../../../Users/Mikke/Documents/Unreal Projects/SanRockVRUE4-repo/SanRockVR/Content/DrawingAssets/PaintableRock_Rock01.uasset' failed to load '/Game/Geometry/Meshes/1M_Cube': Can't find file.
[2019.10.07-14.30.27:760][  0]LogLinker: Warning: While loading '../../../../../../Users/Mikke/Documents/Unreal Projects/SanRockVRUE4-repo/SanRockVR/Content/DrawingAssets/PaintableRock_Rock01.uasset' failed to load '/Game/Geometry/Meshes/1M_Cube': Can't find file.
[2019.10.07-14.30.27:761][  0]LogLinker: Warning: While loading '../../../../../../Users/Mikke/Documents/Unreal Projects/SanRockVRUE4-repo/SanRockVR/Content/DrawingAssets/PaintableRock_Rock01.uasset' failed to load '/Game/Geometry/Meshes/1M_Cube': Can't find file.
[2019.10.07-14.30.27:761][  0]LoadErrors: Failed to load /Game/Geometry/Meshes/1M_Cube.1M_Cube Referenced by StaticMeshComponent0
[2019.10.07-14.30.27:761][  0]LogLinker: Warning: While loading '../../../../../../Users/Mikke/Documents/Unreal Projects/SanRockVRUE4-repo/SanRockVR/Content/DrawingAssets/PaintableRock_Rock01.uasset' failed to load '/Game/Geometry/Meshes/1M_Cube': Can't find file.
[2019.10.07-14.30.27:761][  0]LoadErrors: Failed to load /Game/Geometry/Meshes/1M_Cube.1M_Cube Referenced by StaticMeshComponent0
[2019.10.07-14.30.28:590][  0]LogStaticMesh: Building static mesh PR_canyon_c_R...
[2019.10.07-14.30.28:825][  0]LogStaticMesh: Built static mesh [0.24s] /Game/3DAssets/BackgroundTerrain/PR_canyon_c_R.PR_canyon_c_R
[2019.10.07-14.30.28:934][  0]LogAIModule: Creating AISystem for world SanVRROck
[2019.10.07-14.30.28:941][  0]LogEditorServer: Finished looking for orphan Actors (0.000 secs)
[2019.10.07-14.30.28:979][  0]LogUObjectHash: Compacting FUObjectHashTables data took   3.08ms
[2019.10.07-14.30.28:980][  0]Cmd: MAP CHECKDEP NOCLEARLOG
[2019.10.07-14.30.28:980][  0]MapCheck: Map check complete: 0 Error(s), 0 Warning(s), took 0.195ms to complete.
[2019.10.07-14.30.28:980][  0]LogFileHelpers: Loading map 'SanVRROck' took 1.477
[2019.10.07-14.30.29:142][  0]LogSlate: Updating window title bar state: overlay mode, drag disabled, window buttons hidden, title bar hidden
[2019.10.07-14.30.29:153][  0]LogSlate: Updating window title bar state: overlay mode, drag disabled, window buttons hidden, title bar hidden
[2019.10.07-14.30.29:162][  0]LogSlate: Updating window title bar state: overlay mode, drag disabled, window buttons hidden, title bar hidden
[2019.10.07-14.30.29:171][  0]LogSlate: Updating window title bar state: overlay mode, drag disabled, window buttons hidden, title bar hidden
[2019.10.07-14.30.29:190][  0]LogCollectionManager: Loaded 0 collections in 0.002986 seconds
[2019.10.07-14.30.29:211][  0]LogFileCache: Scanning file cache for directory 'C:/Users/Mikke/Documents/Unreal Projects/SanRockVRUE4-repo/SanRockVR/Saved/Collections/' took 0.00s
[2019.10.07-14.30.29:211][  0]LogFileCache: Scanning file cache for directory 'C:/Users/Mikke/Documents/Unreal Projects/SanRockVRUE4-repo/SanRockVR/Content/Developers/Mikke/Collections/' took 0.00s
[2019.10.07-14.30.29:211][  0]LogFileCache: Scanning file cache for directory 'C:/Users/Mikke/Documents/Unreal Projects/SanRockVRUE4-repo/SanRockVR/Content/Collections/' took 0.00s
[2019.10.07-14.30.29:211][  0]LogCollectionManager: Rebuilt the GUID cache for 0 collections in 0.000004 seconds
[2019.10.07-14.30.29:224][  0]LogContentBrowser: Native class hierarchy populated in 0.0116 seconds. Added 2864 classes and 683 folders.
[2019.10.07-14.30.29:238][  0]LogContentBrowser: Native class hierarchy updated for 'WidgetCarousel' in 0.0005 seconds. Added 0 classes and 0 folders.
[2019.10.07-14.30.29:674][  0]LogContentBrowser: Native class hierarchy updated for 'AddContentDialog' in 0.0005 seconds. Added 0 classes and 0 folders.
[2019.10.07-14.30.29:689][  0]LogContentBrowser: Native class hierarchy updated for 'SceneOutliner' in 0.0005 seconds. Added 1 classes and 2 folders.
[2019.10.07-14.30.32:334][  0]LogSlate: Only BGRA pngs, bmps or icos are supported in by External Image Picker
[2019.10.07-14.30.32:371][  0]LogSlate: Took 0.000202 seconds to synchronously load lazily loaded font '../../../Engine/Content/Slate/Fonts/Roboto-Regular.ttf' (155K)
[2019.10.07-14.30.32:373][  0]LogSlate: Took 0.000188 seconds to synchronously load lazily loaded font '../../../Engine/Content/Slate/Fonts/Roboto-Bold.ttf' (160K)
[2019.10.07-14.30.32:395][  0]LogSlate: Took 0.010891 seconds to synchronously load lazily loaded font '../../../Engine/Content/Editor/Slate/Fonts/FontAwesome.ttf' (139K)
[2019.10.07-14.30.32:649][  0]LogRenderer: Reallocating scene render targets to support 752x320 Format 26 NumSamples 1 (Frame:1).
[2019.10.07-14.30.33:118][  0]LogContentBrowser: Native class hierarchy updated for 'HierarchicalLODOutliner' in 0.0005 seconds. Added 0 classes and 0 folders.
[2019.10.07-14.30.33:119][  0]LogLoad: (Engine Initialization) Total time: 14.42 seconds
[2019.10.07-14.30.33:119][  0]LogLoad: (Engine Initialization) Total Blueprint compile time: 0.00 seconds
[2019.10.07-14.30.33:327][  0]LogContentStreaming: Texture pool size now 1000 MB
[2019.10.07-14.30.33:330][  0]LogSlate: FSceneViewport::OnFocusLost() reason 5
[2019.10.07-14.30.33:408][  0]LogSlate: Took 0.009664 seconds to synchronously load lazily loaded font '../../../Engine/Content/Slate/Fonts/Roboto-Light.ttf' (167K)
[2019.10.07-14.30.33:831][  3]LogAssetRegistry: Asset discovery search completed in 11.2029 seconds
[2019.10.07-14.30.33:838][  3]LogCollectionManager: Rebuilt the object cache for 0 collections in 0.000006 seconds (found 0 objects)
[2019.10.07-14.30.33:838][  3]LogCollectionManager: Fixed up redirectors for 0 collections in 0.000092 seconds (updated 0 objects)
[2019.10.07-14.30.34:476][  5]LogSlate: Took 0.000205 seconds to synchronously load lazily loaded font '../../../Engine/Content/Slate/Fonts/Roboto-Light.ttf' (167K)
[2019.10.07-14.30.55:880][159]LogSlate: Window 'Message Log' being destroyed
[2019.10.07-14.30.55:889][159]LogSlate: Window 'Message Log' being destroyed
[2019.10.07-14.35.33:429][566]LogHttp: Warning: 000001F280AB9A80: invalid HTTP response code received. URL: https://datarouter.ol.epicgames.com/datarouter/api/v1/public/data?SessionID=%7B694AAB08-4D49-8F02-C0FC-B2BB5AF1D37E%7D&AppID=UEEditor.Rocket.Release&AppVersion=4.23.0-8386587%2B%2B%2BUE4%2BRelease-4.23&UserID=44a3b88543f40e7a9d0369a5a5b03eed%7Cf94142d9262f460ea9310eda52bd359e%7C9fb745f4-412f-4560-b543-852f948d58f0&AppEnvironment=datacollector-binary&UploadType=eteventstream, HTTP code: 0, content length: -1, actual payload size: 0
[2019.10.07-14.35.33:429][566]LogHttp: Warning: 000001F280AB9A80: request failed, libcurl error: 0 (No error)
[2019.10.07-14.35.33:429][566]LogHttp: Warning: 000001F280AB9A80: libcurl info message cache 0 (Found bundle for host datarouter.ol.epicgames.com: 0x1f2d34eff70 [can pipeline])
[2019.10.07-14.35.33:429][566]LogHttp: Warning: 000001F280AB9A80: libcurl info message cache 1 (Re-using existing connection! (#1) with host datarouter.ol.epicgames.com)
[2019.10.07-14.35.33:429][566]LogHttp: Warning: 000001F280AB9A80: libcurl info message cache 2 (Connected to datarouter.ol.epicgames.com (3.212.249.236) port 443 (#1))
[2019.10.07-14.35.33:429][566]LogHttp: Warning: 000001F280AB9A80: libcurl info message cache 3 (We are completely uploaded and fine)
[2019.10.07-14.35.33:429][566]LogHttp: Warning: 000001F280AB9A80: libcurl info message cache 4 (TLSv1.2 (IN), TLS alert, Client hello (1):)
[2019.10.07-14.35.33:429][566]LogHttp: Warning: 000001F280AB9A80: libcurl info message cache 5 (Connection died, retrying a fresh connect)
[2019.10.07-14.35.33:429][566]LogHttp: Warning: 000001F280AB9A80: libcurl info message cache 6 (necessary data rewind wasn't possible)
[2019.10.07-14.35.33:429][566]LogHttp: Warning: 000001F280AB9A80: libcurl info message cache 7 (Closing connection 1)
[2019.10.07-14.35.33:429][566]LogHttp: Warning: 000001F280AB9A80: libcurl info message cache 8 (TLSv1.2 (OUT), TLS alert, Client hello (1):)
[2019.10.07-14.35.33:429][566]LogHttp: Warning: Retry exhausted on https://datarouter.ol.epicgames.com/datarouter/api/v1/public/data?SessionID=%7B694AAB08-4D49-8F02-C0FC-B2BB5AF1D37E%7D&AppID=UEEditor.Rocket.Release&AppVersion=4.23.0-8386587%2B%2B%2BUE4%2BRelease-4.23&UserID=44a3b88543f40e7a9d0369a5a5b03eed%7Cf94142d9262f460ea9310eda52bd359e%7C9fb745f4-412f-4560-b543-852f948d58f0&AppEnvironment=datacollector-binary&UploadType=eteventstream
[2019.10.07-14.44.33:430][174]LogHttp: Warning: 000001F280AB9A80: invalid HTTP response code received. URL: https://datarouter.ol.epicgames.com/datarouter/api/v1/public/data?SessionID=%7B694AAB08-4D49-8F02-C0FC-B2BB5AF1D37E%7D&AppID=UEEditor.Rocket.Release&AppVersion=4.23.0-8386587%2B%2B%2BUE4%2BRelease-4.23&UserID=44a3b88543f40e7a9d0369a5a5b03eed%7Cf94142d9262f460ea9310eda52bd359e%7C9fb745f4-412f-4560-b543-852f948d58f0&AppEnvironment=datacollector-binary&UploadType=eteventstream, HTTP code: 0, content length: -1, actual payload size: 0
[2019.10.07-14.44.33:430][174]LogHttp: Warning: 000001F280AB9A80: request failed, libcurl error: 0 (No error)
[2019.10.07-14.44.33:430][174]LogHttp: Warning: 000001F280AB9A80: libcurl info message cache 0 (Found bundle for host datarouter.ol.epicgames.com: 0x1f2d34eff70 [can pipeline])
[2019.10.07-14.44.33:430][174]LogHttp: Warning: 000001F280AB9A80: libcurl info message cache 1 (Re-using existing connection! (#4) with host datarouter.ol.epicgames.com)
[2019.10.07-14.44.33:430][174]LogHttp: Warning: 000001F280AB9A80: libcurl info message cache 2 (Connected to datarouter.ol.epicgames.com (54.85.53.73) port 443 (#4))
[2019.10.07-14.44.33:430][174]LogHttp: Warning: 000001F280AB9A80: libcurl info message cache 3 (We are completely uploaded and fine)
[2019.10.07-14.44.33:430][174]LogHttp: Warning: 000001F280AB9A80: libcurl info message cache 4 (TLSv1.2 (IN), TLS alert, Client hello (1):)
[2019.10.07-14.44.33:430][174]LogHttp: Warning: 000001F280AB9A80: libcurl info message cache 5 (Connection died, retrying a fresh connect)
[2019.10.07-14.44.33:430][174]LogHttp: Warning: 000001F280AB9A80: libcurl info message cache 6 (necessary data rewind wasn't possible)
[2019.10.07-14.44.33:431][174]LogHttp: Warning: 000001F280AB9A80: libcurl info message cache 7 (Closing connection 4)
[2019.10.07-14.44.33:431][174]LogHttp: Warning: 000001F280AB9A80: libcurl info message cache 8 (TLSv1.2 (OUT), TLS alert, Client hello (1):)
[2019.10.07-14.44.33:431][174]LogHttp: Warning: Retry exhausted on https://datarouter.ol.epicgames.com/datarouter/api/v1/public/data?SessionID=%7B694AAB08-4D49-8F02-C0FC-B2BB5AF1D37E%7D&AppID=UEEditor.Rocket.Release&AppVersion=4.23.0-8386587%2B%2B%2BUE4%2BRelease-4.23&UserID=44a3b88543f40e7a9d0369a5a5b03eed%7Cf94142d9262f460ea9310eda52bd359e%7C9fb745f4-412f-4560-b543-852f948d58f0&AppEnvironment=datacollector-binary&UploadType=eteventstream
[2019.10.07-21.35.38:337][917]LogHttp: Warning: 000001F280AB8CC0: invalid HTTP response code received. URL: https://datarouter.ol.epicgames.com/datarouter/api/v1/public/data?SessionID=%7B694AAB08-4D49-8F02-C0FC-B2BB5AF1D37E%7D&AppID=UEEditor.Rocket.Release&AppVersion=4.23.0-8386587%2B%2B%2BUE4%2BRelease-4.23&UserID=44a3b88543f40e7a9d0369a5a5b03eed%7Cf94142d9262f460ea9310eda52bd359e%7C9fb745f4-412f-4560-b543-852f948d58f0&AppEnvironment=datacollector-binary&UploadType=eteventstream, HTTP code: 0, content length: -1, actual payload size: 0
[2019.10.07-21.35.38:338][917]LogHttp: Warning: 000001F280AB8CC0: request failed, libcurl error: 28 (Timeout was reached)
[2019.10.07-21.35.38:338][917]LogHttp: Warning: 000001F280AB8CC0: libcurl info message cache 0 (Connection 30 seems to be dead!)
[2019.10.07-21.35.38:338][917]LogHttp: Warning: 000001F280AB8CC0: libcurl info message cache 1 (Closing connection 30)
[2019.10.07-21.35.38:338][917]LogHttp: Warning: 000001F280AB8CC0: libcurl info message cache 2 (TLSv1.2 (OUT), TLS alert, Client hello (1):)
[2019.10.07-21.35.38:338][917]LogHttp: Warning: 000001F280AB8CC0: libcurl info message cache 3 (Resolving timed out after 21058532 milliseconds)
[2019.10.07-21.35.38:338][917]LogHttp: Warning: 000001F280AB8CC0: libcurl info message cache 4 (Closing connection 31)
[2019.10.07-21.35.38:375][918]LogHttp: Warning: Retry exhausted on https://datarouter.ol.epicgames.com/datarouter/api/v1/public/data?SessionID=%7B694AAB08-4D49-8F02-C0FC-B2BB5AF1D37E%7D&AppID=UEEditor.Rocket.Release&AppVersion=4.23.0-8386587%2B%2B%2BUE4%2BRelease-4.23&UserID=44a3b88543f40e7a9d0369a5a5b03eed%7Cf94142d9262f460ea9310eda52bd359e%7C9fb745f4-412f-4560-b543-852f948d58f0&AppEnvironment=datacollector-binary&UploadType=eteventstream
