Log file open, 10/11/19 09:46:08
LogWindows: Failed to load 'aqProf.dll' (GetLastError=126)
LogWindows: File 'aqProf.dll' does not exist
LogWindows: Failed to load 'VtuneApi.dll' (GetLastError=126)
LogWindows: File 'VtuneApi.dll' does not exist
LogWindows: Failed to load 'VtuneApi32e.dll' (GetLastError=126)
LogWindows: File 'VtuneApi32e.dll' does not exist
LogConsoleResponse: Display: Failed to find resolution value strings in scalability ini. Falling back to default.
LogInit: Display: Running engine for game: SanRockVRMED7
LogPlatformFile: Not using cached read wrapper
LogTaskGraph: Started task graph with 5 named threads and 14 total threads with 3 sets of task threads.
LogStats: Stats thread started at 0.102697
LogD3D11RHI: Loaded GFSDK_Aftermath_Lib.x64.dll
LogICUInternationalization: ICU TimeZone Detection - Raw Offset: +1:00, Platform Override: ''
LogPluginManager: Mounting plugin Paper2D
LogPluginManager: Mounting plugin AISupport
LogPluginManager: Mounting plugin LightPropagationVolume
LogPluginManager: Mounting plugin ActorLayerUtilities
LogPluginManager: Mounting plugin AnimationSharing
LogPluginManager: Mounting plugin CLionSourceCodeAccess
LogPluginManager: Mounting plugin CodeLiteSourceCodeAccess
LogPluginManager: Mounting plugin GitSourceControl
LogPluginManager: Mounting plugin KDevelopSourceCodeAccess
LogPluginManager: Mounting plugin NullSourceCodeAccess
LogPluginManager: Mounting plugin PerforceSourceControl
LogPluginManager: Mounting plugin SubversionSourceControl
LogPluginManager: Mounting plugin UObjectPlugin
LogPluginManager: Mounting plugin VisualStudioCodeSourceCodeAccess
LogPluginManager: Mounting plugin VisualStudioSourceCodeAccess
LogPluginManager: Mounting plugin XCodeSourceCodeAccess
LogPluginManager: Mounting plugin AssetManagerEditor
LogPluginManager: Mounting plugin CryptoKeys
LogPluginManager: Mounting plugin CurveEditorTools
LogPluginManager: Mounting plugin DataValidation
LogPluginManager: Mounting plugin FacialAnimation
LogPluginManager: Mounting plugin GameplayTagsEditor
LogPluginManager: Mounting plugin MacGraphicsSwitching
LogPluginManager: Mounting plugin MaterialAnalyzer
LogPluginManager: Mounting plugin MobileLauncherProfileWizard
LogPluginManager: Mounting plugin PluginBrowser
LogPluginManager: Mounting plugin SpeedTreeImporter
LogPluginManager: Mounting plugin DatasmithContent
LogPluginManager: Mounting plugin VariantManagerContent
LogPluginManager: Mounting plugin AlembicImporter
LogPluginManager: Mounting plugin AutomationUtils
LogPluginManager: Mounting plugin BackChannel
LogPluginManager: Mounting plugin CharacterAI
LogPluginManager: Mounting plugin GeometryCache
LogPluginManager: Mounting plugin HTML5Networking
LogPluginManager: Mounting plugin PlatformCrypto
LogPluginManager: Mounting plugin ProxyLODPlugin
LogPluginManager: Mounting plugin SkeletalReduction
LogPluginManager: Mounting plugin MagicLeap
LogPluginManager: Mounting plugin MagicLeapMedia
LogPluginManager: Mounting plugin AndroidMedia
LogPluginManager: Mounting plugin AvfMedia
LogPluginManager: Mounting plugin ImgMedia
LogPluginManager: Mounting plugin MediaCompositing
LogPluginManager: Mounting plugin MediaPlayerEditor
LogPluginManager: Mounting plugin WebMMedia
LogPluginManager: Mounting plugin WmfMedia
LogPluginManager: Mounting plugin TcpMessaging
LogPluginManager: Mounting plugin UdpMessaging
LogPluginManager: Mounting plugin ActorSequence
LogPluginManager: Mounting plugin LevelSequenceEditor
LogPluginManager: Mounting plugin MatineeToLevelSequence
LogPluginManager: Mounting plugin NetcodeUnitTest
LogPluginManager: Mounting plugin NUTUnrealEngine4
LogPluginManager: Mounting plugin OnlineSubsystemGooglePlay
LogPluginManager: Mounting plugin OnlineSubsystemIOS
LogPluginManager: Mounting plugin OnlineSubsystem
LogPluginManager: Mounting plugin OnlineSubsystemNull
LogPluginManager: Mounting plugin OnlineSubsystemUtils
LogPluginManager: Mounting plugin LauncherChunkInstaller
LogPluginManager: Mounting plugin AndroidDeviceProfileSelector
LogPluginManager: Mounting plugin AndroidMoviePlayer
LogPluginManager: Mounting plugin AndroidPermission
LogPluginManager: Mounting plugin AppleImageUtils
LogPluginManager: Mounting plugin AppleMoviePlayer
LogPluginManager: Mounting plugin ArchVisCharacter
LogPluginManager: Mounting plugin AudioCapture
LogPluginManager: Mounting plugin CableComponent
LogPluginManager: Mounting plugin CustomMeshComponent
LogPluginManager: Mounting plugin EditableMesh
LogPluginManager: Mounting plugin ExampleDeviceProfileSelector
LogPluginManager: Mounting plugin GoogleCloudMessaging
LogPluginManager: Mounting plugin IOSDeviceProfileSelector
LogPluginManager: Mounting plugin LinuxDeviceProfileSelector
LogPluginManager: Mounting plugin LocationServicesBPLibrary
LogPluginManager: Mounting plugin MobilePatchingUtils
LogPluginManager: Mounting plugin OculusVR
LogPluginManager: Mounting plugin PhysXVehicles
LogPluginManager: Mounting plugin ProceduralMeshComponent
LogPluginManager: Mounting plugin RuntimePhysXCooking
LogPluginManager: Mounting plugin SignificanceManager
LogPluginManager: Mounting plugin SteamVR
LogPluginManager: Mounting plugin WebMMoviePlayer
LogPluginManager: Mounting plugin WindowsMoviePlayer
LogPluginManager: Mounting plugin ScreenshotTools
LogInit: Using libcurl 7.55.1-DEV
LogInit:  - built for x86_64-pc-win32
LogInit:  - supports SSL with OpenSSL/1.1.1
LogInit:  - supports HTTP deflate (compression) using libz 1.2.8
LogInit:  - other features:
LogInit:      CURL_VERSION_SSL
LogInit:      CURL_VERSION_LIBZ
LogInit:      CURL_VERSION_IPV6
LogInit:      CURL_VERSION_ASYNCHDNS
LogInit:      CURL_VERSION_LARGEFILE
LogInit:      CURL_VERSION_IDN
LogInit:  CurlRequestOptions (configurable via config and command line):
LogInit:  - bVerifyPeer = true  - Libcurl will verify peer certificate
LogInit:  - bUseHttpProxy = false  - Libcurl will NOT use HTTP proxy
LogInit:  - bDontReuseConnections = false  - Libcurl will reuse connections
LogInit:  - MaxHostConnections = 16  - Libcurl will limit the number of connections to a host
LogInit:  - LocalHostAddr = Default
LogInit:  - BufferSize = 65536
LogOnline: OSS: Creating online subsystem instance for: NULL
LogInit: WinSock: version 1.1 (2.2), MaxSocks=32767, MaxUdp=65467
LogInit: Build: ++UE4+Release-4.23-CL-8386587
LogInit: Engine Version: 4.23.0-8386587+++UE4+Release-4.23
LogInit: Compatible Engine Version: 4.23.0-8386587+++UE4+Release-4.23
LogInit: Net CL: 8386587
LogInit: OS: Windows 10 (Release 1903) (), CPU: Intel(R) Core(TM) i5-7300HQ CPU @ 2.50GHz, GPU: Intel(R) HD Graphics 630
LogInit: Compiled (64-bit): Aug 31 2019 02:04:44
LogInit: Compiled with Visual C++: 19.16.27030.01
LogInit: Build Configuration: Development
LogInit: Branch Name: ++UE4+Release-4.23
LogInit: Command Line: 
LogInit: Base Directory: C:/Program Files/Epic Games/UE_4.23/Engine/Binaries/Win64/
LogInit: Installed Engine Build: 1
LogDevObjectVersion: Number of dev versions registered: 23
LogDevObjectVersion:   Dev-Blueprints (B0D832E4-1F89-4F0D-ACCF-7EB736FD4AA2): 10
LogDevObjectVersion:   Dev-Build (E1C64328-A22C-4D53-A36C-8E866417BD8C): 0
LogDevObjectVersion:   Dev-Core (375EC13C-06E4-48FB-B500-84F0262A717E): 3
LogDevObjectVersion:   Dev-Editor (E4B068ED-F494-42E9-A231-DA0B2E46BB41): 34
LogDevObjectVersion:   Dev-Framework (CFFC743F-43B0-4480-9391-14DF171D2073): 35
LogDevObjectVersion:   Dev-Mobile (B02B49B5-BB20-44E9-A304-32B752E40360): 2
LogDevObjectVersion:   Dev-Networking (A4E4105C-59A1-49B5-A7C5-40C4547EDFEE): 0
LogDevObjectVersion:   Dev-Online (39C831C9-5AE6-47DC-9A44-9C173E1C8E7C): 0
LogDevObjectVersion:   Dev-Physics (78F01B33-EBEA-4F98-B9B4-84EACCB95AA2): 0
LogDevObjectVersion:   Dev-Platform (6631380F-2D4D-43E0-8009-CF276956A95A): 0
LogDevObjectVersion:   Dev-Rendering (12F88B9F-8875-4AFC-A67C-D90C383ABD29): 31
LogDevObjectVersion:   Dev-Sequencer (7B5AE74C-D270-4C10-A958-57980B212A5A): 11
LogDevObjectVersion:   Dev-VR (D7296918-1DD6-4BDD-9DE2-64A83CC13884): 2
LogDevObjectVersion:   Dev-LoadTimes (C2A15278-BFE7-4AFE-6C17-90FF531DF755): 1
LogDevObjectVersion:   Private-Geometry (6EACA3D4-40EC-4CC1-B786-8BED09428FC5): 3
LogDevObjectVersion:   Dev-AnimPhys (29E575DD-E0A3-4627-9D10-D276232CDCEA): 17
LogDevObjectVersion:   Dev-Anim (AF43A65D-7FD3-4947-9873-3E8ED9C1BB05): 2
LogDevObjectVersion:   Dev-ReflectionCapture (6B266CEC-1EC7-4B8F-A30B-E4D90942FC07): 1
LogDevObjectVersion:   Dev-Automation (0DF73D61-A23F-47EA-B727-89E90C41499A): 1
LogDevObjectVersion:   FortniteMain (601D1886-AC64-4F84-AA16-D3DE0DEAC7D6): 27
LogDevObjectVersion:   Dev-Enterprise (9DFFBCD6-494F-0158-E221-12823C92A888): 6
LogDevObjectVersion:   Dev-Niagara (F2AED0AC-9AFE-416F-8664-AA7FFA26D6FC): 1
LogDevObjectVersion:   Dev-Destruction (174F1F0B-B4C6-45A5-B13F-2EE8D0FB917D): 9
LogInit: Presizing for max 16777216 objects, including 0 objects not considered by GC, pre-allocating 0 bytes for permanent pool.
LogInit: Object subsystem initialized
LogConfig: Setting CVar [[con.DebugEarlyDefault:1]]
LogConfig: Setting CVar [[r.setres:1280x720]]
[2019.10.11-07.46.09:164][  0]LogConfig: Setting CVar [[r.VSync:0]]
[2019.10.11-07.46.09:164][  0]LogConfig: Setting CVar [[r.RHICmdBypass:0]]
[2019.10.11-07.46.09:164][  0]LogConfig: Applying CVar settings from Section [/Script/Engine.RendererSettings] File [C:/Users/Kamp-Legion/Documents/SanRockVRUE4/SanRockVR/Saved/Config/Windows/Engine.ini]
[2019.10.11-07.46.09:164][  0]LogConfig: Setting CVar [[r.GPUCrashDebugging:0]]
[2019.10.11-07.46.09:164][  0]LogConfig: Setting CVar [[r.MobileHDR:0]]
[2019.10.11-07.46.09:164][  0]LogConfig: Setting CVar [[r.Mobile.DisableVertexFog:1]]
[2019.10.11-07.46.09:164][  0]LogConfig: Setting CVar [[r.Shadow.CSM.MaxMobileCascades:2]]
[2019.10.11-07.46.09:164][  0]LogConfig: Setting CVar [[r.MobileMSAA:1]]
[2019.10.11-07.46.09:164][  0]LogConfig: Setting CVar [[r.Mobile.UseLegacyShadingModel:0]]
[2019.10.11-07.46.09:164][  0]LogConfig: Setting CVar [[r.Mobile.UseHWsRGBEncoding:1]]
[2019.10.11-07.46.09:164][  0]LogConfig: Setting CVar [[r.Mobile.AllowDitheredLODTransition:0]]
[2019.10.11-07.46.09:164][  0]LogConfig: Setting CVar [[r.Mobile.AllowSoftwareOcclusion:0]]
[2019.10.11-07.46.09:164][  0]LogConfig: Setting CVar [[r.DiscardUnusedQuality:0]]
[2019.10.11-07.46.09:164][  0]LogConfig: Setting CVar [[r.AllowOcclusionQueries:1]]
[2019.10.11-07.46.09:164][  0]LogConfig: Setting CVar [[r.MinScreenRadiusForLights:0.030000]]
[2019.10.11-07.46.09:164][  0]LogConfig: Setting CVar [[r.MinScreenRadiusForDepthPrepass:0.030000]]
[2019.10.11-07.46.09:164][  0]LogConfig: Setting CVar [[r.MinScreenRadiusForCSMDepth:0.010000]]
[2019.10.11-07.46.09:164][  0]LogConfig: Setting CVar [[r.PrecomputedVisibilityWarning:0]]
[2019.10.11-07.46.09:164][  0]LogConfig: Setting CVar [[r.TextureStreaming:1]]
[2019.10.11-07.46.09:164][  0]LogConfig: Setting CVar [[Compat.UseDXT5NormalMaps:0]]
[2019.10.11-07.46.09:164][  0]LogConfig: Setting CVar [[r.ClearCoatNormal:0]]
[2019.10.11-07.46.09:164][  0]LogConfig: Setting CVar [[r.ReflectionCaptureResolution:128]]
[2019.10.11-07.46.09:164][  0]LogConfig: Setting CVar [[r.ReflectionEnvironmentLightmapMixBasedOnRoughness:1]]
[2019.10.11-07.46.09:164][  0]LogConfig: Setting CVar [[r.ForwardShading:0]]
[2019.10.11-07.46.09:164][  0]LogConfig: Setting CVar [[r.VertexFoggingForOpaque:1]]
[2019.10.11-07.46.09:164][  0]LogConfig: Setting CVar [[r.AllowStaticLighting:1]]
[2019.10.11-07.46.09:164][  0]LogConfig: Setting CVar [[r.NormalMapsForStaticLighting:0]]
[2019.10.11-07.46.09:164][  0]LogConfig: Setting CVar [[r.GenerateMeshDistanceFields:0]]
[2019.10.11-07.46.09:164][  0]LogConfig: Setting CVar [[r.DistanceFieldBuild.EightBit:0]]
[2019.10.11-07.46.09:164][  0]LogConfig: Setting CVar [[r.GenerateLandscapeGIData:0]]
[2019.10.11-07.46.09:164][  0]LogConfig: Setting CVar [[r.DistanceFieldBuild.Compress:0]]
[2019.10.11-07.46.09:164][  0]LogConfig: Setting CVar [[r.TessellationAdaptivePixelsPerTriangle:48.000000]]
[2019.10.11-07.46.09:164][  0]LogConfig: Setting CVar [[r.SeparateTranslucency:0]]
[2019.10.11-07.46.09:164][  0]LogConfig: Setting CVar [[r.TranslucentSortPolicy:0]]
[2019.10.11-07.46.09:164][  0]LogConfig: Setting CVar [[r.CustomDepth:1]]
[2019.10.11-07.46.09:164][  0]LogConfig: Setting CVar [[r.CustomDepthTemporalAAJitter:1]]
[2019.10.11-07.46.09:164][  0]LogConfig: Setting CVar [[r.PostProcessing.PropagateAlpha:0]]
[2019.10.11-07.46.09:164][  0]LogConfig: Setting CVar [[r.DefaultFeature.Bloom:1]]
[2019.10.11-07.46.09:164][  0]LogConfig: Setting CVar [[r.DefaultFeature.AmbientOcclusion:0]]
[2019.10.11-07.46.09:164][  0]LogConfig: Setting CVar [[r.DefaultFeature.AmbientOcclusionStaticFraction:0]]
[2019.10.11-07.46.09:164][  0]LogConfig: Setting CVar [[r.DefaultFeature.AutoExposure:0]]
[2019.10.11-07.46.09:164][  0]LogConfig: Setting CVar [[r.DefaultFeature.AutoExposure.Method:0]]
[2019.10.11-07.46.09:164][  0]LogConfig: Setting CVar [[r.DefaultFeature.AutoExposure.ExtendDefaultLuminanceRange:0]]
[2019.10.11-07.46.09:164][  0]LogConfig: Setting CVar [[r.UsePreExposure:0]]
[2019.10.11-07.46.09:164][  0]LogConfig: Setting CVar [[r.DefaultFeature.MotionBlur:0]]
[2019.10.11-07.46.09:164][  0]LogConfig: Setting CVar [[r.DefaultFeature.LensFlare:0]]
[2019.10.11-07.46.09:164][  0]LogConfig: Setting CVar [[r.TemporalAA.Upsampling:0]]
[2019.10.11-07.46.09:164][  0]LogConfig: Setting CVar [[r.DefaultFeature.AntiAliasing:0]]
[2019.10.11-07.46.09:164][  0]LogConfig: Setting CVar [[r.DefaultFeature.LightUnits:1]]
[2019.10.11-07.46.09:164][  0]LogConfig: Setting CVar [[r.DefaultBackBufferPixelFormat:4]]
[2019.10.11-07.46.09:164][  0]LogConfig: Setting CVar [[r.Shadow.UnbuiltPreviewInGame:1]]
[2019.10.11-07.46.09:164][  0]LogConfig: Setting CVar [[r.StencilForLODDither:0]]
[2019.10.11-07.46.09:164][  0]LogConfig: Setting CVar [[r.EarlyZPass:3]]
[2019.10.11-07.46.09:164][  0]LogConfig: Setting CVar [[r.EarlyZPassOnlyMaterialMasking:0]]
[2019.10.11-07.46.09:164][  0]LogConfig: Setting CVar [[r.DBuffer:1]]
[2019.10.11-07.46.09:164][  0]LogConfig: Setting CVar [[r.ClearSceneMethod:1]]
[2019.10.11-07.46.09:164][  0]LogConfig: Setting CVar [[r.BasePassOutputsVelocity:0]]
[2019.10.11-07.46.09:164][  0]LogConfig: Setting CVar [[r.SelectiveBasePassOutputs:0]]
[2019.10.11-07.46.09:164][  0]LogConfig: Setting CVar [[fx.GPUSimulationTextureSizeX:1024]]
[2019.10.11-07.46.09:164][  0]LogConfig: Setting CVar [[fx.GPUSimulationTextureSizeY:1024]]
[2019.10.11-07.46.09:164][  0]LogConfig: Setting CVar [[r.AllowGlobalClipPlane:0]]
[2019.10.11-07.46.09:165][  0]LogConfig: Setting CVar [[r.GBufferFormat:1]]
[2019.10.11-07.46.09:165][  0]LogConfig: Setting CVar [[r.MorphTarget.Mode:1]]
[2019.10.11-07.46.09:165][  0]LogConfig: Setting CVar [[vr.InstancedStereo:1]]
[2019.10.11-07.46.09:165][  0]LogConfig: Setting CVar [[vr.MultiView:0]]
[2019.10.11-07.46.09:165][  0]LogConfig: Setting CVar [[vr.MobileMultiView:0]]
[2019.10.11-07.46.09:165][  0]LogConfig: Setting CVar [[vr.MobileMultiView.Direct:0]]
[2019.10.11-07.46.09:165][  0]LogConfig: Setting CVar [[vr.RoundRobinOcclusion:0]]
[2019.10.11-07.46.09:165][  0]LogConfig: Setting CVar [[vr.ODSCapture:0]]
[2019.10.11-07.46.09:165][  0]LogConfig: Setting CVar [[r.WireframeCullThreshold:5.000000]]
[2019.10.11-07.46.09:165][  0]LogConfig: Setting CVar [[r.RayTracing:0]]
[2019.10.11-07.46.09:165][  0]LogConfig: Setting CVar [[r.SupportStationarySkylight:1]]
[2019.10.11-07.46.09:165][  0]LogConfig: Setting CVar [[r.SupportLowQualityLightmaps:1]]
[2019.10.11-07.46.09:165][  0]LogConfig: Setting CVar [[r.SupportPointLightWholeSceneShadows:1]]
[2019.10.11-07.46.09:165][  0]LogConfig: Setting CVar [[r.SupportAtmosphericFog:1]]
[2019.10.11-07.46.09:165][  0]LogConfig: Setting CVar [[r.SkinCache.CompileShaders:0]]
[2019.10.11-07.46.09:165][  0]LogConfig: Setting CVar [[r.Mobile.EnableStaticAndCSMShadowReceivers:1]]
[2019.10.11-07.46.09:165][  0]LogConfig: Setting CVar [[r.Mobile.EnableMovableLightCSMShaderCulling:1]]
[2019.10.11-07.46.09:165][  0]LogConfig: Setting CVar [[r.Mobile.AllowDistanceFieldShadows:1]]
[2019.10.11-07.46.09:165][  0]LogConfig: Setting CVar [[r.Mobile.AllowMovableDirectionalLights:1]]
[2019.10.11-07.46.09:165][  0]LogConfig: Setting CVar [[r.MobileNumDynamicPointLights:4]]
[2019.10.11-07.46.09:165][  0]LogConfig: Setting CVar [[r.MobileDynamicPointLightsUseStaticBranch:1]]
[2019.10.11-07.46.09:165][  0]LogConfig: Setting CVar [[r.Mobile.EnableMovableSpotlights:0]]
[2019.10.11-07.46.09:165][  0]LogConfig: Setting CVar [[r.SkinCache.SceneMemoryLimitInMB:128.000000]]
[2019.10.11-07.46.09:165][  0]LogConfig: Setting CVar [[r.GPUSkin.Limit2BoneInfluences:0]]
[2019.10.11-07.46.09:165][  0]LogConfig: Setting CVar [[r.SupportDepthOnlyIndexBuffers:1]]
[2019.10.11-07.46.09:165][  0]LogConfig: Setting CVar [[r.SupportReversedIndexBuffers:1]]
[2019.10.11-07.46.09:165][  0]LogConfig: Setting CVar [[r.SupportMaterialLayers:0]]
[2019.10.11-07.46.09:165][  0]LogConfig: Applying CVar settings from Section [/Script/Engine.RendererOverrideSettings] File [C:/Users/Kamp-Legion/Documents/SanRockVRUE4/SanRockVR/Saved/Config/Windows/Engine.ini]
[2019.10.11-07.46.09:165][  0]LogConfig: Applying CVar settings from Section [/Script/Engine.StreamingSettings] File [C:/Users/Kamp-Legion/Documents/SanRockVRUE4/SanRockVR/Saved/Config/Windows/Engine.ini]
[2019.10.11-07.46.09:165][  0]LogConfig: Setting CVar [[s.MinBulkDataSizeForAsyncLoading:131072]]
[2019.10.11-07.46.09:165][  0]LogConfig: Setting CVar [[s.AsyncLoadingThreadEnabled:0]]
[2019.10.11-07.46.09:165][  0]LogConfig: Setting CVar [[s.EventDrivenLoaderEnabled:1]]
[2019.10.11-07.46.09:165][  0]LogConfig: Setting CVar [[s.WarnIfTimeLimitExceeded:0]]
[2019.10.11-07.46.09:165][  0]LogConfig: Setting CVar [[s.TimeLimitExceededMultiplier:1.5]]
[2019.10.11-07.46.09:165][  0]LogConfig: Setting CVar [[s.TimeLimitExceededMinTime:0.005]]
[2019.10.11-07.46.09:165][  0]LogConfig: Setting CVar [[s.UseBackgroundLevelStreaming:1]]
[2019.10.11-07.46.09:165][  0]LogConfig: Setting CVar [[s.PriorityAsyncLoadingExtraTime:15.0]]
[2019.10.11-07.46.09:165][  0]LogConfig: Setting CVar [[s.LevelStreamingActorsUpdateTimeLimit:5.0]]
[2019.10.11-07.46.09:165][  0]LogConfig: Setting CVar [[s.PriorityLevelStreamingActorsUpdateExtraTime:5.0]]
[2019.10.11-07.46.09:165][  0]LogConfig: Setting CVar [[s.LevelStreamingComponentsRegistrationGranularity:10]]
[2019.10.11-07.46.09:165][  0]LogConfig: Setting CVar [[s.UnregisterComponentsTimeLimit:1.0]]
[2019.10.11-07.46.09:165][  0]LogConfig: Setting CVar [[s.LevelStreamingComponentsUnregistrationGranularity:5]]
[2019.10.11-07.46.09:165][  0]LogConfig: Applying CVar settings from Section [/Script/Engine.GarbageCollectionSettings] File [C:/Users/Kamp-Legion/Documents/SanRockVRUE4/SanRockVR/Saved/Config/Windows/Engine.ini]
[2019.10.11-07.46.09:165][  0]LogConfig: Setting CVar [[gc.MaxObjectsNotConsideredByGC:1]]
[2019.10.11-07.46.09:165][  0]LogConfig: Setting CVar [[gc.SizeOfPermanentObjectPool:0]]
[2019.10.11-07.46.09:165][  0]LogConfig: Setting CVar [[gc.FlushStreamingOnGC:0]]
[2019.10.11-07.46.09:165][  0]LogConfig: Setting CVar [[gc.NumRetriesBeforeForcingGC:10]]
[2019.10.11-07.46.09:165][  0]LogConfig: Setting CVar [[gc.AllowParallelGC:1]]
[2019.10.11-07.46.09:165][  0]LogConfig: Setting CVar [[gc.TimeBetweenPurgingPendingKillObjects:61.1]]
[2019.10.11-07.46.09:165][  0]LogConfig: Setting CVar [[gc.MaxObjectsInEditor:16777216]]
[2019.10.11-07.46.09:165][  0]LogConfig: Setting CVar [[gc.IncrementalBeginDestroyEnabled:1]]
[2019.10.11-07.46.09:165][  0]LogConfig: Setting CVar [[gc.CreateGCClusters:1]]
[2019.10.11-07.46.09:165][  0]LogConfig: Setting CVar [[gc.MinGCClusterSize:5]]
[2019.10.11-07.46.09:165][  0]LogConfig: Setting CVar [[gc.ActorClusteringEnabled:0]]
[2019.10.11-07.46.09:165][  0]LogConfig: Setting CVar [[gc.BlueprintClusteringEnabled:0]]
[2019.10.11-07.46.09:165][  0]LogConfig: Setting CVar [[gc.UseDisregardForGCOnDedicatedServers:0]]
[2019.10.11-07.46.09:165][  0]LogConfig: Applying CVar settings from Section [/Script/Engine.NetworkSettings] File [C:/Users/Kamp-Legion/Documents/SanRockVRUE4/SanRockVR/Saved/Config/Windows/Engine.ini]
[2019.10.11-07.46.09:165][  0]LogConfig: Applying CVar settings from Section [/Script/UnrealEd.CookerSettings] File [C:/Users/Kamp-Legion/Documents/SanRockVRUE4/SanRockVR/Saved/Config/Windows/Engine.ini]
[2019.10.11-07.46.09:168][  0]LogConfig: Applying CVar settings from Section [ViewDistanceQuality@3] File [C:/Users/Kamp-Legion/Documents/SanRockVRUE4/SanRockVR/Saved/Config/Windows/Scalability.ini]
[2019.10.11-07.46.09:168][  0]LogConfig: Setting CVar [[r.SkeletalMeshLODBias:0]]
[2019.10.11-07.46.09:168][  0]LogConfig: Setting CVar [[r.ViewDistanceScale:1.0]]
[2019.10.11-07.46.09:168][  0]LogConfig: Applying CVar settings from Section [AntiAliasingQuality@3] File [C:/Users/Kamp-Legion/Documents/SanRockVRUE4/SanRockVR/Saved/Config/Windows/Scalability.ini]
[2019.10.11-07.46.09:168][  0]LogConfig: Setting CVar [[r.PostProcessAAQuality:3]]
[2019.10.11-07.46.09:168][  0]LogConfig: Applying CVar settings from Section [ShadowQuality@3] File [C:/Users/Kamp-Legion/Documents/SanRockVRUE4/SanRockVR/Saved/Config/Windows/Scalability.ini]
[2019.10.11-07.46.09:168][  0]LogConfig: Setting CVar [[r.LightFunctionQuality:1]]
[2019.10.11-07.46.09:168][  0]LogConfig: Setting CVar [[r.ShadowQuality:5]]
[2019.10.11-07.46.09:168][  0]LogConfig: Setting CVar [[r.Shadow.CSM.MaxCascades:10]]
[2019.10.11-07.46.09:168][  0]LogConfig: Setting CVar [[r.Shadow.MaxResolution:2048]]
[2019.10.11-07.46.09:168][  0]LogConfig: Setting CVar [[r.Shadow.MaxCSMResolution:2048]]
[2019.10.11-07.46.09:168][  0]LogConfig: Setting CVar [[r.Shadow.RadiusThreshold:0.01]]
[2019.10.11-07.46.09:168][  0]LogConfig: Setting CVar [[r.Shadow.DistanceScale:1.0]]
[2019.10.11-07.46.09:168][  0]LogConfig: Setting CVar [[r.Shadow.CSM.TransitionScale:1.0]]
[2019.10.11-07.46.09:168][  0]LogConfig: Setting CVar [[r.Shadow.PreShadowResolutionFactor:1.0]]
[2019.10.11-07.46.09:168][  0]LogConfig: Setting CVar [[r.DistanceFieldShadowing:1]]
[2019.10.11-07.46.09:168][  0]LogConfig: Setting CVar [[r.DistanceFieldAO:1]]
[2019.10.11-07.46.09:168][  0]LogConfig: Setting CVar [[r.AOQuality:2]]
[2019.10.11-07.46.09:168][  0]LogConfig: Setting CVar [[r.VolumetricFog:1]]
[2019.10.11-07.46.09:168][  0]LogConfig: Setting CVar [[r.VolumetricFog.GridPixelSize:8]]
[2019.10.11-07.46.09:168][  0]LogConfig: Setting CVar [[r.VolumetricFog.GridSizeZ:128]]
[2019.10.11-07.46.09:168][  0]LogConfig: Setting CVar [[r.VolumetricFog.HistoryMissSupersampleCount:4]]
[2019.10.11-07.46.09:168][  0]LogConfig: Setting CVar [[r.LightMaxDrawDistanceScale:1]]
[2019.10.11-07.46.09:168][  0]LogConfig: Setting CVar [[r.CapsuleShadows:1]]
[2019.10.11-07.46.09:168][  0]LogConfig: Applying CVar settings from Section [PostProcessQuality@3] File [C:/Users/Kamp-Legion/Documents/SanRockVRUE4/SanRockVR/Saved/Config/Windows/Scalability.ini]
[2019.10.11-07.46.09:168][  0]LogConfig: Setting CVar [[r.MotionBlurQuality:0]]
[2019.10.11-07.46.09:168][  0]LogConfig: Setting CVar [[r.AmbientOcclusionMipLevelFactor:0.4]]
[2019.10.11-07.46.09:168][  0]LogConfig: Setting CVar [[r.AmbientOcclusionMaxQuality:100]]
[2019.10.11-07.46.09:168][  0]LogConfig: Setting CVar [[r.AmbientOcclusionLevels:0]]
[2019.10.11-07.46.09:168][  0]LogConfig: Setting CVar [[r.AmbientOcclusionRadiusScale:1.0]]
[2019.10.11-07.46.09:168][  0]LogConfig: Setting CVar [[r.DepthOfFieldQuality:0]]
[2019.10.11-07.46.09:169][  0]LogConfig: Setting CVar [[r.RenderTargetPoolMin:400]]
[2019.10.11-07.46.09:169][  0]LogConfig: Setting CVar [[r.LensFlareQuality:0]]
[2019.10.11-07.46.09:169][  0]LogConfig: Setting CVar [[r.SceneColorFringeQuality:0]]
[2019.10.11-07.46.09:169][  0]LogConfig: Setting CVar [[r.EyeAdaptationQuality:2]]
[2019.10.11-07.46.09:169][  0]LogConfig: Setting CVar [[r.BloomQuality:1]]
[2019.10.11-07.46.09:169][  0]LogConfig: Setting CVar [[r.FastBlurThreshold:0]]
[2019.10.11-07.46.09:169][  0]LogConfig: Setting CVar [[r.Upscale.Quality:3]]
[2019.10.11-07.46.09:169][  0]LogConfig: Setting CVar [[r.Tonemapper.GrainQuantization:1]]
[2019.10.11-07.46.09:169][  0]LogConfig: Setting CVar [[r.LightShaftQuality:1]]
[2019.10.11-07.46.09:169][  0]LogConfig: Setting CVar [[r.Filter.SizeScale:1]]
[2019.10.11-07.46.09:169][  0]LogConfig: Setting CVar [[r.Tonemapper.Quality:5]]
[2019.10.11-07.46.09:169][  0]LogConfig: Setting CVar [[r.DOF.Gather.AccumulatorQuality:1        ; higher gathering accumulator quality]]
[2019.10.11-07.46.09:169][  0]LogConfig: Setting CVar [[r.DOF.Gather.PostfilterMethod:1          ; Median3x3 postfilering method]]
[2019.10.11-07.46.09:169][  0]LogConfig: Setting CVar [[r.DOF.Gather.EnableBokehSettings:0       ; no bokeh simulation when gathering]]
[2019.10.11-07.46.09:169][  0]LogConfig: Setting CVar [[r.DOF.Gather.RingCount:4                 ; medium number of samples when gathering]]
[2019.10.11-07.46.09:169][  0]LogConfig: Setting CVar [[r.DOF.Scatter.ForegroundCompositing:1    ; additive foreground scattering]]
[2019.10.11-07.46.09:169][  0]LogConfig: Setting CVar [[r.DOF.Scatter.BackgroundCompositing:2    ; additive background scattering]]
[2019.10.11-07.46.09:169][  0]LogConfig: Setting CVar [[r.DOF.Scatter.EnableBokehSettings:1      ; bokeh simulation when scattering]]
[2019.10.11-07.46.09:169][  0]LogConfig: Setting CVar [[r.DOF.Scatter.MaxSpriteRatio:0.1         ; only a maximum of 10% of scattered bokeh]]
[2019.10.11-07.46.09:169][  0]LogConfig: Setting CVar [[r.DOF.Recombine.Quality:1                ; cheap slight out of focus]]
[2019.10.11-07.46.09:169][  0]LogConfig: Setting CVar [[r.DOF.Recombine.EnableBokehSettings:0    ; no bokeh simulation on slight out of focus]]
[2019.10.11-07.46.09:169][  0]LogConfig: Setting CVar [[r.DOF.TemporalAAQuality:1                ; more stable temporal accumulation]]
[2019.10.11-07.46.09:169][  0]LogConfig: Setting CVar [[r.DOF.Kernel.MaxForegroundRadius:0.025]]
[2019.10.11-07.46.09:169][  0]LogConfig: Setting CVar [[r.DOF.Kernel.MaxBackgroundRadius:0.025]]
[2019.10.11-07.46.09:169][  0]LogConfig: Applying CVar settings from Section [TextureQuality@3] File [C:/Users/Kamp-Legion/Documents/SanRockVRUE4/SanRockVR/Saved/Config/Windows/Scalability.ini]
[2019.10.11-07.46.09:169][  0]LogConfig: Setting CVar [[r.Streaming.MipBias:0]]
[2019.10.11-07.46.09:169][  0]LogConfig: Setting CVar [[r.Streaming.AmortizeCPUToGPUCopy:0]]
[2019.10.11-07.46.09:169][  0]LogConfig: Setting CVar [[r.Streaming.MaxNumTexturesToStreamPerFrame:0]]
[2019.10.11-07.46.09:169][  0]LogConfig: Setting CVar [[r.Streaming.Boost:1]]
[2019.10.11-07.46.09:169][  0]LogConfig: Setting CVar [[r.MaxAnisotropy:8]]
[2019.10.11-07.46.09:169][  0]LogConfig: Setting CVar [[r.Streaming.LimitPoolSizeToVRAM:0]]
[2019.10.11-07.46.09:169][  0]LogConfig: Setting CVar [[r.Streaming.PoolSize:1000]]
[2019.10.11-07.46.09:169][  0]LogConfig: Setting CVar [[r.Streaming.MaxEffectiveScreenSize:0]]
[2019.10.11-07.46.09:169][  0]LogConfig: Applying CVar settings from Section [EffectsQuality@3] File [C:/Users/Kamp-Legion/Documents/SanRockVRUE4/SanRockVR/Saved/Config/Windows/Scalability.ini]
[2019.10.11-07.46.09:169][  0]LogConfig: Setting CVar [[r.TranslucencyLightingVolumeDim:4]]
[2019.10.11-07.46.09:169][  0]LogConfig: Setting CVar [[r.RefractionQuality:2]]
[2019.10.11-07.46.09:169][  0]LogConfig: Setting CVar [[r.SSR.Quality:0]]
[2019.10.11-07.46.09:169][  0]LogConfig: Setting CVar [[r.SceneColorFormat:2]]
[2019.10.11-07.46.09:169][  0]LogConfig: Setting CVar [[r.DetailMode:2]]
[2019.10.11-07.46.09:169][  0]LogConfig: Setting CVar [[r.TranslucencyVolumeBlur:0]]
[2019.10.11-07.46.09:169][  0]LogConfig: Setting CVar [[r.MaterialQualityLevel:1 ; High quality]]
[2019.10.11-07.46.09:169][  0]LogConfig: Setting CVar [[r.SSS.Scale:1]]
[2019.10.11-07.46.09:169][  0]LogConfig: Setting CVar [[r.SSS.SampleSet:2]]
[2019.10.11-07.46.09:169][  0]LogConfig: Setting CVar [[r.SSS.Quality:1]]
[2019.10.11-07.46.09:169][  0]LogConfig: Setting CVar [[r.SSS.HalfRes:1]]
[2019.10.11-07.46.09:169][  0]LogConfig: Setting CVar [[r.EmitterSpawnRateScale:1.0]]
[2019.10.11-07.46.09:169][  0]LogConfig: Setting CVar [[r.ParticleLightQuality:2]]
[2019.10.11-07.46.09:169][  0]LogConfig: Applying CVar settings from Section [FoliageQuality@3] File [C:/Users/Kamp-Legion/Documents/SanRockVRUE4/SanRockVR/Saved/Config/Windows/Scalability.ini]
[2019.10.11-07.46.09:169][  0]LogConfig: Setting CVar [[foliage.DensityScale:1.0]]
[2019.10.11-07.46.09:169][  0]LogConfig: Setting CVar [[grass.DensityScale:1.0]]
[2019.10.11-07.46.09:169][  0]LogInit: Selected Device Profile: [Windows]
[2019.10.11-07.46.09:169][  0]LogInit: Applying CVar settings loaded from the selected device profile: [Windows]
[2019.10.11-07.46.09:177][  0]LogHAL: Display: Platform has ~ 16 GB [17033236480 / 17179869184 / 16], which maps to Larger [LargestMinGB=32, LargerMinGB=12, DefaultMinGB=8, SmallerMinGB=6, SmallestMinGB=0)
[2019.10.11-07.46.09:177][  0]LogInit: Going up to parent DeviceProfile []
[2019.10.11-07.46.09:177][  0]LogConfig: Applying CVar settings from Section [ViewDistanceQuality@3] File [C:/Users/Kamp-Legion/Documents/SanRockVRUE4/SanRockVR/Saved/Config/Windows/Scalability.ini]
[2019.10.11-07.46.09:177][  0]LogConfig: Setting CVar [[r.SkeletalMeshLODBias:0]]
[2019.10.11-07.46.09:177][  0]LogConfig: Setting CVar [[r.ViewDistanceScale:1.0]]
[2019.10.11-07.46.09:177][  0]LogConfig: Applying CVar settings from Section [AntiAliasingQuality@3] File [C:/Users/Kamp-Legion/Documents/SanRockVRUE4/SanRockVR/Saved/Config/Windows/Scalability.ini]
[2019.10.11-07.46.09:177][  0]LogConfig: Setting CVar [[r.PostProcessAAQuality:3]]
[2019.10.11-07.46.09:177][  0]LogConfig: Applying CVar settings from Section [ShadowQuality@3] File [C:/Users/Kamp-Legion/Documents/SanRockVRUE4/SanRockVR/Saved/Config/Windows/Scalability.ini]
[2019.10.11-07.46.09:177][  0]LogConfig: Setting CVar [[r.LightFunctionQuality:1]]
[2019.10.11-07.46.09:177][  0]LogConfig: Setting CVar [[r.ShadowQuality:5]]
[2019.10.11-07.46.09:177][  0]LogConfig: Setting CVar [[r.Shadow.CSM.MaxCascades:10]]
[2019.10.11-07.46.09:177][  0]LogConfig: Setting CVar [[r.Shadow.MaxResolution:2048]]
[2019.10.11-07.46.09:177][  0]LogConfig: Setting CVar [[r.Shadow.MaxCSMResolution:2048]]
[2019.10.11-07.46.09:177][  0]LogConfig: Setting CVar [[r.Shadow.RadiusThreshold:0.01]]
[2019.10.11-07.46.09:177][  0]LogConfig: Setting CVar [[r.Shadow.DistanceScale:1.0]]
[2019.10.11-07.46.09:177][  0]LogConfig: Setting CVar [[r.Shadow.CSM.TransitionScale:1.0]]
[2019.10.11-07.46.09:177][  0]LogConfig: Setting CVar [[r.Shadow.PreShadowResolutionFactor:1.0]]
[2019.10.11-07.46.09:177][  0]LogConfig: Setting CVar [[r.DistanceFieldShadowing:1]]
[2019.10.11-07.46.09:177][  0]LogConfig: Setting CVar [[r.DistanceFieldAO:1]]
[2019.10.11-07.46.09:177][  0]LogConfig: Setting CVar [[r.AOQuality:2]]
[2019.10.11-07.46.09:177][  0]LogConfig: Setting CVar [[r.VolumetricFog:1]]
[2019.10.11-07.46.09:177][  0]LogConfig: Setting CVar [[r.VolumetricFog.GridPixelSize:8]]
[2019.10.11-07.46.09:177][  0]LogConfig: Setting CVar [[r.VolumetricFog.GridSizeZ:128]]
[2019.10.11-07.46.09:177][  0]LogConfig: Setting CVar [[r.VolumetricFog.HistoryMissSupersampleCount:4]]
[2019.10.11-07.46.09:177][  0]LogConfig: Setting CVar [[r.LightMaxDrawDistanceScale:1]]
[2019.10.11-07.46.09:177][  0]LogConfig: Setting CVar [[r.CapsuleShadows:1]]
[2019.10.11-07.46.09:177][  0]LogConfig: Applying CVar settings from Section [PostProcessQuality@3] File [C:/Users/Kamp-Legion/Documents/SanRockVRUE4/SanRockVR/Saved/Config/Windows/Scalability.ini]
[2019.10.11-07.46.09:177][  0]LogConfig: Setting CVar [[r.MotionBlurQuality:0]]
[2019.10.11-07.46.09:177][  0]LogConfig: Setting CVar [[r.AmbientOcclusionMipLevelFactor:0.4]]
[2019.10.11-07.46.09:177][  0]LogConfig: Setting CVar [[r.AmbientOcclusionMaxQuality:100]]
[2019.10.11-07.46.09:177][  0]LogConfig: Setting CVar [[r.AmbientOcclusionLevels:0]]
[2019.10.11-07.46.09:177][  0]LogConfig: Setting CVar [[r.AmbientOcclusionRadiusScale:1.0]]
[2019.10.11-07.46.09:177][  0]LogConfig: Setting CVar [[r.DepthOfFieldQuality:0]]
[2019.10.11-07.46.09:177][  0]LogConfig: Setting CVar [[r.RenderTargetPoolMin:400]]
[2019.10.11-07.46.09:177][  0]LogConfig: Setting CVar [[r.LensFlareQuality:0]]
[2019.10.11-07.46.09:177][  0]LogConfig: Setting CVar [[r.SceneColorFringeQuality:0]]
[2019.10.11-07.46.09:177][  0]LogConfig: Setting CVar [[r.EyeAdaptationQuality:2]]
[2019.10.11-07.46.09:177][  0]LogConfig: Setting CVar [[r.BloomQuality:1]]
[2019.10.11-07.46.09:178][  0]LogConfig: Setting CVar [[r.FastBlurThreshold:0]]
[2019.10.11-07.46.09:178][  0]LogConfig: Setting CVar [[r.Upscale.Quality:3]]
[2019.10.11-07.46.09:178][  0]LogConfig: Setting CVar [[r.Tonemapper.GrainQuantization:1]]
[2019.10.11-07.46.09:178][  0]LogConfig: Setting CVar [[r.LightShaftQuality:1]]
[2019.10.11-07.46.09:178][  0]LogConfig: Setting CVar [[r.Filter.SizeScale:1]]
[2019.10.11-07.46.09:178][  0]LogConfig: Setting CVar [[r.Tonemapper.Quality:5]]
[2019.10.11-07.46.09:178][  0]LogConfig: Setting CVar [[r.DOF.Gather.AccumulatorQuality:1        ; higher gathering accumulator quality]]
[2019.10.11-07.46.09:178][  0]LogConfig: Setting CVar [[r.DOF.Gather.PostfilterMethod:1          ; Median3x3 postfilering method]]
[2019.10.11-07.46.09:178][  0]LogConfig: Setting CVar [[r.DOF.Gather.EnableBokehSettings:0       ; no bokeh simulation when gathering]]
[2019.10.11-07.46.09:178][  0]LogConfig: Setting CVar [[r.DOF.Gather.RingCount:4                 ; medium number of samples when gathering]]
[2019.10.11-07.46.09:178][  0]LogConfig: Setting CVar [[r.DOF.Scatter.ForegroundCompositing:1    ; additive foreground scattering]]
[2019.10.11-07.46.09:178][  0]LogConfig: Setting CVar [[r.DOF.Scatter.BackgroundCompositing:2    ; additive background scattering]]
[2019.10.11-07.46.09:178][  0]LogConfig: Setting CVar [[r.DOF.Scatter.EnableBokehSettings:1      ; bokeh simulation when scattering]]
[2019.10.11-07.46.09:178][  0]LogConfig: Setting CVar [[r.DOF.Scatter.MaxSpriteRatio:0.1         ; only a maximum of 10% of scattered bokeh]]
[2019.10.11-07.46.09:178][  0]LogConfig: Setting CVar [[r.DOF.Recombine.Quality:1                ; cheap slight out of focus]]
[2019.10.11-07.46.09:178][  0]LogConfig: Setting CVar [[r.DOF.Recombine.EnableBokehSettings:0    ; no bokeh simulation on slight out of focus]]
[2019.10.11-07.46.09:178][  0]LogConfig: Setting CVar [[r.DOF.TemporalAAQuality:1                ; more stable temporal accumulation]]
[2019.10.11-07.46.09:178][  0]LogConfig: Setting CVar [[r.DOF.Kernel.MaxForegroundRadius:0.025]]
[2019.10.11-07.46.09:178][  0]LogConfig: Setting CVar [[r.DOF.Kernel.MaxBackgroundRadius:0.025]]
[2019.10.11-07.46.09:178][  0]LogConfig: Applying CVar settings from Section [TextureQuality@3] File [C:/Users/Kamp-Legion/Documents/SanRockVRUE4/SanRockVR/Saved/Config/Windows/Scalability.ini]
[2019.10.11-07.46.09:178][  0]LogConfig: Setting CVar [[r.Streaming.MipBias:0]]
[2019.10.11-07.46.09:178][  0]LogConfig: Setting CVar [[r.Streaming.AmortizeCPUToGPUCopy:0]]
[2019.10.11-07.46.09:178][  0]LogConfig: Setting CVar [[r.Streaming.MaxNumTexturesToStreamPerFrame:0]]
[2019.10.11-07.46.09:178][  0]LogConfig: Setting CVar [[r.Streaming.Boost:1]]
[2019.10.11-07.46.09:178][  0]LogConfig: Setting CVar [[r.MaxAnisotropy:8]]
[2019.10.11-07.46.09:178][  0]LogConfig: Setting CVar [[r.Streaming.LimitPoolSizeToVRAM:0]]
[2019.10.11-07.46.09:178][  0]LogConfig: Setting CVar [[r.Streaming.PoolSize:1000]]
[2019.10.11-07.46.09:178][  0]LogConfig: Setting CVar [[r.Streaming.MaxEffectiveScreenSize:0]]
[2019.10.11-07.46.09:178][  0]LogConfig: Applying CVar settings from Section [EffectsQuality@3] File [C:/Users/Kamp-Legion/Documents/SanRockVRUE4/SanRockVR/Saved/Config/Windows/Scalability.ini]
[2019.10.11-07.46.09:178][  0]LogConfig: Setting CVar [[r.TranslucencyLightingVolumeDim:4]]
[2019.10.11-07.46.09:178][  0]LogConfig: Setting CVar [[r.RefractionQuality:2]]
[2019.10.11-07.46.09:178][  0]LogConfig: Setting CVar [[r.SSR.Quality:0]]
[2019.10.11-07.46.09:178][  0]LogConfig: Setting CVar [[r.SceneColorFormat:2]]
[2019.10.11-07.46.09:178][  0]LogConfig: Setting CVar [[r.DetailMode:2]]
[2019.10.11-07.46.09:178][  0]LogConfig: Setting CVar [[r.TranslucencyVolumeBlur:0]]
[2019.10.11-07.46.09:178][  0]LogConfig: Setting CVar [[r.MaterialQualityLevel:1 ; High quality]]
[2019.10.11-07.46.09:178][  0]LogConfig: Setting CVar [[r.SSS.Scale:1]]
[2019.10.11-07.46.09:178][  0]LogConfig: Setting CVar [[r.SSS.SampleSet:2]]
[2019.10.11-07.46.09:178][  0]LogConfig: Setting CVar [[r.SSS.Quality:1]]
[2019.10.11-07.46.09:178][  0]LogConfig: Setting CVar [[r.SSS.HalfRes:1]]
[2019.10.11-07.46.09:178][  0]LogConfig: Setting CVar [[r.EmitterSpawnRateScale:1.0]]
[2019.10.11-07.46.09:178][  0]LogConfig: Setting CVar [[r.ParticleLightQuality:2]]
[2019.10.11-07.46.09:178][  0]LogConfig: Applying CVar settings from Section [FoliageQuality@3] File [C:/Users/Kamp-Legion/Documents/SanRockVRUE4/SanRockVR/Saved/Config/Windows/Scalability.ini]
[2019.10.11-07.46.09:178][  0]LogConfig: Setting CVar [[foliage.DensityScale:1.0]]
[2019.10.11-07.46.09:178][  0]LogConfig: Setting CVar [[grass.DensityScale:1.0]]
[2019.10.11-07.46.09:178][  0]LogConfig: Applying CVar settings from Section [Startup] File [../../../Engine/Config/ConsoleVariables.ini]
[2019.10.11-07.46.09:178][  0]LogConfig: Setting CVar [[net.UseAdaptiveNetUpdateFrequency:0]]
[2019.10.11-07.46.09:178][  0]LogConfig: Setting CVar [[p.chaos.AllowCreatePhysxBodies:1]]
[2019.10.11-07.46.09:178][  0]LogConfig: Applying CVar settings from Section [ConsoleVariables] File [C:/Users/Kamp-Legion/Documents/SanRockVRUE4/SanRockVR/Saved/Config/Windows/Engine.ini]
[2019.10.11-07.46.09:179][  0]LogInit: Computer: LAPTOP-KALMUV1E
[2019.10.11-07.46.09:179][  0]LogInit: User: KampLegion
[2019.10.11-07.46.09:179][  0]LogInit: CPU Page size=4096, Cores=4
[2019.10.11-07.46.09:179][  0]LogInit: High frequency timer resolution =10.000000 MHz
[2019.10.11-07.46.09:179][  0]LogMemory: Memory total: Physical=15.9GB (16GB approx)
[2019.10.11-07.46.09:179][  0]LogMemory: Platform Memory Stats for Windows
[2019.10.11-07.46.09:179][  0]LogMemory: Process Physical Memory: 100.34 MB used, 100.34 MB peak
[2019.10.11-07.46.09:179][  0]LogMemory: Process Virtual Memory: 87.89 MB used, 87.89 MB peak
[2019.10.11-07.46.09:179][  0]LogMemory: Physical Memory: 7276.77 MB used,  8967.39 MB free, 16244.16 MB total
[2019.10.11-07.46.09:179][  0]LogMemory: Virtual Memory: 4644.43 MB used,  134213080.00 MB free, 134217728.00 MB total
[2019.10.11-07.46.09:183][  0]LogWindows: WindowsPlatformFeatures enabled
[2019.10.11-07.46.09:218][  0]LogInit: Using OS detected language (en-US).
[2019.10.11-07.46.09:218][  0]LogInit: Using OS detected locale (en-DK).
[2019.10.11-07.46.09:219][  0]LogTextLocalizationManager: No specific localization for 'en-US' exists, so the 'en' localization will be used.
[2019.10.11-07.46.09:411][  0]LogInit: Setting process to per monitor DPI aware
[2019.10.11-07.46.09:455][  0]LogSlate: New Slate User Created.  User Index 0, Is Virtual User: 0
[2019.10.11-07.46.09:455][  0]LogSlate: Slate User Registered.  User Index 0, Is Virtual User: 0
[2019.10.11-07.46.09:710][  0]LogHMD: Failed to initialize OpenVR with code 110
[2019.10.11-07.46.09:710][  0]LogD3D11RHI: D3D11 adapters:
[2019.10.11-07.46.09:809][  0]LogD3D11RHI:    0. 'NVIDIA GeForce GTX 1060' (Feature Level 11_0)
[2019.10.11-07.46.09:809][  0]LogD3D11RHI:       6052/0/8122 MB DedicatedVideo/DedicatedSystem/SharedSystem, Outputs:1, VendorId:0x10de
[2019.10.11-07.46.09:836][  0]LogD3D11RHI:    1. 'Intel(R) HD Graphics 630' (Feature Level 11_0)
[2019.10.11-07.46.09:836][  0]LogD3D11RHI:       128/0/8122 MB DedicatedVideo/DedicatedSystem/SharedSystem, Outputs:0, VendorId:0x8086
[2019.10.11-07.46.09:838][  0]LogD3D11RHI:    2. 'Microsoft Basic Render Driver' (Feature Level 11_0)
[2019.10.11-07.46.09:838][  0]LogD3D11RHI:       0/0/8122 MB DedicatedVideo/DedicatedSystem/SharedSystem, Outputs:0, VendorId:0x1414
[2019.10.11-07.46.09:838][  0]LogD3D11RHI: Chosen D3D11 Adapter: 0
[2019.10.11-07.46.09:890][  0]LogD3D11RHI: Creating new Direct3DDevice
[2019.10.11-07.46.09:891][  0]LogD3D11RHI:     GPU DeviceId: 0x1c20 (for the marketing name, search the web for "GPU Device Id")
[2019.10.11-07.46.09:891][  0]LogWindows: EnumDisplayDevices:
[2019.10.11-07.46.09:891][  0]LogWindows:    0. 'Intel(R) HD Graphics 630' (P:1 D:1)
[2019.10.11-07.46.09:891][  0]LogWindows:    1. 'Intel(R) HD Graphics 630' (P:0 D:0)
[2019.10.11-07.46.09:892][  0]LogWindows:    2. 'Intel(R) HD Graphics 630' (P:0 D:0)
[2019.10.11-07.46.09:892][  0]LogWindows:    3. 'NVIDIA GeForce GTX 1060' (P:0 D:0)
[2019.10.11-07.46.09:892][  0]LogWindows:    4. 'NVIDIA GeForce GTX 1060' (P:0 D:0)
[2019.10.11-07.46.09:892][  0]LogWindows:    5. 'NVIDIA GeForce GTX 1060' (P:0 D:0)
[2019.10.11-07.46.09:893][  0]LogWindows:    6. 'NVIDIA GeForce GTX 1060' (P:0 D:0)
[2019.10.11-07.46.09:893][  0]LogWindows: DebugString: PrimaryIsNotTheChoosenAdapter PrimaryIsNotTheChoosenAdapter PrimaryIsNotTheChoosenAdapter FoundDriverCount:4 
[2019.10.11-07.46.09:893][  0]LogD3D11RHI:     Adapter Name: NVIDIA GeForce GTX 1060
[2019.10.11-07.46.09:893][  0]LogD3D11RHI:   Driver Version: 436.48 (internal:26.21.14.3648, unified:436.48)
[2019.10.11-07.46.09:893][  0]LogD3D11RHI:      Driver Date: 9-26-2019
[2019.10.11-07.46.09:893][  0]LogRHI: Texture pool is 4236 MB (70% of 6052 MB)
[2019.10.11-07.46.09:969][  0]LogD3D11RHI: Async texture creation enabled
[2019.10.11-07.46.09:987][  0]LogD3D11RHI: GPU Timing Frequency: 1000.000000 (Debug: 2 1)
[2019.10.11-07.46.10:341][  0]LogTemp: Display: Module 'AllDesktopTargetPlatform' loaded TargetPlatform 'AllDesktop'
[2019.10.11-07.46.10:354][  0]LogTemp: Display: Module 'MacClientTargetPlatform' loaded TargetPlatform 'MacClient'
[2019.10.11-07.46.10:365][  0]LogTemp: Display: Module 'MacNoEditorTargetPlatform' loaded TargetPlatform 'MacNoEditor'
[2019.10.11-07.46.10:375][  0]LogTemp: Display: Module 'MacServerTargetPlatform' loaded TargetPlatform 'MacServer'
[2019.10.11-07.46.10:389][  0]LogTemp: Display: Module 'MacTargetPlatform' loaded TargetPlatform 'Mac'
[2019.10.11-07.46.10:400][  0]LogTemp: Display: Module 'WindowsClientTargetPlatform' loaded TargetPlatform 'WindowsClient'
[2019.10.11-07.46.10:411][  0]LogTemp: Display: Module 'WindowsNoEditorTargetPlatform' loaded TargetPlatform 'WindowsNoEditor'
[2019.10.11-07.46.10:422][  0]LogTemp: Display: Module 'WindowsServerTargetPlatform' loaded TargetPlatform 'WindowsServer'
[2019.10.11-07.46.10:427][  0]LogTemp: Display: Module 'WindowsTargetPlatform' loaded TargetPlatform 'Windows'
[2019.10.11-07.46.10:466][  0]LogTemp: Display: Module 'AndroidTargetPlatform' loaded TargetPlatform 'Android'
[2019.10.11-07.46.10:466][  0]LogTemp: Display: Module 'AndroidTargetPlatform' loaded TargetPlatform 'Android_ASTC'
[2019.10.11-07.46.10:466][  0]LogTemp: Display: Module 'AndroidTargetPlatform' loaded TargetPlatform 'Android_ATC'
[2019.10.11-07.46.10:466][  0]LogTemp: Display: Module 'AndroidTargetPlatform' loaded TargetPlatform 'Android_DXT'
[2019.10.11-07.46.10:466][  0]LogTemp: Display: Module 'AndroidTargetPlatform' loaded TargetPlatform 'Android_ETC1'
[2019.10.11-07.46.10:466][  0]LogTemp: Display: Module 'AndroidTargetPlatform' loaded TargetPlatform 'Android_ETC1a'
[2019.10.11-07.46.10:466][  0]LogTemp: Display: Module 'AndroidTargetPlatform' loaded TargetPlatform 'Android_ETC2'
[2019.10.11-07.46.10:466][  0]LogTemp: Display: Module 'AndroidTargetPlatform' loaded TargetPlatform 'Android_PVRTC'
[2019.10.11-07.46.10:466][  0]LogTemp: Display: Module 'AndroidTargetPlatform' loaded TargetPlatform 'AndroidClient'
[2019.10.11-07.46.10:466][  0]LogTemp: Display: Module 'AndroidTargetPlatform' loaded TargetPlatform 'Android_ASTCClient'
[2019.10.11-07.46.10:466][  0]LogTemp: Display: Module 'AndroidTargetPlatform' loaded TargetPlatform 'Android_ATCClient'
[2019.10.11-07.46.10:466][  0]LogTemp: Display: Module 'AndroidTargetPlatform' loaded TargetPlatform 'Android_DXTClient'
[2019.10.11-07.46.10:466][  0]LogTemp: Display: Module 'AndroidTargetPlatform' loaded TargetPlatform 'Android_ETC1Client'
[2019.10.11-07.46.10:466][  0]LogTemp: Display: Module 'AndroidTargetPlatform' loaded TargetPlatform 'Android_ETC1aClient'
[2019.10.11-07.46.10:466][  0]LogTemp: Display: Module 'AndroidTargetPlatform' loaded TargetPlatform 'Android_ETC2Client'
[2019.10.11-07.46.10:466][  0]LogTemp: Display: Module 'AndroidTargetPlatform' loaded TargetPlatform 'Android_PVRTCClient'
[2019.10.11-07.46.10:466][  0]LogTemp: Display: Module 'AndroidTargetPlatform' loaded TargetPlatform 'Android_Multi'
[2019.10.11-07.46.10:466][  0]LogTemp: Display: Module 'AndroidTargetPlatform' loaded TargetPlatform 'Android_MultiClient'
[2019.10.11-07.46.10:468][  0]LogTemp: Display: Module 'HTML5TargetPlatform' loaded TargetPlatform 'HTML5'
[2019.10.11-07.46.10:489][  0]LogTemp: Display: Module 'IOSTargetPlatform' loaded TargetPlatform 'IOSClient'
[2019.10.11-07.46.10:489][  0]LogTemp: Display: Module 'IOSTargetPlatform' loaded TargetPlatform 'IOS'
[2019.10.11-07.46.10:505][  0]LogTemp: Display: Module 'TVOSTargetPlatform' loaded TargetPlatform 'TVOSClient'
[2019.10.11-07.46.10:505][  0]LogTemp: Display: Module 'TVOSTargetPlatform' loaded TargetPlatform 'TVOS'
[2019.10.11-07.46.10:514][  0]LogTemp: Display: Module 'LinuxClientTargetPlatform' loaded TargetPlatform 'LinuxClient'
[2019.10.11-07.46.10:523][  0]LogTemp: Display: Module 'LinuxNoEditorTargetPlatform' loaded TargetPlatform 'LinuxNoEditor'
[2019.10.11-07.46.10:531][  0]LogTemp: Display: Module 'LinuxServerTargetPlatform' loaded TargetPlatform 'LinuxServer'
[2019.10.11-07.46.10:540][  0]LogTemp: Display: Module 'LinuxTargetPlatform' loaded TargetPlatform 'Linux'
[2019.10.11-07.46.10:569][  0]LogTemp: Display: Module 'LuminTargetPlatform' loaded TargetPlatform 'Lumin'
[2019.10.11-07.46.10:569][  0]LogTemp: Display: Module 'LuminTargetPlatform' loaded TargetPlatform 'LuminClient'
[2019.10.11-07.46.10:569][  0]LogTargetPlatformManager: Display: Building Assets For Windows
[2019.10.11-07.46.10:580][  0]LogAudioDebug: Display: Lib vorbis DLL was dynamically loaded.
[2019.10.11-07.46.10:644][  0]LogShaderCompilers: Guid format shader working directory is -17 characters bigger than the processId version (../../../../../../Users/Kamp-Legion/Documents/SanRockVRUE4/SanRockVR/Intermediate/Shaders/WorkingDirectory/12024/).
[2019.10.11-07.46.10:645][  0]LogShaderCompilers: Cleaned the shader compiler working directory 'C:/Users/Kamp-Legion/AppData/Local/Temp/UnrealShaderWorkingDir/0F34E34E4F01DBEE29637A83D658F423/'.
[2019.10.11-07.46.10:648][  0]LogXGEController: Cannot use XGE Controller as Incredibuild is not installed on this machine.
[2019.10.11-07.46.10:648][  0]LogShaderCompilers: Cannot use XGE Shader Compiler as Incredibuild is not installed on this machine.
[2019.10.11-07.46.10:648][  0]LogShaderCompilers: Display: Using Local Shader Compiler.
[2019.10.11-07.46.11:343][  0]LogDerivedDataCache: Display: Max Cache Size: 512 MB
[2019.10.11-07.46.11:405][  0]LogDerivedDataCache: Loaded boot cache 0.06s 91MB C:/Users/Kamp-Legion/AppData/Local/UnrealEngine/4.23/DerivedDataCache/Boot.ddc.
[2019.10.11-07.46.11:405][  0]LogDerivedDataCache: Display: Loaded Boot cache: C:/Users/Kamp-Legion/AppData/Local/UnrealEngine/4.23/DerivedDataCache/Boot.ddc
[2019.10.11-07.46.11:406][  0]LogDerivedDataCache: FDerivedDataBackendGraph:  Pak pak cache file ../../../../../../Users/Kamp-Legion/Documents/SanRockVRUE4/SanRockVR/DerivedDataCache/DDC.ddp not found, will not use a pak cache.
[2019.10.11-07.46.11:406][  0]LogDerivedDataCache: Unable to find inner node Pak for hierarchical cache Hierarchy.
[2019.10.11-07.46.11:406][  0]LogDerivedDataCache: FDerivedDataBackendGraph:  CompressedPak pak cache file ../../../../../../Users/Kamp-Legion/Documents/SanRockVRUE4/SanRockVR/DerivedDataCache/Compressed.ddp not found, will not use a pak cache.
[2019.10.11-07.46.11:406][  0]LogDerivedDataCache: Unable to find inner node CompressedPak for hierarchical cache Hierarchy.
[2019.10.11-07.46.11:418][  0]LogDerivedDataCache: Display: Pak cache opened for reading ../../../Engine/DerivedDataCache/Compressed.ddp.
[2019.10.11-07.46.11:420][  0]LogDerivedDataCache: Display: Pak cache opened for reading ../../../Enterprise/DerivedDataCache/Compressed.ddp.
[2019.10.11-07.46.11:422][  0]LogDerivedDataCache: Using Local data cache path C:/Users/Kamp-Legion/AppData/Local/UnrealEngine/Common/DerivedDataCache: Writable
[2019.10.11-07.46.11:422][  0]LogDerivedDataCache: Shared data cache path not found in *engine.ini, will not use an Shared cache.
[2019.10.11-07.46.11:422][  0]LogDerivedDataCache: Unable to find inner node Shared for hierarchical cache Hierarchy.
[2019.10.11-07.46.11:445][  0]LogMaterial: Verifying Global Shaders for PCD3D_SM5
[2019.10.11-07.46.11:447][  0]LogSlate: Using FreeType 2.6.0
[2019.10.11-07.46.11:448][  0]LogSlate: SlateFontServices - WITH_FREETYPE: 1, WITH_HARFBUZZ: 1
[2019.10.11-07.46.11:526][  0]LogAssetRegistry: FAssetRegistry took 0.0026 seconds to start up
[2019.10.11-07.46.11:808][  0]LogInit: Selected Device Profile: [Windows]
[2019.10.11-07.46.11:977][  0]LogMeshReduction: Using QuadricMeshReduction for automatic static mesh reduction
[2019.10.11-07.46.11:977][  0]LogMeshReduction: Using SimplygonMeshReduction for automatic skeletal mesh reduction
[2019.10.11-07.46.11:977][  0]LogMeshReduction: Using ProxyLODMeshReduction for automatic mesh merging
[2019.10.11-07.46.11:977][  0]LogMeshReduction: No distributed automatic mesh merging module available
[2019.10.11-07.46.11:977][  0]LogMeshMerging: No distributed automatic mesh merging module available
[2019.10.11-07.46.11:995][  0]LogNetVersion: SanRockVRMED7 1.0.0, NetCL: 8386587, EngineNetVer: 11, GameNetVer: 0 (Checksum: 2744300009)
[2019.10.11-07.46.12:464][  0]LogPackageLocalizationCache: Processed 12 localized package path(s) for 1 prioritized culture(s) in 0.057195 seconds
[2019.10.11-07.46.12:471][  0]LogUObjectArray: 43444 objects as part of root set at end of initial load.
[2019.10.11-07.46.12:471][  0]LogUObjectAllocator: 7548648 out of 0 bytes used by permanent object pool.
[2019.10.11-07.46.12:471][  0]LogUObjectArray: CloseDisregardForGC: 0/0 objects in disregard for GC pool
[2019.10.11-07.46.13:573][  0]LogTcpMessaging: Initializing TcpMessaging bridge
[2019.10.11-07.46.13:575][  0]LogUdpMessaging: Initializing bridge on interface 0.0.0.0:0 to multicast group 230.0.0.1:6666.
[2019.10.11-07.46.13:637][  0]SourceControl: Source control is disabled
[2019.10.11-07.46.13:637][  0]SourceControl: Source control is disabled
[2019.10.11-07.46.13:639][  0]SourceControl: Source control is disabled
[2019.10.11-07.46.13:640][  0]SourceControl: Source control is disabled
[2019.10.11-07.46.13:743][  0]LogAndroidPermission: UAndroidPermissionCallbackProxy::GetInstance
[2019.10.11-07.46.13:868][  0]LogOcInput: OculusInput pre-init called
[2019.10.11-07.46.13:876][  0]LogWindows: Failed to load 'OVRPlugin.dll' (GetLastError=126)
[2019.10.11-07.46.13:876][  0]LogWindows: File 'OVRPlugin.dll' does not exist
[2019.10.11-07.46.13:950][  0]LogEngine: Initializing Engine...
[2019.10.11-07.46.13:951][  0]LogHMD: Failed to initialize OpenVR with code 110
[2019.10.11-07.46.13:952][  0]LogStats: UGameplayTagsManager::InitializeManager -  0.000 s
[2019.10.11-07.46.14:215][  0]LogInit: Initializing FReadOnlyCVARCache
[2019.10.11-07.46.14:232][  0]LogAIModule: Creating AISystem for world Untitled
[2019.10.11-07.46.14:251][  0]LogInit: XAudio2 using 'Speakers (Realtek High Definition Audio)' : 2 channels at 48 kHz using 32 bits per sample (channel mask 0x3)
[2019.10.11-07.46.14:282][  0]LogInit: FAudioDevice initialized.
[2019.10.11-07.46.14:282][  0]LogNetVersion: Set ProjectVersion to 1.0.0.0. Version Checksum will be recalculated on next use.
[2019.10.11-07.46.14:343][  0]LogDerivedDataCache: Saved boot cache 0.06s 91MB C:/Users/Kamp-Legion/AppData/Local/UnrealEngine/4.23/DerivedDataCache/Boot.ddc.
[2019.10.11-07.46.14:358][  0]LogInit: Texture streaming: Enabled
[2019.10.11-07.46.14:382][  0]LogEngineSessionManager: EngineSessionManager initialized
[2019.10.11-07.46.14:452][  0]LogInit: Transaction tracking system initialized
[2019.10.11-07.46.14:495][  0]BlueprintLog: New page: Editor Load
[2019.10.11-07.46.14:595][  0]LocalizationService: Localization service is disabled
[2019.10.11-07.46.14:870][  0]LogFileCache: Scanning file cache for directory 'C:/Users/Kamp-Legion/Documents/SanRockVRUE4/SanRockVR/Content/' took 0.00s
[2019.10.11-07.46.14:870][  0]LogCook: Display: Max memory allowance for cook 16384mb min free memory 0mb
[2019.10.11-07.46.14:870][  0]LogCook: Display: Mobile HDR setting 0
[2019.10.11-07.46.15:084][  0]SourceControl: Source control is disabled
[2019.10.11-07.46.15:084][  0]Cmd: MAP LOAD FILE="../../../../../../Users/Kamp-Legion/Documents/SanRockVRUE4/SanRockVR/Content/VirtualRealityBP/Maps/SanVRROck.umap" TEMPLATE=0 SHOWPROGRESS=1 FEATURELEVEL=3
[2019.10.11-07.46.15:086][  0]LightingResults: New page: Lighting Build
[2019.10.11-07.46.15:089][  0]LogWorld: UWorld::CleanupWorld for Untitled, bSessionEnded=true, bCleanupResources=true
[2019.10.11-07.46.15:089][  0]MapCheck: New page: Map Check
[2019.10.11-07.46.15:089][  0]LightingResults: New page: Lighting Build
[2019.10.11-07.46.15:115][  0]LogUObjectHash: Compacting FUObjectHashTables data took   1.66ms
[2019.10.11-07.46.15:465][  0]LogAIModule: Creating AISystem for world SanVRROck
[2019.10.11-07.46.15:495][  0]LogEditorServer: Finished looking for orphan Actors (0.000 secs)
[2019.10.11-07.46.15:526][  0]LogUObjectHash: Compacting FUObjectHashTables data took   2.33ms
[2019.10.11-07.46.15:526][  0]Cmd: MAP CHECKDEP NOCLEARLOG
[2019.10.11-07.46.15:526][  0]MapCheck: Map check complete: 0 Error(s), 0 Warning(s), took 0.196ms to complete.
[2019.10.11-07.46.15:526][  0]LogFileHelpers: Loading map 'SanVRROck' took 0.442
[2019.10.11-07.46.15:706][  0]LogSlate: Updating window title bar state: overlay mode, drag disabled, window buttons hidden, title bar hidden
[2019.10.11-07.46.15:715][  0]LogSlate: Updating window title bar state: overlay mode, drag disabled, window buttons hidden, title bar hidden
[2019.10.11-07.46.15:722][  0]LogSlate: Updating window title bar state: overlay mode, drag disabled, window buttons hidden, title bar hidden
[2019.10.11-07.46.15:729][  0]LogSlate: Updating window title bar state: overlay mode, drag disabled, window buttons hidden, title bar hidden
[2019.10.11-07.46.15:737][  0]LogCollectionManager: Loaded 0 collections in 0.002414 seconds
[2019.10.11-07.46.15:745][  0]LogFileCache: Scanning file cache for directory 'C:/Users/Kamp-Legion/Documents/SanRockVRUE4/SanRockVR/Saved/Collections/' took 0.00s
[2019.10.11-07.46.15:745][  0]LogFileCache: Scanning file cache for directory 'C:/Users/Kamp-Legion/Documents/SanRockVRUE4/SanRockVR/Content/Developers/KampLegion/Collections/' took 0.00s
[2019.10.11-07.46.15:745][  0]LogFileCache: Scanning file cache for directory 'C:/Users/Kamp-Legion/Documents/SanRockVRUE4/SanRockVR/Content/Collections/' took 0.00s
[2019.10.11-07.46.15:745][  0]LogCollectionManager: Rebuilt the GUID cache for 0 collections in 0.000002 seconds
[2019.10.11-07.46.15:754][  0]LogContentBrowser: Native class hierarchy populated in 0.0088 seconds. Added 2864 classes and 683 folders.
[2019.10.11-07.46.15:761][  0]LogContentBrowser: Native class hierarchy updated for 'WidgetCarousel' in 0.0004 seconds. Added 0 classes and 0 folders.
[2019.10.11-07.46.15:828][  0]LogContentBrowser: Native class hierarchy updated for 'AddContentDialog' in 0.0004 seconds. Added 0 classes and 0 folders.
[2019.10.11-07.46.15:841][  0]LogContentBrowser: Native class hierarchy updated for 'SceneOutliner' in 0.0006 seconds. Added 1 classes and 2 folders.
[2019.10.11-07.46.17:035][  0]LogSlate: Only BGRA pngs, bmps or icos are supported in by External Image Picker
[2019.10.11-07.46.17:057][  0]LogSlate: Took 0.000405 seconds to synchronously load lazily loaded font '../../../Engine/Content/Slate/Fonts/Roboto-Regular.ttf' (155K)
[2019.10.11-07.46.17:059][  0]LogSlate: Took 0.000276 seconds to synchronously load lazily loaded font '../../../Engine/Content/Slate/Fonts/Roboto-Bold.ttf' (160K)
[2019.10.11-07.46.17:064][  0]LogSlate: Took 0.000313 seconds to synchronously load lazily loaded font '../../../Engine/Content/Editor/Slate/Fonts/FontAwesome.ttf' (139K)
[2019.10.11-07.46.17:140][  0]LogRenderer: Reallocating scene render targets to support 812x400 Format 26 NumSamples 1 (Frame:1).
[2019.10.11-07.46.17:283][  0]LogContentBrowser: Native class hierarchy updated for 'HierarchicalLODOutliner' in 0.0004 seconds. Added 0 classes and 0 folders.
[2019.10.11-07.46.17:283][  0]LogLoad: (Engine Initialization) Total time: 9.62 seconds
[2019.10.11-07.46.17:283][  0]LogLoad: (Engine Initialization) Total Blueprint compile time: 0.00 seconds
[2019.10.11-07.46.17:375][  0]LogContentStreaming: Texture pool size now 1000 MB
[2019.10.11-07.46.17:402][  0]LogSlate: Took 0.000241 seconds to synchronously load lazily loaded font '../../../Engine/Content/Slate/Fonts/Roboto-Light.ttf' (167K)
[2019.10.11-07.46.17:445][  1]LogAssetRegistry: Asset discovery search completed in 5.9192 seconds
[2019.10.11-07.46.17:448][  1]LogCollectionManager: Rebuilt the object cache for 0 collections in 0.000006 seconds (found 0 objects)
[2019.10.11-07.46.17:448][  1]LogCollectionManager: Fixed up redirectors for 0 collections in 0.000065 seconds (updated 0 objects)
[2019.10.11-07.46.18:317][ 95]LogSlate: Took 0.000278 seconds to synchronously load lazily loaded font '../../../Engine/Content/Slate/Fonts/Roboto-Light.ttf' (167K)
[2019.10.11-07.46.25:158][898]LogSlate: FSceneViewport::OnFocusLost() reason 0
[2019.10.11-07.46.38:912][539]LogSlate: FSceneViewport::OnFocusLost() reason 0
[2019.10.11-07.46.39:063][556]LogAssetEditorManager: Opening Asset editor for Blueprint /Game/VirtualRealityBP/Blueprints/VRPlayerController.VRPlayerController
[2019.10.11-07.46.39:326][556]LogContentBrowser: Native class hierarchy updated for 'BlueprintGraph' in 0.0007 seconds. Added 121 classes and 0 folders.
[2019.10.11-07.46.40:195][556]LogSlate: Took 0.000405 seconds to synchronously load lazily loaded font '../../../Engine/Content/Slate/Fonts/Roboto-BoldCondensed.ttf' (158K)
[2019.10.11-07.46.40:230][557]LogSlate: Took 0.000506 seconds to synchronously load lazily loaded font '../../../Engine/Content/Slate/Fonts/Roboto-Italic.ttf' (157K)
[2019.10.11-07.46.50:756][751]LogSavePackage: Moving '../../../../../../Users/Kamp-Legion/Documents/SanRockVRUE4/SanRockVR/Saved/VRPlayerController448322FC4F8BA5DDD48616A3E3DDDC11.tmp' to '../../../../../../Users/Kamp-Legion/Documents/SanRockVRUE4/SanRockVR/Content/VirtualRealityBP/Blueprints/VRPlayerController.uasset'
[2019.10.11-07.46.51:252][809]BlueprintLog: New page: Compile VRPlayerController
[2019.10.11-07.46.51:452][809]LogUObjectHash: Compacting FUObjectHashTables data took   3.46ms
[2019.10.11-07.46.58:539][649]LogTemp: Repeating last play command: Selected Viewport
[2019.10.11-07.46.58:558][649]LogBlueprintUserMessages: Early PlayInEditor Detection: Level '/Game/VirtualRealityBP/Maps/SanVRROck.SanVRROck:PersistentLevel' has LevelScriptBlueprint '/Game/VirtualRealityBP/Maps/SanVRROck.SanVRROck:PersistentLevel.SanVRROck' with GeneratedClass '/Game/VirtualRealityBP/Maps/SanVRROck.SanVRROck_C' with ClassGeneratedBy '/Game/VirtualRealityBP/Maps/SanVRROck.SanVRROck:PersistentLevel.SanVRROck'
[2019.10.11-07.46.58:558][649]LogPlayLevel: PlayLevel: No blueprints needed recompiling
[2019.10.11-07.46.58:559][649]PIE: New page: PIE session: SanVRROck (Oct 11, 2019, 11:46:58 AM)
[2019.10.11-07.46.58:560][649]LogOnline: OSS: Creating online subsystem instance for: NULL
[2019.10.11-07.46.58:561][649]LogPlayLevel: Creating play world package: /Game/VirtualRealityBP/Maps/UEDPIE_0_SanVRROck
[2019.10.11-07.46.58:565][649]LogPlayLevel: PIE: StaticDuplicateObject took: (0.004460s)
[2019.10.11-07.46.58:566][649]LogAIModule: Creating AISystem for world SanVRROck
[2019.10.11-07.46.58:567][649]LogPlayLevel: PIE: World Init took: (0.001008s)
[2019.10.11-07.46.58:567][649]LogPlayLevel: PIE: Created PIE world by copying editor world from /Game/VirtualRealityBP/Maps/SanVRROck.SanVRROck to /Game/VirtualRealityBP/Maps/UEDPIE_0_SanVRROck.SanVRROck (0.005806s)
[2019.10.11-07.46.58:602][649]LogUObjectHash: Compacting FUObjectHashTables data took   3.61ms
[2019.10.11-07.46.58:613][649]LogInit: XAudio2 using 'Speakers (Realtek High Definition Audio)' : 2 channels at 48 kHz using 32 bits per sample (channel mask 0x3)
[2019.10.11-07.46.58:631][649]LogInit: FAudioDevice initialized.
[2019.10.11-07.46.58:642][649]LogLoad: Game class is 'FirstPersonGameMode_C'
[2019.10.11-07.46.58:645][649]LogWorld: Bringing World /Game/VirtualRealityBP/Maps/UEDPIE_0_SanVRROck.SanVRROck up for play (max tick rate 0) at 2019.10.11-09.46.58
[2019.10.11-07.46.58:645][649]LogWorld: Bringing up level for play took: 0.001677
[2019.10.11-07.46.58:645][649]LogOnline: OSS: Creating online subsystem instance for: :Context_3
[2019.10.11-07.46.58:658][649]LogContentBrowser: Native class hierarchy updated for 'MovieSceneCapture' in 0.0004 seconds. Added 20 classes and 0 folders.
[2019.10.11-07.46.58:660][649]PIE: Play in editor start time for /Game/VirtualRealityBP/Maps/UEDPIE_0_SanVRROck 0.333
[2019.10.11-07.46.58:661][649]LogBlueprintUserMessages: Late PlayInEditor Detection: Level '/Game/VirtualRealityBP/Maps/SanVRROck.SanVRROck:PersistentLevel' has LevelScriptBlueprint '/Game/VirtualRealityBP/Maps/SanVRROck.SanVRROck:PersistentLevel.SanVRROck' with GeneratedClass '/Game/VirtualRealityBP/Maps/SanVRROck.SanVRROck_C' with ClassGeneratedBy '/Game/VirtualRealityBP/Maps/SanVRROck.SanVRROck:PersistentLevel.SanVRROck'
[2019.10.11-07.47.01:793][984]LogBlueprintUserMessages: Early EndPlayMap Detection: Level '/Game/VirtualRealityBP/Maps/SanVRROck.SanVRROck:PersistentLevel' has LevelScriptBlueprint '/Game/VirtualRealityBP/Maps/SanVRROck.SanVRROck:PersistentLevel.SanVRROck' with GeneratedClass '/Game/VirtualRealityBP/Maps/SanVRROck.SanVRROck_C' with ClassGeneratedBy '/Game/VirtualRealityBP/Maps/SanVRROck.SanVRROck:PersistentLevel.SanVRROck'
[2019.10.11-07.47.01:793][984]LogSlate: Updating window title bar state: overlay mode, drag disabled, window buttons hidden, title bar hidden
[2019.10.11-07.47.01:793][984]LogWorld: BeginTearingDown for /Game/VirtualRealityBP/Maps/UEDPIE_0_SanVRROck
[2019.10.11-07.47.01:793][984]LogWorld: UWorld::CleanupWorld for SanVRROck, bSessionEnded=true, bCleanupResources=true
[2019.10.11-07.47.01:801][984]LogPlayLevel: Display: Shutting down PIE online subsystems
[2019.10.11-07.47.01:801][984]LogBlueprintUserMessages: Late EndPlayMap Detection: Level '/Game/VirtualRealityBP/Maps/SanVRROck.SanVRROck:PersistentLevel' has LevelScriptBlueprint '/Game/VirtualRealityBP/Maps/SanVRROck.SanVRROck:PersistentLevel.SanVRROck' with GeneratedClass '/Game/VirtualRealityBP/Maps/SanVRROck.SanVRROck_C' with ClassGeneratedBy '/Game/VirtualRealityBP/Maps/SanVRROck.SanVRROck:PersistentLevel.SanVRROck'
[2019.10.11-07.47.01:848][984]LogSlate: Updating window title bar state: overlay mode, drag disabled, window buttons hidden, title bar hidden
[2019.10.11-07.47.01:868][984]LogUObjectHash: Compacting FUObjectHashTables data took   4.07ms
[2019.10.11-07.47.01:894][986]LogPlayLevel: Display: Destroying online subsystem :Context_3
[2019.10.11-07.47.06:961][590]LogSlate: FSceneViewport::OnFocusLost() reason 0
[2019.10.11-07.47.20:898][258]BlueprintLog: New page: Compile VRPlayerController
[2019.10.11-07.47.21:132][258]LogUObjectHash: Compacting FUObjectHashTables data took   3.88ms
[2019.10.11-07.47.21:561][301]LogSavePackage: Moving '../../../../../../Users/Kamp-Legion/Documents/SanRockVRUE4/SanRockVR/Saved/VRPlayerControllerF6537224446CDEA06FCD05BE5DF2B1C6.tmp' to '../../../../../../Users/Kamp-Legion/Documents/SanRockVRUE4/SanRockVR/Content/VirtualRealityBP/Blueprints/VRPlayerController.uasset'
[2019.10.11-07.47.29:810][283]LogMaterial: Display: Missing cached shader map for material Material_0, compiling. 
[2019.10.11-07.47.29:839][284]LogShaderCompilers: Display: Worker (1/3): shaders left to compile 5
[2019.10.11-07.47.29:839][284]LogShaderCompilers: Display: Worker (2/3): shaders left to compile 3
[2019.10.11-07.47.29:839][284]LogShaderCompilers: Display: Worker (3/3): shaders left to compile 1
[2019.10.11-07.47.37:334][168]LogAssetEditorManager: Opening Asset editor for Blueprint /Game/Animations/Animated_Cube.Animated_Cube
[2019.10.11-07.47.40:104][410]LogSlate: Window 'Animated_Cube' being destroyed
[2019.10.11-07.48.16:212][730]Cmd: OBJ SAVEPACKAGE PACKAGE="/Game/Animations/Animated_Cube" FILE="../../../../../../Users/Kamp-Legion/Documents/SanRockVRUE4/SanRockVR/Content/Animations/Animated_Cube.uasset" SILENT=true
[2019.10.11-07.48.16:268][730]LogSavePackage: Moving '../../../../../../Users/Kamp-Legion/Documents/SanRockVRUE4/SanRockVR/Saved/Animated_CubeDB70682D44400752AEB33F89BAEC80CF.tmp' to '../../../../../../Users/Kamp-Legion/Documents/SanRockVRUE4/SanRockVR/Content/Animations/Animated_Cube.uasset'
[2019.10.11-07.48.17:081][825]BlueprintLog: New page: Compile Animated_Cube
[2019.10.11-07.48.17:331][825]LogUObjectHash: Compacting FUObjectHashTables data took   5.01ms
[2019.10.11-07.48.21:485][308]LogUObjectHash: Compacting FUObjectHashTables data took   4.59ms
[2019.10.11-07.48.22:936][308]LogSlate: Window 'Save Content' being destroyed
[2019.10.11-07.48.23:010][308]LogUObjectHash: Compacting FUObjectHashTables data took   0.88ms
[2019.10.11-07.48.23:269][308]LogSavePackage: Moving '../../../../../../Users/Kamp-Legion/Documents/SanRockVRUE4/SanRockVR/Saved/SanVRROck16FF8220416F72D6416B7DB0221AF2C3.tmp' to '../../../../../../Users/Kamp-Legion/Documents/SanRockVRUE4/SanRockVR/Content/VirtualRealityBP/Maps/SanVRROck.umap'
[2019.10.11-07.48.23:306][308]LogFileHelpers: Saving map 'SanVRROck' took 0.339
[2019.10.11-07.49.09:175][216]LogUObjectHash: Compacting FUObjectHashTables data took   3.01ms
[2019.10.11-07.49.09:437][216]LogSavePackage: Moving '../../../../../../Users/Kamp-Legion/Documents/SanRockVRUE4/SanRockVR/Saved/SanVRROckF79C84D9404F58281C1C33A77C2F6A73.tmp' to '../../../../../../Users/Kamp-Legion/Documents/SanRockVRUE4/SanRockVR/Content/VirtualRealityBP/Maps/SanVRROck.umap'
[2019.10.11-07.49.09:622][216]LogSavePackage: Moving '../../../../../../Users/Kamp-Legion/Documents/SanRockVRUE4/SanRockVR/Saved/SanVRROck_BuiltData8465287F468FA6F619C54AA8F4398128.tmp' to '../../../../../../Users/Kamp-Legion/Documents/SanRockVRUE4/SanRockVR/Content/VirtualRealityBP/Maps/SanVRROck_BuiltData.uasset'
[2019.10.11-07.49.10:620][327]LogUObjectHash: Compacting FUObjectHashTables data took   2.95ms
