Log file open, 10/14/19 09:43:25
LogWindows: Failed to load 'aqProf.dll' (GetLastError=126)
LogWindows: File 'aqProf.dll' does not exist
LogWindows: Failed to load 'VtuneApi.dll' (GetLastError=126)
LogWindows: File 'VtuneApi.dll' does not exist
LogWindows: Failed to load 'VtuneApi32e.dll' (GetLastError=126)
LogWindows: File 'VtuneApi32e.dll' does not exist
LogConsoleResponse: Display: Failed to find resolution value strings in scalability ini. Falling back to default.
LogInit: Display: Running engine for game: SanRockArtVRMED7
LogPlatformFile: Not using cached read wrapper
LogTaskGraph: Started task graph with 5 named threads and 14 total threads with 3 sets of task threads.
LogStats: Stats thread started at 0.092514
LogD3D11RHI: Loaded GFSDK_Aftermath_Lib.x64.dll
LogICUInternationalization: ICU TimeZone Detection - Raw Offset: +1:00, Platform Override: ''
LogPluginManager: Mounting plugin Paper2D
LogPluginManager: Mounting plugin AISupport
LogPluginManager: Mounting plugin LightPropagationVolume
LogPluginManager: Mounting plugin ActorLayerUtilities
LogPluginManager: Mounting plugin AnimationSharing
LogPluginManager: Mounting plugin CLionSourceCodeAccess
LogPluginManager: Mounting plugin CodeLiteSourceCodeAccess
LogPluginManager: Mounting plugin GitSourceControl
LogPluginManager: Mounting plugin KDevelopSourceCodeAccess
LogPluginManager: Mounting plugin NullSourceCodeAccess
LogPluginManager: Mounting plugin PerforceSourceControl
LogPluginManager: Mounting plugin SubversionSourceControl
LogPluginManager: Mounting plugin UObjectPlugin
LogPluginManager: Mounting plugin VisualStudioCodeSourceCodeAccess
LogPluginManager: Mounting plugin VisualStudioSourceCodeAccess
LogPluginManager: Mounting plugin XCodeSourceCodeAccess
LogPluginManager: Mounting plugin AssetManagerEditor
LogPluginManager: Mounting plugin CryptoKeys
LogPluginManager: Mounting plugin CurveEditorTools
LogPluginManager: Mounting plugin DataValidation
LogPluginManager: Mounting plugin EditorScriptingUtilities
LogPluginManager: Mounting plugin FacialAnimation
LogPluginManager: Mounting plugin GameplayTagsEditor
LogPluginManager: Mounting plugin GLTFImporter
LogPluginManager: Mounting plugin MacGraphicsSwitching
LogPluginManager: Mounting plugin MaterialAnalyzer
LogPluginManager: Mounting plugin MeshEditor
LogPluginManager: Mounting plugin MobileLauncherProfileWizard
LogPluginManager: Mounting plugin PluginBrowser
LogPluginManager: Mounting plugin SpeedTreeImporter
LogPluginManager: Mounting plugin DatasmithContent
LogPluginManager: Mounting plugin VariantManagerContent
LogPluginManager: Mounting plugin AlembicImporter
LogPluginManager: Mounting plugin AutomationUtils
LogPluginManager: Mounting plugin BackChannel
LogPluginManager: Mounting plugin BlastPlugin
LogPluginManager: Mounting plugin ChaosSolverPlugin
LogPluginManager: Mounting plugin CharacterAI
LogPluginManager: Mounting plugin DataPrepEditor
LogPluginManager: Mounting plugin GeometryCache
LogPluginManager: Mounting plugin GeometryCollectionPlugin
LogPluginManager: Mounting plugin HTML5Networking
LogPluginManager: Mounting plugin PlatformCrypto
LogPluginManager: Mounting plugin ProxyLODPlugin
LogPluginManager: Mounting plugin SkeletalReduction
LogPluginManager: Mounting plugin MagicLeap
LogPluginManager: Mounting plugin MagicLeapMedia
LogPluginManager: Mounting plugin AndroidMedia
LogPluginManager: Mounting plugin AvfMedia
LogPluginManager: Mounting plugin ImgMedia
LogPluginManager: Mounting plugin MediaCompositing
LogPluginManager: Mounting plugin MediaPlayerEditor
LogPluginManager: Mounting plugin WebMMedia
LogPluginManager: Mounting plugin WmfMedia
LogPluginManager: Mounting plugin TcpMessaging
LogPluginManager: Mounting plugin UdpMessaging
LogPluginManager: Mounting plugin ActorSequence
LogPluginManager: Mounting plugin LevelSequenceEditor
LogPluginManager: Mounting plugin MatineeToLevelSequence
LogPluginManager: Mounting plugin NetcodeUnitTest
LogPluginManager: Mounting plugin NUTUnrealEngine4
LogPluginManager: Mounting plugin OnlineSubsystemGooglePlay
LogPluginManager: Mounting plugin OnlineSubsystemIOS
LogPluginManager: Mounting plugin OnlineSubsystem
LogPluginManager: Mounting plugin OnlineSubsystemNull
LogPluginManager: Mounting plugin OnlineSubsystemUtils
LogPluginManager: Mounting plugin LauncherChunkInstaller
LogPluginManager: Mounting plugin AndroidDeviceProfileSelector
LogPluginManager: Mounting plugin AndroidMoviePlayer
LogPluginManager: Mounting plugin AndroidPermission
LogPluginManager: Mounting plugin AppleImageUtils
LogPluginManager: Mounting plugin AppleMoviePlayer
LogPluginManager: Mounting plugin ArchVisCharacter
LogPluginManager: Mounting plugin AudioCapture
LogPluginManager: Mounting plugin CableComponent
LogPluginManager: Mounting plugin CustomMeshComponent
LogPluginManager: Mounting plugin EditableMesh
LogPluginManager: Mounting plugin ExampleDeviceProfileSelector
LogPluginManager: Mounting plugin GoogleCloudMessaging
LogPluginManager: Mounting plugin IOSDeviceProfileSelector
LogPluginManager: Mounting plugin LinuxDeviceProfileSelector
LogPluginManager: Mounting plugin LocationServicesBPLibrary
LogPluginManager: Mounting plugin MobilePatchingUtils
LogPluginManager: Mounting plugin OculusVR
LogPluginManager: Mounting plugin PhysXVehicles
LogPluginManager: Mounting plugin ProceduralMeshComponent
LogPluginManager: Mounting plugin RuntimePhysXCooking
LogPluginManager: Mounting plugin SignificanceManager
LogPluginManager: Mounting plugin SteamVR
LogPluginManager: Mounting plugin WebMMoviePlayer
LogPluginManager: Mounting plugin WindowsMoviePlayer
LogPluginManager: Mounting plugin ScreenshotTools
LogPluginManager: Mounting plugin DatasmithC4DImporter
LogPluginManager: Mounting plugin DatasmithCADImporter
LogPluginManager: Mounting plugin DatasmithFBXImporter
LogPluginManager: Mounting plugin DatasmithGLTFImporter
LogPluginManager: Mounting plugin DatasmithIFCImporter
LogPluginManager: Mounting plugin DatasmithImporter
LogPluginManager: Mounting plugin MDLImporter
LogPluginManager: Mounting plugin StaticMeshEditorExtension
LogPluginManager: Mounting plugin VariantManager
LogInit: Using libcurl 7.55.1-DEV
LogInit:  - built for x86_64-pc-win32
LogInit:  - supports SSL with OpenSSL/1.1.1
LogInit:  - supports HTTP deflate (compression) using libz 1.2.8
LogInit:  - other features:
LogInit:      CURL_VERSION_SSL
LogInit:      CURL_VERSION_LIBZ
LogInit:      CURL_VERSION_IPV6
LogInit:      CURL_VERSION_ASYNCHDNS
LogInit:      CURL_VERSION_LARGEFILE
LogInit:      CURL_VERSION_IDN
LogInit:  CurlRequestOptions (configurable via config and command line):
LogInit:  - bVerifyPeer = true  - Libcurl will verify peer certificate
LogInit:  - bUseHttpProxy = false  - Libcurl will NOT use HTTP proxy
LogInit:  - bDontReuseConnections = false  - Libcurl will reuse connections
LogInit:  - MaxHostConnections = 16  - Libcurl will limit the number of connections to a host
LogInit:  - LocalHostAddr = Default
LogInit:  - BufferSize = 65536
LogOnline: OSS: Creating online subsystem instance for: NULL
LogInit: WinSock: version 1.1 (2.2), MaxSocks=32767, MaxUdp=65467
LogInit: Build: ++UE4+Release-4.23-CL-8386587
LogInit: Engine Version: 4.23.0-8386587+++UE4+Release-4.23
LogInit: Compatible Engine Version: 4.23.0-8386587+++UE4+Release-4.23
LogInit: Net CL: 8386587
LogInit: OS: Windows 10 (Release 1903) (), CPU: Intel(R) Core(TM) i5-7300HQ CPU @ 2.50GHz, GPU: Intel(R) HD Graphics 630
LogInit: Compiled (64-bit): Aug 31 2019 02:04:44
LogInit: Compiled with Visual C++: 19.16.27030.01
LogInit: Build Configuration: Development
LogInit: Branch Name: ++UE4+Release-4.23
LogInit: Command Line:  -EpicPortal -epicusername=KAMPFIRE93 -epicuserid=9c5c49cdb4974c61b328fc2e3ba5794e -epiclocale=en-US
LogInit: Base Directory: C:/Program Files/Epic Games/UE_4.23/Engine/Binaries/Win64/
LogInit: Installed Engine Build: 1
LogDevObjectVersion: Number of dev versions registered: 23
LogDevObjectVersion:   Dev-Blueprints (B0D832E4-1F89-4F0D-ACCF-7EB736FD4AA2): 10
LogDevObjectVersion:   Dev-Build (E1C64328-A22C-4D53-A36C-8E866417BD8C): 0
LogDevObjectVersion:   Dev-Core (375EC13C-06E4-48FB-B500-84F0262A717E): 3
LogDevObjectVersion:   Dev-Editor (E4B068ED-F494-42E9-A231-DA0B2E46BB41): 34
LogDevObjectVersion:   Dev-Framework (CFFC743F-43B0-4480-9391-14DF171D2073): 35
LogDevObjectVersion:   Dev-Mobile (B02B49B5-BB20-44E9-A304-32B752E40360): 2
LogDevObjectVersion:   Dev-Networking (A4E4105C-59A1-49B5-A7C5-40C4547EDFEE): 0
LogDevObjectVersion:   Dev-Online (39C831C9-5AE6-47DC-9A44-9C173E1C8E7C): 0
LogDevObjectVersion:   Dev-Physics (78F01B33-EBEA-4F98-B9B4-84EACCB95AA2): 0
LogDevObjectVersion:   Dev-Platform (6631380F-2D4D-43E0-8009-CF276956A95A): 0
LogDevObjectVersion:   Dev-Rendering (12F88B9F-8875-4AFC-A67C-D90C383ABD29): 31
LogDevObjectVersion:   Dev-Sequencer (7B5AE74C-D270-4C10-A958-57980B212A5A): 11
LogDevObjectVersion:   Dev-VR (D7296918-1DD6-4BDD-9DE2-64A83CC13884): 2
LogDevObjectVersion:   Dev-LoadTimes (C2A15278-BFE7-4AFE-6C17-90FF531DF755): 1
LogDevObjectVersion:   Private-Geometry (6EACA3D4-40EC-4CC1-B786-8BED09428FC5): 3
LogDevObjectVersion:   Dev-AnimPhys (29E575DD-E0A3-4627-9D10-D276232CDCEA): 17
LogDevObjectVersion:   Dev-Anim (AF43A65D-7FD3-4947-9873-3E8ED9C1BB05): 2
LogDevObjectVersion:   Dev-ReflectionCapture (6B266CEC-1EC7-4B8F-A30B-E4D90942FC07): 1
LogDevObjectVersion:   Dev-Automation (0DF73D61-A23F-47EA-B727-89E90C41499A): 1
LogDevObjectVersion:   FortniteMain (601D1886-AC64-4F84-AA16-D3DE0DEAC7D6): 27
LogDevObjectVersion:   Dev-Enterprise (9DFFBCD6-494F-0158-E221-12823C92A888): 6
LogDevObjectVersion:   Dev-Niagara (F2AED0AC-9AFE-416F-8664-AA7FFA26D6FC): 1
LogDevObjectVersion:   Dev-Destruction (174F1F0B-B4C6-45A5-B13F-2EE8D0FB917D): 9
LogInit: Presizing for max 16777216 objects, including 0 objects not considered by GC, pre-allocating 0 bytes for permanent pool.
LogInit: Object subsystem initialized
LogConfig: Setting CVar [[con.DebugEarlyDefault:1]]
LogConfig: Setting CVar [[r.setres:1280x720]]
[2019.10.14-07.43.26:276][  0]LogConfig: Setting CVar [[r.VSync:0]]
[2019.10.14-07.43.26:276][  0]LogConfig: Setting CVar [[r.RHICmdBypass:0]]
[2019.10.14-07.43.26:276][  0]LogConfig: Applying CVar settings from Section [/Script/Engine.RendererSettings] File [C:/Users/Kamp-Legion/Documents/Unreal Projects/SanRockArtVRMED7/Saved/Config/Windows/Engine.ini]
[2019.10.14-07.43.26:276][  0]LogConfig: Setting CVar [[r.GPUCrashDebugging:0]]
[2019.10.14-07.43.26:276][  0]LogConfig: Setting CVar [[r.DefaultFeature.AutoExposure.ExtendDefaultLuminanceRange:1]]
[2019.10.14-07.43.26:276][  0]LogConfig: Applying CVar settings from Section [/Script/Engine.RendererOverrideSettings] File [C:/Users/Kamp-Legion/Documents/Unreal Projects/SanRockArtVRMED7/Saved/Config/Windows/Engine.ini]
[2019.10.14-07.43.26:276][  0]LogConfig: Applying CVar settings from Section [/Script/Engine.StreamingSettings] File [C:/Users/Kamp-Legion/Documents/Unreal Projects/SanRockArtVRMED7/Saved/Config/Windows/Engine.ini]
[2019.10.14-07.43.26:276][  0]LogConfig: Setting CVar [[s.MinBulkDataSizeForAsyncLoading:131072]]
[2019.10.14-07.43.26:276][  0]LogConfig: Setting CVar [[s.AsyncLoadingThreadEnabled:0]]
[2019.10.14-07.43.26:276][  0]LogConfig: Setting CVar [[s.EventDrivenLoaderEnabled:1]]
[2019.10.14-07.43.26:276][  0]LogConfig: Setting CVar [[s.WarnIfTimeLimitExceeded:0]]
[2019.10.14-07.43.26:276][  0]LogConfig: Setting CVar [[s.TimeLimitExceededMultiplier:1.5]]
[2019.10.14-07.43.26:276][  0]LogConfig: Setting CVar [[s.TimeLimitExceededMinTime:0.005]]
[2019.10.14-07.43.26:276][  0]LogConfig: Setting CVar [[s.UseBackgroundLevelStreaming:1]]
[2019.10.14-07.43.26:276][  0]LogConfig: Setting CVar [[s.PriorityAsyncLoadingExtraTime:15.0]]
[2019.10.14-07.43.26:276][  0]LogConfig: Setting CVar [[s.LevelStreamingActorsUpdateTimeLimit:5.0]]
[2019.10.14-07.43.26:276][  0]LogConfig: Setting CVar [[s.PriorityLevelStreamingActorsUpdateExtraTime:5.0]]
[2019.10.14-07.43.26:276][  0]LogConfig: Setting CVar [[s.LevelStreamingComponentsRegistrationGranularity:10]]
[2019.10.14-07.43.26:276][  0]LogConfig: Setting CVar [[s.UnregisterComponentsTimeLimit:1.0]]
[2019.10.14-07.43.26:276][  0]LogConfig: Setting CVar [[s.LevelStreamingComponentsUnregistrationGranularity:5]]
[2019.10.14-07.43.26:276][  0]LogConfig: Applying CVar settings from Section [/Script/Engine.GarbageCollectionSettings] File [C:/Users/Kamp-Legion/Documents/Unreal Projects/SanRockArtVRMED7/Saved/Config/Windows/Engine.ini]
[2019.10.14-07.43.26:276][  0]LogConfig: Setting CVar [[gc.MaxObjectsNotConsideredByGC:1]]
[2019.10.14-07.43.26:276][  0]LogConfig: Setting CVar [[gc.SizeOfPermanentObjectPool:0]]
[2019.10.14-07.43.26:276][  0]LogConfig: Setting CVar [[gc.FlushStreamingOnGC:0]]
[2019.10.14-07.43.26:276][  0]LogConfig: Setting CVar [[gc.NumRetriesBeforeForcingGC:10]]
[2019.10.14-07.43.26:276][  0]LogConfig: Setting CVar [[gc.AllowParallelGC:1]]
[2019.10.14-07.43.26:276][  0]LogConfig: Setting CVar [[gc.TimeBetweenPurgingPendingKillObjects:61.1]]
[2019.10.14-07.43.26:276][  0]LogConfig: Setting CVar [[gc.MaxObjectsInEditor:16777216]]
[2019.10.14-07.43.26:276][  0]LogConfig: Setting CVar [[gc.IncrementalBeginDestroyEnabled:1]]
[2019.10.14-07.43.26:276][  0]LogConfig: Setting CVar [[gc.CreateGCClusters:1]]
[2019.10.14-07.43.26:276][  0]LogConfig: Setting CVar [[gc.MinGCClusterSize:5]]
[2019.10.14-07.43.26:276][  0]LogConfig: Setting CVar [[gc.ActorClusteringEnabled:0]]
[2019.10.14-07.43.26:276][  0]LogConfig: Setting CVar [[gc.BlueprintClusteringEnabled:0]]
[2019.10.14-07.43.26:276][  0]LogConfig: Setting CVar [[gc.UseDisregardForGCOnDedicatedServers:0]]
[2019.10.14-07.43.26:276][  0]LogConfig: Applying CVar settings from Section [/Script/Engine.NetworkSettings] File [C:/Users/Kamp-Legion/Documents/Unreal Projects/SanRockArtVRMED7/Saved/Config/Windows/Engine.ini]
[2019.10.14-07.43.26:276][  0]LogConfig: Applying CVar settings from Section [/Script/UnrealEd.CookerSettings] File [C:/Users/Kamp-Legion/Documents/Unreal Projects/SanRockArtVRMED7/Saved/Config/Windows/Engine.ini]
[2019.10.14-07.43.26:280][  0]LogConfig: Applying CVar settings from Section [ViewDistanceQuality@3] File [C:/Users/Kamp-Legion/Documents/Unreal Projects/SanRockArtVRMED7/Saved/Config/Windows/Scalability.ini]
[2019.10.14-07.43.26:280][  0]LogConfig: Setting CVar [[r.SkeletalMeshLODBias:0]]
[2019.10.14-07.43.26:280][  0]LogConfig: Setting CVar [[r.ViewDistanceScale:1.0]]
[2019.10.14-07.43.26:280][  0]LogConfig: Applying CVar settings from Section [AntiAliasingQuality@3] File [C:/Users/Kamp-Legion/Documents/Unreal Projects/SanRockArtVRMED7/Saved/Config/Windows/Scalability.ini]
[2019.10.14-07.43.26:280][  0]LogConfig: Setting CVar [[r.PostProcessAAQuality:4]]
[2019.10.14-07.43.26:280][  0]LogConfig: Applying CVar settings from Section [ShadowQuality@3] File [C:/Users/Kamp-Legion/Documents/Unreal Projects/SanRockArtVRMED7/Saved/Config/Windows/Scalability.ini]
[2019.10.14-07.43.26:281][  0]LogConfig: Setting CVar [[r.LightFunctionQuality:1]]
[2019.10.14-07.43.26:281][  0]LogConfig: Setting CVar [[r.ShadowQuality:5]]
[2019.10.14-07.43.26:281][  0]LogConfig: Setting CVar [[r.Shadow.CSM.MaxCascades:10]]
[2019.10.14-07.43.26:281][  0]LogConfig: Setting CVar [[r.Shadow.MaxResolution:2048]]
[2019.10.14-07.43.26:281][  0]LogConfig: Setting CVar [[r.Shadow.MaxCSMResolution:2048]]
[2019.10.14-07.43.26:281][  0]LogConfig: Setting CVar [[r.Shadow.RadiusThreshold:0.01]]
[2019.10.14-07.43.26:281][  0]LogConfig: Setting CVar [[r.Shadow.DistanceScale:1.0]]
[2019.10.14-07.43.26:281][  0]LogConfig: Setting CVar [[r.Shadow.CSM.TransitionScale:1.0]]
[2019.10.14-07.43.26:281][  0]LogConfig: Setting CVar [[r.Shadow.PreShadowResolutionFactor:1.0]]
[2019.10.14-07.43.26:281][  0]LogConfig: Setting CVar [[r.DistanceFieldShadowing:1]]
[2019.10.14-07.43.26:281][  0]LogConfig: Setting CVar [[r.DistanceFieldAO:1]]
[2019.10.14-07.43.26:281][  0]LogConfig: Setting CVar [[r.AOQuality:2]]
[2019.10.14-07.43.26:281][  0]LogConfig: Setting CVar [[r.VolumetricFog:1]]
[2019.10.14-07.43.26:281][  0]LogConfig: Setting CVar [[r.VolumetricFog.GridPixelSize:8]]
[2019.10.14-07.43.26:281][  0]LogConfig: Setting CVar [[r.VolumetricFog.GridSizeZ:128]]
[2019.10.14-07.43.26:281][  0]LogConfig: Setting CVar [[r.VolumetricFog.HistoryMissSupersampleCount:4]]
[2019.10.14-07.43.26:281][  0]LogConfig: Setting CVar [[r.LightMaxDrawDistanceScale:1]]
[2019.10.14-07.43.26:281][  0]LogConfig: Setting CVar [[r.CapsuleShadows:1]]
[2019.10.14-07.43.26:281][  0]LogConfig: Applying CVar settings from Section [PostProcessQuality@3] File [C:/Users/Kamp-Legion/Documents/Unreal Projects/SanRockArtVRMED7/Saved/Config/Windows/Scalability.ini]
[2019.10.14-07.43.26:281][  0]LogConfig: Setting CVar [[r.MotionBlurQuality:4]]
[2019.10.14-07.43.26:281][  0]LogConfig: Setting CVar [[r.AmbientOcclusionMipLevelFactor:0.4]]
[2019.10.14-07.43.26:281][  0]LogConfig: Setting CVar [[r.AmbientOcclusionMaxQuality:100]]
[2019.10.14-07.43.26:281][  0]LogConfig: Setting CVar [[r.AmbientOcclusionLevels:-1]]
[2019.10.14-07.43.26:281][  0]LogConfig: Setting CVar [[r.AmbientOcclusionRadiusScale:1.0]]
[2019.10.14-07.43.26:281][  0]LogConfig: Setting CVar [[r.DepthOfFieldQuality:2]]
[2019.10.14-07.43.26:281][  0]LogConfig: Setting CVar [[r.RenderTargetPoolMin:400]]
[2019.10.14-07.43.26:281][  0]LogConfig: Setting CVar [[r.LensFlareQuality:2]]
[2019.10.14-07.43.26:281][  0]LogConfig: Setting CVar [[r.SceneColorFringeQuality:1]]
[2019.10.14-07.43.26:281][  0]LogConfig: Setting CVar [[r.EyeAdaptationQuality:2]]
[2019.10.14-07.43.26:281][  0]LogConfig: Setting CVar [[r.BloomQuality:5]]
[2019.10.14-07.43.26:281][  0]LogConfig: Setting CVar [[r.FastBlurThreshold:100]]
[2019.10.14-07.43.26:281][  0]LogConfig: Setting CVar [[r.Upscale.Quality:3]]
[2019.10.14-07.43.26:281][  0]LogConfig: Setting CVar [[r.Tonemapper.GrainQuantization:1]]
[2019.10.14-07.43.26:281][  0]LogConfig: Setting CVar [[r.LightShaftQuality:1]]
[2019.10.14-07.43.26:281][  0]LogConfig: Setting CVar [[r.Filter.SizeScale:1]]
[2019.10.14-07.43.26:281][  0]LogConfig: Setting CVar [[r.Tonemapper.Quality:5]]
[2019.10.14-07.43.26:281][  0]LogConfig: Setting CVar [[r.DOF.Gather.AccumulatorQuality:1        ; higher gathering accumulator quality]]
[2019.10.14-07.43.26:281][  0]LogConfig: Setting CVar [[r.DOF.Gather.PostfilterMethod:1          ; Median3x3 postfilering method]]
[2019.10.14-07.43.26:281][  0]LogConfig: Setting CVar [[r.DOF.Gather.EnableBokehSettings:0       ; no bokeh simulation when gathering]]
[2019.10.14-07.43.26:281][  0]LogConfig: Setting CVar [[r.DOF.Gather.RingCount:4                 ; medium number of samples when gathering]]
[2019.10.14-07.43.26:281][  0]LogConfig: Setting CVar [[r.DOF.Scatter.ForegroundCompositing:1    ; additive foreground scattering]]
[2019.10.14-07.43.26:281][  0]LogConfig: Setting CVar [[r.DOF.Scatter.BackgroundCompositing:2    ; additive background scattering]]
[2019.10.14-07.43.26:281][  0]LogConfig: Setting CVar [[r.DOF.Scatter.EnableBokehSettings:1      ; bokeh simulation when scattering]]
[2019.10.14-07.43.26:281][  0]LogConfig: Setting CVar [[r.DOF.Scatter.MaxSpriteRatio:0.1         ; only a maximum of 10% of scattered bokeh]]
[2019.10.14-07.43.26:281][  0]LogConfig: Setting CVar [[r.DOF.Recombine.Quality:1                ; cheap slight out of focus]]
[2019.10.14-07.43.26:281][  0]LogConfig: Setting CVar [[r.DOF.Recombine.EnableBokehSettings:0    ; no bokeh simulation on slight out of focus]]
[2019.10.14-07.43.26:281][  0]LogConfig: Setting CVar [[r.DOF.TemporalAAQuality:1                ; more stable temporal accumulation]]
[2019.10.14-07.43.26:281][  0]LogConfig: Setting CVar [[r.DOF.Kernel.MaxForegroundRadius:0.025]]
[2019.10.14-07.43.26:281][  0]LogConfig: Setting CVar [[r.DOF.Kernel.MaxBackgroundRadius:0.025]]
[2019.10.14-07.43.26:281][  0]LogConfig: Applying CVar settings from Section [TextureQuality@3] File [C:/Users/Kamp-Legion/Documents/Unreal Projects/SanRockArtVRMED7/Saved/Config/Windows/Scalability.ini]
[2019.10.14-07.43.26:282][  0]LogConfig: Setting CVar [[r.Streaming.MipBias:0]]
[2019.10.14-07.43.26:282][  0]LogConfig: Setting CVar [[r.Streaming.AmortizeCPUToGPUCopy:0]]
[2019.10.14-07.43.26:282][  0]LogConfig: Setting CVar [[r.Streaming.MaxNumTexturesToStreamPerFrame:0]]
[2019.10.14-07.43.26:282][  0]LogConfig: Setting CVar [[r.Streaming.Boost:1]]
[2019.10.14-07.43.26:282][  0]LogConfig: Setting CVar [[r.MaxAnisotropy:8]]
[2019.10.14-07.43.26:282][  0]LogConfig: Setting CVar [[r.Streaming.LimitPoolSizeToVRAM:0]]
[2019.10.14-07.43.26:282][  0]LogConfig: Setting CVar [[r.Streaming.PoolSize:1000]]
[2019.10.14-07.43.26:282][  0]LogConfig: Setting CVar [[r.Streaming.MaxEffectiveScreenSize:0]]
[2019.10.14-07.43.26:282][  0]LogConfig: Applying CVar settings from Section [EffectsQuality@3] File [C:/Users/Kamp-Legion/Documents/Unreal Projects/SanRockArtVRMED7/Saved/Config/Windows/Scalability.ini]
[2019.10.14-07.43.26:282][  0]LogConfig: Setting CVar [[r.TranslucencyLightingVolumeDim:64]]
[2019.10.14-07.43.26:282][  0]LogConfig: Setting CVar [[r.RefractionQuality:2]]
[2019.10.14-07.43.26:282][  0]LogConfig: Setting CVar [[r.SSR.Quality:3]]
[2019.10.14-07.43.26:282][  0]LogConfig: Setting CVar [[r.SceneColorFormat:4]]
[2019.10.14-07.43.26:282][  0]LogConfig: Setting CVar [[r.DetailMode:2]]
[2019.10.14-07.43.26:282][  0]LogConfig: Setting CVar [[r.TranslucencyVolumeBlur:1]]
[2019.10.14-07.43.26:282][  0]LogConfig: Setting CVar [[r.MaterialQualityLevel:1 ; High quality]]
[2019.10.14-07.43.26:282][  0]LogConfig: Setting CVar [[r.SSS.Scale:1]]
[2019.10.14-07.43.26:282][  0]LogConfig: Setting CVar [[r.SSS.SampleSet:2]]
[2019.10.14-07.43.26:282][  0]LogConfig: Setting CVar [[r.SSS.Quality:1]]
[2019.10.14-07.43.26:282][  0]LogConfig: Setting CVar [[r.SSS.HalfRes:1]]
[2019.10.14-07.43.26:282][  0]LogConfig: Setting CVar [[r.EmitterSpawnRateScale:1.0]]
[2019.10.14-07.43.26:282][  0]LogConfig: Setting CVar [[r.ParticleLightQuality:2]]
[2019.10.14-07.43.26:282][  0]LogConfig: Applying CVar settings from Section [FoliageQuality@3] File [C:/Users/Kamp-Legion/Documents/Unreal Projects/SanRockArtVRMED7/Saved/Config/Windows/Scalability.ini]
[2019.10.14-07.43.26:282][  0]LogConfig: Setting CVar [[foliage.DensityScale:1.0]]
[2019.10.14-07.43.26:282][  0]LogConfig: Setting CVar [[grass.DensityScale:1.0]]
[2019.10.14-07.43.26:282][  0]LogInit: Selected Device Profile: [Windows]
[2019.10.14-07.43.26:282][  0]LogInit: Applying CVar settings loaded from the selected device profile: [Windows]
[2019.10.14-07.43.26:285][  0]LogHAL: Display: Platform has ~ 16 GB [17033236480 / 17179869184 / 16], which maps to Larger [LargestMinGB=32, LargerMinGB=12, DefaultMinGB=8, SmallerMinGB=6, SmallestMinGB=0)
[2019.10.14-07.43.26:285][  0]LogInit: Going up to parent DeviceProfile []
[2019.10.14-07.43.26:285][  0]LogConfig: Applying CVar settings from Section [ViewDistanceQuality@3] File [C:/Users/Kamp-Legion/Documents/Unreal Projects/SanRockArtVRMED7/Saved/Config/Windows/Scalability.ini]
[2019.10.14-07.43.26:285][  0]LogConfig: Setting CVar [[r.SkeletalMeshLODBias:0]]
[2019.10.14-07.43.26:285][  0]LogConfig: Setting CVar [[r.ViewDistanceScale:1.0]]
[2019.10.14-07.43.26:285][  0]LogConfig: Applying CVar settings from Section [AntiAliasingQuality@3] File [C:/Users/Kamp-Legion/Documents/Unreal Projects/SanRockArtVRMED7/Saved/Config/Windows/Scalability.ini]
[2019.10.14-07.43.26:285][  0]LogConfig: Setting CVar [[r.PostProcessAAQuality:4]]
[2019.10.14-07.43.26:285][  0]LogConfig: Applying CVar settings from Section [ShadowQuality@3] File [C:/Users/Kamp-Legion/Documents/Unreal Projects/SanRockArtVRMED7/Saved/Config/Windows/Scalability.ini]
[2019.10.14-07.43.26:285][  0]LogConfig: Setting CVar [[r.LightFunctionQuality:1]]
[2019.10.14-07.43.26:285][  0]LogConfig: Setting CVar [[r.ShadowQuality:5]]
[2019.10.14-07.43.26:285][  0]LogConfig: Setting CVar [[r.Shadow.CSM.MaxCascades:10]]
[2019.10.14-07.43.26:286][  0]LogConfig: Setting CVar [[r.Shadow.MaxResolution:2048]]
[2019.10.14-07.43.26:286][  0]LogConfig: Setting CVar [[r.Shadow.MaxCSMResolution:2048]]
[2019.10.14-07.43.26:286][  0]LogConfig: Setting CVar [[r.Shadow.RadiusThreshold:0.01]]
[2019.10.14-07.43.26:286][  0]LogConfig: Setting CVar [[r.Shadow.DistanceScale:1.0]]
[2019.10.14-07.43.26:286][  0]LogConfig: Setting CVar [[r.Shadow.CSM.TransitionScale:1.0]]
[2019.10.14-07.43.26:286][  0]LogConfig: Setting CVar [[r.Shadow.PreShadowResolutionFactor:1.0]]
[2019.10.14-07.43.26:286][  0]LogConfig: Setting CVar [[r.DistanceFieldShadowing:1]]
[2019.10.14-07.43.26:286][  0]LogConfig: Setting CVar [[r.DistanceFieldAO:1]]
[2019.10.14-07.43.26:286][  0]LogConfig: Setting CVar [[r.AOQuality:2]]
[2019.10.14-07.43.26:286][  0]LogConfig: Setting CVar [[r.VolumetricFog:1]]
[2019.10.14-07.43.26:286][  0]LogConfig: Setting CVar [[r.VolumetricFog.GridPixelSize:8]]
[2019.10.14-07.43.26:286][  0]LogConfig: Setting CVar [[r.VolumetricFog.GridSizeZ:128]]
[2019.10.14-07.43.26:286][  0]LogConfig: Setting CVar [[r.VolumetricFog.HistoryMissSupersampleCount:4]]
[2019.10.14-07.43.26:286][  0]LogConfig: Setting CVar [[r.LightMaxDrawDistanceScale:1]]
[2019.10.14-07.43.26:286][  0]LogConfig: Setting CVar [[r.CapsuleShadows:1]]
[2019.10.14-07.43.26:286][  0]LogConfig: Applying CVar settings from Section [PostProcessQuality@3] File [C:/Users/Kamp-Legion/Documents/Unreal Projects/SanRockArtVRMED7/Saved/Config/Windows/Scalability.ini]
[2019.10.14-07.43.26:286][  0]LogConfig: Setting CVar [[r.MotionBlurQuality:4]]
[2019.10.14-07.43.26:286][  0]LogConfig: Setting CVar [[r.AmbientOcclusionMipLevelFactor:0.4]]
[2019.10.14-07.43.26:286][  0]LogConfig: Setting CVar [[r.AmbientOcclusionMaxQuality:100]]
[2019.10.14-07.43.26:286][  0]LogConfig: Setting CVar [[r.AmbientOcclusionLevels:-1]]
[2019.10.14-07.43.26:286][  0]LogConfig: Setting CVar [[r.AmbientOcclusionRadiusScale:1.0]]
[2019.10.14-07.43.26:286][  0]LogConfig: Setting CVar [[r.DepthOfFieldQuality:2]]
[2019.10.14-07.43.26:286][  0]LogConfig: Setting CVar [[r.RenderTargetPoolMin:400]]
[2019.10.14-07.43.26:286][  0]LogConfig: Setting CVar [[r.LensFlareQuality:2]]
[2019.10.14-07.43.26:286][  0]LogConfig: Setting CVar [[r.SceneColorFringeQuality:1]]
[2019.10.14-07.43.26:286][  0]LogConfig: Setting CVar [[r.EyeAdaptationQuality:2]]
[2019.10.14-07.43.26:286][  0]LogConfig: Setting CVar [[r.BloomQuality:5]]
[2019.10.14-07.43.26:286][  0]LogConfig: Setting CVar [[r.FastBlurThreshold:100]]
[2019.10.14-07.43.26:286][  0]LogConfig: Setting CVar [[r.Upscale.Quality:3]]
[2019.10.14-07.43.26:286][  0]LogConfig: Setting CVar [[r.Tonemapper.GrainQuantization:1]]
[2019.10.14-07.43.26:286][  0]LogConfig: Setting CVar [[r.LightShaftQuality:1]]
[2019.10.14-07.43.26:286][  0]LogConfig: Setting CVar [[r.Filter.SizeScale:1]]
[2019.10.14-07.43.26:286][  0]LogConfig: Setting CVar [[r.Tonemapper.Quality:5]]
[2019.10.14-07.43.26:286][  0]LogConfig: Setting CVar [[r.DOF.Gather.AccumulatorQuality:1        ; higher gathering accumulator quality]]
[2019.10.14-07.43.26:286][  0]LogConfig: Setting CVar [[r.DOF.Gather.PostfilterMethod:1          ; Median3x3 postfilering method]]
[2019.10.14-07.43.26:286][  0]LogConfig: Setting CVar [[r.DOF.Gather.EnableBokehSettings:0       ; no bokeh simulation when gathering]]
[2019.10.14-07.43.26:286][  0]LogConfig: Setting CVar [[r.DOF.Gather.RingCount:4                 ; medium number of samples when gathering]]
[2019.10.14-07.43.26:286][  0]LogConfig: Setting CVar [[r.DOF.Scatter.ForegroundCompositing:1    ; additive foreground scattering]]
[2019.10.14-07.43.26:286][  0]LogConfig: Setting CVar [[r.DOF.Scatter.BackgroundCompositing:2    ; additive background scattering]]
[2019.10.14-07.43.26:286][  0]LogConfig: Setting CVar [[r.DOF.Scatter.EnableBokehSettings:1      ; bokeh simulation when scattering]]
[2019.10.14-07.43.26:286][  0]LogConfig: Setting CVar [[r.DOF.Scatter.MaxSpriteRatio:0.1         ; only a maximum of 10% of scattered bokeh]]
[2019.10.14-07.43.26:286][  0]LogConfig: Setting CVar [[r.DOF.Recombine.Quality:1                ; cheap slight out of focus]]
[2019.10.14-07.43.26:286][  0]LogConfig: Setting CVar [[r.DOF.Recombine.EnableBokehSettings:0    ; no bokeh simulation on slight out of focus]]
[2019.10.14-07.43.26:286][  0]LogConfig: Setting CVar [[r.DOF.TemporalAAQuality:1                ; more stable temporal accumulation]]
[2019.10.14-07.43.26:286][  0]LogConfig: Setting CVar [[r.DOF.Kernel.MaxForegroundRadius:0.025]]
[2019.10.14-07.43.26:286][  0]LogConfig: Setting CVar [[r.DOF.Kernel.MaxBackgroundRadius:0.025]]
[2019.10.14-07.43.26:286][  0]LogConfig: Applying CVar settings from Section [TextureQuality@3] File [C:/Users/Kamp-Legion/Documents/Unreal Projects/SanRockArtVRMED7/Saved/Config/Windows/Scalability.ini]
[2019.10.14-07.43.26:286][  0]LogConfig: Setting CVar [[r.Streaming.MipBias:0]]
[2019.10.14-07.43.26:286][  0]LogConfig: Setting CVar [[r.Streaming.AmortizeCPUToGPUCopy:0]]
[2019.10.14-07.43.26:286][  0]LogConfig: Setting CVar [[r.Streaming.MaxNumTexturesToStreamPerFrame:0]]
[2019.10.14-07.43.26:286][  0]LogConfig: Setting CVar [[r.Streaming.Boost:1]]
[2019.10.14-07.43.26:286][  0]LogConfig: Setting CVar [[r.MaxAnisotropy:8]]
[2019.10.14-07.43.26:287][  0]LogConfig: Setting CVar [[r.Streaming.LimitPoolSizeToVRAM:0]]
[2019.10.14-07.43.26:287][  0]LogConfig: Setting CVar [[r.Streaming.PoolSize:1000]]
[2019.10.14-07.43.26:287][  0]LogConfig: Setting CVar [[r.Streaming.MaxEffectiveScreenSize:0]]
[2019.10.14-07.43.26:287][  0]LogConfig: Applying CVar settings from Section [EffectsQuality@3] File [C:/Users/Kamp-Legion/Documents/Unreal Projects/SanRockArtVRMED7/Saved/Config/Windows/Scalability.ini]
[2019.10.14-07.43.26:287][  0]LogConfig: Setting CVar [[r.TranslucencyLightingVolumeDim:64]]
[2019.10.14-07.43.26:287][  0]LogConfig: Setting CVar [[r.RefractionQuality:2]]
[2019.10.14-07.43.26:287][  0]LogConfig: Setting CVar [[r.SSR.Quality:3]]
[2019.10.14-07.43.26:287][  0]LogConfig: Setting CVar [[r.SceneColorFormat:4]]
[2019.10.14-07.43.26:287][  0]LogConfig: Setting CVar [[r.DetailMode:2]]
[2019.10.14-07.43.26:287][  0]LogConfig: Setting CVar [[r.TranslucencyVolumeBlur:1]]
[2019.10.14-07.43.26:287][  0]LogConfig: Setting CVar [[r.MaterialQualityLevel:1 ; High quality]]
[2019.10.14-07.43.26:287][  0]LogConfig: Setting CVar [[r.SSS.Scale:1]]
[2019.10.14-07.43.26:287][  0]LogConfig: Setting CVar [[r.SSS.SampleSet:2]]
[2019.10.14-07.43.26:287][  0]LogConfig: Setting CVar [[r.SSS.Quality:1]]
[2019.10.14-07.43.26:287][  0]LogConfig: Setting CVar [[r.SSS.HalfRes:1]]
[2019.10.14-07.43.26:287][  0]LogConfig: Setting CVar [[r.EmitterSpawnRateScale:1.0]]
[2019.10.14-07.43.26:287][  0]LogConfig: Setting CVar [[r.ParticleLightQuality:2]]
[2019.10.14-07.43.26:287][  0]LogConfig: Applying CVar settings from Section [FoliageQuality@3] File [C:/Users/Kamp-Legion/Documents/Unreal Projects/SanRockArtVRMED7/Saved/Config/Windows/Scalability.ini]
[2019.10.14-07.43.26:287][  0]LogConfig: Setting CVar [[foliage.DensityScale:1.0]]
[2019.10.14-07.43.26:287][  0]LogConfig: Setting CVar [[grass.DensityScale:1.0]]
[2019.10.14-07.43.26:287][  0]LogConfig: Applying CVar settings from Section [Startup] File [../../../Engine/Config/ConsoleVariables.ini]
[2019.10.14-07.43.26:287][  0]LogConfig: Setting CVar [[net.UseAdaptiveNetUpdateFrequency:0]]
[2019.10.14-07.43.26:287][  0]LogConfig: Setting CVar [[p.chaos.AllowCreatePhysxBodies:1]]
[2019.10.14-07.43.26:287][  0]LogConfig: Applying CVar settings from Section [ConsoleVariables] File [C:/Users/Kamp-Legion/Documents/Unreal Projects/SanRockArtVRMED7/Saved/Config/Windows/Engine.ini]
[2019.10.14-07.43.26:287][  0]LogInit: Computer: LAPTOP-KALMUV1E
[2019.10.14-07.43.26:288][  0]LogInit: User: KampLegion
[2019.10.14-07.43.26:288][  0]LogInit: CPU Page size=4096, Cores=4
[2019.10.14-07.43.26:288][  0]LogInit: High frequency timer resolution =10.000000 MHz
[2019.10.14-07.43.26:288][  0]LogMemory: Memory total: Physical=15.9GB (16GB approx)
[2019.10.14-07.43.26:288][  0]LogMemory: Platform Memory Stats for Windows
[2019.10.14-07.43.26:288][  0]LogMemory: Process Physical Memory: 100.18 MB used, 100.19 MB peak
[2019.10.14-07.43.26:288][  0]LogMemory: Process Virtual Memory: 111.95 MB used, 111.95 MB peak
[2019.10.14-07.43.26:288][  0]LogMemory: Physical Memory: 7834.55 MB used,  8409.61 MB free, 16244.16 MB total
[2019.10.14-07.43.26:288][  0]LogMemory: Virtual Memory: 4668.43 MB used,  134213056.00 MB free, 134217728.00 MB total
[2019.10.14-07.43.26:291][  0]LogWindows: WindowsPlatformFeatures enabled
[2019.10.14-07.43.26:328][  0]LogInit: Using OS detected language (en-US).
[2019.10.14-07.43.26:328][  0]LogInit: Using OS detected locale (en-DK).
[2019.10.14-07.43.26:329][  0]LogTextLocalizationManager: No specific localization for 'en-US' exists, so the 'en' localization will be used.
[2019.10.14-07.43.26:509][  0]LogInit: Setting process to per monitor DPI aware
[2019.10.14-07.43.26:545][  0]LogSlate: New Slate User Created.  User Index 0, Is Virtual User: 0
[2019.10.14-07.43.26:545][  0]LogSlate: Slate User Registered.  User Index 0, Is Virtual User: 0
[2019.10.14-07.43.26:776][  0]LogHMD: Failed to initialize OpenVR with code 110
[2019.10.14-07.43.26:776][  0]LogD3D11RHI: D3D11 adapters:
[2019.10.14-07.43.26:870][  0]LogD3D11RHI:    0. 'NVIDIA GeForce GTX 1060' (Feature Level 11_0)
[2019.10.14-07.43.26:870][  0]LogD3D11RHI:       6052/0/8122 MB DedicatedVideo/DedicatedSystem/SharedSystem, Outputs:1, VendorId:0x10de
[2019.10.14-07.43.26:886][  0]LogD3D11RHI:    1. 'Intel(R) HD Graphics 630' (Feature Level 11_0)
[2019.10.14-07.43.26:886][  0]LogD3D11RHI:       128/0/8122 MB DedicatedVideo/DedicatedSystem/SharedSystem, Outputs:0, VendorId:0x8086
[2019.10.14-07.43.26:889][  0]LogD3D11RHI:    2. 'Microsoft Basic Render Driver' (Feature Level 11_0)
[2019.10.14-07.43.26:889][  0]LogD3D11RHI:       0/0/8122 MB DedicatedVideo/DedicatedSystem/SharedSystem, Outputs:0, VendorId:0x1414
[2019.10.14-07.43.26:889][  0]LogD3D11RHI: Chosen D3D11 Adapter: 0
[2019.10.14-07.43.26:936][  0]LogD3D11RHI: Creating new Direct3DDevice
[2019.10.14-07.43.26:936][  0]LogD3D11RHI:     GPU DeviceId: 0x1c20 (for the marketing name, search the web for "GPU Device Id")
[2019.10.14-07.43.26:936][  0]LogWindows: EnumDisplayDevices:
[2019.10.14-07.43.26:936][  0]LogWindows:    0. 'Intel(R) HD Graphics 630' (P:1 D:1)
[2019.10.14-07.43.26:937][  0]LogWindows:    1. 'Intel(R) HD Graphics 630' (P:0 D:0)
[2019.10.14-07.43.26:938][  0]LogWindows:    2. 'Intel(R) HD Graphics 630' (P:0 D:0)
[2019.10.14-07.43.26:939][  0]LogWindows:    3. 'NVIDIA GeForce GTX 1060' (P:0 D:0)
[2019.10.14-07.43.26:940][  0]LogWindows:    4. 'NVIDIA GeForce GTX 1060' (P:0 D:0)
[2019.10.14-07.43.26:941][  0]LogWindows:    5. 'NVIDIA GeForce GTX 1060' (P:0 D:0)
[2019.10.14-07.43.26:941][  0]LogWindows:    6. 'NVIDIA GeForce GTX 1060' (P:0 D:0)
[2019.10.14-07.43.26:942][  0]LogWindows: DebugString: PrimaryIsNotTheChoosenAdapter PrimaryIsNotTheChoosenAdapter PrimaryIsNotTheChoosenAdapter FoundDriverCount:4 
[2019.10.14-07.43.26:942][  0]LogD3D11RHI:     Adapter Name: NVIDIA GeForce GTX 1060
[2019.10.14-07.43.26:942][  0]LogD3D11RHI:   Driver Version: 436.48 (internal:26.21.14.3648, unified:436.48)
[2019.10.14-07.43.26:942][  0]LogD3D11RHI:      Driver Date: 9-26-2019
[2019.10.14-07.43.26:942][  0]LogRHI: Texture pool is 4236 MB (70% of 6052 MB)
[2019.10.14-07.43.27:021][  0]LogD3D11RHI: Async texture creation enabled
[2019.10.14-07.43.27:041][  0]LogD3D11RHI: GPU Timing Frequency: 1000.000000 (Debug: 2 1)
[2019.10.14-07.43.27:429][  0]LogTemp: Display: Module 'AllDesktopTargetPlatform' loaded TargetPlatform 'AllDesktop'
[2019.10.14-07.43.27:440][  0]LogTemp: Display: Module 'MacClientTargetPlatform' loaded TargetPlatform 'MacClient'
[2019.10.14-07.43.27:450][  0]LogTemp: Display: Module 'MacNoEditorTargetPlatform' loaded TargetPlatform 'MacNoEditor'
[2019.10.14-07.43.27:461][  0]LogTemp: Display: Module 'MacServerTargetPlatform' loaded TargetPlatform 'MacServer'
[2019.10.14-07.43.27:472][  0]LogTemp: Display: Module 'MacTargetPlatform' loaded TargetPlatform 'Mac'
[2019.10.14-07.43.27:482][  0]LogTemp: Display: Module 'WindowsClientTargetPlatform' loaded TargetPlatform 'WindowsClient'
[2019.10.14-07.43.27:493][  0]LogTemp: Display: Module 'WindowsNoEditorTargetPlatform' loaded TargetPlatform 'WindowsNoEditor'
[2019.10.14-07.43.27:503][  0]LogTemp: Display: Module 'WindowsServerTargetPlatform' loaded TargetPlatform 'WindowsServer'
[2019.10.14-07.43.27:509][  0]LogTemp: Display: Module 'WindowsTargetPlatform' loaded TargetPlatform 'Windows'
[2019.10.14-07.43.27:546][  0]LogTemp: Display: Module 'AndroidTargetPlatform' loaded TargetPlatform 'Android'
[2019.10.14-07.43.27:547][  0]LogTemp: Display: Module 'AndroidTargetPlatform' loaded TargetPlatform 'Android_ASTC'
[2019.10.14-07.43.27:547][  0]LogTemp: Display: Module 'AndroidTargetPlatform' loaded TargetPlatform 'Android_ATC'
[2019.10.14-07.43.27:547][  0]LogTemp: Display: Module 'AndroidTargetPlatform' loaded TargetPlatform 'Android_DXT'
[2019.10.14-07.43.27:547][  0]LogTemp: Display: Module 'AndroidTargetPlatform' loaded TargetPlatform 'Android_ETC1'
[2019.10.14-07.43.27:547][  0]LogTemp: Display: Module 'AndroidTargetPlatform' loaded TargetPlatform 'Android_ETC1a'
[2019.10.14-07.43.27:547][  0]LogTemp: Display: Module 'AndroidTargetPlatform' loaded TargetPlatform 'Android_ETC2'
[2019.10.14-07.43.27:547][  0]LogTemp: Display: Module 'AndroidTargetPlatform' loaded TargetPlatform 'Android_PVRTC'
[2019.10.14-07.43.27:547][  0]LogTemp: Display: Module 'AndroidTargetPlatform' loaded TargetPlatform 'AndroidClient'
[2019.10.14-07.43.27:547][  0]LogTemp: Display: Module 'AndroidTargetPlatform' loaded TargetPlatform 'Android_ASTCClient'
[2019.10.14-07.43.27:547][  0]LogTemp: Display: Module 'AndroidTargetPlatform' loaded TargetPlatform 'Android_ATCClient'
[2019.10.14-07.43.27:547][  0]LogTemp: Display: Module 'AndroidTargetPlatform' loaded TargetPlatform 'Android_DXTClient'
[2019.10.14-07.43.27:547][  0]LogTemp: Display: Module 'AndroidTargetPlatform' loaded TargetPlatform 'Android_ETC1Client'
[2019.10.14-07.43.27:547][  0]LogTemp: Display: Module 'AndroidTargetPlatform' loaded TargetPlatform 'Android_ETC1aClient'
[2019.10.14-07.43.27:547][  0]LogTemp: Display: Module 'AndroidTargetPlatform' loaded TargetPlatform 'Android_ETC2Client'
[2019.10.14-07.43.27:547][  0]LogTemp: Display: Module 'AndroidTargetPlatform' loaded TargetPlatform 'Android_PVRTCClient'
[2019.10.14-07.43.27:547][  0]LogTemp: Display: Module 'AndroidTargetPlatform' loaded TargetPlatform 'Android_Multi'
[2019.10.14-07.43.27:547][  0]LogTemp: Display: Module 'AndroidTargetPlatform' loaded TargetPlatform 'Android_MultiClient'
[2019.10.14-07.43.27:549][  0]LogTemp: Display: Module 'HTML5TargetPlatform' loaded TargetPlatform 'HTML5'
[2019.10.14-07.43.27:570][  0]LogTemp: Display: Module 'IOSTargetPlatform' loaded TargetPlatform 'IOSClient'
[2019.10.14-07.43.27:570][  0]LogTemp: Display: Module 'IOSTargetPlatform' loaded TargetPlatform 'IOS'
[2019.10.14-07.43.27:586][  0]LogTemp: Display: Module 'TVOSTargetPlatform' loaded TargetPlatform 'TVOSClient'
[2019.10.14-07.43.27:587][  0]LogTemp: Display: Module 'TVOSTargetPlatform' loaded TargetPlatform 'TVOS'
[2019.10.14-07.43.27:595][  0]LogTemp: Display: Module 'LinuxClientTargetPlatform' loaded TargetPlatform 'LinuxClient'
[2019.10.14-07.43.27:603][  0]LogTemp: Display: Module 'LinuxNoEditorTargetPlatform' loaded TargetPlatform 'LinuxNoEditor'
[2019.10.14-07.43.27:611][  0]LogTemp: Display: Module 'LinuxServerTargetPlatform' loaded TargetPlatform 'LinuxServer'
[2019.10.14-07.43.27:621][  0]LogTemp: Display: Module 'LinuxTargetPlatform' loaded TargetPlatform 'Linux'
[2019.10.14-07.43.27:648][  0]LogTemp: Display: Module 'LuminTargetPlatform' loaded TargetPlatform 'Lumin'
[2019.10.14-07.43.27:648][  0]LogTemp: Display: Module 'LuminTargetPlatform' loaded TargetPlatform 'LuminClient'
[2019.10.14-07.43.27:648][  0]LogTargetPlatformManager: Display: Building Assets For Windows
[2019.10.14-07.43.27:660][  0]LogAudioDebug: Display: Lib vorbis DLL was dynamically loaded.
[2019.10.14-07.43.27:731][  0]LogShaderCompilers: Guid format shader working directory is -27 characters bigger than the processId version (../../../../../../Users/Kamp-Legion/Documents/Unreal Projects/SanRockArtVRMED7/Intermediate/Shaders/WorkingDirectory/19076/).
[2019.10.14-07.43.27:731][  0]LogShaderCompilers: Cleaned the shader compiler working directory 'C:/Users/Kamp-Legion/AppData/Local/Temp/UnrealShaderWorkingDir/FFAB756743F058A21FA03AB833527278/'.
[2019.10.14-07.43.27:735][  0]LogXGEController: Cannot use XGE Controller as Incredibuild is not installed on this machine.
[2019.10.14-07.43.27:735][  0]LogShaderCompilers: Cannot use XGE Shader Compiler as Incredibuild is not installed on this machine.
[2019.10.14-07.43.27:735][  0]LogShaderCompilers: Display: Using Local Shader Compiler.
[2019.10.14-07.43.28:468][  0]LogDerivedDataCache: Display: Max Cache Size: 512 MB
[2019.10.14-07.43.28:520][  0]LogDerivedDataCache: Loaded boot cache 0.05s 74MB C:/Users/Kamp-Legion/AppData/Local/UnrealEngine/4.23/DerivedDataCache/Boot.ddc.
[2019.10.14-07.43.28:521][  0]LogDerivedDataCache: Display: Loaded Boot cache: C:/Users/Kamp-Legion/AppData/Local/UnrealEngine/4.23/DerivedDataCache/Boot.ddc
[2019.10.14-07.43.28:521][  0]LogDerivedDataCache: FDerivedDataBackendGraph:  Pak pak cache file ../../../../../../Users/Kamp-Legion/Documents/Unreal Projects/SanRockArtVRMED7/DerivedDataCache/DDC.ddp not found, will not use a pak cache.
[2019.10.14-07.43.28:521][  0]LogDerivedDataCache: Unable to find inner node Pak for hierarchical cache Hierarchy.
[2019.10.14-07.43.28:521][  0]LogDerivedDataCache: FDerivedDataBackendGraph:  CompressedPak pak cache file ../../../../../../Users/Kamp-Legion/Documents/Unreal Projects/SanRockArtVRMED7/DerivedDataCache/Compressed.ddp not found, will not use a pak cache.
[2019.10.14-07.43.28:521][  0]LogDerivedDataCache: Unable to find inner node CompressedPak for hierarchical cache Hierarchy.
[2019.10.14-07.43.28:532][  0]LogDerivedDataCache: Display: Pak cache opened for reading ../../../Engine/DerivedDataCache/Compressed.ddp.
[2019.10.14-07.43.28:535][  0]LogDerivedDataCache: Display: Pak cache opened for reading ../../../Enterprise/DerivedDataCache/Compressed.ddp.
[2019.10.14-07.43.28:536][  0]LogDerivedDataCache: Using Local data cache path C:/Users/Kamp-Legion/AppData/Local/UnrealEngine/Common/DerivedDataCache: Writable
[2019.10.14-07.43.28:536][  0]LogDerivedDataCache: Shared data cache path not found in *engine.ini, will not use an Shared cache.
[2019.10.14-07.43.28:536][  0]LogDerivedDataCache: Unable to find inner node Shared for hierarchical cache Hierarchy.
[2019.10.14-07.43.28:561][  0]LogMaterial: Verifying Global Shaders for PCD3D_SM5
[2019.10.14-07.43.28:564][  0]LogSlate: Using FreeType 2.6.0
[2019.10.14-07.43.28:564][  0]LogSlate: SlateFontServices - WITH_FREETYPE: 1, WITH_HARFBUZZ: 1
[2019.10.14-07.43.28:634][  0]LogAssetRegistry: FAssetRegistry took 0.0029 seconds to start up
[2019.10.14-07.43.28:917][  0]LogInit: Selected Device Profile: [Windows]
[2019.10.14-07.43.28:977][  0]LogMeshReduction: Using QuadricMeshReduction for automatic static mesh reduction
[2019.10.14-07.43.28:977][  0]LogMeshReduction: Using SimplygonMeshReduction for automatic skeletal mesh reduction
[2019.10.14-07.43.28:977][  0]LogMeshReduction: Using ProxyLODMeshReduction for automatic mesh merging
[2019.10.14-07.43.28:977][  0]LogMeshReduction: No distributed automatic mesh merging module available
[2019.10.14-07.43.28:977][  0]LogMeshMerging: No distributed automatic mesh merging module available
[2019.10.14-07.43.29:101][  0]LogNetVersion: SanRockArtVRMED7 1.0.0, NetCL: 8386587, EngineNetVer: 11, GameNetVer: 0 (Checksum: 2483326429)
[2019.10.14-07.43.29:595][  0]LogPackageLocalizationCache: Processed 18 localized package path(s) for 1 prioritized culture(s) in 0.081801 seconds
[2019.10.14-07.43.29:601][  0]LogUObjectArray: 43444 objects as part of root set at end of initial load.
[2019.10.14-07.43.29:602][  0]LogUObjectAllocator: 7548648 out of 0 bytes used by permanent object pool.
[2019.10.14-07.43.29:602][  0]LogUObjectArray: CloseDisregardForGC: 0/0 objects in disregard for GC pool
[2019.10.14-07.43.30:709][  0]LogTcpMessaging: Initializing TcpMessaging bridge
[2019.10.14-07.43.30:712][  0]LogUdpMessaging: Initializing bridge on interface 0.0.0.0:0 to multicast group 230.0.0.1:6666.
[2019.10.14-07.43.30:773][  0]SourceControl: Source control is disabled
[2019.10.14-07.43.30:773][  0]SourceControl: Source control is disabled
[2019.10.14-07.43.30:775][  0]SourceControl: Source control is disabled
[2019.10.14-07.43.30:776][  0]SourceControl: Source control is disabled
[2019.10.14-07.43.30:978][  0]LogAndroidPermission: UAndroidPermissionCallbackProxy::GetInstance
[2019.10.14-07.43.31:088][  0]LogOcInput: OculusInput pre-init called
[2019.10.14-07.43.31:104][  0]LogWindows: Failed to load 'OVRPlugin.dll' (GetLastError=126)
[2019.10.14-07.43.31:104][  0]LogWindows: File 'OVRPlugin.dll' does not exist
[2019.10.14-07.43.36:012][  0]LogEngine: Initializing Engine...
[2019.10.14-07.43.36:013][  0]LogHMD: Failed to initialize OpenVR with code 110
[2019.10.14-07.43.36:014][  0]LogStats: UGameplayTagsManager::InitializeManager -  0.000 s
[2019.10.14-07.43.36:258][  0]LogInit: Initializing FReadOnlyCVARCache
[2019.10.14-07.43.36:275][  0]LogAIModule: Creating AISystem for world Untitled
[2019.10.14-07.43.36:298][  0]LogInit: XAudio2 using 'Speakers (Realtek High Definition Audio)' : 2 channels at 48 kHz using 32 bits per sample (channel mask 0x3)
[2019.10.14-07.43.36:595][  0]LogInit: FAudioDevice initialized.
[2019.10.14-07.43.36:596][  0]LogNetVersion: Set ProjectVersion to 1.0.0.0. Version Checksum will be recalculated on next use.
[2019.10.14-07.43.36:666][  0]LogDerivedDataCache: Saved boot cache 0.07s 74MB C:/Users/Kamp-Legion/AppData/Local/UnrealEngine/4.23/DerivedDataCache/Boot.ddc.
[2019.10.14-07.43.36:667][  0]LogInit: Texture streaming: Enabled
[2019.10.14-07.43.36:698][  0]LogEngineSessionManager: EngineSessionManager initialized
[2019.10.14-07.43.36:782][  0]LogInit: Transaction tracking system initialized
[2019.10.14-07.43.36:833][  0]BlueprintLog: New page: Editor Load
[2019.10.14-07.43.36:942][  0]LocalizationService: Localization service is disabled
[2019.10.14-07.43.37:225][  0]LogFileCache: Scanning file cache for directory 'C:/Users/Kamp-Legion/Documents/Unreal Projects/SanRockArtVRMED7/Content/' took 0.00s
[2019.10.14-07.43.37:225][  0]LogCook: Display: Max memory allowance for cook 16384mb min free memory 0mb
[2019.10.14-07.43.37:225][  0]LogCook: Display: Mobile HDR setting 1
[2019.10.14-07.43.39:531][  0]SourceControl: Source control is disabled
[2019.10.14-07.43.39:531][  0]Cmd: MAP LOAD FILE="../../../Engine/Content/Maps/Templates/Template_Default.umap" TEMPLATE=1 SHOWPROGRESS=1 FEATURELEVEL=3
[2019.10.14-07.43.39:531][  0]LightingResults: New page: Lighting Build
[2019.10.14-07.43.39:534][  0]LogWorld: UWorld::CleanupWorld for Untitled, bSessionEnded=true, bCleanupResources=true
[2019.10.14-07.43.39:534][  0]MapCheck: New page: Map Check
[2019.10.14-07.43.39:534][  0]LightingResults: New page: Lighting Build
[2019.10.14-07.43.39:561][  0]LogUObjectHash: Compacting FUObjectHashTables data took   1.66ms
[2019.10.14-07.43.39:646][  0]LogAIModule: Creating AISystem for world Untitled_1
[2019.10.14-07.43.39:654][  0]LogEditorServer: Finished looking for orphan Actors (0.000 secs)
[2019.10.14-07.43.39:684][  0]LogUObjectHash: Compacting FUObjectHashTables data took   2.02ms
[2019.10.14-07.43.39:684][  0]Cmd: MAP CHECKDEP NOCLEARLOG
[2019.10.14-07.43.39:684][  0]MapCheck: Map check complete: 0 Error(s), 0 Warning(s), took 0.196ms to complete.
[2019.10.14-07.43.39:684][  0]LogFileHelpers: Loading map 'Template_Default' took 0.154
[2019.10.14-07.43.39:868][  0]LogSlate: Updating window title bar state: overlay mode, drag disabled, window buttons hidden, title bar hidden
[2019.10.14-07.43.39:880][  0]LogSlate: Updating window title bar state: overlay mode, drag disabled, window buttons hidden, title bar hidden
[2019.10.14-07.43.39:889][  0]LogSlate: Updating window title bar state: overlay mode, drag disabled, window buttons hidden, title bar hidden
[2019.10.14-07.43.39:898][  0]LogSlate: Updating window title bar state: overlay mode, drag disabled, window buttons hidden, title bar hidden
[2019.10.14-07.43.39:907][  0]LogCollectionManager: Loaded 0 collections in 0.002806 seconds
[2019.10.14-07.43.39:918][  0]LogFileCache: Scanning file cache for directory 'C:/Users/Kamp-Legion/Documents/Unreal Projects/SanRockArtVRMED7/Saved/Collections/' took 0.00s
[2019.10.14-07.43.39:918][  0]LogFileCache: Scanning file cache for directory 'C:/Users/Kamp-Legion/Documents/Unreal Projects/SanRockArtVRMED7/Content/Developers/KampLegion/Collections/' took 0.00s
[2019.10.14-07.43.39:918][  0]LogFileCache: Scanning file cache for directory 'C:/Users/Kamp-Legion/Documents/Unreal Projects/SanRockArtVRMED7/Content/Collections/' took 0.00s
[2019.10.14-07.43.39:918][  0]LogCollectionManager: Rebuilt the GUID cache for 0 collections in 0.000002 seconds
[2019.10.14-07.43.39:929][  0]LogContentBrowser: Native class hierarchy populated in 0.0110 seconds. Added 3045 classes and 765 folders.
[2019.10.14-07.43.39:951][  0]LogContentBrowser: Native class hierarchy updated for 'WidgetCarousel' in 0.0003 seconds. Added 0 classes and 0 folders.
[2019.10.14-07.43.40:025][  0]LogContentBrowser: Native class hierarchy updated for 'AddContentDialog' in 0.0003 seconds. Added 0 classes and 0 folders.
[2019.10.14-07.43.40:030][  0]LogContentBrowser: Native class hierarchy updated for 'SceneOutliner' in 0.0003 seconds. Added 1 classes and 0 folders.
[2019.10.14-07.43.40:111][  0]LogSlate: Took 0.000223 seconds to synchronously load lazily loaded font '../../../Engine/Content/Slate/Fonts/Roboto-Regular.ttf' (155K)
[2019.10.14-07.43.40:114][  0]LogSlate: Took 0.000241 seconds to synchronously load lazily loaded font '../../../Engine/Content/Slate/Fonts/Roboto-Bold.ttf' (160K)
[2019.10.14-07.43.40:120][  0]LogSlate: Took 0.000305 seconds to synchronously load lazily loaded font '../../../Engine/Content/Editor/Slate/Fonts/FontAwesome.ttf' (139K)
[2019.10.14-07.43.40:201][  0]LogRenderer: Reallocating scene render targets to support 880x404 Format 10 NumSamples 1 (Frame:1).
[2019.10.14-07.43.40:357][  0]LogContentBrowser: Native class hierarchy updated for 'HierarchicalLODOutliner' in 0.0003 seconds. Added 0 classes and 0 folders.
[2019.10.14-07.43.40:357][  0]LogLoad: (Engine Initialization) Total time: 15.54 seconds
[2019.10.14-07.43.40:357][  0]LogLoad: (Engine Initialization) Total Blueprint compile time: 0.00 seconds
[2019.10.14-07.43.40:421][  0]LogContentStreaming: Texture pool size now 1000 MB
[2019.10.14-07.43.40:432][  0]LogSlate: Took 0.000252 seconds to synchronously load lazily loaded font '../../../Engine/Content/Slate/Fonts/Roboto-Light.ttf' (167K)
[2019.10.14-07.43.40:445][  1]LogAssetRegistry: Asset discovery search completed in 11.8113 seconds
[2019.10.14-07.43.40:448][  1]LogCollectionManager: Rebuilt the object cache for 0 collections in 0.000005 seconds (found 0 objects)
[2019.10.14-07.43.40:448][  1]LogCollectionManager: Fixed up redirectors for 0 collections in 0.000065 seconds (updated 0 objects)
[2019.10.14-07.43.45:495][128]LogSlate: FSceneViewport::OnFocusLost() reason 0
[2019.10.14-07.43.45:557][129]MapCheck: New page: Map Check
[2019.10.14-07.43.45:738][129]Cmd: MAP REBUILD ALLVISIBLE
[2019.10.14-07.43.45:739][129]LogEditorServer: Rebuildmap Clear paths rebuilt
[2019.10.14-07.43.45:966][129]LogWorld: UWorld::CleanupWorld for Untitled_1, bSessionEnded=true, bCleanupResources=false
[2019.10.14-07.43.46:033][129]LogUObjectHash: Compacting FUObjectHashTables data took   1.85ms
[2019.10.14-07.43.46:067][129]LogMaterial: Display: Missing cached shader map for material DebugViewMode MaterialTexCoordScale, compiling. 
[2019.10.14-07.43.46:086][129]LogShaderCompilers: Display: Worker (1/3): shaders left to compile 2
[2019.10.14-07.43.46:086][129]LogShaderCompilers: Display: Worker (2/3): shaders left to compile 1
[2019.10.14-07.43.46:086][129]LogMaterial: Display: Missing cached shader map for material DebugViewMode MaterialTexCoordScale, compiling. 
[2019.10.14-07.43.46:611][129]LogShaderCompilers: Display: Worker (3/3): shaders left to compile 2
[2019.10.14-07.43.46:611][129]LogShaderCompilers: Display: Worker (2/3): shaders left to compile 1
[2019.10.14-07.43.46:611][129]TextureStreamingBuild: Display: Compiling optional shaders took 0.557 seconds.
[2019.10.14-07.43.46:634][129]LogLevel: Display: Export Material TexCoord Scales took 0.023 seconds.
[2019.10.14-07.43.46:645][129]TextureStreamingBuild: Display: Build Texture Streaming took 0.010 seconds.
[2019.10.14-07.43.46:672][129]LogUObjectHash: Compacting FUObjectHashTables data took   0.67ms
[2019.10.14-07.43.46:674][129]LightingResults: New page: Lighting Build - Oct 14, 2019, 11:43:46 AM
[2019.10.14-07.43.46:726][129]LogSwarmInterface: [OpenConnection] Registering TCP channel ...
[2019.10.14-07.43.46:812][129]LogSwarmInterface: [OpenConnection] Connecting to agent ...
[2019.10.14-07.43.46:828][129]LogSwarmInterface: [TryOpenConnection] Testing the Agent
[2019.10.14-07.43.48:421][129]LogSwarmInterface: [TryOpenConnection] Opening Connection to Agent
[2019.10.14-07.43.48:421][129]LogSwarmInterface: [TryOpenConnection] Local Process ID is 19076
[2019.10.14-07.43.55:232][129]LogStaticLightingSystem: Warning: No importance volume found, so the scene bounding box was used.  You can optimize your scene's quality and lighting build times by adding importance volumes.
[2019.10.14-07.43.55:233][129]LogStaticLightingSystem: Running Lightmass w/ ImmediateImport mode ENABLED
[2019.10.14-07.43.55:233][129]LogStaticLightingSystem: Running Lightmass w/ ImmediateProcess mode ENABLED
[2019.10.14-07.43.55:233][129]LogStaticLightingSystem: Running Lightmass w/ Sorting mode ENABLED
[2019.10.14-07.43.55:233][129]LogStaticLightingSystem: Running Lightmass w/ Mapping paddings ENABLED
[2019.10.14-07.43.55:233][129]LogStaticLightingSystem: Running Lightmass w/ Mapping debug paddings DISABLED
[2019.10.14-07.43.55:469][129]LogMaterial: Display: Missing cached shader map for material FLightmassMaterialRenderer DefaultMaterial, compiling. 
[2019.10.14-07.43.55:484][129]LogMaterial: Display: Missing cached shader map for material FLightmassMaterialRenderer DefaultMaterial, compiling. 
[2019.10.14-07.43.55:496][129]LogShaderCompilers: Display: Worker (1/3): shaders left to compile 2
[2019.10.14-07.43.55:496][129]LogShaderCompilers: Display: Worker (2/3): shaders left to compile 1
[2019.10.14-07.43.55:496][129]LogShaderCompilers: Display: Worker (3/3): shaders left to compile 2
[2019.10.14-07.43.55:496][129]LogMaterial: Display: Missing cached shader map for material FLightmassMaterialRenderer MaterialInstanceDynamic_0, compiling. 
[2019.10.14-07.43.55:506][129]LogMaterial: Display: Missing cached shader map for material FLightmassMaterialRenderer MaterialInstanceDynamic_0, compiling. 
[2019.10.14-07.43.56:378][129]LogShaderCompilers: Display: Worker (2/3): shaders left to compile 5
[2019.10.14-07.43.56:378][129]LogShaderCompilers: Display: Worker (1/3): shaders left to compile 3
[2019.10.14-07.43.56:378][129]LogShaderCompilers: Display: Worker (3/3): shaders left to compile 1
[2019.10.14-07.43.56:378][129]LogUObjectHash: Compacting FUObjectHashTables data took   0.67ms
[2019.10.14-07.43.57:498][129]Job is a success!
[2019.10.14-07.43.57:564][129]LogVolumetricLightmapImport: Imported Volumetric Lightmap in 0.015s
[2019.10.14-07.43.57:564][129]LogVolumetricLightmapImport:      Indirection Texture 16x16x16 = 0.0Mb
[2019.10.14-07.43.57:564][129]LogVolumetricLightmapImport:      BrickData 30x5x5 = 0.0Mb
[2019.10.14-07.43.57:564][129]LogVolumetricLightmapImport:      Bricks at Level
[2019.10.14-07.43.57:564][129]LogVolumetricLightmapImport:          0: 16.7% covering 100.0% of volume
[2019.10.14-07.43.57:564][129]LogVolumetricLightmapImport:          1: 16.7% covering 1.6% of volume
[2019.10.14-07.43.57:564][129]LogVolumetricLightmapImport:          2: 66.7% covering 0.1% of volume
[2019.10.14-07.43.57:770][129]LogTexture: Display: Building textures: HQ_Lightmap0_1 (AutoDXT, 256X256)
[2019.10.14-07.43.57:770][129]LogTexture: Display: Building textures: LQ_Lightmap_0_1 (DXT1, 256X256)
[2019.10.14-07.43.57:770][129]LogTexture: Display: Building textures: HQ_Lightmap0_2 (AutoDXT, 64X64)
[2019.10.14-07.43.57:770][129]LogTexture: Display: Building textures: LQ_Lightmap_0_2 (DXT1, 64X64)
[2019.10.14-07.43.57:770][129]LogTexture: Display: Building textures: ShadowMapTexture2D_1 (G8, 32X32)
[2019.10.14-07.43.57:770][129]LogTexture: Display: Building textures: ShadowMapTexture2D_0 (G8, 128X128)
[2019.10.14-07.43.57:770][129]Lightmass on LAPTOP-KALMUV1E: 689 ms total, 117 ms importing, 29 ms setup, 64 ms photons, 432 ms processing, 0 ms extra exporting [2/2 mappings]. Threads: 1.72 sec total, 151 ms processing.
[2019.10.14-07.43.57:770][129]LogStaticLightingSystem: Untitled_1_BuiltData storing lightmap data for 2 meshes in 2 LightmapResourceClusters (1.0 Meshes per cluster).
[2019.10.14-07.43.57:800][129]LogUObjectHash: Compacting FUObjectHashTables data took   1.80ms
[2019.10.14-07.43.57:819][129]LogStaticLightingSystem: Illumination: 11.1 sec (22 ms encoding lightmaps, 5 ms encoding shadowmaps)
[2019.10.14-07.43.57:819][129]LogStaticLightingSystem: Lightmap texture memory:  0.1 MB (0.1 MB streaming, 0.0 MB non-streaming), 4 textures
[2019.10.14-07.43.57:819][129]LogStaticLightingSystem: Shadowmap texture memory: 0.0 MB (0.0 MB streaming, 0.0 MB non-streaming), 2 textures
[2019.10.14-07.43.58:232][129]DumpUnbuiltLightIteractions
[2019.10.14-07.43.58:232][129]Lights with unbuilt interactions: 0
[2019.10.14-07.43.58:232][129]
[2019.10.14-07.43.58:232][129]Primitives with unbuilt interactions: 0
[2019.10.14-07.43.58:284][129]Cmd: MAP CHECK DONTDISPLAYDIALOG
[2019.10.14-07.43.58:284][129]MapCheck: New page: Untitled_1 - Oct 14, 2019, 11:43:58 AM
[2019.10.14-07.43.58:285][129]MapCheck: Map check complete: 0 Error(s), 0 Warning(s), took 0.515ms to complete.
[2019.10.14-07.43.58:287][129]LogEditorBuildUtils: Build time 0:12
[2019.10.14-07.43.58:314][130]Cmd: MAP CHECK NOTIFYRESULTS
[2019.10.14-07.43.58:314][130]MapCheck: New page: Untitled_1 - Oct 14, 2019, 11:43:58 AM
[2019.10.14-07.43.58:314][130]MapCheck: Map check complete: 0 Error(s), 0 Warning(s), took 0.42ms to complete.
[2019.10.14-07.44.01:353][195]LogTemp: Repeating last play command: Selected Viewport
[2019.10.14-07.44.01:362][195]LogBlueprintUserMessages: Early PlayInEditor Detection: Level '/Temp/Untitled_1.Untitled_1:PersistentLevel' has LevelScriptBlueprint '/Temp/Untitled_1.Untitled_1:PersistentLevel.Untitled' with GeneratedClass '/Temp/Untitled_1.Untitled_C' with ClassGeneratedBy '/Temp/Untitled_1.Untitled_1:PersistentLevel.Untitled'
[2019.10.14-07.44.01:362][195]LogPlayLevel: PlayLevel: No blueprints needed recompiling
[2019.10.14-07.44.01:362][195]PIE: New page: PIE session: Untitled_1 (Oct 14, 2019, 11:44:01 AM)
[2019.10.14-07.44.01:363][195]LogOnline: OSS: Creating online subsystem instance for: NULL
[2019.10.14-07.44.01:365][195]LogPlayLevel: Creating play world package: /Temp/UEDPIE_0_Untitled_1
[2019.10.14-07.44.01:368][195]LogPlayLevel: PIE: StaticDuplicateObject took: (0.003194s)
[2019.10.14-07.44.01:369][195]LogAIModule: Creating AISystem for world Untitled_1
[2019.10.14-07.44.01:369][195]LogPlayLevel: PIE: World Init took: (0.001013s)
[2019.10.14-07.44.01:369][195]LogPlayLevel: PIE: Created PIE world by copying editor world from /Temp/Untitled_1.Untitled_1 to /Temp/UEDPIE_0_Untitled_1.Untitled_1 (0.004496s)
[2019.10.14-07.44.01:410][195]LogUObjectHash: Compacting FUObjectHashTables data took   1.77ms
[2019.10.14-07.44.01:422][195]LogInit: XAudio2 using 'Speakers (Realtek High Definition Audio)' : 2 channels at 48 kHz using 32 bits per sample (channel mask 0x3)
[2019.10.14-07.44.01:446][195]LogInit: FAudioDevice initialized.
[2019.10.14-07.44.01:457][195]LogLoad: Game class is 'GameModeBase'
[2019.10.14-07.44.01:459][195]LogWorld: Bringing World /Temp/UEDPIE_0_Untitled_1.Untitled_1 up for play (max tick rate 60) at 2019.10.14-09.44.01
[2019.10.14-07.44.01:459][195]LogWorld: Bringing up level for play took: 0.000635
[2019.10.14-07.44.01:459][195]LogOnline: OSS: Creating online subsystem instance for: :Context_1
[2019.10.14-07.44.01:468][195]LogContentBrowser: Native class hierarchy updated for 'MovieSceneCapture' in 0.0005 seconds. Added 20 classes and 0 folders.
[2019.10.14-07.44.01:470][195]PIE: Play in editor start time for /Temp/UEDPIE_0_Untitled_1 -0.511
[2019.10.14-07.44.01:470][195]LogBlueprintUserMessages: Late PlayInEditor Detection: Level '/Temp/Untitled_1.Untitled_1:PersistentLevel' has LevelScriptBlueprint '/Temp/Untitled_1.Untitled_1:PersistentLevel.Untitled' with GeneratedClass '/Temp/Untitled_1.Untitled_C' with ClassGeneratedBy '/Temp/Untitled_1.Untitled_1:PersistentLevel.Untitled'
[2019.10.14-07.44.16:821][660]LogBlueprintUserMessages: Early EndPlayMap Detection: Level '/Temp/Untitled_1.Untitled_1:PersistentLevel' has LevelScriptBlueprint '/Temp/Untitled_1.Untitled_1:PersistentLevel.Untitled' with GeneratedClass '/Temp/Untitled_1.Untitled_C' with ClassGeneratedBy '/Temp/Untitled_1.Untitled_1:PersistentLevel.Untitled'
[2019.10.14-07.44.16:821][660]LogSlate: Updating window title bar state: overlay mode, drag disabled, window buttons hidden, title bar hidden
[2019.10.14-07.44.16:821][660]LogWorld: BeginTearingDown for /Temp/UEDPIE_0_Untitled_1
[2019.10.14-07.44.16:821][660]LogWorld: UWorld::CleanupWorld for Untitled_1, bSessionEnded=true, bCleanupResources=true
[2019.10.14-07.44.16:893][660]LogPlayLevel: Display: Shutting down PIE online subsystems
[2019.10.14-07.44.16:893][660]LogBlueprintUserMessages: Late EndPlayMap Detection: Level '/Temp/Untitled_1.Untitled_1:PersistentLevel' has LevelScriptBlueprint '/Temp/Untitled_1.Untitled_1:PersistentLevel.Untitled' with GeneratedClass '/Temp/Untitled_1.Untitled_C' with ClassGeneratedBy '/Temp/Untitled_1.Untitled_1:PersistentLevel.Untitled'
[2019.10.14-07.44.16:924][660]LogSlate: Updating window title bar state: overlay mode, drag disabled, window buttons hidden, title bar hidden
[2019.10.14-07.44.16:927][660]LogUObjectHash: Compacting FUObjectHashTables data took   1.79ms
[2019.10.14-07.44.16:941][661]LogPlayLevel: Display: Destroying online subsystem :Context_1
[2019.10.14-07.44.18:319][698]LogSlate: FSceneViewport::OnFocusLost() reason 0
[2019.10.14-07.44.19:450][710]LogD3D11RHI: Error: Result failed 
 at D:/Build/++UE4/Sync/Engine/Source/Runtime/Windows/D3D11RHI/Private/D3D11Query.cpp:348 
 with error DXGI_ERROR_DEVICE_REMOVED DXGI_ERROR_DEVICE_HUNG
[2019.10.14-07.44.19:450][710]LogD3D11RHI: [Aftermath] GDynamicRHI=000001B9BD4B80C0, GDX11NVAfterMathEnabled=0, Result=0xFFFFFFFF, bDeviceActive=0
[2019.10.14-07.44.19:450][710]LogWindows: Windows GetLastError: The operation completed successfully. (0)
[2019.10.14-07.44.21:213][710]LogThreadingWindows: Error: Runnable thread RenderThread 4 crashed.
[2019.10.14-07.44.21:213][710]LogWindows: Error: === Critical error: ===
[2019.10.14-07.44.21:213][710]LogWindows: Error: 
[2019.10.14-07.44.21:213][710]LogWindows: Error: Fatal error: [File:D:/Build/++UE4/Sync/Engine/Source/Runtime/Windows/D3D11RHI/Private/D3D11Util.cpp] [Line: 198] 
[2019.10.14-07.44.21:213][710]LogWindows: Error: Unreal Engine is exiting due to D3D device being lost. (Error: 0x887A0006 - 'HUNG')
[2019.10.14-07.44.21:213][710]LogWindows: Error: 
[2019.10.14-07.44.21:213][710]LogWindows: Error: 
[2019.10.14-07.44.21:213][710]LogWindows: Error: Unhandled Exception: 0x00008000
[2019.10.14-07.44.21:213][710]LogWindows: Error: 
[2019.10.14-07.44.21:213][710]LogWindows: Error: [Callstack] 0x00007ff846a0a839 KERNELBASE.dll!UnknownFunction []
[2019.10.14-07.44.21:213][710]LogWindows: Error: [Callstack] 0x00007fffd1b4b637 UE4Editor-Core.dll!UnknownFunction []
[2019.10.14-07.44.21:213][710]LogWindows: Error: [Callstack] 0x00007fffd1b4c74d UE4Editor-Core.dll!UnknownFunction []
[2019.10.14-07.44.21:213][710]LogWindows: Error: [Callstack] 0x00007fffd1941afa UE4Editor-Core.dll!UnknownFunction []
[2019.10.14-07.44.21:213][710]LogWindows: Error: [Callstack] 0x00007fffd18967c3 UE4Editor-Core.dll!UnknownFunction []
[2019.10.14-07.44.21:213][710]LogWindows: Error: [Callstack] 0x00007fffd18966a8 UE4Editor-Core.dll!UnknownFunction []
[2019.10.14-07.44.21:213][710]LogWindows: Error: [Callstack] 0x00007fffc9c5ce56 UE4Editor-D3D11RHI.dll!UnknownFunction []
[2019.10.14-07.44.21:213][710]LogWindows: Error: [Callstack] 0x00007fffc9c614b0 UE4Editor-D3D11RHI.dll!UnknownFunction []
[2019.10.14-07.44.21:213][710]LogWindows: Error: [Callstack] 0x00007fffc9c37fd7 UE4Editor-D3D11RHI.dll!UnknownFunction []
[2019.10.14-07.44.21:213][710]LogWindows: Error: [Callstack] 0x00007fffc9c4d1cd UE4Editor-D3D11RHI.dll!UnknownFunction []
[2019.10.14-07.44.21:213][710]LogWindows: Error: [Callstack] 0x00007ff80cc677b0 UE4Editor-RHI.dll!UnknownFunction []
[2019.10.14-07.44.21:213][710]LogWindows: Error: [Callstack] 0x00007ff80cc672aa UE4Editor-RHI.dll!UnknownFunction []
[2019.10.14-07.44.21:213][710]LogWindows: Error: [Callstack] 0x00007ff80cc68373 UE4Editor-RHI.dll!UnknownFunction []
[2019.10.14-07.44.21:213][710]LogWindows: Error: [Callstack] 0x00007ff80cc5e7ca UE4Editor-RHI.dll!UnknownFunction []
[2019.10.14-07.44.21:213][710]LogWindows: Error: [Callstack] 0x00007fffc99c90d6 UE4Editor-SlateRHIRenderer.dll!UnknownFunction []
[2019.10.14-07.44.21:213][710]LogWindows: Error: [Callstack] 0x00007fffc99d07f2 UE4Editor-SlateRHIRenderer.dll!UnknownFunction []
[2019.10.14-07.44.21:213][710]LogWindows: Error: [Callstack] 0x00007fffd1714e4a UE4Editor-Core.dll!UnknownFunction []
[2019.10.14-07.44.21:213][710]LogWindows: Error: [Callstack] 0x00007fffd17151f3 UE4Editor-Core.dll!UnknownFunction []
[2019.10.14-07.44.21:213][710]LogWindows: Error: [Callstack] 0x00007ff80d2a0021 UE4Editor-RenderCore.dll!UnknownFunction []
[2019.10.14-07.44.21:213][710]LogWindows: Error: [Callstack] 0x00007ff80d2a85b4 UE4Editor-RenderCore.dll!UnknownFunction []
[2019.10.14-07.44.21:213][710]LogWindows: Error: [Callstack] 0x00007fffd1b69a8f UE4Editor-Core.dll!UnknownFunction []
[2019.10.14-07.44.21:213][710]LogWindows: Error: [Callstack] 0x00007fffd1b5ffe1 UE4Editor-Core.dll!UnknownFunction []
[2019.10.14-07.44.21:213][710]LogWindows: Error: [Callstack] 0x00007ff847637bd4 KERNEL32.DLL!UnknownFunction []
[2019.10.14-07.44.21:213][710]LogWindows: Error: [Callstack] 0x00007ff848ceced1 ntdll.dll!UnknownFunction []
[2019.10.14-07.44.21:213][710]LogWindows: Error: 
[2019.10.14-07.44.21:213][710]LogWindows: Error: Crash in runnable thread RenderThread 4
[2019.10.14-07.44.21:214][710]LogOutputDevice: Warning: 

Script Stack (0 frames):

[2019.10.14-07.44.21:219][710]LogWindows: Windows GetLastError: The operation completed successfully. (0)
[2019.10.14-07.44.21:219][710]LogWindows: Error: HandleError re-entered.
[2019.10.14-07.44.21:219][710]LogWindows: FPlatformMisc::RequestExit(1)
[2019.10.14-07.44.21:231][710]Log file closed, 10/14/19 09:44:21
